-- The C compiler identification is GNU 9.4.0
-- The CXX compiler identification is GNU 9.4.0
-- Check for working C compiler: /usr/bin/cc
-- Check for working C compiler: /usr/bin/cc -- works
-- Detecting C compiler ABI info
-- Detecting C compiler ABI info - done
-- Detecting C compile features
-- Detecting C compile features - done
-- Check for working CXX compiler: /usr/bin/c++
-- Check for working CXX compiler: /usr/bin/c++ -- works
-- Detecting CXX compiler ABI info
-- Detecting CXX compiler ABI info - done
-- Detecting CXX compile features
-- Detecting CXX compile features - done
-- Found ament_cmake: 0.9.12 (/opt/ros/foxy/share/ament_cmake/cmake)
-- Found PythonInterp: /usr/bin/python3 (found suitable version "3.8.10", minimum required is "3") 
-- Using PYTHON_EXECUTABLE: /usr/bin/python3
-- Found rosidl_default_generators: 1.0.1 (/opt/ros/foxy/share/rosidl_default_generators/cmake)
-- Using all available rosidl_typesupport_c: rosidl_typesupport_fastrtps_c;rosidl_typesupport_introspection_c
-- Found rosidl_adapter: 1.3.1 (/opt/ros/foxy/share/rosidl_adapter/cmake)
-- Found OpenSSL: /usr/lib/aarch64-linux-gnu/libcrypto.so (found version "1.1.1f")  
-- Found FastRTPS: /opt/ros/foxy/include  
-- Using all available rosidl_typesupport_cpp: rosidl_typesupport_fastrtps_cpp;rosidl_typesupport_introspection_cpp
-- Found PythonInterp: /usr/bin/python3 (found version "3.8.10") 
-- Found ament_cmake_ros: 0.9.2 (/opt/ros/foxy/share/ament_cmake_ros/cmake)
-- Using all available rosidl_typesupport_c: rosidl_typesupport_fastrtps_c;rosidl_typesupport_introspection_c
-- Using all available rosidl_typesupport_cpp: rosidl_typesupport_fastrtps_cpp;rosidl_typesupport_introspection_cpp
-- Found PythonInterp: /usr/bin/python3 (found suitable version "3.8.10", minimum required is "3.5") 
-- Found python_cmake_module: 0.8.1 (/opt/ros/foxy/share/python_cmake_module/cmake)
-- Found PythonLibs: /usr/lib/aarch64-linux-gnu/libpython3.8.so (found suitable version "3.8.10", minimum required is "3.5") 
-- Using PYTHON_EXECUTABLE: /usr/bin/python3
-- Using PYTHON_INCLUDE_DIRS: /usr/include/python3.8
-- Using PYTHON_LIBRARIES: /usr/lib/aarch64-linux-gnu/libpython3.8.so
-- Found PythonExtra: .so  
-- Found ament_lint_auto: 0.9.8 (/opt/ros/foxy/share/ament_lint_auto/cmake)
-- Added test 'copyright' to check source files copyright and LICENSE
-- Added test 'lint_cmake' to check CMake code style
-- Added test 'xmllint' to check XML markup files
-- Configuring done
-- Generating done
-- Build files have been written to: /home/nvidia/GoalPlanning/build/car_msg
[  2%] [34m[1mGenerating C code for ROS interfaces[0m
[35m[1mScanning dependencies of target car_msg__cpp[0m
[  5%] [34m[1mGenerating C++ code for ROS interfaces[0m
[  5%] Built target car_msg__cpp
[35m[1mScanning dependencies of target car_msg__rosidl_generator_c[0m
[  7%] [34m[1mGenerating C++ type support for eProsima Fast-RTPS[0m
[ 12%] [34m[1mGenerating C++ introspection for ROS interfaces[0m
[ 12%] [34m[1mGenerating C++ type support dispatch for ROS interfaces[0m
[ 15%] [32mBuilding C object CMakeFiles/car_msg__rosidl_generator_c.dir/rosidl_generator_c/car_msg/msg/detail/cmd_msg__functions.c.o[0m
[ 17%] [32mBuilding C object CMakeFiles/car_msg__rosidl_generator_c.dir/rosidl_generator_c/car_msg/msg/detail/car_state__functions.c.o[0m
[ 20%] [32m[1mLinking C shared library libcar_msg__rosidl_generator_c.so[0m
[ 20%] Built target car_msg__rosidl_generator_c
[ 23%] [34m[1mGenerating C introspection for ROS interfaces[0m
[ 25%] [34m[1mGenerating C type support dispatch for ROS interfaces[0m
[35m[1mScanning dependencies of target car_msg__rosidl_typesupport_fastrtps_cpp[0m
[35m[1mScanning dependencies of target car_msg__rosidl_typesupport_introspection_cpp[0m
[ 28%] [32mBuilding CXX object CMakeFiles/car_msg__rosidl_typesupport_introspection_cpp.dir/rosidl_typesupport_introspection_cpp/car_msg/msg/detail/cmd_msg__type_support.cpp.o[0m
[ 30%] [32mBuilding CXX object CMakeFiles/car_msg__rosidl_typesupport_introspection_cpp.dir/rosidl_typesupport_introspection_cpp/car_msg/msg/detail/car_state__type_support.cpp.o[0m
[ 33%] [32mBuilding CXX object CMakeFiles/car_msg__rosidl_typesupport_fastrtps_cpp.dir/rosidl_typesupport_fastrtps_cpp/car_msg/msg/detail/dds_fastrtps/cmd_msg__type_support.cpp.o[0m
[ 35%] [32mBuilding CXX object CMakeFiles/car_msg__rosidl_typesupport_fastrtps_cpp.dir/rosidl_typesupport_fastrtps_cpp/car_msg/msg/detail/dds_fastrtps/car_state__type_support.cpp.o[0m
[35m[1mScanning dependencies of target car_msg__rosidl_typesupport_cpp[0m
[ 38%] [32mBuilding CXX object CMakeFiles/car_msg__rosidl_typesupport_cpp.dir/rosidl_typesupport_cpp/car_msg/msg/cmd_msg__type_support.cpp.o[0m
[ 41%] [32mBuilding CXX object CMakeFiles/car_msg__rosidl_typesupport_cpp.dir/rosidl_typesupport_cpp/car_msg/msg/car_state__type_support.cpp.o[0m
[35m[1mScanning dependencies of target car_msg__rosidl_typesupport_c[0m
[ 43%] [32mBuilding CXX object CMakeFiles/car_msg__rosidl_typesupport_c.dir/rosidl_typesupport_c/car_msg/msg/cmd_msg__type_support.cpp.o[0m
[ 46%] [32mBuilding CXX object CMakeFiles/car_msg__rosidl_typesupport_c.dir/rosidl_typesupport_c/car_msg/msg/car_state__type_support.cpp.o[0m
[35m[1mScanning dependencies of target car_msg__rosidl_typesupport_introspection_c[0m
[ 48%] [32mBuilding C object CMakeFiles/car_msg__rosidl_typesupport_introspection_c.dir/rosidl_typesupport_introspection_c/car_msg/msg/detail/cmd_msg__type_support.c.o[0m
[ 51%] [32mBuilding C object CMakeFiles/car_msg__rosidl_typesupport_introspection_c.dir/rosidl_typesupport_introspection_c/car_msg/msg/detail/car_state__type_support.c.o[0m
[ 53%] [32m[1mLinking CXX shared library libcar_msg__rosidl_typesupport_c.so[0m
[ 56%] [32m[1mLinking CXX shared library libcar_msg__rosidl_typesupport_introspection_cpp.so[0m
[ 58%] [32m[1mLinking C shared library libcar_msg__rosidl_typesupport_introspection_c.so[0m
[ 58%] Built target car_msg__rosidl_typesupport_c
[ 61%] [32m[1mLinking CXX shared library libcar_msg__rosidl_typesupport_cpp.so[0m
[ 61%] Built target car_msg__rosidl_typesupport_introspection_c
[ 61%] Built target car_msg__rosidl_typesupport_introspection_cpp
[ 61%] Built target car_msg__rosidl_typesupport_cpp
[ 64%] [32m[1mLinking CXX shared library libcar_msg__rosidl_typesupport_fastrtps_cpp.so[0m
[ 64%] Built target car_msg__rosidl_typesupport_fastrtps_cpp
[ 66%] [34m[1mGenerating C type support for eProsima Fast-RTPS[0m
[35m[1mScanning dependencies of target car_msg__rosidl_typesupport_fastrtps_c[0m
[ 69%] [32mBuilding CXX object CMakeFiles/car_msg__rosidl_typesupport_fastrtps_c.dir/rosidl_typesupport_fastrtps_c/car_msg/msg/detail/cmd_msg__type_support_c.cpp.o[0m
[ 71%] [32mBuilding CXX object CMakeFiles/car_msg__rosidl_typesupport_fastrtps_c.dir/rosidl_typesupport_fastrtps_c/car_msg/msg/detail/car_state__type_support_c.cpp.o[0m
[ 74%] [32m[1mLinking CXX shared library libcar_msg__rosidl_typesupport_fastrtps_c.so[0m
[ 74%] Built target car_msg__rosidl_typesupport_fastrtps_c
[35m[1mScanning dependencies of target car_msg[0m
[ 74%] Built target car_msg
[35m[1mScanning dependencies of target car_msg__py[0m
[ 76%] [34m[1mGenerating Python code for ROS interfaces[0m
[ 76%] Built target car_msg__py
[35m[1mScanning dependencies of target car_msg__python[0m
[ 79%] [32mBuilding C object CMakeFiles/car_msg__python.dir/rosidl_generator_py/car_msg/msg/_cmd_msg_s.c.o[0m
[ 82%] [32mBuilding C object CMakeFiles/car_msg__python.dir/rosidl_generator_py/car_msg/msg/_car_state_s.c.o[0m
[ 84%] [32m[1mLinking C shared library rosidl_generator_py/car_msg/libcar_msg__python.so[0m
[ 84%] Built target car_msg__python
[35m[1mScanning dependencies of target car_msg__rosidl_typesupport_introspection_c__pyext[0m
[35m[1mScanning dependencies of target car_msg__rosidl_typesupport_c__pyext[0m
[35m[1mScanning dependencies of target car_msg__rosidl_typesupport_fastrtps_c__pyext[0m
[ 87%] [32mBuilding C object CMakeFiles/car_msg__rosidl_typesupport_c__pyext.dir/rosidl_generator_py/car_msg/_car_msg_s.ep.rosidl_typesupport_c.c.o[0m
[ 89%] [32mBuilding C object CMakeFiles/car_msg__rosidl_typesupport_introspection_c__pyext.dir/rosidl_generator_py/car_msg/_car_msg_s.ep.rosidl_typesupport_introspection_c.c.o[0m
[ 92%] [32mBuilding C object CMakeFiles/car_msg__rosidl_typesupport_fastrtps_c__pyext.dir/rosidl_generator_py/car_msg/_car_msg_s.ep.rosidl_typesupport_fastrtps_c.c.o[0m
[ 94%] [32m[1mLinking C shared library rosidl_generator_py/car_msg/car_msg_s__rosidl_typesupport_introspection_c.cpython-38-aarch64-linux-gnu.so[0m
[ 97%] [32m[1mLinking C shared library rosidl_generator_py/car_msg/car_msg_s__rosidl_typesupport_c.cpython-38-aarch64-linux-gnu.so[0m
[100%] [32m[1mLinking CXX shared library rosidl_generator_py/car_msg/car_msg_s__rosidl_typesupport_fastrtps_c.cpython-38-aarch64-linux-gnu.so[0m
[100%] Built target car_msg__rosidl_typesupport_introspection_c__pyext
[100%] Built target car_msg__rosidl_typesupport_c__pyext
[100%] Built target car_msg__rosidl_typesupport_fastrtps_c__pyext
-- Install configuration: ""
-- Installing: /home/nvidia/GoalPlanning/install/car_msg/share/ament_index/resource_index/rosidl_interfaces/car_msg
-- Installing: /home/nvidia/GoalPlanning/install/car_msg/include/car_msg
-- Installing: /home/nvidia/GoalPlanning/install/car_msg/include/car_msg/msg
-- Installing: /home/nvidia/GoalPlanning/install/car_msg/include/car_msg/msg/detail
-- Installing: /home/nvidia/GoalPlanning/install/car_msg/include/car_msg/msg/detail/car_state__functions.c
-- Installing: /home/nvidia/GoalPlanning/install/car_msg/include/car_msg/msg/detail/car_state__functions.h
-- Installing: /home/nvidia/GoalPlanning/install/car_msg/include/car_msg/msg/detail/car_state__type_support.h
-- Installing: /home/nvidia/GoalPlanning/install/car_msg/include/car_msg/msg/detail/car_state__struct.h
-- Installing: /home/nvidia/GoalPlanning/install/car_msg/include/car_msg/msg/detail/cmd_msg__type_support.h
-- Installing: /home/nvidia/GoalPlanning/install/car_msg/include/car_msg/msg/detail/cmd_msg__functions.h
-- Installing: /home/nvidia/GoalPlanning/install/car_msg/include/car_msg/msg/detail/cmd_msg__struct.h
-- Installing: /home/nvidia/GoalPlanning/install/car_msg/include/car_msg/msg/detail/cmd_msg__functions.c
-- Installing: /home/nvidia/GoalPlanning/install/car_msg/include/car_msg/msg/rosidl_generator_c__visibility_control.h
-- Installing: /home/nvidia/GoalPlanning/install/car_msg/include/car_msg/msg/cmd_msg.h
-- Installing: /home/nvidia/GoalPlanning/install/car_msg/include/car_msg/msg/car_state.h
-- Installing: /home/nvidia/GoalPlanning/install/car_msg/share/car_msg/environment/library_path.sh
-- Installing: /home/nvidia/GoalPlanning/install/car_msg/share/car_msg/environment/library_path.dsv
-- Installing: /home/nvidia/GoalPlanning/install/car_msg/lib/libcar_msg__rosidl_generator_c.so
-- Set runtime path of "/home/nvidia/GoalPlanning/install/car_msg/lib/libcar_msg__rosidl_generator_c.so" to ""
-- Up-to-date: /home/nvidia/GoalPlanning/install/car_msg/include/car_msg
-- Up-to-date: /home/nvidia/GoalPlanning/install/car_msg/include/car_msg/msg
-- Up-to-date: /home/nvidia/GoalPlanning/install/car_msg/include/car_msg/msg/detail
-- Installing: /home/nvidia/GoalPlanning/install/car_msg/include/car_msg/msg/detail/car_state__rosidl_typesupport_fastrtps_c.h
-- Installing: /home/nvidia/GoalPlanning/install/car_msg/include/car_msg/msg/detail/cmd_msg__rosidl_typesupport_fastrtps_c.h
-- Installing: /home/nvidia/GoalPlanning/install/car_msg/include/car_msg/msg/rosidl_typesupport_fastrtps_c__visibility_control.h
-- Installing: /home/nvidia/GoalPlanning/install/car_msg/lib/libcar_msg__rosidl_typesupport_fastrtps_c.so
-- Set runtime path of "/home/nvidia/GoalPlanning/install/car_msg/lib/libcar_msg__rosidl_typesupport_fastrtps_c.so" to ""
-- Up-to-date: /home/nvidia/GoalPlanning/install/car_msg/include/car_msg
-- Up-to-date: /home/nvidia/GoalPlanning/install/car_msg/include/car_msg/msg
-- Up-to-date: /home/nvidia/GoalPlanning/install/car_msg/include/car_msg/msg/detail
-- Installing: /home/nvidia/GoalPlanning/install/car_msg/include/car_msg/msg/detail/cmd_msg__rosidl_typesupport_fastrtps_cpp.hpp
-- Installing: /home/nvidia/GoalPlanning/install/car_msg/include/car_msg/msg/detail/car_state__rosidl_typesupport_fastrtps_cpp.hpp
-- Installing: /home/nvidia/GoalPlanning/install/car_msg/include/car_msg/msg/detail/dds_fastrtps
-- Installing: /home/nvidia/GoalPlanning/install/car_msg/include/car_msg/msg/rosidl_typesupport_fastrtps_cpp__visibility_control.h
-- Installing: /home/nvidia/GoalPlanning/install/car_msg/lib/libcar_msg__rosidl_typesupport_fastrtps_cpp.so
-- Set runtime path of "/home/nvidia/GoalPlanning/install/car_msg/lib/libcar_msg__rosidl_typesupport_fastrtps_cpp.so" to ""
-- Up-to-date: /home/nvidia/GoalPlanning/install/car_msg/include/car_msg
-- Up-to-date: /home/nvidia/GoalPlanning/install/car_msg/include/car_msg/msg
-- Up-to-date: /home/nvidia/GoalPlanning/install/car_msg/include/car_msg/msg/detail
-- Installing: /home/nvidia/GoalPlanning/install/car_msg/include/car_msg/msg/detail/car_state__type_support.c
-- Installing: /home/nvidia/GoalPlanning/install/car_msg/include/car_msg/msg/detail/cmd_msg__rosidl_typesupport_introspection_c.h
-- Installing: /home/nvidia/GoalPlanning/install/car_msg/include/car_msg/msg/detail/cmd_msg__type_support.c
-- Installing: /home/nvidia/GoalPlanning/install/car_msg/include/car_msg/msg/detail/car_state__rosidl_typesupport_introspection_c.h
-- Installing: /home/nvidia/GoalPlanning/install/car_msg/include/car_msg/msg/rosidl_typesupport_introspection_c__visibility_control.h
-- Installing: /home/nvidia/GoalPlanning/install/car_msg/lib/libcar_msg__rosidl_typesupport_introspection_c.so
-- Set runtime path of "/home/nvidia/GoalPlanning/install/car_msg/lib/libcar_msg__rosidl_typesupport_introspection_c.so" to ""
-- Installing: /home/nvidia/GoalPlanning/install/car_msg/lib/libcar_msg__rosidl_typesupport_c.so
-- Set runtime path of "/home/nvidia/GoalPlanning/install/car_msg/lib/libcar_msg__rosidl_typesupport_c.so" to ""
-- Up-to-date: /home/nvidia/GoalPlanning/install/car_msg/include/car_msg
-- Up-to-date: /home/nvidia/GoalPlanning/install/car_msg/include/car_msg/msg
-- Up-to-date: /home/nvidia/GoalPlanning/install/car_msg/include/car_msg/msg/detail
-- Installing: /home/nvidia/GoalPlanning/install/car_msg/include/car_msg/msg/detail/cmd_msg__type_support.hpp
-- Installing: /home/nvidia/GoalPlanning/install/car_msg/include/car_msg/msg/detail/car_state__builder.hpp
-- Installing: /home/nvidia/GoalPlanning/install/car_msg/include/car_msg/msg/detail/cmd_msg__struct.hpp
-- Installing: /home/nvidia/GoalPlanning/install/car_msg/include/car_msg/msg/detail/car_state__type_support.hpp
-- Installing: /home/nvidia/GoalPlanning/install/car_msg/include/car_msg/msg/detail/cmd_msg__traits.hpp
-- Installing: /home/nvidia/GoalPlanning/install/car_msg/include/car_msg/msg/detail/car_state__traits.hpp
-- Installing: /home/nvidia/GoalPlanning/install/car_msg/include/car_msg/msg/detail/car_state__struct.hpp
-- Installing: /home/nvidia/GoalPlanning/install/car_msg/include/car_msg/msg/detail/cmd_msg__builder.hpp
-- Installing: /home/nvidia/GoalPlanning/install/car_msg/include/car_msg/msg/rosidl_generator_cpp__visibility_control.hpp
-- Installing: /home/nvidia/GoalPlanning/install/car_msg/include/car_msg/msg/car_state.hpp
-- Installing: /home/nvidia/GoalPlanning/install/car_msg/include/car_msg/msg/cmd_msg.hpp
-- Up-to-date: /home/nvidia/GoalPlanning/install/car_msg/include/car_msg
-- Up-to-date: /home/nvidia/GoalPlanning/install/car_msg/include/car_msg/msg
-- Up-to-date: /home/nvidia/GoalPlanning/install/car_msg/include/car_msg/msg/detail
-- Installing: /home/nvidia/GoalPlanning/install/car_msg/include/car_msg/msg/detail/cmd_msg__rosidl_typesupport_introspection_cpp.hpp
-- Installing: /home/nvidia/GoalPlanning/install/car_msg/include/car_msg/msg/detail/cmd_msg__type_support.cpp
-- Installing: /home/nvidia/GoalPlanning/install/car_msg/include/car_msg/msg/detail/car_state__rosidl_typesupport_introspection_cpp.hpp
-- Installing: /home/nvidia/GoalPlanning/install/car_msg/include/car_msg/msg/detail/car_state__type_support.cpp
-- Installing: /home/nvidia/GoalPlanning/install/car_msg/lib/libcar_msg__rosidl_typesupport_introspection_cpp.so
-- Set runtime path of "/home/nvidia/GoalPlanning/install/car_msg/lib/libcar_msg__rosidl_typesupport_introspection_cpp.so" to ""
-- Installing: /home/nvidia/GoalPlanning/install/car_msg/lib/libcar_msg__rosidl_typesupport_cpp.so
-- Set runtime path of "/home/nvidia/GoalPlanning/install/car_msg/lib/libcar_msg__rosidl_typesupport_cpp.so" to ""
-- Installing: /home/nvidia/GoalPlanning/install/car_msg/share/car_msg/environment/pythonpath.sh
-- Installing: /home/nvidia/GoalPlanning/install/car_msg/share/car_msg/environment/pythonpath.dsv
-- Installing: /home/nvidia/GoalPlanning/install/car_msg/lib/python3.8/site-packages/car_msg/__init__.py
Compiling '/home/nvidia/GoalPlanning/install/car_msg/lib/python3.8/site-packages/car_msg/__init__.py'...
-- Installing: /home/nvidia/GoalPlanning/install/car_msg/lib/python3.8/site-packages/car_msg/msg
-- Installing: /home/nvidia/GoalPlanning/install/car_msg/lib/python3.8/site-packages/car_msg/msg/_cmd_msg_s.c
-- Installing: /home/nvidia/GoalPlanning/install/car_msg/lib/python3.8/site-packages/car_msg/msg/__init__.py
-- Installing: /home/nvidia/GoalPlanning/install/car_msg/lib/python3.8/site-packages/car_msg/msg/_car_state.py
-- Installing: /home/nvidia/GoalPlanning/install/car_msg/lib/python3.8/site-packages/car_msg/msg/_cmd_msg.py
-- Installing: /home/nvidia/GoalPlanning/install/car_msg/lib/python3.8/site-packages/car_msg/msg/_car_state_s.c
-- Installing: /home/nvidia/GoalPlanning/install/car_msg/lib/python3.8/site-packages/car_msg/car_msg_s__rosidl_typesupport_fastrtps_c.cpython-38-aarch64-linux-gnu.so
-- Set runtime path of "/home/nvidia/GoalPlanning/install/car_msg/lib/python3.8/site-packages/car_msg/car_msg_s__rosidl_typesupport_fastrtps_c.cpython-38-aarch64-linux-gnu.so" to ""
-- Installing: /home/nvidia/GoalPlanning/install/car_msg/lib/python3.8/site-packages/car_msg/car_msg_s__rosidl_typesupport_introspection_c.cpython-38-aarch64-linux-gnu.so
-- Set runtime path of "/home/nvidia/GoalPlanning/install/car_msg/lib/python3.8/site-packages/car_msg/car_msg_s__rosidl_typesupport_introspection_c.cpython-38-aarch64-linux-gnu.so" to ""
-- Installing: /home/nvidia/GoalPlanning/install/car_msg/lib/python3.8/site-packages/car_msg/car_msg_s__rosidl_typesupport_c.cpython-38-aarch64-linux-gnu.so
-- Set runtime path of "/home/nvidia/GoalPlanning/install/car_msg/lib/python3.8/site-packages/car_msg/car_msg_s__rosidl_typesupport_c.cpython-38-aarch64-linux-gnu.so" to ""
-- Installing: /home/nvidia/GoalPlanning/install/car_msg/lib/libcar_msg__python.so
-- Set runtime path of "/home/nvidia/GoalPlanning/install/car_msg/lib/libcar_msg__python.so" to ""
-- Installing: /home/nvidia/GoalPlanning/install/car_msg/share/car_msg/msg/CmdMsg.idl
-- Installing: /home/nvidia/GoalPlanning/install/car_msg/share/car_msg/msg/CarState.idl
-- Installing: /home/nvidia/GoalPlanning/install/car_msg/share/car_msg/msg/CmdMsg.msg
-- Installing: /home/nvidia/GoalPlanning/install/car_msg/share/car_msg/msg/CarState.msg
-- Installing: /home/nvidia/GoalPlanning/install/car_msg/share/ament_index/resource_index/package_run_dependencies/car_msg
-- Installing: /home/nvidia/GoalPlanning/install/car_msg/share/ament_index/resource_index/parent_prefix_path/car_msg
-- Installing: /home/nvidia/GoalPlanning/install/car_msg/share/car_msg/environment/ament_prefix_path.sh
-- Installing: /home/nvidia/GoalPlanning/install/car_msg/share/car_msg/environment/ament_prefix_path.dsv
-- Installing: /home/nvidia/GoalPlanning/install/car_msg/share/car_msg/environment/path.sh
-- Installing: /home/nvidia/GoalPlanning/install/car_msg/share/car_msg/environment/path.dsv
-- Installing: /home/nvidia/GoalPlanning/install/car_msg/share/car_msg/local_setup.bash
-- Installing: /home/nvidia/GoalPlanning/install/car_msg/share/car_msg/local_setup.sh
-- Installing: /home/nvidia/GoalPlanning/install/car_msg/share/car_msg/local_setup.zsh
-- Installing: /home/nvidia/GoalPlanning/install/car_msg/share/car_msg/local_setup.dsv
-- Installing: /home/nvidia/GoalPlanning/install/car_msg/share/car_msg/package.dsv
-- Installing: /home/nvidia/GoalPlanning/install/car_msg/share/ament_index/resource_index/packages/car_msg
-- Installing: /home/nvidia/GoalPlanning/install/car_msg/share/car_msg/cmake/car_msg__rosidl_generator_cExport.cmake
-- Installing: /home/nvidia/GoalPlanning/install/car_msg/share/car_msg/cmake/car_msg__rosidl_generator_cExport-noconfig.cmake
-- Installing: /home/nvidia/GoalPlanning/install/car_msg/share/car_msg/cmake/car_msg__rosidl_typesupport_introspection_cExport.cmake
-- Installing: /home/nvidia/GoalPlanning/install/car_msg/share/car_msg/cmake/car_msg__rosidl_typesupport_introspection_cExport-noconfig.cmake
-- Installing: /home/nvidia/GoalPlanning/install/car_msg/share/car_msg/cmake/car_msg__rosidl_typesupport_cExport.cmake
-- Installing: /home/nvidia/GoalPlanning/install/car_msg/share/car_msg/cmake/car_msg__rosidl_typesupport_cExport-noconfig.cmake
-- Installing: /home/nvidia/GoalPlanning/install/car_msg/share/car_msg/cmake/car_msg__rosidl_generator_cppExport.cmake
-- Installing: /home/nvidia/GoalPlanning/install/car_msg/share/car_msg/cmake/car_msg__rosidl_typesupport_introspection_cppExport.cmake
-- Installing: /home/nvidia/GoalPlanning/install/car_msg/share/car_msg/cmake/car_msg__rosidl_typesupport_introspection_cppExport-noconfig.cmake
-- Installing: /home/nvidia/GoalPlanning/install/car_msg/share/car_msg/cmake/car_msg__rosidl_typesupport_cppExport.cmake
-- Installing: /home/nvidia/GoalPlanning/install/car_msg/share/car_msg/cmake/car_msg__rosidl_typesupport_cppExport-noconfig.cmake
-- Installing: /home/nvidia/GoalPlanning/install/car_msg/share/car_msg/cmake/rosidl_cmake-extras.cmake
-- Installing: /home/nvidia/GoalPlanning/install/car_msg/share/car_msg/cmake/ament_cmake_export_dependencies-extras.cmake
-- Installing: /home/nvidia/GoalPlanning/install/car_msg/share/car_msg/cmake/ament_cmake_export_libraries-extras.cmake
-- Installing: /home/nvidia/GoalPlanning/install/car_msg/share/car_msg/cmake/ament_cmake_export_targets-extras.cmake
-- Installing: /home/nvidia/GoalPlanning/install/car_msg/share/car_msg/cmake/ament_cmake_export_include_directories-extras.cmake
-- Installing: /home/nvidia/GoalPlanning/install/car_msg/share/car_msg/cmake/rosidl_cmake_export_typesupport_libraries-extras.cmake
-- Installing: /home/nvidia/GoalPlanning/install/car_msg/share/car_msg/cmake/rosidl_cmake_export_typesupport_targets-extras.cmake
-- Installing: /home/nvidia/GoalPlanning/install/car_msg/share/car_msg/cmake/car_msgConfig.cmake
-- Installing: /home/nvidia/GoalPlanning/install/car_msg/share/car_msg/cmake/car_msgConfig-version.cmake
-- Installing: /home/nvidia/GoalPlanning/install/car_msg/share/car_msg/package.xml
