[0.116s] Invoking command in '/home/nvidia/GoalPlanning/build/car_msg': CMAKE_PREFIX_PATH=${CMAKE_PREFIX_PATH}:/home/nvidia/GoalPlanning/install/planning:/home/nvidia/GoalPlanning/install/cmd_car:/opt/ros/foxy /usr/bin/cmake /home/nvidia/GoalPlanning/src/car_msg -DCMAKE_INSTALL_PREFIX=/home/nvidia/GoalPlanning/install/car_msg
[1.510s] -- The C compiler identification is GNU 9.4.0
[1.510s] -- The CXX compiler identification is GNU 9.4.0
[1.510s] -- Check for working C compiler: /usr/bin/cc
[1.510s] -- Check for working C compiler: /usr/bin/cc -- works
[1.510s] -- Detecting C compiler ABI info
[1.510s] -- Detecting C compiler ABI info - done
[1.511s] -- Detecting C compile features
[1.511s] -- Detecting C compile features - done
[1.511s] -- Check for working CXX compiler: /usr/bin/c++
[1.511s] -- Check for working CXX compiler: /usr/bin/c++ -- works
[1.511s] -- Detecting CXX compiler ABI info
[1.511s] -- Detecting CXX compiler ABI info - done
[1.511s] -- Detecting CXX compile features
[1.511s] -- Detecting CXX compile features - done
[1.512s] -- Found ament_cmake: 0.9.12 (/opt/ros/foxy/share/ament_cmake/cmake)
[1.512s] -- Found PythonInterp: /usr/bin/python3 (found suitable version "3.8.10", minimum required is "3") 
[1.512s] -- Using PYTHON_EXECUTABLE: /usr/bin/python3
[1.671s] -- Found rosidl_default_generators: 1.0.1 (/opt/ros/foxy/share/rosidl_default_generators/cmake)
[1.681s] -- Using all available rosidl_typesupport_c: rosidl_typesupport_fastrtps_c;rosidl_typesupport_introspection_c
[1.696s] -- Found rosidl_adapter: 1.3.1 (/opt/ros/foxy/share/rosidl_adapter/cmake)
[2.069s] -- Found OpenSSL: /usr/lib/aarch64-linux-gnu/libcrypto.so (found version "1.1.1f")  
[2.167s] -- Found FastRTPS: /opt/ros/foxy/include  
[2.376s] -- Using all available rosidl_typesupport_cpp: rosidl_typesupport_fastrtps_cpp;rosidl_typesupport_introspection_cpp
[2.502s] -- Found PythonInterp: /usr/bin/python3 (found version "3.8.10") 
[2.973s] -- Found ament_cmake_ros: 0.9.2 (/opt/ros/foxy/share/ament_cmake_ros/cmake)
[3.346s] -- Using all available rosidl_typesupport_c: rosidl_typesupport_fastrtps_c;rosidl_typesupport_introspection_c
[3.381s] -- Using all available rosidl_typesupport_cpp: rosidl_typesupport_fastrtps_cpp;rosidl_typesupport_introspection_cpp
[3.494s] -- Found PythonInterp: /usr/bin/python3 (found suitable version "3.8.10", minimum required is "3.5") 
[3.498s] -- Found python_cmake_module: 0.8.1 (/opt/ros/foxy/share/python_cmake_module/cmake)
[3.584s] -- Found PythonLibs: /usr/lib/aarch64-linux-gnu/libpython3.8.so (found suitable version "3.8.10", minimum required is "3.5") 
[3.584s] -- Using PYTHON_EXECUTABLE: /usr/bin/python3
[3.585s] -- Using PYTHON_INCLUDE_DIRS: /usr/include/python3.8
[3.585s] -- Using PYTHON_LIBRARIES: /usr/lib/aarch64-linux-gnu/libpython3.8.so
[3.642s] -- Found PythonExtra: .so  
[3.748s] -- Found ament_lint_auto: 0.9.8 (/opt/ros/foxy/share/ament_lint_auto/cmake)
[3.801s] -- Added test 'copyright' to check source files copyright and LICENSE
[3.806s] -- Added test 'lint_cmake' to check CMake code style
[3.808s] -- Added test 'xmllint' to check XML markup files
[3.821s] -- Configuring done
[3.899s] -- Generating done
[3.906s] -- Build files have been written to: /home/nvidia/GoalPlanning/build/car_msg
[3.948s] Invoked command in '/home/nvidia/GoalPlanning/build/car_msg' returned '0': CMAKE_PREFIX_PATH=${CMAKE_PREFIX_PATH}:/home/nvidia/GoalPlanning/install/planning:/home/nvidia/GoalPlanning/install/cmd_car:/opt/ros/foxy /usr/bin/cmake /home/nvidia/GoalPlanning/src/car_msg -DCMAKE_INSTALL_PREFIX=/home/nvidia/GoalPlanning/install/car_msg
[3.950s] Invoking command in '/home/nvidia/GoalPlanning/build/car_msg': CMAKE_PREFIX_PATH=${CMAKE_PREFIX_PATH}:/home/nvidia/GoalPlanning/install/planning:/home/nvidia/GoalPlanning/install/cmd_car:/opt/ros/foxy /usr/bin/cmake --build /home/nvidia/GoalPlanning/build/car_msg -- -j8 -l8
[4.054s] [  2%] [34m[1mGenerating C code for ROS interfaces[0m
[4.054s] [35m[1mScanning dependencies of target car_msg__cpp[0m
[4.081s] [  5%] [34m[1mGenerating C++ code for ROS interfaces[0m
[4.956s] [  5%] Built target car_msg__cpp
[4.984s] [35m[1mScanning dependencies of target car_msg__rosidl_generator_c[0m
[4.986s] [  7%] [34m[1mGenerating C++ type support for eProsima Fast-RTPS[0m
[5.008s] [ 12%] [34m[1mGenerating C++ introspection for ROS interfaces[0m
[5.008s] [ 12%] [34m[1mGenerating C++ type support dispatch for ROS interfaces[0m
[5.046s] [ 15%] [32mBuilding C object CMakeFiles/car_msg__rosidl_generator_c.dir/rosidl_generator_c/car_msg/msg/detail/cmd_msg__functions.c.o[0m
[5.074s] [ 17%] [32mBuilding C object CMakeFiles/car_msg__rosidl_generator_c.dir/rosidl_generator_c/car_msg/msg/detail/car_state__functions.c.o[0m
[5.325s] [ 20%] [32m[1mLinking C shared library libcar_msg__rosidl_generator_c.so[0m
[5.517s] [ 20%] Built target car_msg__rosidl_generator_c
[5.587s] [ 23%] [34m[1mGenerating C introspection for ROS interfaces[0m
[5.620s] [ 25%] [34m[1mGenerating C type support dispatch for ROS interfaces[0m
[5.964s] [35m[1mScanning dependencies of target car_msg__rosidl_typesupport_fastrtps_cpp[0m
[5.982s] [35m[1mScanning dependencies of target car_msg__rosidl_typesupport_introspection_cpp[0m
[6.039s] [ 28%] [32mBuilding CXX object CMakeFiles/car_msg__rosidl_typesupport_introspection_cpp.dir/rosidl_typesupport_introspection_cpp/car_msg/msg/detail/cmd_msg__type_support.cpp.o[0m
[6.073s] [ 30%] [32mBuilding CXX object CMakeFiles/car_msg__rosidl_typesupport_introspection_cpp.dir/rosidl_typesupport_introspection_cpp/car_msg/msg/detail/car_state__type_support.cpp.o[0m
[6.075s] [ 33%] [32mBuilding CXX object CMakeFiles/car_msg__rosidl_typesupport_fastrtps_cpp.dir/rosidl_typesupport_fastrtps_cpp/car_msg/msg/detail/dds_fastrtps/cmd_msg__type_support.cpp.o[0m
[6.084s] [ 35%] [32mBuilding CXX object CMakeFiles/car_msg__rosidl_typesupport_fastrtps_cpp.dir/rosidl_typesupport_fastrtps_cpp/car_msg/msg/detail/dds_fastrtps/car_state__type_support.cpp.o[0m
[6.113s] [35m[1mScanning dependencies of target car_msg__rosidl_typesupport_cpp[0m
[6.223s] [ 38%] [32mBuilding CXX object CMakeFiles/car_msg__rosidl_typesupport_cpp.dir/rosidl_typesupport_cpp/car_msg/msg/cmd_msg__type_support.cpp.o[0m
[6.228s] [ 41%] [32mBuilding CXX object CMakeFiles/car_msg__rosidl_typesupport_cpp.dir/rosidl_typesupport_cpp/car_msg/msg/car_state__type_support.cpp.o[0m
[6.971s] [35m[1mScanning dependencies of target car_msg__rosidl_typesupport_c[0m
[7.059s] [ 43%] [32mBuilding CXX object CMakeFiles/car_msg__rosidl_typesupport_c.dir/rosidl_typesupport_c/car_msg/msg/cmd_msg__type_support.cpp.o[0m
[7.171s] [ 46%] [32mBuilding CXX object CMakeFiles/car_msg__rosidl_typesupport_c.dir/rosidl_typesupport_c/car_msg/msg/car_state__type_support.cpp.o[0m
[7.175s] [35m[1mScanning dependencies of target car_msg__rosidl_typesupport_introspection_c[0m
[7.341s] [ 48%] [32mBuilding C object CMakeFiles/car_msg__rosidl_typesupport_introspection_c.dir/rosidl_typesupport_introspection_c/car_msg/msg/detail/cmd_msg__type_support.c.o[0m
[7.344s] [ 51%] [32mBuilding C object CMakeFiles/car_msg__rosidl_typesupport_introspection_c.dir/rosidl_typesupport_introspection_c/car_msg/msg/detail/car_state__type_support.c.o[0m
[7.414s] [ 53%] [32m[1mLinking CXX shared library libcar_msg__rosidl_typesupport_c.so[0m
[7.507s] [ 56%] [32m[1mLinking CXX shared library libcar_msg__rosidl_typesupport_introspection_cpp.so[0m
[7.614s] [ 58%] [32m[1mLinking C shared library libcar_msg__rosidl_typesupport_introspection_c.so[0m
[7.713s] [ 58%] Built target car_msg__rosidl_typesupport_c
[7.752s] [ 61%] [32m[1mLinking CXX shared library libcar_msg__rosidl_typesupport_cpp.so[0m
[7.769s] [ 61%] Built target car_msg__rosidl_typesupport_introspection_c
[7.897s] [ 61%] Built target car_msg__rosidl_typesupport_introspection_cpp
[8.028s] [ 61%] Built target car_msg__rosidl_typesupport_cpp
[8.386s] [ 64%] [32m[1mLinking CXX shared library libcar_msg__rosidl_typesupport_fastrtps_cpp.so[0m
[8.812s] [ 64%] Built target car_msg__rosidl_typesupport_fastrtps_cpp
[8.884s] [ 66%] [34m[1mGenerating C type support for eProsima Fast-RTPS[0m
[10.420s] [35m[1mScanning dependencies of target car_msg__rosidl_typesupport_fastrtps_c[0m
[10.575s] [ 69%] [32mBuilding CXX object CMakeFiles/car_msg__rosidl_typesupport_fastrtps_c.dir/rosidl_typesupport_fastrtps_c/car_msg/msg/detail/cmd_msg__type_support_c.cpp.o[0m
[10.605s] [ 71%] [32mBuilding CXX object CMakeFiles/car_msg__rosidl_typesupport_fastrtps_c.dir/rosidl_typesupport_fastrtps_c/car_msg/msg/detail/car_state__type_support_c.cpp.o[0m
[12.413s] [ 74%] [32m[1mLinking CXX shared library libcar_msg__rosidl_typesupport_fastrtps_c.so[0m
[12.873s] [ 74%] Built target car_msg__rosidl_typesupport_fastrtps_c
[12.946s] [35m[1mScanning dependencies of target car_msg[0m
[13.036s] [ 74%] Built target car_msg
[13.109s] [35m[1mScanning dependencies of target car_msg__py[0m
[13.205s] [ 76%] [34m[1mGenerating Python code for ROS interfaces[0m
[14.762s] [ 76%] Built target car_msg__py
[14.786s] [35m[1mScanning dependencies of target car_msg__python[0m
[14.832s] [ 79%] [32mBuilding C object CMakeFiles/car_msg__python.dir/rosidl_generator_py/car_msg/msg/_cmd_msg_s.c.o[0m
[14.840s] [ 82%] [32mBuilding C object CMakeFiles/car_msg__python.dir/rosidl_generator_py/car_msg/msg/_car_state_s.c.o[0m
[15.038s] [ 84%] [32m[1mLinking C shared library rosidl_generator_py/car_msg/libcar_msg__python.so[0m
[15.126s] [ 84%] Built target car_msg__python
[15.150s] [35m[1mScanning dependencies of target car_msg__rosidl_typesupport_introspection_c__pyext[0m
[15.150s] [35m[1mScanning dependencies of target car_msg__rosidl_typesupport_c__pyext[0m
[15.154s] [35m[1mScanning dependencies of target car_msg__rosidl_typesupport_fastrtps_c__pyext[0m
[15.196s] [ 87%] [32mBuilding C object CMakeFiles/car_msg__rosidl_typesupport_c__pyext.dir/rosidl_generator_py/car_msg/_car_msg_s.ep.rosidl_typesupport_c.c.o[0m
[15.209s] [ 89%] [32mBuilding C object CMakeFiles/car_msg__rosidl_typesupport_introspection_c__pyext.dir/rosidl_generator_py/car_msg/_car_msg_s.ep.rosidl_typesupport_introspection_c.c.o[0m
[15.266s] [ 92%] [32mBuilding C object CMakeFiles/car_msg__rosidl_typesupport_fastrtps_c__pyext.dir/rosidl_generator_py/car_msg/_car_msg_s.ep.rosidl_typesupport_fastrtps_c.c.o[0m
[15.408s] [ 94%] [32m[1mLinking C shared library rosidl_generator_py/car_msg/car_msg_s__rosidl_typesupport_introspection_c.cpython-38-aarch64-linux-gnu.so[0m
[15.441s] [ 97%] [32m[1mLinking C shared library rosidl_generator_py/car_msg/car_msg_s__rosidl_typesupport_c.cpython-38-aarch64-linux-gnu.so[0m
[15.466s] [100%] [32m[1mLinking CXX shared library rosidl_generator_py/car_msg/car_msg_s__rosidl_typesupport_fastrtps_c.cpython-38-aarch64-linux-gnu.so[0m
[15.514s] [100%] Built target car_msg__rosidl_typesupport_introspection_c__pyext
[15.576s] [100%] Built target car_msg__rosidl_typesupport_c__pyext
[15.624s] [100%] Built target car_msg__rosidl_typesupport_fastrtps_c__pyext
[15.655s] Invoked command in '/home/nvidia/GoalPlanning/build/car_msg' returned '0': CMAKE_PREFIX_PATH=${CMAKE_PREFIX_PATH}:/home/nvidia/GoalPlanning/install/planning:/home/nvidia/GoalPlanning/install/cmd_car:/opt/ros/foxy /usr/bin/cmake --build /home/nvidia/GoalPlanning/build/car_msg -- -j8 -l8
[16.675s] Invoking command in '/home/nvidia/GoalPlanning/build/car_msg': CMAKE_PREFIX_PATH=${CMAKE_PREFIX_PATH}:/home/nvidia/GoalPlanning/install/planning:/home/nvidia/GoalPlanning/install/cmd_car:/opt/ros/foxy /usr/bin/cmake --install /home/nvidia/GoalPlanning/build/car_msg
[16.730s] -- Install configuration: ""
[16.745s] -- Installing: /home/nvidia/GoalPlanning/install/car_msg/share/ament_index/resource_index/rosidl_interfaces/car_msg
[16.745s] -- Installing: /home/nvidia/GoalPlanning/install/car_msg/include/car_msg
[16.746s] -- Installing: /home/nvidia/GoalPlanning/install/car_msg/include/car_msg/msg
[16.746s] -- Installing: /home/nvidia/GoalPlanning/install/car_msg/include/car_msg/msg/detail
[16.747s] -- Installing: /home/nvidia/GoalPlanning/install/car_msg/include/car_msg/msg/detail/car_state__functions.c
[16.747s] -- Installing: /home/nvidia/GoalPlanning/install/car_msg/include/car_msg/msg/detail/car_state__functions.h
[16.747s] -- Installing: /home/nvidia/GoalPlanning/install/car_msg/include/car_msg/msg/detail/car_state__type_support.h
[16.747s] -- Installing: /home/nvidia/GoalPlanning/install/car_msg/include/car_msg/msg/detail/car_state__struct.h
[16.748s] -- Installing: /home/nvidia/GoalPlanning/install/car_msg/include/car_msg/msg/detail/cmd_msg__type_support.h
[16.748s] -- Installing: /home/nvidia/GoalPlanning/install/car_msg/include/car_msg/msg/detail/cmd_msg__functions.h
[16.748s] -- Installing: /home/nvidia/GoalPlanning/install/car_msg/include/car_msg/msg/detail/cmd_msg__struct.h
[16.749s] -- Installing: /home/nvidia/GoalPlanning/install/car_msg/include/car_msg/msg/detail/cmd_msg__functions.c
[16.750s] -- Installing: /home/nvidia/GoalPlanning/install/car_msg/include/car_msg/msg/rosidl_generator_c__visibility_control.h
[16.750s] -- Installing: /home/nvidia/GoalPlanning/install/car_msg/include/car_msg/msg/cmd_msg.h
[16.750s] -- Installing: /home/nvidia/GoalPlanning/install/car_msg/include/car_msg/msg/car_state.h
[16.751s] -- Installing: /home/nvidia/GoalPlanning/install/car_msg/share/car_msg/environment/library_path.sh
[16.751s] -- Installing: /home/nvidia/GoalPlanning/install/car_msg/share/car_msg/environment/library_path.dsv
[16.752s] -- Installing: /home/nvidia/GoalPlanning/install/car_msg/lib/libcar_msg__rosidl_generator_c.so
[16.753s] -- Set runtime path of "/home/nvidia/GoalPlanning/install/car_msg/lib/libcar_msg__rosidl_generator_c.so" to ""
[16.753s] -- Up-to-date: /home/nvidia/GoalPlanning/install/car_msg/include/car_msg
[16.753s] -- Up-to-date: /home/nvidia/GoalPlanning/install/car_msg/include/car_msg/msg
[16.753s] -- Up-to-date: /home/nvidia/GoalPlanning/install/car_msg/include/car_msg/msg/detail
[16.753s] -- Installing: /home/nvidia/GoalPlanning/install/car_msg/include/car_msg/msg/detail/car_state__rosidl_typesupport_fastrtps_c.h
[16.754s] -- Installing: /home/nvidia/GoalPlanning/install/car_msg/include/car_msg/msg/detail/cmd_msg__rosidl_typesupport_fastrtps_c.h
[16.754s] -- Installing: /home/nvidia/GoalPlanning/install/car_msg/include/car_msg/msg/rosidl_typesupport_fastrtps_c__visibility_control.h
[16.754s] -- Installing: /home/nvidia/GoalPlanning/install/car_msg/lib/libcar_msg__rosidl_typesupport_fastrtps_c.so
[16.755s] -- Set runtime path of "/home/nvidia/GoalPlanning/install/car_msg/lib/libcar_msg__rosidl_typesupport_fastrtps_c.so" to ""
[16.755s] -- Up-to-date: /home/nvidia/GoalPlanning/install/car_msg/include/car_msg
[16.756s] -- Up-to-date: /home/nvidia/GoalPlanning/install/car_msg/include/car_msg/msg
[16.756s] -- Up-to-date: /home/nvidia/GoalPlanning/install/car_msg/include/car_msg/msg/detail
[16.756s] -- Installing: /home/nvidia/GoalPlanning/install/car_msg/include/car_msg/msg/detail/cmd_msg__rosidl_typesupport_fastrtps_cpp.hpp
[16.756s] -- Installing: /home/nvidia/GoalPlanning/install/car_msg/include/car_msg/msg/detail/car_state__rosidl_typesupport_fastrtps_cpp.hpp
[16.756s] -- Installing: /home/nvidia/GoalPlanning/install/car_msg/include/car_msg/msg/detail/dds_fastrtps
[16.757s] -- Installing: /home/nvidia/GoalPlanning/install/car_msg/include/car_msg/msg/rosidl_typesupport_fastrtps_cpp__visibility_control.h
[16.757s] -- Installing: /home/nvidia/GoalPlanning/install/car_msg/lib/libcar_msg__rosidl_typesupport_fastrtps_cpp.so
[16.771s] -- Set runtime path of "/home/nvidia/GoalPlanning/install/car_msg/lib/libcar_msg__rosidl_typesupport_fastrtps_cpp.so" to ""
[16.771s] -- Up-to-date: /home/nvidia/GoalPlanning/install/car_msg/include/car_msg
[16.772s] -- Up-to-date: /home/nvidia/GoalPlanning/install/car_msg/include/car_msg/msg
[16.772s] -- Up-to-date: /home/nvidia/GoalPlanning/install/car_msg/include/car_msg/msg/detail
[16.773s] -- Installing: /home/nvidia/GoalPlanning/install/car_msg/include/car_msg/msg/detail/car_state__type_support.c
[16.774s] -- Installing: /home/nvidia/GoalPlanning/install/car_msg/include/car_msg/msg/detail/cmd_msg__rosidl_typesupport_introspection_c.h
[16.775s] -- Installing: /home/nvidia/GoalPlanning/install/car_msg/include/car_msg/msg/detail/cmd_msg__type_support.c
[16.775s] -- Installing: /home/nvidia/GoalPlanning/install/car_msg/include/car_msg/msg/detail/car_state__rosidl_typesupport_introspection_c.h
[16.776s] -- Installing: /home/nvidia/GoalPlanning/install/car_msg/include/car_msg/msg/rosidl_typesupport_introspection_c__visibility_control.h
[16.778s] -- Installing: /home/nvidia/GoalPlanning/install/car_msg/lib/libcar_msg__rosidl_typesupport_introspection_c.so
[16.794s] -- Set runtime path of "/home/nvidia/GoalPlanning/install/car_msg/lib/libcar_msg__rosidl_typesupport_introspection_c.so" to ""
[16.798s] -- Installing: /home/nvidia/GoalPlanning/install/car_msg/lib/libcar_msg__rosidl_typesupport_c.so
[16.802s] -- Set runtime path of "/home/nvidia/GoalPlanning/install/car_msg/lib/libcar_msg__rosidl_typesupport_c.so" to ""
[16.803s] -- Up-to-date: /home/nvidia/GoalPlanning/install/car_msg/include/car_msg
[16.803s] -- Up-to-date: /home/nvidia/GoalPlanning/install/car_msg/include/car_msg/msg
[16.803s] -- Up-to-date: /home/nvidia/GoalPlanning/install/car_msg/include/car_msg/msg/detail
[16.803s] -- Installing: /home/nvidia/GoalPlanning/install/car_msg/include/car_msg/msg/detail/cmd_msg__type_support.hpp
[16.804s] -- Installing: /home/nvidia/GoalPlanning/install/car_msg/include/car_msg/msg/detail/car_state__builder.hpp
[16.804s] -- Installing: /home/nvidia/GoalPlanning/install/car_msg/include/car_msg/msg/detail/cmd_msg__struct.hpp
[16.804s] -- Installing: /home/nvidia/GoalPlanning/install/car_msg/include/car_msg/msg/detail/car_state__type_support.hpp
[16.804s] -- Installing: /home/nvidia/GoalPlanning/install/car_msg/include/car_msg/msg/detail/cmd_msg__traits.hpp
[16.805s] -- Installing: /home/nvidia/GoalPlanning/install/car_msg/include/car_msg/msg/detail/car_state__traits.hpp
[16.805s] -- Installing: /home/nvidia/GoalPlanning/install/car_msg/include/car_msg/msg/detail/car_state__struct.hpp
[16.805s] -- Installing: /home/nvidia/GoalPlanning/install/car_msg/include/car_msg/msg/detail/cmd_msg__builder.hpp
[16.805s] -- Installing: /home/nvidia/GoalPlanning/install/car_msg/include/car_msg/msg/rosidl_generator_cpp__visibility_control.hpp
[16.805s] -- Installing: /home/nvidia/GoalPlanning/install/car_msg/include/car_msg/msg/car_state.hpp
[16.805s] -- Installing: /home/nvidia/GoalPlanning/install/car_msg/include/car_msg/msg/cmd_msg.hpp
[16.806s] -- Up-to-date: /home/nvidia/GoalPlanning/install/car_msg/include/car_msg
[16.806s] -- Up-to-date: /home/nvidia/GoalPlanning/install/car_msg/include/car_msg/msg
[16.806s] -- Up-to-date: /home/nvidia/GoalPlanning/install/car_msg/include/car_msg/msg/detail
[16.806s] -- Installing: /home/nvidia/GoalPlanning/install/car_msg/include/car_msg/msg/detail/cmd_msg__rosidl_typesupport_introspection_cpp.hpp
[16.806s] -- Installing: /home/nvidia/GoalPlanning/install/car_msg/include/car_msg/msg/detail/cmd_msg__type_support.cpp
[16.806s] -- Installing: /home/nvidia/GoalPlanning/install/car_msg/include/car_msg/msg/detail/car_state__rosidl_typesupport_introspection_cpp.hpp
[16.807s] -- Installing: /home/nvidia/GoalPlanning/install/car_msg/include/car_msg/msg/detail/car_state__type_support.cpp
[16.811s] -- Installing: /home/nvidia/GoalPlanning/install/car_msg/lib/libcar_msg__rosidl_typesupport_introspection_cpp.so
[16.811s] -- Set runtime path of "/home/nvidia/GoalPlanning/install/car_msg/lib/libcar_msg__rosidl_typesupport_introspection_cpp.so" to ""
[16.811s] -- Installing: /home/nvidia/GoalPlanning/install/car_msg/lib/libcar_msg__rosidl_typesupport_cpp.so
[16.814s] -- Set runtime path of "/home/nvidia/GoalPlanning/install/car_msg/lib/libcar_msg__rosidl_typesupport_cpp.so" to ""
[16.818s] -- Installing: /home/nvidia/GoalPlanning/install/car_msg/share/car_msg/environment/pythonpath.sh
[16.819s] -- Installing: /home/nvidia/GoalPlanning/install/car_msg/share/car_msg/environment/pythonpath.dsv
[16.820s] -- Installing: /home/nvidia/GoalPlanning/install/car_msg/lib/python3.8/site-packages/car_msg/__init__.py
[16.912s] Compiling '/home/nvidia/GoalPlanning/install/car_msg/lib/python3.8/site-packages/car_msg/__init__.py'...
[16.925s] -- Installing: /home/nvidia/GoalPlanning/install/car_msg/lib/python3.8/site-packages/car_msg/msg
[16.925s] -- Installing: /home/nvidia/GoalPlanning/install/car_msg/lib/python3.8/site-packages/car_msg/msg/_cmd_msg_s.c
[16.926s] -- Installing: /home/nvidia/GoalPlanning/install/car_msg/lib/python3.8/site-packages/car_msg/msg/__init__.py
[16.929s] -- Installing: /home/nvidia/GoalPlanning/install/car_msg/lib/python3.8/site-packages/car_msg/msg/_car_state.py
[16.930s] -- Installing: /home/nvidia/GoalPlanning/install/car_msg/lib/python3.8/site-packages/car_msg/msg/_cmd_msg.py
[16.931s] -- Installing: /home/nvidia/GoalPlanning/install/car_msg/lib/python3.8/site-packages/car_msg/msg/_car_state_s.c
[16.937s] -- Installing: /home/nvidia/GoalPlanning/install/car_msg/lib/python3.8/site-packages/car_msg/car_msg_s__rosidl_typesupport_fastrtps_c.cpython-38-aarch64-linux-gnu.so
[16.938s] -- Set runtime path of "/home/nvidia/GoalPlanning/install/car_msg/lib/python3.8/site-packages/car_msg/car_msg_s__rosidl_typesupport_fastrtps_c.cpython-38-aarch64-linux-gnu.so" to ""
[16.938s] -- Installing: /home/nvidia/GoalPlanning/install/car_msg/lib/python3.8/site-packages/car_msg/car_msg_s__rosidl_typesupport_introspection_c.cpython-38-aarch64-linux-gnu.so
[16.938s] -- Set runtime path of "/home/nvidia/GoalPlanning/install/car_msg/lib/python3.8/site-packages/car_msg/car_msg_s__rosidl_typesupport_introspection_c.cpython-38-aarch64-linux-gnu.so" to ""
[16.938s] -- Installing: /home/nvidia/GoalPlanning/install/car_msg/lib/python3.8/site-packages/car_msg/car_msg_s__rosidl_typesupport_c.cpython-38-aarch64-linux-gnu.so
[16.942s] -- Set runtime path of "/home/nvidia/GoalPlanning/install/car_msg/lib/python3.8/site-packages/car_msg/car_msg_s__rosidl_typesupport_c.cpython-38-aarch64-linux-gnu.so" to ""
[16.942s] -- Installing: /home/nvidia/GoalPlanning/install/car_msg/lib/libcar_msg__python.so
[16.942s] -- Set runtime path of "/home/nvidia/GoalPlanning/install/car_msg/lib/libcar_msg__python.so" to ""
[16.943s] -- Installing: /home/nvidia/GoalPlanning/install/car_msg/share/car_msg/msg/CmdMsg.idl
[16.943s] -- Installing: /home/nvidia/GoalPlanning/install/car_msg/share/car_msg/msg/CarState.idl
[16.943s] -- Installing: /home/nvidia/GoalPlanning/install/car_msg/share/car_msg/msg/CmdMsg.msg
[16.943s] -- Installing: /home/nvidia/GoalPlanning/install/car_msg/share/car_msg/msg/CarState.msg
[16.943s] -- Installing: /home/nvidia/GoalPlanning/install/car_msg/share/ament_index/resource_index/package_run_dependencies/car_msg
[16.943s] -- Installing: /home/nvidia/GoalPlanning/install/car_msg/share/ament_index/resource_index/parent_prefix_path/car_msg
[16.943s] -- Installing: /home/nvidia/GoalPlanning/install/car_msg/share/car_msg/environment/ament_prefix_path.sh
[16.944s] -- Installing: /home/nvidia/GoalPlanning/install/car_msg/share/car_msg/environment/ament_prefix_path.dsv
[16.944s] -- Installing: /home/nvidia/GoalPlanning/install/car_msg/share/car_msg/environment/path.sh
[16.944s] -- Installing: /home/nvidia/GoalPlanning/install/car_msg/share/car_msg/environment/path.dsv
[16.944s] -- Installing: /home/nvidia/GoalPlanning/install/car_msg/share/car_msg/local_setup.bash
[16.944s] -- Installing: /home/nvidia/GoalPlanning/install/car_msg/share/car_msg/local_setup.sh
[16.945s] -- Installing: /home/nvidia/GoalPlanning/install/car_msg/share/car_msg/local_setup.zsh
[16.945s] -- Installing: /home/nvidia/GoalPlanning/install/car_msg/share/car_msg/local_setup.dsv
[16.945s] -- Installing: /home/nvidia/GoalPlanning/install/car_msg/share/car_msg/package.dsv
[16.945s] -- Installing: /home/nvidia/GoalPlanning/install/car_msg/share/ament_index/resource_index/packages/car_msg
[16.945s] -- Installing: /home/nvidia/GoalPlanning/install/car_msg/share/car_msg/cmake/car_msg__rosidl_generator_cExport.cmake
[16.945s] -- Installing: /home/nvidia/GoalPlanning/install/car_msg/share/car_msg/cmake/car_msg__rosidl_generator_cExport-noconfig.cmake
[16.946s] -- Installing: /home/nvidia/GoalPlanning/install/car_msg/share/car_msg/cmake/car_msg__rosidl_typesupport_introspection_cExport.cmake
[16.946s] -- Installing: /home/nvidia/GoalPlanning/install/car_msg/share/car_msg/cmake/car_msg__rosidl_typesupport_introspection_cExport-noconfig.cmake
[16.946s] -- Installing: /home/nvidia/GoalPlanning/install/car_msg/share/car_msg/cmake/car_msg__rosidl_typesupport_cExport.cmake
[16.946s] -- Installing: /home/nvidia/GoalPlanning/install/car_msg/share/car_msg/cmake/car_msg__rosidl_typesupport_cExport-noconfig.cmake
[16.946s] -- Installing: /home/nvidia/GoalPlanning/install/car_msg/share/car_msg/cmake/car_msg__rosidl_generator_cppExport.cmake
[16.946s] -- Installing: /home/nvidia/GoalPlanning/install/car_msg/share/car_msg/cmake/car_msg__rosidl_typesupport_introspection_cppExport.cmake
[16.946s] -- Installing: /home/nvidia/GoalPlanning/install/car_msg/share/car_msg/cmake/car_msg__rosidl_typesupport_introspection_cppExport-noconfig.cmake
[16.947s] -- Installing: /home/nvidia/GoalPlanning/install/car_msg/share/car_msg/cmake/car_msg__rosidl_typesupport_cppExport.cmake
[16.947s] -- Installing: /home/nvidia/GoalPlanning/install/car_msg/share/car_msg/cmake/car_msg__rosidl_typesupport_cppExport-noconfig.cmake
[16.947s] -- Installing: /home/nvidia/GoalPlanning/install/car_msg/share/car_msg/cmake/rosidl_cmake-extras.cmake
[16.947s] -- Installing: /home/nvidia/GoalPlanning/install/car_msg/share/car_msg/cmake/ament_cmake_export_dependencies-extras.cmake
[16.947s] -- Installing: /home/nvidia/GoalPlanning/install/car_msg/share/car_msg/cmake/ament_cmake_export_libraries-extras.cmake
[16.947s] -- Installing: /home/nvidia/GoalPlanning/install/car_msg/share/car_msg/cmake/ament_cmake_export_targets-extras.cmake
[16.947s] -- Installing: /home/nvidia/GoalPlanning/install/car_msg/share/car_msg/cmake/ament_cmake_export_include_directories-extras.cmake
[16.948s] -- Installing: /home/nvidia/GoalPlanning/install/car_msg/share/car_msg/cmake/rosidl_cmake_export_typesupport_libraries-extras.cmake
[16.948s] -- Installing: /home/nvidia/GoalPlanning/install/car_msg/share/car_msg/cmake/rosidl_cmake_export_typesupport_targets-extras.cmake
[16.948s] -- Installing: /home/nvidia/GoalPlanning/install/car_msg/share/car_msg/cmake/car_msgConfig.cmake
[16.948s] -- Installing: /home/nvidia/GoalPlanning/install/car_msg/share/car_msg/cmake/car_msgConfig-version.cmake
[16.948s] -- Installing: /home/nvidia/GoalPlanning/install/car_msg/share/car_msg/package.xml
[16.953s] Invoked command in '/home/nvidia/GoalPlanning/build/car_msg' returned '0': CMAKE_PREFIX_PATH=${CMAKE_PREFIX_PATH}:/home/nvidia/GoalPlanning/install/planning:/home/nvidia/GoalPlanning/install/cmd_car:/opt/ros/foxy /usr/bin/cmake --install /home/nvidia/GoalPlanning/build/car_msg
