[0.063s] Invoking command in '/home/nvidia/GoalPlanning/build/rslidar_sdk': CMAKE_PREFIX_PATH=/home/nvidia/GoalPlanning/install/rslidar_msg:/home/nvidia/GoalPlanning/install/serial:/home/nvidia/GoalPlanning/install/rslidar_sdk:/home/nvidia/GoalPlanning/install/location:/home/nvidia/GoalPlanning/install/imu_node:/home/nvidia/GoalPlanning/install/imu_msgs:/home/nvidia/GoalPlanning/install/cmd_car_cpp:/home/nvidia/GoalPlanning/install/car_msg:/home/nvidia/GoalPlanning/install/planning:/home/nvidia/GoalPlanning/install/cmd_car:/opt/ros/foxy CONDA_PROMPT_MODIFIER=(base) LD_LIBRARY_PATH=/home/nvidia/GoalPlanning/install/rslidar_msg/lib:/home/nvidia/GoalPlanning/install/serial/lib:/home/nvidia/GoalPlanning/install/imu_msgs/lib:/home/nvidia/GoalPlanning/install/car_msg/lib:/usr/local/cuda-11.4/lib64:/usr/lib/aarch64-linux-gnu/gazebo-11/plugins:/opt/ros/foxy/opt/yaml_cpp_vendor/lib:/opt/ros/foxy/opt/rviz_ogre_vendor/lib:/opt/ros/foxy/lib/aarch64-linux-gnu:/opt/ros/foxy/lib:/usr/local/cuda-11.4/lib64 /usr/bin/cmake --build /home/nvidia/GoalPlanning/build/rslidar_sdk -- -j8 -l8
[0.206s] [100%] Built target rslidar_sdk_node
[0.236s] Invoked command in '/home/nvidia/GoalPlanning/build/rslidar_sdk' returned '0': CMAKE_PREFIX_PATH=/home/nvidia/GoalPlanning/install/rslidar_msg:/home/nvidia/GoalPlanning/install/serial:/home/nvidia/GoalPlanning/install/rslidar_sdk:/home/nvidia/GoalPlanning/install/location:/home/nvidia/GoalPlanning/install/imu_node:/home/nvidia/GoalPlanning/install/imu_msgs:/home/nvidia/GoalPlanning/install/cmd_car_cpp:/home/nvidia/GoalPlanning/install/car_msg:/home/nvidia/GoalPlanning/install/planning:/home/nvidia/GoalPlanning/install/cmd_car:/opt/ros/foxy CONDA_PROMPT_MODIFIER=(base) LD_LIBRARY_PATH=/home/nvidia/GoalPlanning/install/rslidar_msg/lib:/home/nvidia/GoalPlanning/install/serial/lib:/home/nvidia/GoalPlanning/install/imu_msgs/lib:/home/nvidia/GoalPlanning/install/car_msg/lib:/usr/local/cuda-11.4/lib64:/usr/lib/aarch64-linux-gnu/gazebo-11/plugins:/opt/ros/foxy/opt/yaml_cpp_vendor/lib:/opt/ros/foxy/opt/rviz_ogre_vendor/lib:/opt/ros/foxy/lib/aarch64-linux-gnu:/opt/ros/foxy/lib:/usr/local/cuda-11.4/lib64 /usr/bin/cmake --build /home/nvidia/GoalPlanning/build/rslidar_sdk -- -j8 -l8
[0.302s] Invoking command in '/home/nvidia/GoalPlanning/build/rslidar_sdk': CMAKE_PREFIX_PATH=/home/nvidia/GoalPlanning/install/rslidar_msg:/home/nvidia/GoalPlanning/install/serial:/home/nvidia/GoalPlanning/install/rslidar_sdk:/home/nvidia/GoalPlanning/install/location:/home/nvidia/GoalPlanning/install/imu_node:/home/nvidia/GoalPlanning/install/imu_msgs:/home/nvidia/GoalPlanning/install/cmd_car_cpp:/home/nvidia/GoalPlanning/install/car_msg:/home/nvidia/GoalPlanning/install/planning:/home/nvidia/GoalPlanning/install/cmd_car:/opt/ros/foxy CONDA_PROMPT_MODIFIER=(base) LD_LIBRARY_PATH=/home/nvidia/GoalPlanning/install/rslidar_msg/lib:/home/nvidia/GoalPlanning/install/serial/lib:/home/nvidia/GoalPlanning/install/imu_msgs/lib:/home/nvidia/GoalPlanning/install/car_msg/lib:/usr/local/cuda-11.4/lib64:/usr/lib/aarch64-linux-gnu/gazebo-11/plugins:/opt/ros/foxy/opt/yaml_cpp_vendor/lib:/opt/ros/foxy/opt/rviz_ogre_vendor/lib:/opt/ros/foxy/lib/aarch64-linux-gnu:/opt/ros/foxy/lib:/usr/local/cuda-11.4/lib64 /usr/bin/cmake --install /home/nvidia/GoalPlanning/build/rslidar_sdk
[0.328s] -- Install configuration: "Release"
[0.329s] -- Up-to-date: /home/nvidia/GoalPlanning/install/rslidar_sdk/lib/rslidar_sdk/rslidar_sdk_node
[0.329s] -- Up-to-date: /home/nvidia/GoalPlanning/install/rslidar_sdk/share/rslidar_sdk/launch
[0.330s] -- Up-to-date: /home/nvidia/GoalPlanning/install/rslidar_sdk/share/rslidar_sdk/launch/elequent_start.py
[0.330s] -- Up-to-date: /home/nvidia/GoalPlanning/install/rslidar_sdk/share/rslidar_sdk/launch/start.py
[0.330s] -- Up-to-date: /home/nvidia/GoalPlanning/install/rslidar_sdk/share/rslidar_sdk/launch/start.launch
[0.331s] -- Up-to-date: /home/nvidia/GoalPlanning/install/rslidar_sdk/share/rslidar_sdk/rviz
[0.331s] -- Up-to-date: /home/nvidia/GoalPlanning/install/rslidar_sdk/share/rslidar_sdk/rviz/rviz2.rviz
[0.331s] -- Up-to-date: /home/nvidia/GoalPlanning/install/rslidar_sdk/share/rslidar_sdk/rviz/rviz.rviz
[0.332s] -- Up-to-date: /home/nvidia/GoalPlanning/install/rslidar_sdk/share/ament_index/resource_index/package_run_dependencies/rslidar_sdk
[0.332s] -- Up-to-date: /home/nvidia/GoalPlanning/install/rslidar_sdk/share/ament_index/resource_index/parent_prefix_path/rslidar_sdk
[0.332s] -- Up-to-date: /home/nvidia/GoalPlanning/install/rslidar_sdk/share/rslidar_sdk/environment/ament_prefix_path.sh
[0.332s] -- Up-to-date: /home/nvidia/GoalPlanning/install/rslidar_sdk/share/rslidar_sdk/environment/ament_prefix_path.dsv
[0.332s] -- Up-to-date: /home/nvidia/GoalPlanning/install/rslidar_sdk/share/rslidar_sdk/environment/path.sh
[0.332s] -- Up-to-date: /home/nvidia/GoalPlanning/install/rslidar_sdk/share/rslidar_sdk/environment/path.dsv
[0.332s] -- Up-to-date: /home/nvidia/GoalPlanning/install/rslidar_sdk/share/rslidar_sdk/local_setup.bash
[0.333s] -- Up-to-date: /home/nvidia/GoalPlanning/install/rslidar_sdk/share/rslidar_sdk/local_setup.sh
[0.333s] -- Up-to-date: /home/nvidia/GoalPlanning/install/rslidar_sdk/share/rslidar_sdk/local_setup.zsh
[0.333s] -- Up-to-date: /home/nvidia/GoalPlanning/install/rslidar_sdk/share/rslidar_sdk/local_setup.dsv
[0.333s] -- Installing: /home/nvidia/GoalPlanning/install/rslidar_sdk/share/rslidar_sdk/package.dsv
[0.333s] -- Up-to-date: /home/nvidia/GoalPlanning/install/rslidar_sdk/share/ament_index/resource_index/packages/rslidar_sdk
[0.333s] -- Up-to-date: /home/nvidia/GoalPlanning/install/rslidar_sdk/share/rslidar_sdk/cmake/rslidar_sdkConfig.cmake
[0.333s] -- Up-to-date: /home/nvidia/GoalPlanning/install/rslidar_sdk/share/rslidar_sdk/cmake/rslidar_sdkConfig-version.cmake
[0.334s] -- Up-to-date: /home/nvidia/GoalPlanning/install/rslidar_sdk/share/rslidar_sdk/package.xml
[0.402s] Invoked command in '/home/nvidia/GoalPlanning/build/rslidar_sdk' returned '0': CMAKE_PREFIX_PATH=/home/nvidia/GoalPlanning/install/rslidar_msg:/home/nvidia/GoalPlanning/install/serial:/home/nvidia/GoalPlanning/install/rslidar_sdk:/home/nvidia/GoalPlanning/install/location:/home/nvidia/GoalPlanning/install/imu_node:/home/nvidia/GoalPlanning/install/imu_msgs:/home/nvidia/GoalPlanning/install/cmd_car_cpp:/home/nvidia/GoalPlanning/install/car_msg:/home/nvidia/GoalPlanning/install/planning:/home/nvidia/GoalPlanning/install/cmd_car:/opt/ros/foxy CONDA_PROMPT_MODIFIER=(base) LD_LIBRARY_PATH=/home/nvidia/GoalPlanning/install/rslidar_msg/lib:/home/nvidia/GoalPlanning/install/serial/lib:/home/nvidia/GoalPlanning/install/imu_msgs/lib:/home/nvidia/GoalPlanning/install/car_msg/lib:/usr/local/cuda-11.4/lib64:/usr/lib/aarch64-linux-gnu/gazebo-11/plugins:/opt/ros/foxy/opt/yaml_cpp_vendor/lib:/opt/ros/foxy/opt/rviz_ogre_vendor/lib:/opt/ros/foxy/lib/aarch64-linux-gnu:/opt/ros/foxy/lib:/usr/local/cuda-11.4/lib64 /usr/bin/cmake --install /home/nvidia/GoalPlanning/build/rslidar_sdk
