[0.476s] DEBUG:colcon:Command line arguments: ['/usr/bin/colcon', 'build']
[0.476s] DEBUG:colcon:Parsed command line arguments: Namespace(allow_overriding=[], ament_cmake_args=None, base_paths=['.'], build_base='build', catkin_cmake_args=None, catkin_skip_building_tests=False, cmake_args=None, cmake_clean_cache=False, cmake_clean_first=False, cmake_force_configure=False, cmake_target=None, cmake_target_skip_unavailable=False, continue_on_error=False, event_handlers=None, executor='parallel', ignore_user_meta=False, install_base='install', log_base=None, log_level=None, main=<bound method BuildVerb.main of <colcon_core.verb.build.BuildVerb object at 0xffff97392250>>, merge_install=False, metas=['./colcon.meta'], mixin=None, mixin_files=None, mixin_verb=('build',), packages_above=None, packages_above_and_dependencies=None, packages_above_depth=None, packages_end=None, packages_ignore=None, packages_ignore_regex=None, packages_select=None, packages_select_build_failed=False, packages_select_by_dep=None, packages_select_regex=None, packages_select_test_failures=False, packages_skip=None, packages_skip_build_finished=False, packages_skip_by_dep=None, packages_skip_regex=None, packages_skip_test_passed=False, packages_skip_up_to=None, packages_start=None, packages_up_to=None, packages_up_to_regex=None, parallel_workers=8, paths=None, symlink_install=False, test_result_base=None, verb_extension=<colcon_core.verb.build.BuildVerb object at 0xffff97392250>, verb_name='build', verb_parser=<colcon_mixin.mixin.mixin_argument.MixinArgumentDecorator object at 0xffff97392be0>)
[0.929s] Level 1:colcon.colcon_core.package_discovery:discover_packages(colcon_meta) check parameters
[0.929s] Level 1:colcon.colcon_core.package_discovery:discover_packages(recursive) check parameters
[0.929s] Level 1:colcon.colcon_core.package_discovery:discover_packages(ignore) check parameters
[0.929s] Level 1:colcon.colcon_core.package_discovery:discover_packages(path) check parameters
[0.929s] Level 1:colcon.colcon_core.package_discovery:discover_packages(colcon_meta) discover
[0.929s] Level 1:colcon.colcon_core.package_discovery:discover_packages(recursive) discover
[0.930s] INFO:colcon.colcon_core.package_discovery:Crawling recursively for packages in '/home/nvidia/GoalPlanning/src/location'
[0.930s] Level 1:colcon.colcon_core.package_identification:_identify(.) by extensions ['ignore', 'ignore_ament_install']
[0.930s] Level 1:colcon.colcon_core.package_identification:_identify(.) by extension 'ignore'
[0.930s] Level 1:colcon.colcon_core.package_identification:_identify(.) by extension 'ignore_ament_install'
[0.930s] Level 1:colcon.colcon_core.package_identification:_identify(.) by extensions ['colcon_pkg']
[0.930s] Level 1:colcon.colcon_core.package_identification:_identify(.) by extension 'colcon_pkg'
[0.931s] Level 1:colcon.colcon_core.package_identification:_identify(.) by extensions ['colcon_meta']
[0.931s] Level 1:colcon.colcon_core.package_identification:_identify(.) by extension 'colcon_meta'
[0.931s] Level 1:colcon.colcon_core.package_identification:_identify(.) by extensions ['ros']
[0.931s] Level 1:colcon.colcon_core.package_identification:_identify(.) by extension 'ros'
[0.954s] Level 1:colcon.colcon_core.package_identification:_identify(.) by extensions ['cmake', 'python']
[0.954s] Level 1:colcon.colcon_core.package_identification:_identify(.) by extension 'cmake'
[0.955s] Level 1:colcon.colcon_core.package_identification:_identify(.) by extension 'python'
[0.955s] Level 1:colcon.colcon_core.package_identification:_identify(.) by extensions ['python_setup_py']
[0.955s] Level 1:colcon.colcon_core.package_identification:_identify(.) by extension 'python_setup_py'
[0.955s] Level 1:colcon.colcon_core.package_identification:_identify(build) by extensions ['ignore', 'ignore_ament_install']
[0.955s] Level 1:colcon.colcon_core.package_identification:_identify(build) by extension 'ignore'
[0.955s] Level 1:colcon.colcon_core.package_identification:_identify(build) ignored
[0.956s] Level 1:colcon.colcon_core.package_identification:_identify(include) by extensions ['ignore', 'ignore_ament_install']
[0.956s] Level 1:colcon.colcon_core.package_identification:_identify(include) by extension 'ignore'
[0.956s] Level 1:colcon.colcon_core.package_identification:_identify(include) by extension 'ignore_ament_install'
[0.956s] Level 1:colcon.colcon_core.package_identification:_identify(include) by extensions ['colcon_pkg']
[0.956s] Level 1:colcon.colcon_core.package_identification:_identify(include) by extension 'colcon_pkg'
[0.956s] Level 1:colcon.colcon_core.package_identification:_identify(include) by extensions ['colcon_meta']
[0.956s] Level 1:colcon.colcon_core.package_identification:_identify(include) by extension 'colcon_meta'
[0.957s] Level 1:colcon.colcon_core.package_identification:_identify(include) by extensions ['ros']
[0.957s] Level 1:colcon.colcon_core.package_identification:_identify(include) by extension 'ros'
[0.957s] Level 1:colcon.colcon_core.package_identification:_identify(include) by extensions ['cmake', 'python']
[0.957s] Level 1:colcon.colcon_core.package_identification:_identify(include) by extension 'cmake'
[0.957s] Level 1:colcon.colcon_core.package_identification:_identify(include) by extension 'python'
[0.957s] Level 1:colcon.colcon_core.package_identification:_identify(include) by extensions ['python_setup_py']
[0.957s] Level 1:colcon.colcon_core.package_identification:_identify(include) by extension 'python_setup_py'
[0.957s] Level 1:colcon.colcon_core.package_identification:_identify(include/location) by extensions ['ignore', 'ignore_ament_install']
[0.958s] Level 1:colcon.colcon_core.package_identification:_identify(include/location) by extension 'ignore'
[0.958s] Level 1:colcon.colcon_core.package_identification:_identify(include/location) by extension 'ignore_ament_install'
[0.958s] Level 1:colcon.colcon_core.package_identification:_identify(include/location) by extensions ['colcon_pkg']
[0.958s] Level 1:colcon.colcon_core.package_identification:_identify(include/location) by extension 'colcon_pkg'
[0.958s] Level 1:colcon.colcon_core.package_identification:_identify(include/location) by extensions ['colcon_meta']
[0.958s] Level 1:colcon.colcon_core.package_identification:_identify(include/location) by extension 'colcon_meta'
[0.958s] Level 1:colcon.colcon_core.package_identification:_identify(include/location) by extensions ['ros']
[0.958s] Level 1:colcon.colcon_core.package_identification:_identify(include/location) by extension 'ros'
[0.958s] Level 1:colcon.colcon_core.package_identification:_identify(include/location) by extensions ['cmake', 'python']
[0.958s] Level 1:colcon.colcon_core.package_identification:_identify(include/location) by extension 'cmake'
[0.958s] Level 1:colcon.colcon_core.package_identification:_identify(include/location) by extension 'python'
[0.959s] Level 1:colcon.colcon_core.package_identification:_identify(include/location) by extensions ['python_setup_py']
[0.959s] Level 1:colcon.colcon_core.package_identification:_identify(include/location) by extension 'python_setup_py'
[0.959s] Level 1:colcon.colcon_core.package_identification:_identify(install) by extensions ['ignore', 'ignore_ament_install']
[0.959s] Level 1:colcon.colcon_core.package_identification:_identify(install) by extension 'ignore'
[0.959s] Level 1:colcon.colcon_core.package_identification:_identify(install) ignored
[0.959s] Level 1:colcon.colcon_core.package_identification:_identify(log) by extensions ['ignore', 'ignore_ament_install']
[0.960s] Level 1:colcon.colcon_core.package_identification:_identify(log) by extension 'ignore'
[0.960s] Level 1:colcon.colcon_core.package_identification:_identify(log) ignored
[0.960s] Level 1:colcon.colcon_core.package_identification:_identify(src) by extensions ['ignore', 'ignore_ament_install']
[0.960s] Level 1:colcon.colcon_core.package_identification:_identify(src) by extension 'ignore'
[0.960s] Level 1:colcon.colcon_core.package_identification:_identify(src) by extension 'ignore_ament_install'
[0.960s] Level 1:colcon.colcon_core.package_identification:_identify(src) by extensions ['colcon_pkg']
[0.960s] Level 1:colcon.colcon_core.package_identification:_identify(src) by extension 'colcon_pkg'
[0.960s] Level 1:colcon.colcon_core.package_identification:_identify(src) by extensions ['colcon_meta']
[0.960s] Level 1:colcon.colcon_core.package_identification:_identify(src) by extension 'colcon_meta'
[0.961s] Level 1:colcon.colcon_core.package_identification:_identify(src) by extensions ['ros']
[0.961s] Level 1:colcon.colcon_core.package_identification:_identify(src) by extension 'ros'
[0.961s] Level 1:colcon.colcon_core.package_identification:_identify(src) by extensions ['cmake', 'python']
[0.961s] Level 1:colcon.colcon_core.package_identification:_identify(src) by extension 'cmake'
[0.961s] Level 1:colcon.colcon_core.package_identification:_identify(src) by extension 'python'
[0.961s] Level 1:colcon.colcon_core.package_identification:_identify(src) by extensions ['python_setup_py']
[0.961s] Level 1:colcon.colcon_core.package_identification:_identify(src) by extension 'python_setup_py'
[0.961s] Level 1:colcon.colcon_core.package_identification:_identify(src/imu_msgs) by extensions ['ignore', 'ignore_ament_install']
[0.962s] Level 1:colcon.colcon_core.package_identification:_identify(src/imu_msgs) by extension 'ignore'
[0.962s] Level 1:colcon.colcon_core.package_identification:_identify(src/imu_msgs) by extension 'ignore_ament_install'
[0.962s] Level 1:colcon.colcon_core.package_identification:_identify(src/imu_msgs) by extensions ['colcon_pkg']
[0.962s] Level 1:colcon.colcon_core.package_identification:_identify(src/imu_msgs) by extension 'colcon_pkg'
[0.962s] Level 1:colcon.colcon_core.package_identification:_identify(src/imu_msgs) by extensions ['colcon_meta']
[0.962s] Level 1:colcon.colcon_core.package_identification:_identify(src/imu_msgs) by extension 'colcon_meta'
[0.962s] Level 1:colcon.colcon_core.package_identification:_identify(src/imu_msgs) by extensions ['ros']
[0.962s] Level 1:colcon.colcon_core.package_identification:_identify(src/imu_msgs) by extension 'ros'
[0.968s] DEBUG:colcon.colcon_core.package_identification:Package 'src/imu_msgs' with type 'ros.ament_cmake' and name 'imu_msgs'
[0.968s] Level 1:colcon.colcon_core.package_identification:_identify(src/imu_node) by extensions ['ignore', 'ignore_ament_install']
[0.968s] Level 1:colcon.colcon_core.package_identification:_identify(src/imu_node) by extension 'ignore'
[0.968s] Level 1:colcon.colcon_core.package_identification:_identify(src/imu_node) by extension 'ignore_ament_install'
[0.969s] Level 1:colcon.colcon_core.package_identification:_identify(src/imu_node) by extensions ['colcon_pkg']
[0.969s] Level 1:colcon.colcon_core.package_identification:_identify(src/imu_node) by extension 'colcon_pkg'
[0.969s] Level 1:colcon.colcon_core.package_identification:_identify(src/imu_node) by extensions ['colcon_meta']
[0.969s] Level 1:colcon.colcon_core.package_identification:_identify(src/imu_node) by extension 'colcon_meta'
[0.969s] Level 1:colcon.colcon_core.package_identification:_identify(src/imu_node) by extensions ['ros']
[0.969s] Level 1:colcon.colcon_core.package_identification:_identify(src/imu_node) by extension 'ros'
[0.970s] DEBUG:colcon.colcon_core.package_identification:Package 'src/imu_node' with type 'ros.ament_cmake' and name 'imu_node'
[0.971s] Level 1:colcon.colcon_core.package_identification:_identify(src/location) by extensions ['ignore', 'ignore_ament_install']
[0.971s] Level 1:colcon.colcon_core.package_identification:_identify(src/location) by extension 'ignore'
[0.971s] Level 1:colcon.colcon_core.package_identification:_identify(src/location) by extension 'ignore_ament_install'
[0.971s] Level 1:colcon.colcon_core.package_identification:_identify(src/location) by extensions ['colcon_pkg']
[0.971s] Level 1:colcon.colcon_core.package_identification:_identify(src/location) by extension 'colcon_pkg'
[0.972s] Level 1:colcon.colcon_core.package_identification:_identify(src/location) by extensions ['colcon_meta']
[0.972s] Level 1:colcon.colcon_core.package_identification:_identify(src/location) by extension 'colcon_meta'
[0.972s] Level 1:colcon.colcon_core.package_identification:_identify(src/location) by extensions ['ros']
[0.972s] Level 1:colcon.colcon_core.package_identification:_identify(src/location) by extension 'ros'
[0.973s] DEBUG:colcon.colcon_core.package_identification:Package 'src/location' with type 'ros.ament_cmake' and name 'location'
[0.973s] Level 1:colcon.colcon_core.package_identification:_identify(src/serial) by extensions ['ignore', 'ignore_ament_install']
[0.974s] Level 1:colcon.colcon_core.package_identification:_identify(src/serial) by extension 'ignore'
[0.974s] Level 1:colcon.colcon_core.package_identification:_identify(src/serial) by extension 'ignore_ament_install'
[0.974s] Level 1:colcon.colcon_core.package_identification:_identify(src/serial) by extensions ['colcon_pkg']
[0.974s] Level 1:colcon.colcon_core.package_identification:_identify(src/serial) by extension 'colcon_pkg'
[0.974s] Level 1:colcon.colcon_core.package_identification:_identify(src/serial) by extensions ['colcon_meta']
[0.974s] Level 1:colcon.colcon_core.package_identification:_identify(src/serial) by extension 'colcon_meta'
[0.974s] Level 1:colcon.colcon_core.package_identification:_identify(src/serial) by extensions ['ros']
[0.974s] Level 1:colcon.colcon_core.package_identification:_identify(src/serial) by extension 'ros'
[0.975s] DEBUG:colcon.colcon_core.package_identification:Package 'src/serial' with type 'ros.ament_cmake' and name 'serial'
[0.975s] Level 1:colcon.colcon_core.package_discovery:discover_packages(recursive) using defaults
[0.975s] Level 1:colcon.colcon_core.package_discovery:discover_packages(ignore) discover
[0.976s] Level 1:colcon.colcon_core.package_discovery:discover_packages(ignore) using defaults
[0.976s] Level 1:colcon.colcon_core.package_discovery:discover_packages(path) discover
[0.976s] Level 1:colcon.colcon_core.package_discovery:discover_packages(path) using defaults
[1.019s] Level 1:colcon.colcon_core.package_discovery:discover_packages(prefix_path) check parameters
[1.020s] Level 1:colcon.colcon_core.package_discovery:discover_packages(prefix_path) discover
[1.023s] WARNING:colcon.colcon_ros.prefix_path.ament:The path '/home/nvidia/GoalPlanning/src/location/install/serial' in the environment variable AMENT_PREFIX_PATH doesn't exist
[1.023s] WARNING:colcon.colcon_ros.prefix_path.ament:The path '/home/nvidia/GoalPlanning/src/location/install/location' in the environment variable AMENT_PREFIX_PATH doesn't exist
[1.023s] WARNING:colcon.colcon_ros.prefix_path.ament:The path '/home/nvidia/GoalPlanning/src/location/install/imu_node' in the environment variable AMENT_PREFIX_PATH doesn't exist
[1.023s] WARNING:colcon.colcon_ros.prefix_path.ament:The path '/home/nvidia/GoalPlanning/src/location/install/imu_msgs' in the environment variable AMENT_PREFIX_PATH doesn't exist
[1.023s] WARNING:colcon.colcon_ros.prefix_path.catkin:The path '/home/nvidia/GoalPlanning/src/location/install/serial' in the environment variable CMAKE_PREFIX_PATH doesn't exist
[1.023s] WARNING:colcon.colcon_ros.prefix_path.catkin:The path '/home/nvidia/GoalPlanning/src/location/install/location' in the environment variable CMAKE_PREFIX_PATH doesn't exist
[1.023s] WARNING:colcon.colcon_ros.prefix_path.catkin:The path '/home/nvidia/GoalPlanning/src/location/install/imu_node' in the environment variable CMAKE_PREFIX_PATH doesn't exist
[1.024s] WARNING:colcon.colcon_ros.prefix_path.catkin:The path '/home/nvidia/GoalPlanning/src/location/install/imu_msgs' in the environment variable CMAKE_PREFIX_PATH doesn't exist
[1.025s] DEBUG:colcon.colcon_installed_package_information.package_discovery:Found 0 installed packages in /home/nvidia/GoalPlanning/src/location/install
[1.027s] DEBUG:colcon.colcon_installed_package_information.package_discovery:Found 10 installed packages in /home/nvidia/GoalPlanning/install
[1.030s] DEBUG:colcon.colcon_installed_package_information.package_discovery:Found 367 installed packages in /opt/ros/foxy
[1.034s] Level 1:colcon.colcon_core.package_discovery:discover_packages(prefix_path) using defaults
[1.186s] Level 5:colcon.colcon_core.verb:set package 'imu_msgs' build argument 'cmake_args' from command line to 'None'
[1.186s] Level 5:colcon.colcon_core.verb:set package 'imu_msgs' build argument 'cmake_target' from command line to 'None'
[1.186s] Level 5:colcon.colcon_core.verb:set package 'imu_msgs' build argument 'cmake_target_skip_unavailable' from command line to 'False'
[1.186s] Level 5:colcon.colcon_core.verb:set package 'imu_msgs' build argument 'cmake_clean_cache' from command line to 'False'
[1.186s] Level 5:colcon.colcon_core.verb:set package 'imu_msgs' build argument 'cmake_clean_first' from command line to 'False'
[1.186s] Level 5:colcon.colcon_core.verb:set package 'imu_msgs' build argument 'cmake_force_configure' from command line to 'False'
[1.186s] Level 5:colcon.colcon_core.verb:set package 'imu_msgs' build argument 'ament_cmake_args' from command line to 'None'
[1.186s] Level 5:colcon.colcon_core.verb:set package 'imu_msgs' build argument 'catkin_cmake_args' from command line to 'None'
[1.186s] Level 5:colcon.colcon_core.verb:set package 'imu_msgs' build argument 'catkin_skip_building_tests' from command line to 'False'
[1.187s] DEBUG:colcon.colcon_core.verb:Building package 'imu_msgs' with the following arguments: {'ament_cmake_args': None, 'build_base': '/home/nvidia/GoalPlanning/src/location/build/imu_msgs', 'catkin_cmake_args': None, 'catkin_skip_building_tests': False, 'cmake_args': None, 'cmake_clean_cache': False, 'cmake_clean_first': False, 'cmake_force_configure': False, 'cmake_target': None, 'cmake_target_skip_unavailable': False, 'install_base': '/home/nvidia/GoalPlanning/src/location/install/imu_msgs', 'merge_install': False, 'path': '/home/nvidia/GoalPlanning/src/location/src/imu_msgs', 'symlink_install': False, 'test_result_base': None}
[1.187s] Level 5:colcon.colcon_core.verb:set package 'serial' build argument 'cmake_args' from command line to 'None'
[1.187s] Level 5:colcon.colcon_core.verb:set package 'serial' build argument 'cmake_target' from command line to 'None'
[1.187s] Level 5:colcon.colcon_core.verb:set package 'serial' build argument 'cmake_target_skip_unavailable' from command line to 'False'
[1.188s] Level 5:colcon.colcon_core.verb:set package 'serial' build argument 'cmake_clean_cache' from command line to 'False'
[1.188s] Level 5:colcon.colcon_core.verb:set package 'serial' build argument 'cmake_clean_first' from command line to 'False'
[1.188s] Level 5:colcon.colcon_core.verb:set package 'serial' build argument 'cmake_force_configure' from command line to 'False'
[1.188s] Level 5:colcon.colcon_core.verb:set package 'serial' build argument 'ament_cmake_args' from command line to 'None'
[1.188s] Level 5:colcon.colcon_core.verb:set package 'serial' build argument 'catkin_cmake_args' from command line to 'None'
[1.188s] Level 5:colcon.colcon_core.verb:set package 'serial' build argument 'catkin_skip_building_tests' from command line to 'False'
[1.188s] DEBUG:colcon.colcon_core.verb:Building package 'serial' with the following arguments: {'ament_cmake_args': None, 'build_base': '/home/nvidia/GoalPlanning/src/location/build/serial', 'catkin_cmake_args': None, 'catkin_skip_building_tests': False, 'cmake_args': None, 'cmake_clean_cache': False, 'cmake_clean_first': False, 'cmake_force_configure': False, 'cmake_target': None, 'cmake_target_skip_unavailable': False, 'install_base': '/home/nvidia/GoalPlanning/src/location/install/serial', 'merge_install': False, 'path': '/home/nvidia/GoalPlanning/src/location/src/serial', 'symlink_install': False, 'test_result_base': None}
[1.189s] Level 5:colcon.colcon_core.verb:set package 'imu_node' build argument 'cmake_args' from command line to 'None'
[1.189s] Level 5:colcon.colcon_core.verb:set package 'imu_node' build argument 'cmake_target' from command line to 'None'
[1.189s] Level 5:colcon.colcon_core.verb:set package 'imu_node' build argument 'cmake_target_skip_unavailable' from command line to 'False'
[1.189s] Level 5:colcon.colcon_core.verb:set package 'imu_node' build argument 'cmake_clean_cache' from command line to 'False'
[1.189s] Level 5:colcon.colcon_core.verb:set package 'imu_node' build argument 'cmake_clean_first' from command line to 'False'
[1.189s] Level 5:colcon.colcon_core.verb:set package 'imu_node' build argument 'cmake_force_configure' from command line to 'False'
[1.189s] Level 5:colcon.colcon_core.verb:set package 'imu_node' build argument 'ament_cmake_args' from command line to 'None'
[1.189s] Level 5:colcon.colcon_core.verb:set package 'imu_node' build argument 'catkin_cmake_args' from command line to 'None'
[1.189s] Level 5:colcon.colcon_core.verb:set package 'imu_node' build argument 'catkin_skip_building_tests' from command line to 'False'
[1.189s] DEBUG:colcon.colcon_core.verb:Building package 'imu_node' with the following arguments: {'ament_cmake_args': None, 'build_base': '/home/nvidia/GoalPlanning/src/location/build/imu_node', 'catkin_cmake_args': None, 'catkin_skip_building_tests': False, 'cmake_args': None, 'cmake_clean_cache': False, 'cmake_clean_first': False, 'cmake_force_configure': False, 'cmake_target': None, 'cmake_target_skip_unavailable': False, 'install_base': '/home/nvidia/GoalPlanning/src/location/install/imu_node', 'merge_install': False, 'path': '/home/nvidia/GoalPlanning/src/location/src/imu_node', 'symlink_install': False, 'test_result_base': None}
[1.190s] Level 5:colcon.colcon_core.verb:set package 'location' build argument 'cmake_args' from command line to 'None'
[1.190s] Level 5:colcon.colcon_core.verb:set package 'location' build argument 'cmake_target' from command line to 'None'
[1.190s] Level 5:colcon.colcon_core.verb:set package 'location' build argument 'cmake_target_skip_unavailable' from command line to 'False'
[1.190s] Level 5:colcon.colcon_core.verb:set package 'location' build argument 'cmake_clean_cache' from command line to 'False'
[1.190s] Level 5:colcon.colcon_core.verb:set package 'location' build argument 'cmake_clean_first' from command line to 'False'
[1.190s] Level 5:colcon.colcon_core.verb:set package 'location' build argument 'cmake_force_configure' from command line to 'False'
[1.190s] Level 5:colcon.colcon_core.verb:set package 'location' build argument 'ament_cmake_args' from command line to 'None'
[1.190s] Level 5:colcon.colcon_core.verb:set package 'location' build argument 'catkin_cmake_args' from command line to 'None'
[1.190s] Level 5:colcon.colcon_core.verb:set package 'location' build argument 'catkin_skip_building_tests' from command line to 'False'
[1.190s] DEBUG:colcon.colcon_core.verb:Building package 'location' with the following arguments: {'ament_cmake_args': None, 'build_base': '/home/nvidia/GoalPlanning/src/location/build/location', 'catkin_cmake_args': None, 'catkin_skip_building_tests': False, 'cmake_args': None, 'cmake_clean_cache': False, 'cmake_clean_first': False, 'cmake_force_configure': False, 'cmake_target': None, 'cmake_target_skip_unavailable': False, 'install_base': '/home/nvidia/GoalPlanning/src/location/install/location', 'merge_install': False, 'path': '/home/nvidia/GoalPlanning/src/location/src/location', 'symlink_install': False, 'test_result_base': None}
[1.190s] INFO:colcon.colcon_core.executor:Executing jobs using 'parallel' executor
[1.193s] DEBUG:colcon.colcon_parallel_executor.executor.parallel:run_until_complete
[1.194s] INFO:colcon.colcon_ros.task.ament_cmake.build:Building ROS package in '/home/nvidia/GoalPlanning/src/location/src/imu_msgs' with build type 'ament_cmake'
[1.194s] INFO:colcon.colcon_cmake.task.cmake.build:Building CMake package in '/home/nvidia/GoalPlanning/src/location/src/imu_msgs'
[1.199s] INFO:colcon.colcon_core.plugin_system:Skipping extension 'colcon_core.shell.bat': Not used on non-Windows systems
[1.199s] INFO:colcon.colcon_core.shell:Skip shell extension 'powershell' for command environment: Not usable outside of PowerShell
[1.199s] DEBUG:colcon.colcon_core.shell:Skip shell extension 'dsv' for command environment
[1.212s] INFO:colcon.colcon_ros.task.ament_cmake.build:Building ROS package in '/home/nvidia/GoalPlanning/src/location/src/serial' with build type 'ament_cmake'
[1.213s] INFO:colcon.colcon_cmake.task.cmake.build:Building CMake package in '/home/nvidia/GoalPlanning/src/location/src/serial'
[1.214s] INFO:colcon.colcon_core.shell:Skip shell extension 'powershell' for command environment: Not usable outside of PowerShell
[1.214s] DEBUG:colcon.colcon_core.shell:Skip shell extension 'dsv' for command environment
[1.234s] DEBUG:colcon.colcon_core.event_handler.log_command:Invoking command in '/home/nvidia/GoalPlanning/src/location/build/imu_msgs': CMAKE_PREFIX_PATH=${CMAKE_PREFIX_PATH}:/home/nvidia/GoalPlanning/install/planning:/home/nvidia/GoalPlanning/install/cmd_car:/opt/ros/foxy CONDA_PROMPT_MODIFIER=(base) /usr/bin/cmake /home/nvidia/GoalPlanning/src/location/src/imu_msgs -DCMAKE_INSTALL_PREFIX=/home/nvidia/GoalPlanning/src/location/install/imu_msgs
[1.250s] DEBUG:colcon.colcon_core.event_handler.log_command:Invoking command in '/home/nvidia/GoalPlanning/src/location/build/serial': CMAKE_PREFIX_PATH=${CMAKE_PREFIX_PATH}:/home/nvidia/GoalPlanning/install/planning:/home/nvidia/GoalPlanning/install/cmd_car:/opt/ros/foxy CONDA_PROMPT_MODIFIER=(base) /usr/bin/cmake /home/nvidia/GoalPlanning/src/location/src/serial -DCMAKE_INSTALL_PREFIX=/home/nvidia/GoalPlanning/src/location/install/serial
[3.010s] DEBUG:colcon.colcon_core.event_handler.log_command:Invoked command in '/home/nvidia/GoalPlanning/src/location/build/serial' returned '0': CMAKE_PREFIX_PATH=${CMAKE_PREFIX_PATH}:/home/nvidia/GoalPlanning/install/planning:/home/nvidia/GoalPlanning/install/cmd_car:/opt/ros/foxy CONDA_PROMPT_MODIFIER=(base) /usr/bin/cmake /home/nvidia/GoalPlanning/src/location/src/serial -DCMAKE_INSTALL_PREFIX=/home/nvidia/GoalPlanning/src/location/install/serial
[3.016s] DEBUG:colcon.colcon_core.event_handler.log_command:Invoking command in '/home/nvidia/GoalPlanning/src/location/build/serial': CMAKE_PREFIX_PATH=${CMAKE_PREFIX_PATH}:/home/nvidia/GoalPlanning/install/planning:/home/nvidia/GoalPlanning/install/cmd_car:/opt/ros/foxy CONDA_PROMPT_MODIFIER=(base) /usr/bin/cmake --build /home/nvidia/GoalPlanning/src/location/build/serial -- -j8 -l8
[4.340s] DEBUG:colcon.colcon_core.event_handler.log_command:Invoked command in '/home/nvidia/GoalPlanning/src/location/build/serial' returned '0': CMAKE_PREFIX_PATH=${CMAKE_PREFIX_PATH}:/home/nvidia/GoalPlanning/install/planning:/home/nvidia/GoalPlanning/install/cmd_car:/opt/ros/foxy CONDA_PROMPT_MODIFIER=(base) /usr/bin/cmake --build /home/nvidia/GoalPlanning/src/location/build/serial -- -j8 -l8
[4.429s] DEBUG:colcon.colcon_core.event_handler.log_command:Invoking command in '/home/nvidia/GoalPlanning/src/location/build/serial': CMAKE_PREFIX_PATH=${CMAKE_PREFIX_PATH}:/home/nvidia/GoalPlanning/install/planning:/home/nvidia/GoalPlanning/install/cmd_car:/opt/ros/foxy CONDA_PROMPT_MODIFIER=(base) /usr/bin/cmake --install /home/nvidia/GoalPlanning/src/location/build/serial
[4.460s] Level 1:colcon.colcon_core.environment:create_environment_scripts_only(serial)
[4.462s] DEBUG:colcon.colcon_core.event_handler.log_command:Invoked command in '/home/nvidia/GoalPlanning/src/location/build/serial' returned '0': CMAKE_PREFIX_PATH=${CMAKE_PREFIX_PATH}:/home/nvidia/GoalPlanning/install/planning:/home/nvidia/GoalPlanning/install/cmd_car:/opt/ros/foxy CONDA_PROMPT_MODIFIER=(base) /usr/bin/cmake --install /home/nvidia/GoalPlanning/src/location/build/serial
[4.467s] Level 1:colcon.colcon_core.environment:checking '/home/nvidia/GoalPlanning/src/location/install/serial' for CMake module files
[4.468s] Level 1:colcon.colcon_core.environment:checking '/home/nvidia/GoalPlanning/src/location/install/serial' for CMake config files
[4.468s] Level 1:colcon.colcon_core.shell:create_environment_hook('serial', 'cmake_prefix_path')
[4.469s] INFO:colcon.colcon_core.shell:Creating environment hook '/home/nvidia/GoalPlanning/src/location/install/serial/share/serial/hook/cmake_prefix_path.ps1'
[4.470s] INFO:colcon.colcon_core.shell:Creating environment descriptor '/home/nvidia/GoalPlanning/src/location/install/serial/share/serial/hook/cmake_prefix_path.dsv'
[4.471s] INFO:colcon.colcon_core.shell:Creating environment hook '/home/nvidia/GoalPlanning/src/location/install/serial/share/serial/hook/cmake_prefix_path.sh'
[4.473s] Level 1:colcon.colcon_core.environment:checking '/home/nvidia/GoalPlanning/src/location/install/serial/lib'
[4.474s] Level 1:colcon.colcon_core.shell:create_environment_hook('serial', 'ld_library_path_lib')
[4.474s] INFO:colcon.colcon_core.shell:Creating environment hook '/home/nvidia/GoalPlanning/src/location/install/serial/share/serial/hook/ld_library_path_lib.ps1'
[4.475s] INFO:colcon.colcon_core.shell:Creating environment descriptor '/home/nvidia/GoalPlanning/src/location/install/serial/share/serial/hook/ld_library_path_lib.dsv'
[4.475s] INFO:colcon.colcon_core.shell:Creating environment hook '/home/nvidia/GoalPlanning/src/location/install/serial/share/serial/hook/ld_library_path_lib.sh'
[4.476s] Level 1:colcon.colcon_core.environment:checking '/home/nvidia/GoalPlanning/src/location/install/serial/bin'
[4.476s] Level 1:colcon.colcon_core.environment:checking '/home/nvidia/GoalPlanning/src/location/install/serial/lib/pkgconfig/serial.pc'
[4.477s] Level 1:colcon.colcon_core.environment:checking '/home/nvidia/GoalPlanning/src/location/install/serial/lib/python3.8/site-packages'
[4.477s] Level 1:colcon.colcon_core.environment:checking '/home/nvidia/GoalPlanning/src/location/install/serial/bin'
[4.478s] INFO:colcon.colcon_core.shell:Creating package script '/home/nvidia/GoalPlanning/src/location/install/serial/share/serial/package.ps1'
[4.479s] INFO:colcon.colcon_core.shell:Creating package descriptor '/home/nvidia/GoalPlanning/src/location/install/serial/share/serial/package.dsv'
[4.480s] INFO:colcon.colcon_core.shell:Creating package script '/home/nvidia/GoalPlanning/src/location/install/serial/share/serial/package.sh'
[4.482s] INFO:colcon.colcon_core.shell:Creating package script '/home/nvidia/GoalPlanning/src/location/install/serial/share/serial/package.bash'
[4.483s] INFO:colcon.colcon_core.shell:Creating package script '/home/nvidia/GoalPlanning/src/location/install/serial/share/serial/package.zsh'
[4.484s] Level 1:colcon.colcon_core.environment:create_file_with_runtime_dependencies(/home/nvidia/GoalPlanning/src/location/install/serial/share/colcon-core/packages/serial)
[4.548s] Level 1:colcon.colcon_core.environment:create_environment_scripts_only(serial)
[4.549s] Level 1:colcon.colcon_core.environment:checking '/home/nvidia/GoalPlanning/src/location/install/serial' for CMake module files
[4.550s] Level 1:colcon.colcon_core.environment:checking '/home/nvidia/GoalPlanning/src/location/install/serial' for CMake config files
[4.552s] Level 1:colcon.colcon_core.shell:create_environment_hook('serial', 'cmake_prefix_path')
[4.552s] INFO:colcon.colcon_core.shell:Creating environment hook '/home/nvidia/GoalPlanning/src/location/install/serial/share/serial/hook/cmake_prefix_path.ps1'
[4.554s] INFO:colcon.colcon_core.shell:Creating environment descriptor '/home/nvidia/GoalPlanning/src/location/install/serial/share/serial/hook/cmake_prefix_path.dsv'
[4.554s] INFO:colcon.colcon_core.shell:Creating environment hook '/home/nvidia/GoalPlanning/src/location/install/serial/share/serial/hook/cmake_prefix_path.sh'
[4.556s] Level 1:colcon.colcon_core.environment:checking '/home/nvidia/GoalPlanning/src/location/install/serial/lib'
[4.556s] Level 1:colcon.colcon_core.shell:create_environment_hook('serial', 'ld_library_path_lib')
[4.556s] INFO:colcon.colcon_core.shell:Creating environment hook '/home/nvidia/GoalPlanning/src/location/install/serial/share/serial/hook/ld_library_path_lib.ps1'
[4.557s] INFO:colcon.colcon_core.shell:Creating environment descriptor '/home/nvidia/GoalPlanning/src/location/install/serial/share/serial/hook/ld_library_path_lib.dsv'
[4.558s] INFO:colcon.colcon_core.shell:Creating environment hook '/home/nvidia/GoalPlanning/src/location/install/serial/share/serial/hook/ld_library_path_lib.sh'
[4.558s] Level 1:colcon.colcon_core.environment:checking '/home/nvidia/GoalPlanning/src/location/install/serial/bin'
[4.559s] Level 1:colcon.colcon_core.environment:checking '/home/nvidia/GoalPlanning/src/location/install/serial/lib/pkgconfig/serial.pc'
[4.559s] Level 1:colcon.colcon_core.environment:checking '/home/nvidia/GoalPlanning/src/location/install/serial/lib/python3.8/site-packages'
[4.560s] Level 1:colcon.colcon_core.environment:checking '/home/nvidia/GoalPlanning/src/location/install/serial/bin'
[4.560s] INFO:colcon.colcon_core.shell:Creating package script '/home/nvidia/GoalPlanning/src/location/install/serial/share/serial/package.ps1'
[4.561s] INFO:colcon.colcon_core.shell:Creating package descriptor '/home/nvidia/GoalPlanning/src/location/install/serial/share/serial/package.dsv'
[4.562s] INFO:colcon.colcon_core.shell:Creating package script '/home/nvidia/GoalPlanning/src/location/install/serial/share/serial/package.sh'
[4.563s] INFO:colcon.colcon_core.shell:Creating package script '/home/nvidia/GoalPlanning/src/location/install/serial/share/serial/package.bash'
[4.564s] INFO:colcon.colcon_core.shell:Creating package script '/home/nvidia/GoalPlanning/src/location/install/serial/share/serial/package.zsh'
[4.565s] Level 1:colcon.colcon_core.environment:create_file_with_runtime_dependencies(/home/nvidia/GoalPlanning/src/location/install/serial/share/colcon-core/packages/serial)
[5.699s] DEBUG:colcon.colcon_core.event_handler.log_command:Invoked command in '/home/nvidia/GoalPlanning/src/location/build/imu_msgs' returned '0': CMAKE_PREFIX_PATH=${CMAKE_PREFIX_PATH}:/home/nvidia/GoalPlanning/install/planning:/home/nvidia/GoalPlanning/install/cmd_car:/opt/ros/foxy CONDA_PROMPT_MODIFIER=(base) /usr/bin/cmake /home/nvidia/GoalPlanning/src/location/src/imu_msgs -DCMAKE_INSTALL_PREFIX=/home/nvidia/GoalPlanning/src/location/install/imu_msgs
[5.705s] DEBUG:colcon.colcon_core.event_handler.log_command:Invoking command in '/home/nvidia/GoalPlanning/src/location/build/imu_msgs': CMAKE_PREFIX_PATH=${CMAKE_PREFIX_PATH}:/home/nvidia/GoalPlanning/install/planning:/home/nvidia/GoalPlanning/install/cmd_car:/opt/ros/foxy CONDA_PROMPT_MODIFIER=(base) /usr/bin/cmake --build /home/nvidia/GoalPlanning/src/location/build/imu_msgs -- -j8 -l8
[18.183s] DEBUG:colcon.colcon_core.event_handler.log_command:Invoked command in '/home/nvidia/GoalPlanning/src/location/build/imu_msgs' returned '0': CMAKE_PREFIX_PATH=${CMAKE_PREFIX_PATH}:/home/nvidia/GoalPlanning/install/planning:/home/nvidia/GoalPlanning/install/cmd_car:/opt/ros/foxy CONDA_PROMPT_MODIFIER=(base) /usr/bin/cmake --build /home/nvidia/GoalPlanning/src/location/build/imu_msgs -- -j8 -l8
[18.447s] DEBUG:colcon.colcon_core.event_handler.log_command:Invoking command in '/home/nvidia/GoalPlanning/src/location/build/imu_msgs': CMAKE_PREFIX_PATH=${CMAKE_PREFIX_PATH}:/home/nvidia/GoalPlanning/install/planning:/home/nvidia/GoalPlanning/install/cmd_car:/opt/ros/foxy CONDA_PROMPT_MODIFIER=(base) /usr/bin/cmake --install /home/nvidia/GoalPlanning/src/location/build/imu_msgs
[18.635s] Level 1:colcon.colcon_core.environment:create_environment_scripts_only(imu_msgs)
[18.637s] Level 1:colcon.colcon_core.environment:checking '/home/nvidia/GoalPlanning/src/location/install/imu_msgs' for CMake module files
[18.638s] DEBUG:colcon.colcon_core.event_handler.log_command:Invoked command in '/home/nvidia/GoalPlanning/src/location/build/imu_msgs' returned '0': CMAKE_PREFIX_PATH=${CMAKE_PREFIX_PATH}:/home/nvidia/GoalPlanning/install/planning:/home/nvidia/GoalPlanning/install/cmd_car:/opt/ros/foxy CONDA_PROMPT_MODIFIER=(base) /usr/bin/cmake --install /home/nvidia/GoalPlanning/src/location/build/imu_msgs
[18.639s] Level 1:colcon.colcon_core.environment:checking '/home/nvidia/GoalPlanning/src/location/install/imu_msgs' for CMake config files
[18.640s] Level 1:colcon.colcon_core.shell:create_environment_hook('imu_msgs', 'cmake_prefix_path')
[18.641s] INFO:colcon.colcon_core.shell:Creating environment hook '/home/nvidia/GoalPlanning/src/location/install/imu_msgs/share/imu_msgs/hook/cmake_prefix_path.ps1'
[18.643s] INFO:colcon.colcon_core.shell:Creating environment descriptor '/home/nvidia/GoalPlanning/src/location/install/imu_msgs/share/imu_msgs/hook/cmake_prefix_path.dsv'
[18.644s] INFO:colcon.colcon_core.shell:Creating environment hook '/home/nvidia/GoalPlanning/src/location/install/imu_msgs/share/imu_msgs/hook/cmake_prefix_path.sh'
[18.645s] Level 1:colcon.colcon_core.environment:checking '/home/nvidia/GoalPlanning/src/location/install/imu_msgs/lib'
[18.645s] Level 1:colcon.colcon_core.shell:create_environment_hook('imu_msgs', 'ld_library_path_lib')
[18.645s] INFO:colcon.colcon_core.shell:Creating environment hook '/home/nvidia/GoalPlanning/src/location/install/imu_msgs/share/imu_msgs/hook/ld_library_path_lib.ps1'
[18.646s] INFO:colcon.colcon_core.shell:Creating environment descriptor '/home/nvidia/GoalPlanning/src/location/install/imu_msgs/share/imu_msgs/hook/ld_library_path_lib.dsv'
[18.647s] INFO:colcon.colcon_core.shell:Creating environment hook '/home/nvidia/GoalPlanning/src/location/install/imu_msgs/share/imu_msgs/hook/ld_library_path_lib.sh'
[18.647s] Level 1:colcon.colcon_core.environment:checking '/home/nvidia/GoalPlanning/src/location/install/imu_msgs/bin'
[18.648s] Level 1:colcon.colcon_core.environment:checking '/home/nvidia/GoalPlanning/src/location/install/imu_msgs/lib/pkgconfig/imu_msgs.pc'
[18.649s] Level 1:colcon.colcon_core.environment:checking '/home/nvidia/GoalPlanning/src/location/install/imu_msgs/lib/python3.8/site-packages'
[18.649s] Level 1:colcon.colcon_core.environment:checking '/home/nvidia/GoalPlanning/src/location/install/imu_msgs/bin'
[18.650s] INFO:colcon.colcon_core.shell:Creating package script '/home/nvidia/GoalPlanning/src/location/install/imu_msgs/share/imu_msgs/package.ps1'
[18.651s] INFO:colcon.colcon_core.shell:Creating package descriptor '/home/nvidia/GoalPlanning/src/location/install/imu_msgs/share/imu_msgs/package.dsv'
[18.652s] INFO:colcon.colcon_core.shell:Creating package script '/home/nvidia/GoalPlanning/src/location/install/imu_msgs/share/imu_msgs/package.sh'
[18.653s] INFO:colcon.colcon_core.shell:Creating package script '/home/nvidia/GoalPlanning/src/location/install/imu_msgs/share/imu_msgs/package.bash'
[18.654s] INFO:colcon.colcon_core.shell:Creating package script '/home/nvidia/GoalPlanning/src/location/install/imu_msgs/share/imu_msgs/package.zsh'
[18.655s] Level 1:colcon.colcon_core.environment:create_file_with_runtime_dependencies(/home/nvidia/GoalPlanning/src/location/install/imu_msgs/share/colcon-core/packages/imu_msgs)
[18.928s] Level 1:colcon.colcon_core.environment:create_environment_scripts_only(imu_msgs)
[18.928s] Level 1:colcon.colcon_core.environment:checking '/home/nvidia/GoalPlanning/src/location/install/imu_msgs' for CMake module files
[18.930s] Level 1:colcon.colcon_core.environment:checking '/home/nvidia/GoalPlanning/src/location/install/imu_msgs' for CMake config files
[18.931s] Level 1:colcon.colcon_core.shell:create_environment_hook('imu_msgs', 'cmake_prefix_path')
[18.931s] INFO:colcon.colcon_core.shell:Creating environment hook '/home/nvidia/GoalPlanning/src/location/install/imu_msgs/share/imu_msgs/hook/cmake_prefix_path.ps1'
[18.932s] INFO:colcon.colcon_core.shell:Creating environment descriptor '/home/nvidia/GoalPlanning/src/location/install/imu_msgs/share/imu_msgs/hook/cmake_prefix_path.dsv'
[18.933s] INFO:colcon.colcon_core.shell:Creating environment hook '/home/nvidia/GoalPlanning/src/location/install/imu_msgs/share/imu_msgs/hook/cmake_prefix_path.sh'
[18.934s] Level 1:colcon.colcon_core.environment:checking '/home/nvidia/GoalPlanning/src/location/install/imu_msgs/lib'
[18.935s] Level 1:colcon.colcon_core.shell:create_environment_hook('imu_msgs', 'ld_library_path_lib')
[18.935s] INFO:colcon.colcon_core.shell:Creating environment hook '/home/nvidia/GoalPlanning/src/location/install/imu_msgs/share/imu_msgs/hook/ld_library_path_lib.ps1'
[18.936s] INFO:colcon.colcon_core.shell:Creating environment descriptor '/home/nvidia/GoalPlanning/src/location/install/imu_msgs/share/imu_msgs/hook/ld_library_path_lib.dsv'
[18.937s] INFO:colcon.colcon_core.shell:Creating environment hook '/home/nvidia/GoalPlanning/src/location/install/imu_msgs/share/imu_msgs/hook/ld_library_path_lib.sh'
[18.937s] Level 1:colcon.colcon_core.environment:checking '/home/nvidia/GoalPlanning/src/location/install/imu_msgs/bin'
[18.937s] Level 1:colcon.colcon_core.environment:checking '/home/nvidia/GoalPlanning/src/location/install/imu_msgs/lib/pkgconfig/imu_msgs.pc'
[18.938s] Level 1:colcon.colcon_core.environment:checking '/home/nvidia/GoalPlanning/src/location/install/imu_msgs/lib/python3.8/site-packages'
[18.938s] Level 1:colcon.colcon_core.environment:checking '/home/nvidia/GoalPlanning/src/location/install/imu_msgs/bin'
[18.939s] INFO:colcon.colcon_core.shell:Creating package script '/home/nvidia/GoalPlanning/src/location/install/imu_msgs/share/imu_msgs/package.ps1'
[18.940s] INFO:colcon.colcon_core.shell:Creating package descriptor '/home/nvidia/GoalPlanning/src/location/install/imu_msgs/share/imu_msgs/package.dsv'
[18.941s] INFO:colcon.colcon_core.shell:Creating package script '/home/nvidia/GoalPlanning/src/location/install/imu_msgs/share/imu_msgs/package.sh'
[18.942s] INFO:colcon.colcon_core.shell:Creating package script '/home/nvidia/GoalPlanning/src/location/install/imu_msgs/share/imu_msgs/package.bash'
[18.943s] INFO:colcon.colcon_core.shell:Creating package script '/home/nvidia/GoalPlanning/src/location/install/imu_msgs/share/imu_msgs/package.zsh'
[18.944s] Level 1:colcon.colcon_core.environment:create_file_with_runtime_dependencies(/home/nvidia/GoalPlanning/src/location/install/imu_msgs/share/colcon-core/packages/imu_msgs)
[18.945s] INFO:colcon.colcon_ros.task.ament_cmake.build:Building ROS package in '/home/nvidia/GoalPlanning/src/location/src/imu_node' with build type 'ament_cmake'
[18.945s] INFO:colcon.colcon_cmake.task.cmake.build:Building CMake package in '/home/nvidia/GoalPlanning/src/location/src/imu_node'
[18.946s] INFO:colcon.colcon_core.shell:Skip shell extension 'powershell' for command environment: Not usable outside of PowerShell
[18.946s] DEBUG:colcon.colcon_core.shell:Skip shell extension 'dsv' for command environment
[18.962s] INFO:colcon.colcon_ros.task.ament_cmake.build:Building ROS package in '/home/nvidia/GoalPlanning/src/location/src/location' with build type 'ament_cmake'
[18.962s] INFO:colcon.colcon_cmake.task.cmake.build:Building CMake package in '/home/nvidia/GoalPlanning/src/location/src/location'
[18.963s] INFO:colcon.colcon_core.shell:Skip shell extension 'powershell' for command environment: Not usable outside of PowerShell
[18.964s] DEBUG:colcon.colcon_core.shell:Skip shell extension 'dsv' for command environment
[18.986s] DEBUG:colcon.colcon_core.event_handler.log_command:Invoking command in '/home/nvidia/GoalPlanning/src/location/build/imu_node': CMAKE_PREFIX_PATH=/home/nvidia/GoalPlanning/src/location/install/serial:/home/nvidia/GoalPlanning/src/location/install/imu_msgs:/home/nvidia/GoalPlanning/install/serial:/home/nvidia/GoalPlanning/install/rslidar_sdk:/home/nvidia/GoalPlanning/install/rslidar_msg:/home/nvidia/GoalPlanning/install/location:/home/nvidia/GoalPlanning/install/imu_node:/home/nvidia/GoalPlanning/install/imu_msgs:/home/nvidia/GoalPlanning/install/cmd_car_cpp:/home/nvidia/GoalPlanning/install/car_msg:/home/nvidia/GoalPlanning/src/location/install/location:/home/nvidia/GoalPlanning/src/location/install/imu_node:/home/nvidia/GoalPlanning/install/planning:/home/nvidia/GoalPlanning/install/cmd_car:/opt/ros/foxy CONDA_PROMPT_MODIFIER=(base) LD_LIBRARY_PATH=/home/nvidia/GoalPlanning/src/location/install/serial/lib:/home/nvidia/GoalPlanning/src/location/install/imu_msgs/lib:/usr/local/cuda-11.4/lib64:/home/nvidia/GoalPlanning/install/serial/lib:/home/nvidia/GoalPlanning/install/rslidar_msg/lib:/home/nvidia/GoalPlanning/install/imu_msgs/lib:/home/nvidia/GoalPlanning/install/car_msg/lib:/usr/lib/aarch64-linux-gnu/gazebo-11/plugins:/opt/ros/foxy/opt/yaml_cpp_vendor/lib:/opt/ros/foxy/opt/rviz_ogre_vendor/lib:/opt/ros/foxy/lib/aarch64-linux-gnu:/opt/ros/foxy/lib /usr/bin/cmake /home/nvidia/GoalPlanning/src/location/src/imu_node -DCMAKE_INSTALL_PREFIX=/home/nvidia/GoalPlanning/src/location/install/imu_node
[18.997s] DEBUG:colcon.colcon_core.event_handler.log_command:Invoking command in '/home/nvidia/GoalPlanning/src/location/build/location': CMAKE_PREFIX_PATH=/home/nvidia/GoalPlanning/src/location/install/imu_msgs:/home/nvidia/GoalPlanning/install/serial:/home/nvidia/GoalPlanning/install/rslidar_sdk:/home/nvidia/GoalPlanning/install/rslidar_msg:/home/nvidia/GoalPlanning/install/location:/home/nvidia/GoalPlanning/install/imu_node:/home/nvidia/GoalPlanning/install/imu_msgs:/home/nvidia/GoalPlanning/install/cmd_car_cpp:/home/nvidia/GoalPlanning/install/car_msg:/home/nvidia/GoalPlanning/src/location/install/serial:/home/nvidia/GoalPlanning/src/location/install/location:/home/nvidia/GoalPlanning/src/location/install/imu_node:/home/nvidia/GoalPlanning/install/planning:/home/nvidia/GoalPlanning/install/cmd_car:/opt/ros/foxy CONDA_PROMPT_MODIFIER=(base) LD_LIBRARY_PATH=/home/nvidia/GoalPlanning/src/location/install/imu_msgs/lib:/usr/local/cuda-11.4/lib64:/home/nvidia/GoalPlanning/install/serial/lib:/home/nvidia/GoalPlanning/install/rslidar_msg/lib:/home/nvidia/GoalPlanning/install/imu_msgs/lib:/home/nvidia/GoalPlanning/install/car_msg/lib:/home/nvidia/GoalPlanning/src/location/install/serial/lib:/usr/lib/aarch64-linux-gnu/gazebo-11/plugins:/opt/ros/foxy/opt/yaml_cpp_vendor/lib:/opt/ros/foxy/opt/rviz_ogre_vendor/lib:/opt/ros/foxy/lib/aarch64-linux-gnu:/opt/ros/foxy/lib /usr/bin/cmake /home/nvidia/GoalPlanning/src/location/src/location -DCMAKE_INSTALL_PREFIX=/home/nvidia/GoalPlanning/src/location/install/location
[22.581s] DEBUG:colcon.colcon_core.event_handler.log_command:Invoked command in '/home/nvidia/GoalPlanning/src/location/build/location' returned '0': CMAKE_PREFIX_PATH=/home/nvidia/GoalPlanning/src/location/install/imu_msgs:/home/nvidia/GoalPlanning/install/serial:/home/nvidia/GoalPlanning/install/rslidar_sdk:/home/nvidia/GoalPlanning/install/rslidar_msg:/home/nvidia/GoalPlanning/install/location:/home/nvidia/GoalPlanning/install/imu_node:/home/nvidia/GoalPlanning/install/imu_msgs:/home/nvidia/GoalPlanning/install/cmd_car_cpp:/home/nvidia/GoalPlanning/install/car_msg:/home/nvidia/GoalPlanning/src/location/install/serial:/home/nvidia/GoalPlanning/src/location/install/location:/home/nvidia/GoalPlanning/src/location/install/imu_node:/home/nvidia/GoalPlanning/install/planning:/home/nvidia/GoalPlanning/install/cmd_car:/opt/ros/foxy CONDA_PROMPT_MODIFIER=(base) LD_LIBRARY_PATH=/home/nvidia/GoalPlanning/src/location/install/imu_msgs/lib:/usr/local/cuda-11.4/lib64:/home/nvidia/GoalPlanning/install/serial/lib:/home/nvidia/GoalPlanning/install/rslidar_msg/lib:/home/nvidia/GoalPlanning/install/imu_msgs/lib:/home/nvidia/GoalPlanning/install/car_msg/lib:/home/nvidia/GoalPlanning/src/location/install/serial/lib:/usr/lib/aarch64-linux-gnu/gazebo-11/plugins:/opt/ros/foxy/opt/yaml_cpp_vendor/lib:/opt/ros/foxy/opt/rviz_ogre_vendor/lib:/opt/ros/foxy/lib/aarch64-linux-gnu:/opt/ros/foxy/lib /usr/bin/cmake /home/nvidia/GoalPlanning/src/location/src/location -DCMAKE_INSTALL_PREFIX=/home/nvidia/GoalPlanning/src/location/install/location
[22.587s] DEBUG:colcon.colcon_core.event_handler.log_command:Invoking command in '/home/nvidia/GoalPlanning/src/location/build/location': CMAKE_PREFIX_PATH=/home/nvidia/GoalPlanning/src/location/install/imu_msgs:/home/nvidia/GoalPlanning/install/serial:/home/nvidia/GoalPlanning/install/rslidar_sdk:/home/nvidia/GoalPlanning/install/rslidar_msg:/home/nvidia/GoalPlanning/install/location:/home/nvidia/GoalPlanning/install/imu_node:/home/nvidia/GoalPlanning/install/imu_msgs:/home/nvidia/GoalPlanning/install/cmd_car_cpp:/home/nvidia/GoalPlanning/install/car_msg:/home/nvidia/GoalPlanning/src/location/install/serial:/home/nvidia/GoalPlanning/src/location/install/location:/home/nvidia/GoalPlanning/src/location/install/imu_node:/home/nvidia/GoalPlanning/install/planning:/home/nvidia/GoalPlanning/install/cmd_car:/opt/ros/foxy CONDA_PROMPT_MODIFIER=(base) LD_LIBRARY_PATH=/home/nvidia/GoalPlanning/src/location/install/imu_msgs/lib:/usr/local/cuda-11.4/lib64:/home/nvidia/GoalPlanning/install/serial/lib:/home/nvidia/GoalPlanning/install/rslidar_msg/lib:/home/nvidia/GoalPlanning/install/imu_msgs/lib:/home/nvidia/GoalPlanning/install/car_msg/lib:/home/nvidia/GoalPlanning/src/location/install/serial/lib:/usr/lib/aarch64-linux-gnu/gazebo-11/plugins:/opt/ros/foxy/opt/yaml_cpp_vendor/lib:/opt/ros/foxy/opt/rviz_ogre_vendor/lib:/opt/ros/foxy/lib/aarch64-linux-gnu:/opt/ros/foxy/lib /usr/bin/cmake --build /home/nvidia/GoalPlanning/src/location/build/location -- -j8 -l8
[22.591s] DEBUG:colcon.colcon_core.event_handler.log_command:Invoked command in '/home/nvidia/GoalPlanning/src/location/build/imu_node' returned '0': CMAKE_PREFIX_PATH=/home/nvidia/GoalPlanning/src/location/install/serial:/home/nvidia/GoalPlanning/src/location/install/imu_msgs:/home/nvidia/GoalPlanning/install/serial:/home/nvidia/GoalPlanning/install/rslidar_sdk:/home/nvidia/GoalPlanning/install/rslidar_msg:/home/nvidia/GoalPlanning/install/location:/home/nvidia/GoalPlanning/install/imu_node:/home/nvidia/GoalPlanning/install/imu_msgs:/home/nvidia/GoalPlanning/install/cmd_car_cpp:/home/nvidia/GoalPlanning/install/car_msg:/home/nvidia/GoalPlanning/src/location/install/location:/home/nvidia/GoalPlanning/src/location/install/imu_node:/home/nvidia/GoalPlanning/install/planning:/home/nvidia/GoalPlanning/install/cmd_car:/opt/ros/foxy CONDA_PROMPT_MODIFIER=(base) LD_LIBRARY_PATH=/home/nvidia/GoalPlanning/src/location/install/serial/lib:/home/nvidia/GoalPlanning/src/location/install/imu_msgs/lib:/usr/local/cuda-11.4/lib64:/home/nvidia/GoalPlanning/install/serial/lib:/home/nvidia/GoalPlanning/install/rslidar_msg/lib:/home/nvidia/GoalPlanning/install/imu_msgs/lib:/home/nvidia/GoalPlanning/install/car_msg/lib:/usr/lib/aarch64-linux-gnu/gazebo-11/plugins:/opt/ros/foxy/opt/yaml_cpp_vendor/lib:/opt/ros/foxy/opt/rviz_ogre_vendor/lib:/opt/ros/foxy/lib/aarch64-linux-gnu:/opt/ros/foxy/lib /usr/bin/cmake /home/nvidia/GoalPlanning/src/location/src/imu_node -DCMAKE_INSTALL_PREFIX=/home/nvidia/GoalPlanning/src/location/install/imu_node
[22.596s] DEBUG:colcon.colcon_core.event_handler.log_command:Invoking command in '/home/nvidia/GoalPlanning/src/location/build/imu_node': CMAKE_PREFIX_PATH=/home/nvidia/GoalPlanning/src/location/install/serial:/home/nvidia/GoalPlanning/src/location/install/imu_msgs:/home/nvidia/GoalPlanning/install/serial:/home/nvidia/GoalPlanning/install/rslidar_sdk:/home/nvidia/GoalPlanning/install/rslidar_msg:/home/nvidia/GoalPlanning/install/location:/home/nvidia/GoalPlanning/install/imu_node:/home/nvidia/GoalPlanning/install/imu_msgs:/home/nvidia/GoalPlanning/install/cmd_car_cpp:/home/nvidia/GoalPlanning/install/car_msg:/home/nvidia/GoalPlanning/src/location/install/location:/home/nvidia/GoalPlanning/src/location/install/imu_node:/home/nvidia/GoalPlanning/install/planning:/home/nvidia/GoalPlanning/install/cmd_car:/opt/ros/foxy CONDA_PROMPT_MODIFIER=(base) LD_LIBRARY_PATH=/home/nvidia/GoalPlanning/src/location/install/serial/lib:/home/nvidia/GoalPlanning/src/location/install/imu_msgs/lib:/usr/local/cuda-11.4/lib64:/home/nvidia/GoalPlanning/install/serial/lib:/home/nvidia/GoalPlanning/install/rslidar_msg/lib:/home/nvidia/GoalPlanning/install/imu_msgs/lib:/home/nvidia/GoalPlanning/install/car_msg/lib:/usr/lib/aarch64-linux-gnu/gazebo-11/plugins:/opt/ros/foxy/opt/yaml_cpp_vendor/lib:/opt/ros/foxy/opt/rviz_ogre_vendor/lib:/opt/ros/foxy/lib/aarch64-linux-gnu:/opt/ros/foxy/lib /usr/bin/cmake --build /home/nvidia/GoalPlanning/src/location/build/imu_node -- -j8 -l8
[34.016s] DEBUG:colcon.colcon_core.event_handler.log_command:Invoked command in '/home/nvidia/GoalPlanning/src/location/build/imu_node' returned '0': CMAKE_PREFIX_PATH=/home/nvidia/GoalPlanning/src/location/install/serial:/home/nvidia/GoalPlanning/src/location/install/imu_msgs:/home/nvidia/GoalPlanning/install/serial:/home/nvidia/GoalPlanning/install/rslidar_sdk:/home/nvidia/GoalPlanning/install/rslidar_msg:/home/nvidia/GoalPlanning/install/location:/home/nvidia/GoalPlanning/install/imu_node:/home/nvidia/GoalPlanning/install/imu_msgs:/home/nvidia/GoalPlanning/install/cmd_car_cpp:/home/nvidia/GoalPlanning/install/car_msg:/home/nvidia/GoalPlanning/src/location/install/location:/home/nvidia/GoalPlanning/src/location/install/imu_node:/home/nvidia/GoalPlanning/install/planning:/home/nvidia/GoalPlanning/install/cmd_car:/opt/ros/foxy CONDA_PROMPT_MODIFIER=(base) LD_LIBRARY_PATH=/home/nvidia/GoalPlanning/src/location/install/serial/lib:/home/nvidia/GoalPlanning/src/location/install/imu_msgs/lib:/usr/local/cuda-11.4/lib64:/home/nvidia/GoalPlanning/install/serial/lib:/home/nvidia/GoalPlanning/install/rslidar_msg/lib:/home/nvidia/GoalPlanning/install/imu_msgs/lib:/home/nvidia/GoalPlanning/install/car_msg/lib:/usr/lib/aarch64-linux-gnu/gazebo-11/plugins:/opt/ros/foxy/opt/yaml_cpp_vendor/lib:/opt/ros/foxy/opt/rviz_ogre_vendor/lib:/opt/ros/foxy/lib/aarch64-linux-gnu:/opt/ros/foxy/lib /usr/bin/cmake --build /home/nvidia/GoalPlanning/src/location/build/imu_node -- -j8 -l8
[34.088s] DEBUG:colcon.colcon_core.event_handler.log_command:Invoking command in '/home/nvidia/GoalPlanning/src/location/build/imu_node': CMAKE_PREFIX_PATH=/home/nvidia/GoalPlanning/src/location/install/serial:/home/nvidia/GoalPlanning/src/location/install/imu_msgs:/home/nvidia/GoalPlanning/install/serial:/home/nvidia/GoalPlanning/install/rslidar_sdk:/home/nvidia/GoalPlanning/install/rslidar_msg:/home/nvidia/GoalPlanning/install/location:/home/nvidia/GoalPlanning/install/imu_node:/home/nvidia/GoalPlanning/install/imu_msgs:/home/nvidia/GoalPlanning/install/cmd_car_cpp:/home/nvidia/GoalPlanning/install/car_msg:/home/nvidia/GoalPlanning/src/location/install/location:/home/nvidia/GoalPlanning/src/location/install/imu_node:/home/nvidia/GoalPlanning/install/planning:/home/nvidia/GoalPlanning/install/cmd_car:/opt/ros/foxy CONDA_PROMPT_MODIFIER=(base) LD_LIBRARY_PATH=/home/nvidia/GoalPlanning/src/location/install/serial/lib:/home/nvidia/GoalPlanning/src/location/install/imu_msgs/lib:/usr/local/cuda-11.4/lib64:/home/nvidia/GoalPlanning/install/serial/lib:/home/nvidia/GoalPlanning/install/rslidar_msg/lib:/home/nvidia/GoalPlanning/install/imu_msgs/lib:/home/nvidia/GoalPlanning/install/car_msg/lib:/usr/lib/aarch64-linux-gnu/gazebo-11/plugins:/opt/ros/foxy/opt/yaml_cpp_vendor/lib:/opt/ros/foxy/opt/rviz_ogre_vendor/lib:/opt/ros/foxy/lib/aarch64-linux-gnu:/opt/ros/foxy/lib /usr/bin/cmake --install /home/nvidia/GoalPlanning/src/location/build/imu_node
[34.123s] Level 1:colcon.colcon_core.environment:create_environment_scripts_only(imu_node)
[34.124s] Level 1:colcon.colcon_core.environment:checking '/home/nvidia/GoalPlanning/src/location/install/imu_node' for CMake module files
[34.125s] DEBUG:colcon.colcon_core.event_handler.log_command:Invoked command in '/home/nvidia/GoalPlanning/src/location/build/imu_node' returned '0': CMAKE_PREFIX_PATH=/home/nvidia/GoalPlanning/src/location/install/serial:/home/nvidia/GoalPlanning/src/location/install/imu_msgs:/home/nvidia/GoalPlanning/install/serial:/home/nvidia/GoalPlanning/install/rslidar_sdk:/home/nvidia/GoalPlanning/install/rslidar_msg:/home/nvidia/GoalPlanning/install/location:/home/nvidia/GoalPlanning/install/imu_node:/home/nvidia/GoalPlanning/install/imu_msgs:/home/nvidia/GoalPlanning/install/cmd_car_cpp:/home/nvidia/GoalPlanning/install/car_msg:/home/nvidia/GoalPlanning/src/location/install/location:/home/nvidia/GoalPlanning/src/location/install/imu_node:/home/nvidia/GoalPlanning/install/planning:/home/nvidia/GoalPlanning/install/cmd_car:/opt/ros/foxy CONDA_PROMPT_MODIFIER=(base) LD_LIBRARY_PATH=/home/nvidia/GoalPlanning/src/location/install/serial/lib:/home/nvidia/GoalPlanning/src/location/install/imu_msgs/lib:/usr/local/cuda-11.4/lib64:/home/nvidia/GoalPlanning/install/serial/lib:/home/nvidia/GoalPlanning/install/rslidar_msg/lib:/home/nvidia/GoalPlanning/install/imu_msgs/lib:/home/nvidia/GoalPlanning/install/car_msg/lib:/usr/lib/aarch64-linux-gnu/gazebo-11/plugins:/opt/ros/foxy/opt/yaml_cpp_vendor/lib:/opt/ros/foxy/opt/rviz_ogre_vendor/lib:/opt/ros/foxy/lib/aarch64-linux-gnu:/opt/ros/foxy/lib /usr/bin/cmake --install /home/nvidia/GoalPlanning/src/location/build/imu_node
[34.126s] Level 1:colcon.colcon_core.environment:checking '/home/nvidia/GoalPlanning/src/location/install/imu_node' for CMake config files
[34.127s] Level 1:colcon.colcon_core.shell:create_environment_hook('imu_node', 'cmake_prefix_path')
[34.127s] INFO:colcon.colcon_core.shell:Creating environment hook '/home/nvidia/GoalPlanning/src/location/install/imu_node/share/imu_node/hook/cmake_prefix_path.ps1'
[34.129s] INFO:colcon.colcon_core.shell:Creating environment descriptor '/home/nvidia/GoalPlanning/src/location/install/imu_node/share/imu_node/hook/cmake_prefix_path.dsv'
[34.129s] INFO:colcon.colcon_core.shell:Creating environment hook '/home/nvidia/GoalPlanning/src/location/install/imu_node/share/imu_node/hook/cmake_prefix_path.sh'
[34.130s] Level 1:colcon.colcon_core.environment:checking '/home/nvidia/GoalPlanning/src/location/install/imu_node/lib'
[34.131s] Level 1:colcon.colcon_core.environment:checking '/home/nvidia/GoalPlanning/src/location/install/imu_node/bin'
[34.131s] Level 1:colcon.colcon_core.environment:checking '/home/nvidia/GoalPlanning/src/location/install/imu_node/lib/pkgconfig/imu_node.pc'
[34.131s] Level 1:colcon.colcon_core.environment:checking '/home/nvidia/GoalPlanning/src/location/install/imu_node/lib/python3.8/site-packages'
[34.132s] Level 1:colcon.colcon_core.environment:checking '/home/nvidia/GoalPlanning/src/location/install/imu_node/bin'
[34.132s] INFO:colcon.colcon_core.shell:Creating package script '/home/nvidia/GoalPlanning/src/location/install/imu_node/share/imu_node/package.ps1'
[34.133s] INFO:colcon.colcon_core.shell:Creating package descriptor '/home/nvidia/GoalPlanning/src/location/install/imu_node/share/imu_node/package.dsv'
[34.134s] INFO:colcon.colcon_core.shell:Creating package script '/home/nvidia/GoalPlanning/src/location/install/imu_node/share/imu_node/package.sh'
[34.135s] INFO:colcon.colcon_core.shell:Creating package script '/home/nvidia/GoalPlanning/src/location/install/imu_node/share/imu_node/package.bash'
[34.136s] INFO:colcon.colcon_core.shell:Creating package script '/home/nvidia/GoalPlanning/src/location/install/imu_node/share/imu_node/package.zsh'
[34.136s] Level 1:colcon.colcon_core.environment:create_file_with_runtime_dependencies(/home/nvidia/GoalPlanning/src/location/install/imu_node/share/colcon-core/packages/imu_node)
[34.205s] Level 1:colcon.colcon_core.environment:create_environment_scripts_only(imu_node)
[34.206s] Level 1:colcon.colcon_core.environment:checking '/home/nvidia/GoalPlanning/src/location/install/imu_node' for CMake module files
[34.207s] Level 1:colcon.colcon_core.environment:checking '/home/nvidia/GoalPlanning/src/location/install/imu_node' for CMake config files
[34.208s] Level 1:colcon.colcon_core.shell:create_environment_hook('imu_node', 'cmake_prefix_path')
[34.208s] INFO:colcon.colcon_core.shell:Creating environment hook '/home/nvidia/GoalPlanning/src/location/install/imu_node/share/imu_node/hook/cmake_prefix_path.ps1'
[34.210s] INFO:colcon.colcon_core.shell:Creating environment descriptor '/home/nvidia/GoalPlanning/src/location/install/imu_node/share/imu_node/hook/cmake_prefix_path.dsv'
[34.211s] INFO:colcon.colcon_core.shell:Creating environment hook '/home/nvidia/GoalPlanning/src/location/install/imu_node/share/imu_node/hook/cmake_prefix_path.sh'
[34.213s] Level 1:colcon.colcon_core.environment:checking '/home/nvidia/GoalPlanning/src/location/install/imu_node/lib'
[34.213s] Level 1:colcon.colcon_core.environment:checking '/home/nvidia/GoalPlanning/src/location/install/imu_node/bin'
[34.213s] Level 1:colcon.colcon_core.environment:checking '/home/nvidia/GoalPlanning/src/location/install/imu_node/lib/pkgconfig/imu_node.pc'
[34.213s] Level 1:colcon.colcon_core.environment:checking '/home/nvidia/GoalPlanning/src/location/install/imu_node/lib/python3.8/site-packages'
[34.214s] Level 1:colcon.colcon_core.environment:checking '/home/nvidia/GoalPlanning/src/location/install/imu_node/bin'
[34.214s] INFO:colcon.colcon_core.shell:Creating package script '/home/nvidia/GoalPlanning/src/location/install/imu_node/share/imu_node/package.ps1'
[34.216s] INFO:colcon.colcon_core.shell:Creating package descriptor '/home/nvidia/GoalPlanning/src/location/install/imu_node/share/imu_node/package.dsv'
[34.217s] INFO:colcon.colcon_core.shell:Creating package script '/home/nvidia/GoalPlanning/src/location/install/imu_node/share/imu_node/package.sh'
[34.217s] INFO:colcon.colcon_core.shell:Creating package script '/home/nvidia/GoalPlanning/src/location/install/imu_node/share/imu_node/package.bash'
[34.218s] INFO:colcon.colcon_core.shell:Creating package script '/home/nvidia/GoalPlanning/src/location/install/imu_node/share/imu_node/package.zsh'
[34.219s] Level 1:colcon.colcon_core.environment:create_file_with_runtime_dependencies(/home/nvidia/GoalPlanning/src/location/install/imu_node/share/colcon-core/packages/imu_node)
[37.762s] DEBUG:colcon.colcon_core.event_handler.log_command:Invoked command in '/home/nvidia/GoalPlanning/src/location/build/location' returned '0': CMAKE_PREFIX_PATH=/home/nvidia/GoalPlanning/src/location/install/imu_msgs:/home/nvidia/GoalPlanning/install/serial:/home/nvidia/GoalPlanning/install/rslidar_sdk:/home/nvidia/GoalPlanning/install/rslidar_msg:/home/nvidia/GoalPlanning/install/location:/home/nvidia/GoalPlanning/install/imu_node:/home/nvidia/GoalPlanning/install/imu_msgs:/home/nvidia/GoalPlanning/install/cmd_car_cpp:/home/nvidia/GoalPlanning/install/car_msg:/home/nvidia/GoalPlanning/src/location/install/serial:/home/nvidia/GoalPlanning/src/location/install/location:/home/nvidia/GoalPlanning/src/location/install/imu_node:/home/nvidia/GoalPlanning/install/planning:/home/nvidia/GoalPlanning/install/cmd_car:/opt/ros/foxy CONDA_PROMPT_MODIFIER=(base) LD_LIBRARY_PATH=/home/nvidia/GoalPlanning/src/location/install/imu_msgs/lib:/usr/local/cuda-11.4/lib64:/home/nvidia/GoalPlanning/install/serial/lib:/home/nvidia/GoalPlanning/install/rslidar_msg/lib:/home/nvidia/GoalPlanning/install/imu_msgs/lib:/home/nvidia/GoalPlanning/install/car_msg/lib:/home/nvidia/GoalPlanning/src/location/install/serial/lib:/usr/lib/aarch64-linux-gnu/gazebo-11/plugins:/opt/ros/foxy/opt/yaml_cpp_vendor/lib:/opt/ros/foxy/opt/rviz_ogre_vendor/lib:/opt/ros/foxy/lib/aarch64-linux-gnu:/opt/ros/foxy/lib /usr/bin/cmake --build /home/nvidia/GoalPlanning/src/location/build/location -- -j8 -l8
[37.819s] DEBUG:colcon.colcon_core.event_handler.log_command:Invoking command in '/home/nvidia/GoalPlanning/src/location/build/location': CMAKE_PREFIX_PATH=/home/nvidia/GoalPlanning/src/location/install/imu_msgs:/home/nvidia/GoalPlanning/install/serial:/home/nvidia/GoalPlanning/install/rslidar_sdk:/home/nvidia/GoalPlanning/install/rslidar_msg:/home/nvidia/GoalPlanning/install/location:/home/nvidia/GoalPlanning/install/imu_node:/home/nvidia/GoalPlanning/install/imu_msgs:/home/nvidia/GoalPlanning/install/cmd_car_cpp:/home/nvidia/GoalPlanning/install/car_msg:/home/nvidia/GoalPlanning/src/location/install/serial:/home/nvidia/GoalPlanning/src/location/install/location:/home/nvidia/GoalPlanning/src/location/install/imu_node:/home/nvidia/GoalPlanning/install/planning:/home/nvidia/GoalPlanning/install/cmd_car:/opt/ros/foxy CONDA_PROMPT_MODIFIER=(base) LD_LIBRARY_PATH=/home/nvidia/GoalPlanning/src/location/install/imu_msgs/lib:/usr/local/cuda-11.4/lib64:/home/nvidia/GoalPlanning/install/serial/lib:/home/nvidia/GoalPlanning/install/rslidar_msg/lib:/home/nvidia/GoalPlanning/install/imu_msgs/lib:/home/nvidia/GoalPlanning/install/car_msg/lib:/home/nvidia/GoalPlanning/src/location/install/serial/lib:/usr/lib/aarch64-linux-gnu/gazebo-11/plugins:/opt/ros/foxy/opt/yaml_cpp_vendor/lib:/opt/ros/foxy/opt/rviz_ogre_vendor/lib:/opt/ros/foxy/lib/aarch64-linux-gnu:/opt/ros/foxy/lib /usr/bin/cmake --install /home/nvidia/GoalPlanning/src/location/build/location
[37.854s] Level 1:colcon.colcon_core.environment:create_environment_scripts_only(location)
[37.855s] Level 1:colcon.colcon_core.environment:checking '/home/nvidia/GoalPlanning/src/location/install/location' for CMake module files
[37.856s] DEBUG:colcon.colcon_core.event_handler.log_command:Invoked command in '/home/nvidia/GoalPlanning/src/location/build/location' returned '0': CMAKE_PREFIX_PATH=/home/nvidia/GoalPlanning/src/location/install/imu_msgs:/home/nvidia/GoalPlanning/install/serial:/home/nvidia/GoalPlanning/install/rslidar_sdk:/home/nvidia/GoalPlanning/install/rslidar_msg:/home/nvidia/GoalPlanning/install/location:/home/nvidia/GoalPlanning/install/imu_node:/home/nvidia/GoalPlanning/install/imu_msgs:/home/nvidia/GoalPlanning/install/cmd_car_cpp:/home/nvidia/GoalPlanning/install/car_msg:/home/nvidia/GoalPlanning/src/location/install/serial:/home/nvidia/GoalPlanning/src/location/install/location:/home/nvidia/GoalPlanning/src/location/install/imu_node:/home/nvidia/GoalPlanning/install/planning:/home/nvidia/GoalPlanning/install/cmd_car:/opt/ros/foxy CONDA_PROMPT_MODIFIER=(base) LD_LIBRARY_PATH=/home/nvidia/GoalPlanning/src/location/install/imu_msgs/lib:/usr/local/cuda-11.4/lib64:/home/nvidia/GoalPlanning/install/serial/lib:/home/nvidia/GoalPlanning/install/rslidar_msg/lib:/home/nvidia/GoalPlanning/install/imu_msgs/lib:/home/nvidia/GoalPlanning/install/car_msg/lib:/home/nvidia/GoalPlanning/src/location/install/serial/lib:/usr/lib/aarch64-linux-gnu/gazebo-11/plugins:/opt/ros/foxy/opt/yaml_cpp_vendor/lib:/opt/ros/foxy/opt/rviz_ogre_vendor/lib:/opt/ros/foxy/lib/aarch64-linux-gnu:/opt/ros/foxy/lib /usr/bin/cmake --install /home/nvidia/GoalPlanning/src/location/build/location
[37.857s] Level 1:colcon.colcon_core.environment:checking '/home/nvidia/GoalPlanning/src/location/install/location' for CMake config files
[37.858s] Level 1:colcon.colcon_core.shell:create_environment_hook('location', 'cmake_prefix_path')
[37.858s] INFO:colcon.colcon_core.shell:Creating environment hook '/home/nvidia/GoalPlanning/src/location/install/location/share/location/hook/cmake_prefix_path.ps1'
[37.859s] INFO:colcon.colcon_core.shell:Creating environment descriptor '/home/nvidia/GoalPlanning/src/location/install/location/share/location/hook/cmake_prefix_path.dsv'
[37.860s] INFO:colcon.colcon_core.shell:Creating environment hook '/home/nvidia/GoalPlanning/src/location/install/location/share/location/hook/cmake_prefix_path.sh'
[37.861s] Level 1:colcon.colcon_core.environment:checking '/home/nvidia/GoalPlanning/src/location/install/location/lib'
[37.861s] Level 1:colcon.colcon_core.environment:checking '/home/nvidia/GoalPlanning/src/location/install/location/bin'
[37.861s] Level 1:colcon.colcon_core.environment:checking '/home/nvidia/GoalPlanning/src/location/install/location/lib/pkgconfig/location.pc'
[37.862s] Level 1:colcon.colcon_core.environment:checking '/home/nvidia/GoalPlanning/src/location/install/location/lib/python3.8/site-packages'
[37.862s] Level 1:colcon.colcon_core.environment:checking '/home/nvidia/GoalPlanning/src/location/install/location/bin'
[37.863s] INFO:colcon.colcon_core.shell:Creating package script '/home/nvidia/GoalPlanning/src/location/install/location/share/location/package.ps1'
[37.864s] INFO:colcon.colcon_core.shell:Creating package descriptor '/home/nvidia/GoalPlanning/src/location/install/location/share/location/package.dsv'
[37.865s] INFO:colcon.colcon_core.shell:Creating package script '/home/nvidia/GoalPlanning/src/location/install/location/share/location/package.sh'
[37.866s] INFO:colcon.colcon_core.shell:Creating package script '/home/nvidia/GoalPlanning/src/location/install/location/share/location/package.bash'
[37.866s] INFO:colcon.colcon_core.shell:Creating package script '/home/nvidia/GoalPlanning/src/location/install/location/share/location/package.zsh'
[37.867s] Level 1:colcon.colcon_core.environment:create_file_with_runtime_dependencies(/home/nvidia/GoalPlanning/src/location/install/location/share/colcon-core/packages/location)
[37.919s] Level 1:colcon.colcon_core.environment:create_environment_scripts_only(location)
[37.920s] Level 1:colcon.colcon_core.environment:checking '/home/nvidia/GoalPlanning/src/location/install/location' for CMake module files
[37.921s] Level 1:colcon.colcon_core.environment:checking '/home/nvidia/GoalPlanning/src/location/install/location' for CMake config files
[37.922s] Level 1:colcon.colcon_core.shell:create_environment_hook('location', 'cmake_prefix_path')
[37.922s] INFO:colcon.colcon_core.shell:Creating environment hook '/home/nvidia/GoalPlanning/src/location/install/location/share/location/hook/cmake_prefix_path.ps1'
[37.924s] INFO:colcon.colcon_core.shell:Creating environment descriptor '/home/nvidia/GoalPlanning/src/location/install/location/share/location/hook/cmake_prefix_path.dsv'
[37.924s] INFO:colcon.colcon_core.shell:Creating environment hook '/home/nvidia/GoalPlanning/src/location/install/location/share/location/hook/cmake_prefix_path.sh'
[37.926s] Level 1:colcon.colcon_core.environment:checking '/home/nvidia/GoalPlanning/src/location/install/location/lib'
[37.926s] Level 1:colcon.colcon_core.environment:checking '/home/nvidia/GoalPlanning/src/location/install/location/bin'
[37.926s] Level 1:colcon.colcon_core.environment:checking '/home/nvidia/GoalPlanning/src/location/install/location/lib/pkgconfig/location.pc'
[37.926s] Level 1:colcon.colcon_core.environment:checking '/home/nvidia/GoalPlanning/src/location/install/location/lib/python3.8/site-packages'
[37.927s] Level 1:colcon.colcon_core.environment:checking '/home/nvidia/GoalPlanning/src/location/install/location/bin'
[37.927s] INFO:colcon.colcon_core.shell:Creating package script '/home/nvidia/GoalPlanning/src/location/install/location/share/location/package.ps1'
[37.928s] INFO:colcon.colcon_core.shell:Creating package descriptor '/home/nvidia/GoalPlanning/src/location/install/location/share/location/package.dsv'
[37.929s] INFO:colcon.colcon_core.shell:Creating package script '/home/nvidia/GoalPlanning/src/location/install/location/share/location/package.sh'
[37.930s] INFO:colcon.colcon_core.shell:Creating package script '/home/nvidia/GoalPlanning/src/location/install/location/share/location/package.bash'
[37.931s] INFO:colcon.colcon_core.shell:Creating package script '/home/nvidia/GoalPlanning/src/location/install/location/share/location/package.zsh'
[37.932s] Level 1:colcon.colcon_core.environment:create_file_with_runtime_dependencies(/home/nvidia/GoalPlanning/src/location/install/location/share/colcon-core/packages/location)
[37.933s] DEBUG:colcon.colcon_parallel_executor.executor.parallel:closing loop
[37.933s] DEBUG:colcon.colcon_parallel_executor.executor.parallel:loop closed
[37.934s] DEBUG:colcon.colcon_parallel_executor.executor.parallel:run_until_complete finished with '0'
[37.935s] DEBUG:colcon.colcon_core.event_reactor:joining thread
[37.948s] INFO:colcon.colcon_core.plugin_system:Skipping extension 'colcon_notification.desktop_notification.terminal_notifier': Not used on non-Darwin systems
[37.948s] INFO:colcon.colcon_core.plugin_system:Skipping extension 'colcon_notification.desktop_notification.win32': Not used on non-Windows systems
[37.948s] INFO:colcon.colcon_notification.desktop_notification:Sending desktop notification using 'notify2'
[37.948s] DEBUG:colcon.colcon_notification.desktop_notification.notify2:Failed to initialize notify2: org.freedesktop.DBus.Error.NotSupported: Unable to autolaunch a dbus-daemon without a $DISPLAY for X11
[37.948s] DEBUG:colcon.colcon_core.event_reactor:joined thread
[37.949s] INFO:colcon.colcon_core.shell:Creating prefix script '/home/nvidia/GoalPlanning/src/location/install/local_setup.ps1'
[37.951s] INFO:colcon.colcon_core.shell:Creating prefix util module '/home/nvidia/GoalPlanning/src/location/install/_local_setup_util_ps1.py'
[37.953s] INFO:colcon.colcon_core.shell:Creating prefix chain script '/home/nvidia/GoalPlanning/src/location/install/setup.ps1'
[37.957s] INFO:colcon.colcon_core.shell:Creating prefix script '/home/nvidia/GoalPlanning/src/location/install/local_setup.sh'
[37.958s] INFO:colcon.colcon_core.shell:Creating prefix util module '/home/nvidia/GoalPlanning/src/location/install/_local_setup_util_sh.py'
[37.959s] INFO:colcon.colcon_core.shell:Creating prefix chain script '/home/nvidia/GoalPlanning/src/location/install/setup.sh'
[37.964s] INFO:colcon.colcon_core.shell:Creating prefix script '/home/nvidia/GoalPlanning/src/location/install/local_setup.bash'
[37.965s] INFO:colcon.colcon_core.shell:Creating prefix chain script '/home/nvidia/GoalPlanning/src/location/install/setup.bash'
[37.968s] INFO:colcon.colcon_core.shell:Creating prefix script '/home/nvidia/GoalPlanning/src/location/install/local_setup.zsh'
[37.969s] INFO:colcon.colcon_core.shell:Creating prefix chain script '/home/nvidia/GoalPlanning/src/location/install/setup.zsh'
