[0.065s] Invoking command in '/home/nvidia/GoalPlanning/build/imu_node': AMENT_PREFIX_PATH=/home/nvidia/GoalPlanning/install/serial:/home/nvidia/GoalPlanning/install/imu_msgs:${AMENT_PREFIX_PATH} CMAKE_PREFIX_PATH=/home/nvidia/GoalPlanning/install/serial:/home/nvidia/GoalPlanning/install/imu_msgs:/opt/ros/foxy CONDA_PROMPT_MODIFIER=(base) LD_LIBRARY_PATH=/home/nvidia/GoalPlanning/install/serial/lib:/home/nvidia/GoalPlanning/install/imu_msgs/lib:/usr/local/cuda-11.4/lib64:/usr/lib/aarch64-linux-gnu/gazebo-11/plugins:/opt/ros/foxy/opt/yaml_cpp_vendor/lib:/opt/ros/foxy/opt/rviz_ogre_vendor/lib:/opt/ros/foxy/lib/aarch64-linux-gnu:/opt/ros/foxy/lib:/usr/local/cuda-11.4/lib64 PYTHONPATH=/home/nvidia/GoalPlanning/install/imu_msgs/lib/python3.8/site-packages:${PYTHONPATH} /usr/bin/cmake --build /home/nvidia/GoalPlanning/build/imu_node -- -j8 -l8
[0.163s] [35m[1mScanning dependencies of target imu_pub[0m
[0.232s] [ 20%] [32mBuilding CXX object CMakeFiles/imu_pub.dir/src/imu_pub.cpp.o[0m
[11.178s] [ 40%] [32m[1mLinking CXX executable imu_pub[0m
[11.676s] [100%] Built target imu_pub
[11.701s] Invoked command in '/home/nvidia/GoalPlanning/build/imu_node' returned '0': AMENT_PREFIX_PATH=/home/nvidia/GoalPlanning/install/serial:/home/nvidia/GoalPlanning/install/imu_msgs:${AMENT_PREFIX_PATH} CMAKE_PREFIX_PATH=/home/nvidia/GoalPlanning/install/serial:/home/nvidia/GoalPlanning/install/imu_msgs:/opt/ros/foxy CONDA_PROMPT_MODIFIER=(base) LD_LIBRARY_PATH=/home/nvidia/GoalPlanning/install/serial/lib:/home/nvidia/GoalPlanning/install/imu_msgs/lib:/usr/local/cuda-11.4/lib64:/usr/lib/aarch64-linux-gnu/gazebo-11/plugins:/opt/ros/foxy/opt/yaml_cpp_vendor/lib:/opt/ros/foxy/opt/rviz_ogre_vendor/lib:/opt/ros/foxy/lib/aarch64-linux-gnu:/opt/ros/foxy/lib:/usr/local/cuda-11.4/lib64 PYTHONPATH=/home/nvidia/GoalPlanning/install/imu_msgs/lib/python3.8/site-packages:${PYTHONPATH} /usr/bin/cmake --build /home/nvidia/GoalPlanning/build/imu_node -- -j8 -l8
[11.767s] Invoking command in '/home/nvidia/GoalPlanning/build/imu_node': AMENT_PREFIX_PATH=/home/nvidia/GoalPlanning/install/serial:/home/nvidia/GoalPlanning/install/imu_msgs:${AMENT_PREFIX_PATH} CMAKE_PREFIX_PATH=/home/nvidia/GoalPlanning/install/serial:/home/nvidia/GoalPlanning/install/imu_msgs:/opt/ros/foxy CONDA_PROMPT_MODIFIER=(base) LD_LIBRARY_PATH=/home/nvidia/GoalPlanning/install/serial/lib:/home/nvidia/GoalPlanning/install/imu_msgs/lib:/usr/local/cuda-11.4/lib64:/usr/lib/aarch64-linux-gnu/gazebo-11/plugins:/opt/ros/foxy/opt/yaml_cpp_vendor/lib:/opt/ros/foxy/opt/rviz_ogre_vendor/lib:/opt/ros/foxy/lib/aarch64-linux-gnu:/opt/ros/foxy/lib:/usr/local/cuda-11.4/lib64 PYTHONPATH=/home/nvidia/GoalPlanning/install/imu_msgs/lib/python3.8/site-packages:${PYTHONPATH} /usr/bin/cmake --install /home/nvidia/GoalPlanning/build/imu_node
[11.787s] -- Install configuration: ""
[11.787s] -- Up-to-date: /home/nvidia/GoalPlanning/install/imu_node/share/imu_node/launch
[11.787s] -- Up-to-date: /home/nvidia/GoalPlanning/install/imu_node/share/imu_node/launch/__pycache__
[11.788s] -- Up-to-date: /home/nvidia/GoalPlanning/install/imu_node/share/imu_node/launch/__pycache__/imu_node.launch.cpython-310.pyc
[11.788s] -- Up-to-date: /home/nvidia/GoalPlanning/install/imu_node/share/imu_node/launch/imu_node.launch.py
[11.788s] -- Installing: /home/nvidia/GoalPlanning/install/imu_node/lib/imu_node/imu_pub
[11.793s] -- Set runtime path of "/home/nvidia/GoalPlanning/install/imu_node/lib/imu_node/imu_pub" to ""
[11.793s] -- Up-to-date: /home/nvidia/GoalPlanning/install/imu_node/share/ament_index/resource_index/package_run_dependencies/imu_node
[11.794s] -- Up-to-date: /home/nvidia/GoalPlanning/install/imu_node/share/ament_index/resource_index/parent_prefix_path/imu_node
[11.794s] -- Up-to-date: /home/nvidia/GoalPlanning/install/imu_node/share/imu_node/environment/ament_prefix_path.sh
[11.794s] -- Up-to-date: /home/nvidia/GoalPlanning/install/imu_node/share/imu_node/environment/ament_prefix_path.dsv
[11.794s] -- Up-to-date: /home/nvidia/GoalPlanning/install/imu_node/share/imu_node/environment/path.sh
[11.795s] -- Up-to-date: /home/nvidia/GoalPlanning/install/imu_node/share/imu_node/environment/path.dsv
[11.795s] -- Up-to-date: /home/nvidia/GoalPlanning/install/imu_node/share/imu_node/local_setup.bash
[11.795s] -- Up-to-date: /home/nvidia/GoalPlanning/install/imu_node/share/imu_node/local_setup.sh
[11.795s] -- Up-to-date: /home/nvidia/GoalPlanning/install/imu_node/share/imu_node/local_setup.zsh
[11.795s] -- Up-to-date: /home/nvidia/GoalPlanning/install/imu_node/share/imu_node/local_setup.dsv
[11.795s] -- Installing: /home/nvidia/GoalPlanning/install/imu_node/share/imu_node/package.dsv
[11.795s] -- Up-to-date: /home/nvidia/GoalPlanning/install/imu_node/share/ament_index/resource_index/packages/imu_node
[11.796s] -- Up-to-date: /home/nvidia/GoalPlanning/install/imu_node/share/imu_node/cmake/imu_nodeConfig.cmake
[11.796s] -- Up-to-date: /home/nvidia/GoalPlanning/install/imu_node/share/imu_node/cmake/imu_nodeConfig-version.cmake
[11.796s] -- Up-to-date: /home/nvidia/GoalPlanning/install/imu_node/share/imu_node/package.xml
[11.802s] Invoked command in '/home/nvidia/GoalPlanning/build/imu_node' returned '0': AMENT_PREFIX_PATH=/home/nvidia/GoalPlanning/install/serial:/home/nvidia/GoalPlanning/install/imu_msgs:${AMENT_PREFIX_PATH} CMAKE_PREFIX_PATH=/home/nvidia/GoalPlanning/install/serial:/home/nvidia/GoalPlanning/install/imu_msgs:/opt/ros/foxy CONDA_PROMPT_MODIFIER=(base) LD_LIBRARY_PATH=/home/nvidia/GoalPlanning/install/serial/lib:/home/nvidia/GoalPlanning/install/imu_msgs/lib:/usr/local/cuda-11.4/lib64:/usr/lib/aarch64-linux-gnu/gazebo-11/plugins:/opt/ros/foxy/opt/yaml_cpp_vendor/lib:/opt/ros/foxy/opt/rviz_ogre_vendor/lib:/opt/ros/foxy/lib/aarch64-linux-gnu:/opt/ros/foxy/lib:/usr/local/cuda-11.4/lib64 PYTHONPATH=/home/nvidia/GoalPlanning/install/imu_msgs/lib/python3.8/site-packages:${PYTHONPATH} /usr/bin/cmake --install /home/nvidia/GoalPlanning/build/imu_node
