[2.355s] Invoking command in '/home/nvidia/GoalPlanning/src/planning': CONDA_PROMPT_MODIFIER=(base) PYTHONPATH=/home/nvidia/GoalPlanning/build/planning/prefix_override:/home/nvidia/GoalPlanning/install/planning/lib/python3.8/site-packages:${PYTHONPATH} /usr/bin/python3 -W ignore:setup.py install is deprecated setup.py egg_info --egg-base ../../build/planning build --build-base /home/nvidia/GoalPlanning/build/planning/build install --record /home/nvidia/GoalPlanning/build/planning/install.log --install-scripts $base/lib/planning --single-version-externally-managed install_data
[2.854s] /home/nvidia/.local/lib/python3.8/site-packages/setuptools/dist.py:717: UserWarning: Usage of dash-separated 'script-dir' will not be supported in future versions. Please use the underscore name 'script_dir' instead
[2.855s]   warnings.warn(
[2.910s] running egg_info
[2.911s] writing ../../build/planning/planning.egg-info/PKG-INFO
[2.911s] writing dependency_links to ../../build/planning/planning.egg-info/dependency_links.txt
[2.912s] writing entry points to ../../build/planning/planning.egg-info/entry_points.txt
[2.912s] writing requirements to ../../build/planning/planning.egg-info/requires.txt
[2.912s] writing top-level names to ../../build/planning/planning.egg-info/top_level.txt
[2.918s] reading manifest file '../../build/planning/planning.egg-info/SOURCES.txt'
[2.920s] writing manifest file '../../build/planning/planning.egg-info/SOURCES.txt'
[2.920s] running build
[2.920s] running build_py
[2.920s] copying planning/info_pub.py -> /home/nvidia/GoalPlanning/build/planning/build/lib/planning
[2.921s] running install
[2.923s] running install_lib
[2.925s] copying /home/nvidia/GoalPlanning/build/planning/build/lib/planning/info_pub.py -> /home/nvidia/GoalPlanning/install/planning/lib/python3.8/site-packages/planning
[2.926s] byte-compiling /home/nvidia/GoalPlanning/install/planning/lib/python3.8/site-packages/planning/info_pub.py to info_pub.cpython-38.pyc
[2.928s] running install_data
[2.929s] running install_egg_info
[2.932s] removing '/home/nvidia/GoalPlanning/install/planning/lib/python3.8/site-packages/planning-0.0.0-py3.8.egg-info' (and everything under it)
[2.933s] Copying ../../build/planning/planning.egg-info to /home/nvidia/GoalPlanning/install/planning/lib/python3.8/site-packages/planning-0.0.0-py3.8.egg-info
[2.935s] running install_scripts
[2.974s] Installing planning_node script to /home/nvidia/GoalPlanning/install/planning/lib/planning
[2.975s] writing list of installed files to '/home/nvidia/GoalPlanning/build/planning/install.log'
[3.036s] Invoked command in '/home/nvidia/GoalPlanning/src/planning' returned '0': CONDA_PROMPT_MODIFIER=(base) PYTHONPATH=/home/nvidia/GoalPlanning/build/planning/prefix_override:/home/nvidia/GoalPlanning/install/planning/lib/python3.8/site-packages:${PYTHONPATH} /usr/bin/python3 -W ignore:setup.py install is deprecated setup.py egg_info --egg-base ../../build/planning build --build-base /home/nvidia/GoalPlanning/build/planning/build install --record /home/nvidia/GoalPlanning/build/planning/install.log --install-scripts $base/lib/planning --single-version-externally-managed install_data
