[0.472s] DEBUG:colcon:Command line arguments: ['/usr/bin/colcon', 'build']
[0.472s] DEBUG:colcon:Parsed command line arguments: Namespace(allow_overriding=[], ament_cmake_args=None, base_paths=['.'], build_base='build', catkin_cmake_args=None, catkin_skip_building_tests=False, cmake_args=None, cmake_clean_cache=False, cmake_clean_first=False, cmake_force_configure=False, cmake_target=None, cmake_target_skip_unavailable=False, continue_on_error=False, event_handlers=None, executor='parallel', ignore_user_meta=False, install_base='install', log_base=None, log_level=None, main=<bound method BuildVerb.main of <colcon_core.verb.build.BuildVerb object at 0xffffb888b1f0>>, merge_install=False, metas=['./colcon.meta'], mixin=None, mixin_files=None, mixin_verb=('build',), packages_above=None, packages_above_and_dependencies=None, packages_above_depth=None, packages_end=None, packages_ignore=None, packages_ignore_regex=None, packages_select=None, packages_select_build_failed=False, packages_select_by_dep=None, packages_select_regex=None, packages_select_test_failures=False, packages_skip=None, packages_skip_build_finished=False, packages_skip_by_dep=None, packages_skip_regex=None, packages_skip_test_passed=False, packages_skip_up_to=None, packages_start=None, packages_up_to=None, packages_up_to_regex=None, parallel_workers=8, paths=None, symlink_install=False, test_result_base=None, verb_extension=<colcon_core.verb.build.BuildVerb object at 0xffffb888b1f0>, verb_name='build', verb_parser=<colcon_mixin.mixin.mixin_argument.MixinArgumentDecorator object at 0xffffb888bb80>)
[0.914s] Level 1:colcon.colcon_core.package_discovery:discover_packages(colcon_meta) check parameters
[0.914s] Level 1:colcon.colcon_core.package_discovery:discover_packages(recursive) check parameters
[0.914s] Level 1:colcon.colcon_core.package_discovery:discover_packages(ignore) check parameters
[0.914s] Level 1:colcon.colcon_core.package_discovery:discover_packages(path) check parameters
[0.914s] Level 1:colcon.colcon_core.package_discovery:discover_packages(colcon_meta) discover
[0.914s] Level 1:colcon.colcon_core.package_discovery:discover_packages(recursive) discover
[0.915s] INFO:colcon.colcon_core.package_discovery:Crawling recursively for packages in '/home/nvidia/GoalPlanning/src/location'
[0.915s] Level 1:colcon.colcon_core.package_identification:_identify(.) by extensions ['ignore', 'ignore_ament_install']
[0.915s] Level 1:colcon.colcon_core.package_identification:_identify(.) by extension 'ignore'
[0.915s] Level 1:colcon.colcon_core.package_identification:_identify(.) by extension 'ignore_ament_install'
[0.915s] Level 1:colcon.colcon_core.package_identification:_identify(.) by extensions ['colcon_pkg']
[0.915s] Level 1:colcon.colcon_core.package_identification:_identify(.) by extension 'colcon_pkg'
[0.916s] Level 1:colcon.colcon_core.package_identification:_identify(.) by extensions ['colcon_meta']
[0.916s] Level 1:colcon.colcon_core.package_identification:_identify(.) by extension 'colcon_meta'
[0.916s] Level 1:colcon.colcon_core.package_identification:_identify(.) by extensions ['ros']
[0.916s] Level 1:colcon.colcon_core.package_identification:_identify(.) by extension 'ros'
[0.939s] Level 1:colcon.colcon_core.package_identification:_identify(.) by extensions ['cmake', 'python']
[0.939s] Level 1:colcon.colcon_core.package_identification:_identify(.) by extension 'cmake'
[0.939s] Level 1:colcon.colcon_core.package_identification:_identify(.) by extension 'python'
[0.940s] Level 1:colcon.colcon_core.package_identification:_identify(.) by extensions ['python_setup_py']
[0.940s] Level 1:colcon.colcon_core.package_identification:_identify(.) by extension 'python_setup_py'
[0.940s] Level 1:colcon.colcon_core.package_identification:_identify(build) by extensions ['ignore', 'ignore_ament_install']
[0.940s] Level 1:colcon.colcon_core.package_identification:_identify(build) by extension 'ignore'
[0.940s] Level 1:colcon.colcon_core.package_identification:_identify(build) ignored
[0.941s] Level 1:colcon.colcon_core.package_identification:_identify(include) by extensions ['ignore', 'ignore_ament_install']
[0.941s] Level 1:colcon.colcon_core.package_identification:_identify(include) by extension 'ignore'
[0.941s] Level 1:colcon.colcon_core.package_identification:_identify(include) by extension 'ignore_ament_install'
[0.941s] Level 1:colcon.colcon_core.package_identification:_identify(include) by extensions ['colcon_pkg']
[0.941s] Level 1:colcon.colcon_core.package_identification:_identify(include) by extension 'colcon_pkg'
[0.941s] Level 1:colcon.colcon_core.package_identification:_identify(include) by extensions ['colcon_meta']
[0.941s] Level 1:colcon.colcon_core.package_identification:_identify(include) by extension 'colcon_meta'
[0.941s] Level 1:colcon.colcon_core.package_identification:_identify(include) by extensions ['ros']
[0.942s] Level 1:colcon.colcon_core.package_identification:_identify(include) by extension 'ros'
[0.942s] Level 1:colcon.colcon_core.package_identification:_identify(include) by extensions ['cmake', 'python']
[0.942s] Level 1:colcon.colcon_core.package_identification:_identify(include) by extension 'cmake'
[0.942s] Level 1:colcon.colcon_core.package_identification:_identify(include) by extension 'python'
[0.942s] Level 1:colcon.colcon_core.package_identification:_identify(include) by extensions ['python_setup_py']
[0.942s] Level 1:colcon.colcon_core.package_identification:_identify(include) by extension 'python_setup_py'
[0.942s] Level 1:colcon.colcon_core.package_identification:_identify(include/location) by extensions ['ignore', 'ignore_ament_install']
[0.942s] Level 1:colcon.colcon_core.package_identification:_identify(include/location) by extension 'ignore'
[0.943s] Level 1:colcon.colcon_core.package_identification:_identify(include/location) by extension 'ignore_ament_install'
[0.943s] Level 1:colcon.colcon_core.package_identification:_identify(include/location) by extensions ['colcon_pkg']
[0.943s] Level 1:colcon.colcon_core.package_identification:_identify(include/location) by extension 'colcon_pkg'
[0.943s] Level 1:colcon.colcon_core.package_identification:_identify(include/location) by extensions ['colcon_meta']
[0.943s] Level 1:colcon.colcon_core.package_identification:_identify(include/location) by extension 'colcon_meta'
[0.943s] Level 1:colcon.colcon_core.package_identification:_identify(include/location) by extensions ['ros']
[0.943s] Level 1:colcon.colcon_core.package_identification:_identify(include/location) by extension 'ros'
[0.943s] Level 1:colcon.colcon_core.package_identification:_identify(include/location) by extensions ['cmake', 'python']
[0.943s] Level 1:colcon.colcon_core.package_identification:_identify(include/location) by extension 'cmake'
[0.943s] Level 1:colcon.colcon_core.package_identification:_identify(include/location) by extension 'python'
[0.943s] Level 1:colcon.colcon_core.package_identification:_identify(include/location) by extensions ['python_setup_py']
[0.944s] Level 1:colcon.colcon_core.package_identification:_identify(include/location) by extension 'python_setup_py'
[0.944s] Level 1:colcon.colcon_core.package_identification:_identify(install) by extensions ['ignore', 'ignore_ament_install']
[0.944s] Level 1:colcon.colcon_core.package_identification:_identify(install) by extension 'ignore'
[0.944s] Level 1:colcon.colcon_core.package_identification:_identify(install) ignored
[0.944s] Level 1:colcon.colcon_core.package_identification:_identify(log) by extensions ['ignore', 'ignore_ament_install']
[0.944s] Level 1:colcon.colcon_core.package_identification:_identify(log) by extension 'ignore'
[0.945s] Level 1:colcon.colcon_core.package_identification:_identify(log) ignored
[0.945s] Level 1:colcon.colcon_core.package_identification:_identify(src) by extensions ['ignore', 'ignore_ament_install']
[0.945s] Level 1:colcon.colcon_core.package_identification:_identify(src) by extension 'ignore'
[0.945s] Level 1:colcon.colcon_core.package_identification:_identify(src) by extension 'ignore_ament_install'
[0.945s] Level 1:colcon.colcon_core.package_identification:_identify(src) by extensions ['colcon_pkg']
[0.945s] Level 1:colcon.colcon_core.package_identification:_identify(src) by extension 'colcon_pkg'
[0.945s] Level 1:colcon.colcon_core.package_identification:_identify(src) by extensions ['colcon_meta']
[0.945s] Level 1:colcon.colcon_core.package_identification:_identify(src) by extension 'colcon_meta'
[0.945s] Level 1:colcon.colcon_core.package_identification:_identify(src) by extensions ['ros']
[0.946s] Level 1:colcon.colcon_core.package_identification:_identify(src) by extension 'ros'
[0.946s] Level 1:colcon.colcon_core.package_identification:_identify(src) by extensions ['cmake', 'python']
[0.946s] Level 1:colcon.colcon_core.package_identification:_identify(src) by extension 'cmake'
[0.946s] Level 1:colcon.colcon_core.package_identification:_identify(src) by extension 'python'
[0.946s] Level 1:colcon.colcon_core.package_identification:_identify(src) by extensions ['python_setup_py']
[0.946s] Level 1:colcon.colcon_core.package_identification:_identify(src) by extension 'python_setup_py'
[0.946s] Level 1:colcon.colcon_core.package_identification:_identify(src/imu_msgs) by extensions ['ignore', 'ignore_ament_install']
[0.946s] Level 1:colcon.colcon_core.package_identification:_identify(src/imu_msgs) by extension 'ignore'
[0.946s] Level 1:colcon.colcon_core.package_identification:_identify(src/imu_msgs) by extension 'ignore_ament_install'
[0.947s] Level 1:colcon.colcon_core.package_identification:_identify(src/imu_msgs) by extensions ['colcon_pkg']
[0.947s] Level 1:colcon.colcon_core.package_identification:_identify(src/imu_msgs) by extension 'colcon_pkg'
[0.947s] Level 1:colcon.colcon_core.package_identification:_identify(src/imu_msgs) by extensions ['colcon_meta']
[0.947s] Level 1:colcon.colcon_core.package_identification:_identify(src/imu_msgs) by extension 'colcon_meta'
[0.947s] Level 1:colcon.colcon_core.package_identification:_identify(src/imu_msgs) by extensions ['ros']
[0.947s] Level 1:colcon.colcon_core.package_identification:_identify(src/imu_msgs) by extension 'ros'
[0.952s] DEBUG:colcon.colcon_core.package_identification:Package 'src/imu_msgs' with type 'ros.ament_cmake' and name 'imu_msgs'
[0.952s] Level 1:colcon.colcon_core.package_identification:_identify(src/imu_node) by extensions ['ignore', 'ignore_ament_install']
[0.953s] Level 1:colcon.colcon_core.package_identification:_identify(src/imu_node) by extension 'ignore'
[0.953s] Level 1:colcon.colcon_core.package_identification:_identify(src/imu_node) by extension 'ignore_ament_install'
[0.953s] Level 1:colcon.colcon_core.package_identification:_identify(src/imu_node) by extensions ['colcon_pkg']
[0.953s] Level 1:colcon.colcon_core.package_identification:_identify(src/imu_node) by extension 'colcon_pkg'
[0.953s] Level 1:colcon.colcon_core.package_identification:_identify(src/imu_node) by extensions ['colcon_meta']
[0.953s] Level 1:colcon.colcon_core.package_identification:_identify(src/imu_node) by extension 'colcon_meta'
[0.953s] Level 1:colcon.colcon_core.package_identification:_identify(src/imu_node) by extensions ['ros']
[0.954s] Level 1:colcon.colcon_core.package_identification:_identify(src/imu_node) by extension 'ros'
[0.955s] DEBUG:colcon.colcon_core.package_identification:Package 'src/imu_node' with type 'ros.ament_cmake' and name 'imu_node'
[0.955s] Level 1:colcon.colcon_core.package_identification:_identify(src/location) by extensions ['ignore', 'ignore_ament_install']
[0.956s] Level 1:colcon.colcon_core.package_identification:_identify(src/location) by extension 'ignore'
[0.956s] Level 1:colcon.colcon_core.package_identification:_identify(src/location) by extension 'ignore_ament_install'
[0.956s] Level 1:colcon.colcon_core.package_identification:_identify(src/location) by extensions ['colcon_pkg']
[0.956s] Level 1:colcon.colcon_core.package_identification:_identify(src/location) by extension 'colcon_pkg'
[0.956s] Level 1:colcon.colcon_core.package_identification:_identify(src/location) by extensions ['colcon_meta']
[0.956s] Level 1:colcon.colcon_core.package_identification:_identify(src/location) by extension 'colcon_meta'
[0.956s] Level 1:colcon.colcon_core.package_identification:_identify(src/location) by extensions ['ros']
[0.956s] Level 1:colcon.colcon_core.package_identification:_identify(src/location) by extension 'ros'
[0.958s] DEBUG:colcon.colcon_core.package_identification:Package 'src/location' with type 'ros.ament_cmake' and name 'location'
[0.958s] Level 1:colcon.colcon_core.package_identification:_identify(src/serial) by extensions ['ignore', 'ignore_ament_install']
[0.958s] Level 1:colcon.colcon_core.package_identification:_identify(src/serial) by extension 'ignore'
[0.958s] Level 1:colcon.colcon_core.package_identification:_identify(src/serial) by extension 'ignore_ament_install'
[0.958s] Level 1:colcon.colcon_core.package_identification:_identify(src/serial) by extensions ['colcon_pkg']
[0.958s] Level 1:colcon.colcon_core.package_identification:_identify(src/serial) by extension 'colcon_pkg'
[0.958s] Level 1:colcon.colcon_core.package_identification:_identify(src/serial) by extensions ['colcon_meta']
[0.958s] Level 1:colcon.colcon_core.package_identification:_identify(src/serial) by extension 'colcon_meta'
[0.959s] Level 1:colcon.colcon_core.package_identification:_identify(src/serial) by extensions ['ros']
[0.959s] Level 1:colcon.colcon_core.package_identification:_identify(src/serial) by extension 'ros'
[0.960s] DEBUG:colcon.colcon_core.package_identification:Package 'src/serial' with type 'ros.ament_cmake' and name 'serial'
[0.960s] Level 1:colcon.colcon_core.package_discovery:discover_packages(recursive) using defaults
[0.960s] Level 1:colcon.colcon_core.package_discovery:discover_packages(ignore) discover
[0.960s] Level 1:colcon.colcon_core.package_discovery:discover_packages(ignore) using defaults
[0.960s] Level 1:colcon.colcon_core.package_discovery:discover_packages(path) discover
[0.960s] Level 1:colcon.colcon_core.package_discovery:discover_packages(path) using defaults
[1.004s] Level 1:colcon.colcon_core.package_discovery:discover_packages(prefix_path) check parameters
[1.005s] Level 1:colcon.colcon_core.package_discovery:discover_packages(prefix_path) discover
[1.010s] DEBUG:colcon.colcon_installed_package_information.package_discovery:Found 4 installed packages in /home/nvidia/GoalPlanning/src/location/install
[1.011s] DEBUG:colcon.colcon_installed_package_information.package_discovery:Found 10 installed packages in /home/nvidia/GoalPlanning/install
[1.015s] DEBUG:colcon.colcon_installed_package_information.package_discovery:Found 367 installed packages in /opt/ros/foxy
[1.019s] Level 1:colcon.colcon_core.package_discovery:discover_packages(prefix_path) using defaults
[1.169s] Level 5:colcon.colcon_core.verb:set package 'imu_msgs' build argument 'cmake_args' from command line to 'None'
[1.169s] Level 5:colcon.colcon_core.verb:set package 'imu_msgs' build argument 'cmake_target' from command line to 'None'
[1.169s] Level 5:colcon.colcon_core.verb:set package 'imu_msgs' build argument 'cmake_target_skip_unavailable' from command line to 'False'
[1.169s] Level 5:colcon.colcon_core.verb:set package 'imu_msgs' build argument 'cmake_clean_cache' from command line to 'False'
[1.170s] Level 5:colcon.colcon_core.verb:set package 'imu_msgs' build argument 'cmake_clean_first' from command line to 'False'
[1.170s] Level 5:colcon.colcon_core.verb:set package 'imu_msgs' build argument 'cmake_force_configure' from command line to 'False'
[1.170s] Level 5:colcon.colcon_core.verb:set package 'imu_msgs' build argument 'ament_cmake_args' from command line to 'None'
[1.170s] Level 5:colcon.colcon_core.verb:set package 'imu_msgs' build argument 'catkin_cmake_args' from command line to 'None'
[1.170s] Level 5:colcon.colcon_core.verb:set package 'imu_msgs' build argument 'catkin_skip_building_tests' from command line to 'False'
[1.170s] DEBUG:colcon.colcon_core.verb:Building package 'imu_msgs' with the following arguments: {'ament_cmake_args': None, 'build_base': '/home/nvidia/GoalPlanning/src/location/build/imu_msgs', 'catkin_cmake_args': None, 'catkin_skip_building_tests': False, 'cmake_args': None, 'cmake_clean_cache': False, 'cmake_clean_first': False, 'cmake_force_configure': False, 'cmake_target': None, 'cmake_target_skip_unavailable': False, 'install_base': '/home/nvidia/GoalPlanning/src/location/install/imu_msgs', 'merge_install': False, 'path': '/home/nvidia/GoalPlanning/src/location/src/imu_msgs', 'symlink_install': False, 'test_result_base': None}
[1.171s] Level 5:colcon.colcon_core.verb:set package 'serial' build argument 'cmake_args' from command line to 'None'
[1.171s] Level 5:colcon.colcon_core.verb:set package 'serial' build argument 'cmake_target' from command line to 'None'
[1.171s] Level 5:colcon.colcon_core.verb:set package 'serial' build argument 'cmake_target_skip_unavailable' from command line to 'False'
[1.171s] Level 5:colcon.colcon_core.verb:set package 'serial' build argument 'cmake_clean_cache' from command line to 'False'
[1.171s] Level 5:colcon.colcon_core.verb:set package 'serial' build argument 'cmake_clean_first' from command line to 'False'
[1.171s] Level 5:colcon.colcon_core.verb:set package 'serial' build argument 'cmake_force_configure' from command line to 'False'
[1.171s] Level 5:colcon.colcon_core.verb:set package 'serial' build argument 'ament_cmake_args' from command line to 'None'
[1.171s] Level 5:colcon.colcon_core.verb:set package 'serial' build argument 'catkin_cmake_args' from command line to 'None'
[1.171s] Level 5:colcon.colcon_core.verb:set package 'serial' build argument 'catkin_skip_building_tests' from command line to 'False'
[1.171s] DEBUG:colcon.colcon_core.verb:Building package 'serial' with the following arguments: {'ament_cmake_args': None, 'build_base': '/home/nvidia/GoalPlanning/src/location/build/serial', 'catkin_cmake_args': None, 'catkin_skip_building_tests': False, 'cmake_args': None, 'cmake_clean_cache': False, 'cmake_clean_first': False, 'cmake_force_configure': False, 'cmake_target': None, 'cmake_target_skip_unavailable': False, 'install_base': '/home/nvidia/GoalPlanning/src/location/install/serial', 'merge_install': False, 'path': '/home/nvidia/GoalPlanning/src/location/src/serial', 'symlink_install': False, 'test_result_base': None}
[1.172s] Level 5:colcon.colcon_core.verb:set package 'imu_node' build argument 'cmake_args' from command line to 'None'
[1.172s] Level 5:colcon.colcon_core.verb:set package 'imu_node' build argument 'cmake_target' from command line to 'None'
[1.172s] Level 5:colcon.colcon_core.verb:set package 'imu_node' build argument 'cmake_target_skip_unavailable' from command line to 'False'
[1.172s] Level 5:colcon.colcon_core.verb:set package 'imu_node' build argument 'cmake_clean_cache' from command line to 'False'
[1.172s] Level 5:colcon.colcon_core.verb:set package 'imu_node' build argument 'cmake_clean_first' from command line to 'False'
[1.172s] Level 5:colcon.colcon_core.verb:set package 'imu_node' build argument 'cmake_force_configure' from command line to 'False'
[1.172s] Level 5:colcon.colcon_core.verb:set package 'imu_node' build argument 'ament_cmake_args' from command line to 'None'
[1.172s] Level 5:colcon.colcon_core.verb:set package 'imu_node' build argument 'catkin_cmake_args' from command line to 'None'
[1.172s] Level 5:colcon.colcon_core.verb:set package 'imu_node' build argument 'catkin_skip_building_tests' from command line to 'False'
[1.172s] DEBUG:colcon.colcon_core.verb:Building package 'imu_node' with the following arguments: {'ament_cmake_args': None, 'build_base': '/home/nvidia/GoalPlanning/src/location/build/imu_node', 'catkin_cmake_args': None, 'catkin_skip_building_tests': False, 'cmake_args': None, 'cmake_clean_cache': False, 'cmake_clean_first': False, 'cmake_force_configure': False, 'cmake_target': None, 'cmake_target_skip_unavailable': False, 'install_base': '/home/nvidia/GoalPlanning/src/location/install/imu_node', 'merge_install': False, 'path': '/home/nvidia/GoalPlanning/src/location/src/imu_node', 'symlink_install': False, 'test_result_base': None}
[1.173s] Level 5:colcon.colcon_core.verb:set package 'location' build argument 'cmake_args' from command line to 'None'
[1.173s] Level 5:colcon.colcon_core.verb:set package 'location' build argument 'cmake_target' from command line to 'None'
[1.173s] Level 5:colcon.colcon_core.verb:set package 'location' build argument 'cmake_target_skip_unavailable' from command line to 'False'
[1.173s] Level 5:colcon.colcon_core.verb:set package 'location' build argument 'cmake_clean_cache' from command line to 'False'
[1.173s] Level 5:colcon.colcon_core.verb:set package 'location' build argument 'cmake_clean_first' from command line to 'False'
[1.173s] Level 5:colcon.colcon_core.verb:set package 'location' build argument 'cmake_force_configure' from command line to 'False'
[1.173s] Level 5:colcon.colcon_core.verb:set package 'location' build argument 'ament_cmake_args' from command line to 'None'
[1.173s] Level 5:colcon.colcon_core.verb:set package 'location' build argument 'catkin_cmake_args' from command line to 'None'
[1.173s] Level 5:colcon.colcon_core.verb:set package 'location' build argument 'catkin_skip_building_tests' from command line to 'False'
[1.174s] DEBUG:colcon.colcon_core.verb:Building package 'location' with the following arguments: {'ament_cmake_args': None, 'build_base': '/home/nvidia/GoalPlanning/src/location/build/location', 'catkin_cmake_args': None, 'catkin_skip_building_tests': False, 'cmake_args': None, 'cmake_clean_cache': False, 'cmake_clean_first': False, 'cmake_force_configure': False, 'cmake_target': None, 'cmake_target_skip_unavailable': False, 'install_base': '/home/nvidia/GoalPlanning/src/location/install/location', 'merge_install': False, 'path': '/home/nvidia/GoalPlanning/src/location/src/location', 'symlink_install': False, 'test_result_base': None}
[1.174s] INFO:colcon.colcon_core.executor:Executing jobs using 'parallel' executor
[1.177s] DEBUG:colcon.colcon_parallel_executor.executor.parallel:run_until_complete
[1.177s] INFO:colcon.colcon_ros.task.ament_cmake.build:Building ROS package in '/home/nvidia/GoalPlanning/src/location/src/imu_msgs' with build type 'ament_cmake'
[1.178s] INFO:colcon.colcon_cmake.task.cmake.build:Building CMake package in '/home/nvidia/GoalPlanning/src/location/src/imu_msgs'
[1.182s] INFO:colcon.colcon_core.plugin_system:Skipping extension 'colcon_core.shell.bat': Not used on non-Windows systems
[1.183s] INFO:colcon.colcon_core.shell:Skip shell extension 'powershell' for command environment: Not usable outside of PowerShell
[1.183s] DEBUG:colcon.colcon_core.shell:Skip shell extension 'dsv' for command environment
[1.196s] INFO:colcon.colcon_ros.task.ament_cmake.build:Building ROS package in '/home/nvidia/GoalPlanning/src/location/src/serial' with build type 'ament_cmake'
[1.197s] INFO:colcon.colcon_cmake.task.cmake.build:Building CMake package in '/home/nvidia/GoalPlanning/src/location/src/serial'
[1.198s] INFO:colcon.colcon_core.shell:Skip shell extension 'powershell' for command environment: Not usable outside of PowerShell
[1.198s] DEBUG:colcon.colcon_core.shell:Skip shell extension 'dsv' for command environment
[1.220s] DEBUG:colcon.colcon_core.event_handler.log_command:Invoking command in '/home/nvidia/GoalPlanning/src/location/build/imu_msgs': CMAKE_PREFIX_PATH=${CMAKE_PREFIX_PATH}:/home/nvidia/GoalPlanning/install/planning:/home/nvidia/GoalPlanning/install/cmd_car:/opt/ros/foxy /usr/bin/cmake --build /home/nvidia/GoalPlanning/src/location/build/imu_msgs -- -j8 -l8
[1.235s] DEBUG:colcon.colcon_core.event_handler.log_command:Invoking command in '/home/nvidia/GoalPlanning/src/location/build/serial': CMAKE_PREFIX_PATH=${CMAKE_PREFIX_PATH}:/home/nvidia/GoalPlanning/install/planning:/home/nvidia/GoalPlanning/install/cmd_car:/opt/ros/foxy /usr/bin/cmake --build /home/nvidia/GoalPlanning/src/location/build/serial -- -j8 -l8
[1.379s] DEBUG:colcon.colcon_core.event_handler.log_command:Invoked command in '/home/nvidia/GoalPlanning/src/location/build/serial' returned '0': CMAKE_PREFIX_PATH=${CMAKE_PREFIX_PATH}:/home/nvidia/GoalPlanning/install/planning:/home/nvidia/GoalPlanning/install/cmd_car:/opt/ros/foxy /usr/bin/cmake --build /home/nvidia/GoalPlanning/src/location/build/serial -- -j8 -l8
[1.471s] DEBUG:colcon.colcon_core.event_handler.log_command:Invoking command in '/home/nvidia/GoalPlanning/src/location/build/serial': CMAKE_PREFIX_PATH=${CMAKE_PREFIX_PATH}:/home/nvidia/GoalPlanning/install/planning:/home/nvidia/GoalPlanning/install/cmd_car:/opt/ros/foxy /usr/bin/cmake --install /home/nvidia/GoalPlanning/src/location/build/serial
[1.497s] Level 1:colcon.colcon_core.environment:create_environment_scripts_only(serial)
[1.499s] DEBUG:colcon.colcon_core.event_handler.log_command:Invoked command in '/home/nvidia/GoalPlanning/src/location/build/serial' returned '0': CMAKE_PREFIX_PATH=${CMAKE_PREFIX_PATH}:/home/nvidia/GoalPlanning/install/planning:/home/nvidia/GoalPlanning/install/cmd_car:/opt/ros/foxy /usr/bin/cmake --install /home/nvidia/GoalPlanning/src/location/build/serial
[1.505s] Level 1:colcon.colcon_core.environment:checking '/home/nvidia/GoalPlanning/src/location/install/serial' for CMake module files
[1.506s] Level 1:colcon.colcon_core.environment:checking '/home/nvidia/GoalPlanning/src/location/install/serial' for CMake config files
[1.507s] Level 1:colcon.colcon_core.shell:create_environment_hook('serial', 'cmake_prefix_path')
[1.507s] INFO:colcon.colcon_core.shell:Creating environment hook '/home/nvidia/GoalPlanning/src/location/install/serial/share/serial/hook/cmake_prefix_path.ps1'
[1.509s] INFO:colcon.colcon_core.shell:Creating environment descriptor '/home/nvidia/GoalPlanning/src/location/install/serial/share/serial/hook/cmake_prefix_path.dsv'
[1.510s] INFO:colcon.colcon_core.shell:Creating environment hook '/home/nvidia/GoalPlanning/src/location/install/serial/share/serial/hook/cmake_prefix_path.sh'
[1.512s] Level 1:colcon.colcon_core.environment:checking '/home/nvidia/GoalPlanning/src/location/install/serial/lib'
[1.513s] Level 1:colcon.colcon_core.shell:create_environment_hook('serial', 'ld_library_path_lib')
[1.513s] INFO:colcon.colcon_core.shell:Creating environment hook '/home/nvidia/GoalPlanning/src/location/install/serial/share/serial/hook/ld_library_path_lib.ps1'
[1.514s] INFO:colcon.colcon_core.shell:Creating environment descriptor '/home/nvidia/GoalPlanning/src/location/install/serial/share/serial/hook/ld_library_path_lib.dsv'
[1.515s] INFO:colcon.colcon_core.shell:Creating environment hook '/home/nvidia/GoalPlanning/src/location/install/serial/share/serial/hook/ld_library_path_lib.sh'
[1.515s] Level 1:colcon.colcon_core.environment:checking '/home/nvidia/GoalPlanning/src/location/install/serial/bin'
[1.515s] Level 1:colcon.colcon_core.environment:checking '/home/nvidia/GoalPlanning/src/location/install/serial/lib/pkgconfig/serial.pc'
[1.516s] Level 1:colcon.colcon_core.environment:checking '/home/nvidia/GoalPlanning/src/location/install/serial/lib/python3.8/site-packages'
[1.516s] Level 1:colcon.colcon_core.environment:checking '/home/nvidia/GoalPlanning/src/location/install/serial/bin'
[1.517s] INFO:colcon.colcon_core.shell:Creating package script '/home/nvidia/GoalPlanning/src/location/install/serial/share/serial/package.ps1'
[1.519s] INFO:colcon.colcon_core.shell:Creating package descriptor '/home/nvidia/GoalPlanning/src/location/install/serial/share/serial/package.dsv'
[1.520s] INFO:colcon.colcon_core.shell:Creating package script '/home/nvidia/GoalPlanning/src/location/install/serial/share/serial/package.sh'
[1.521s] INFO:colcon.colcon_core.shell:Creating package script '/home/nvidia/GoalPlanning/src/location/install/serial/share/serial/package.bash'
[1.523s] INFO:colcon.colcon_core.shell:Creating package script '/home/nvidia/GoalPlanning/src/location/install/serial/share/serial/package.zsh'
[1.524s] Level 1:colcon.colcon_core.environment:create_file_with_runtime_dependencies(/home/nvidia/GoalPlanning/src/location/install/serial/share/colcon-core/packages/serial)
[1.585s] Level 1:colcon.colcon_core.environment:create_environment_scripts_only(serial)
[1.586s] Level 1:colcon.colcon_core.environment:checking '/home/nvidia/GoalPlanning/src/location/install/serial' for CMake module files
[1.587s] Level 1:colcon.colcon_core.environment:checking '/home/nvidia/GoalPlanning/src/location/install/serial' for CMake config files
[1.588s] Level 1:colcon.colcon_core.shell:create_environment_hook('serial', 'cmake_prefix_path')
[1.588s] INFO:colcon.colcon_core.shell:Creating environment hook '/home/nvidia/GoalPlanning/src/location/install/serial/share/serial/hook/cmake_prefix_path.ps1'
[1.590s] INFO:colcon.colcon_core.shell:Creating environment descriptor '/home/nvidia/GoalPlanning/src/location/install/serial/share/serial/hook/cmake_prefix_path.dsv'
[1.590s] INFO:colcon.colcon_core.shell:Creating environment hook '/home/nvidia/GoalPlanning/src/location/install/serial/share/serial/hook/cmake_prefix_path.sh'
[1.592s] Level 1:colcon.colcon_core.environment:checking '/home/nvidia/GoalPlanning/src/location/install/serial/lib'
[1.592s] Level 1:colcon.colcon_core.shell:create_environment_hook('serial', 'ld_library_path_lib')
[1.592s] INFO:colcon.colcon_core.shell:Creating environment hook '/home/nvidia/GoalPlanning/src/location/install/serial/share/serial/hook/ld_library_path_lib.ps1'
[1.593s] INFO:colcon.colcon_core.shell:Creating environment descriptor '/home/nvidia/GoalPlanning/src/location/install/serial/share/serial/hook/ld_library_path_lib.dsv'
[1.594s] INFO:colcon.colcon_core.shell:Creating environment hook '/home/nvidia/GoalPlanning/src/location/install/serial/share/serial/hook/ld_library_path_lib.sh'
[1.594s] Level 1:colcon.colcon_core.environment:checking '/home/nvidia/GoalPlanning/src/location/install/serial/bin'
[1.594s] Level 1:colcon.colcon_core.environment:checking '/home/nvidia/GoalPlanning/src/location/install/serial/lib/pkgconfig/serial.pc'
[1.595s] Level 1:colcon.colcon_core.environment:checking '/home/nvidia/GoalPlanning/src/location/install/serial/lib/python3.8/site-packages'
[1.595s] Level 1:colcon.colcon_core.environment:checking '/home/nvidia/GoalPlanning/src/location/install/serial/bin'
[1.596s] INFO:colcon.colcon_core.shell:Creating package script '/home/nvidia/GoalPlanning/src/location/install/serial/share/serial/package.ps1'
[1.597s] INFO:colcon.colcon_core.shell:Creating package descriptor '/home/nvidia/GoalPlanning/src/location/install/serial/share/serial/package.dsv'
[1.598s] INFO:colcon.colcon_core.shell:Creating package script '/home/nvidia/GoalPlanning/src/location/install/serial/share/serial/package.sh'
[1.599s] INFO:colcon.colcon_core.shell:Creating package script '/home/nvidia/GoalPlanning/src/location/install/serial/share/serial/package.bash'
[1.600s] INFO:colcon.colcon_core.shell:Creating package script '/home/nvidia/GoalPlanning/src/location/install/serial/share/serial/package.zsh'
[1.600s] Level 1:colcon.colcon_core.environment:create_file_with_runtime_dependencies(/home/nvidia/GoalPlanning/src/location/install/serial/share/colcon-core/packages/serial)
[1.737s] DEBUG:colcon.colcon_core.event_handler.log_command:Invoked command in '/home/nvidia/GoalPlanning/src/location/build/imu_msgs' returned '0': CMAKE_PREFIX_PATH=${CMAKE_PREFIX_PATH}:/home/nvidia/GoalPlanning/install/planning:/home/nvidia/GoalPlanning/install/cmd_car:/opt/ros/foxy /usr/bin/cmake --build /home/nvidia/GoalPlanning/src/location/build/imu_msgs -- -j8 -l8
[2.002s] DEBUG:colcon.colcon_core.event_handler.log_command:Invoking command in '/home/nvidia/GoalPlanning/src/location/build/imu_msgs': CMAKE_PREFIX_PATH=${CMAKE_PREFIX_PATH}:/home/nvidia/GoalPlanning/install/planning:/home/nvidia/GoalPlanning/install/cmd_car:/opt/ros/foxy /usr/bin/cmake --install /home/nvidia/GoalPlanning/src/location/build/imu_msgs
[2.148s] Level 1:colcon.colcon_core.environment:create_environment_scripts_only(imu_msgs)
[2.149s] Level 1:colcon.colcon_core.environment:checking '/home/nvidia/GoalPlanning/src/location/install/imu_msgs' for CMake module files
[2.150s] DEBUG:colcon.colcon_core.event_handler.log_command:Invoked command in '/home/nvidia/GoalPlanning/src/location/build/imu_msgs' returned '0': CMAKE_PREFIX_PATH=${CMAKE_PREFIX_PATH}:/home/nvidia/GoalPlanning/install/planning:/home/nvidia/GoalPlanning/install/cmd_car:/opt/ros/foxy /usr/bin/cmake --install /home/nvidia/GoalPlanning/src/location/build/imu_msgs
[2.151s] Level 1:colcon.colcon_core.environment:checking '/home/nvidia/GoalPlanning/src/location/install/imu_msgs' for CMake config files
[2.152s] Level 1:colcon.colcon_core.shell:create_environment_hook('imu_msgs', 'cmake_prefix_path')
[2.152s] INFO:colcon.colcon_core.shell:Creating environment hook '/home/nvidia/GoalPlanning/src/location/install/imu_msgs/share/imu_msgs/hook/cmake_prefix_path.ps1'
[2.154s] INFO:colcon.colcon_core.shell:Creating environment descriptor '/home/nvidia/GoalPlanning/src/location/install/imu_msgs/share/imu_msgs/hook/cmake_prefix_path.dsv'
[2.155s] INFO:colcon.colcon_core.shell:Creating environment hook '/home/nvidia/GoalPlanning/src/location/install/imu_msgs/share/imu_msgs/hook/cmake_prefix_path.sh'
[2.156s] Level 1:colcon.colcon_core.environment:checking '/home/nvidia/GoalPlanning/src/location/install/imu_msgs/lib'
[2.156s] Level 1:colcon.colcon_core.shell:create_environment_hook('imu_msgs', 'ld_library_path_lib')
[2.157s] INFO:colcon.colcon_core.shell:Creating environment hook '/home/nvidia/GoalPlanning/src/location/install/imu_msgs/share/imu_msgs/hook/ld_library_path_lib.ps1'
[2.157s] INFO:colcon.colcon_core.shell:Creating environment descriptor '/home/nvidia/GoalPlanning/src/location/install/imu_msgs/share/imu_msgs/hook/ld_library_path_lib.dsv'
[2.158s] INFO:colcon.colcon_core.shell:Creating environment hook '/home/nvidia/GoalPlanning/src/location/install/imu_msgs/share/imu_msgs/hook/ld_library_path_lib.sh'
[2.159s] Level 1:colcon.colcon_core.environment:checking '/home/nvidia/GoalPlanning/src/location/install/imu_msgs/bin'
[2.159s] Level 1:colcon.colcon_core.environment:checking '/home/nvidia/GoalPlanning/src/location/install/imu_msgs/lib/pkgconfig/imu_msgs.pc'
[2.160s] Level 1:colcon.colcon_core.environment:checking '/home/nvidia/GoalPlanning/src/location/install/imu_msgs/lib/python3.8/site-packages'
[2.160s] Level 1:colcon.colcon_core.environment:checking '/home/nvidia/GoalPlanning/src/location/install/imu_msgs/bin'
[2.161s] INFO:colcon.colcon_core.shell:Creating package script '/home/nvidia/GoalPlanning/src/location/install/imu_msgs/share/imu_msgs/package.ps1'
[2.162s] INFO:colcon.colcon_core.shell:Creating package descriptor '/home/nvidia/GoalPlanning/src/location/install/imu_msgs/share/imu_msgs/package.dsv'
[2.163s] INFO:colcon.colcon_core.shell:Creating package script '/home/nvidia/GoalPlanning/src/location/install/imu_msgs/share/imu_msgs/package.sh'
[2.163s] INFO:colcon.colcon_core.shell:Creating package script '/home/nvidia/GoalPlanning/src/location/install/imu_msgs/share/imu_msgs/package.bash'
[2.164s] INFO:colcon.colcon_core.shell:Creating package script '/home/nvidia/GoalPlanning/src/location/install/imu_msgs/share/imu_msgs/package.zsh'
[2.165s] Level 1:colcon.colcon_core.environment:create_file_with_runtime_dependencies(/home/nvidia/GoalPlanning/src/location/install/imu_msgs/share/colcon-core/packages/imu_msgs)
[2.416s] Level 1:colcon.colcon_core.environment:create_environment_scripts_only(imu_msgs)
[2.417s] Level 1:colcon.colcon_core.environment:checking '/home/nvidia/GoalPlanning/src/location/install/imu_msgs' for CMake module files
[2.418s] Level 1:colcon.colcon_core.environment:checking '/home/nvidia/GoalPlanning/src/location/install/imu_msgs' for CMake config files
[2.419s] Level 1:colcon.colcon_core.shell:create_environment_hook('imu_msgs', 'cmake_prefix_path')
[2.420s] INFO:colcon.colcon_core.shell:Creating environment hook '/home/nvidia/GoalPlanning/src/location/install/imu_msgs/share/imu_msgs/hook/cmake_prefix_path.ps1'
[2.421s] INFO:colcon.colcon_core.shell:Creating environment descriptor '/home/nvidia/GoalPlanning/src/location/install/imu_msgs/share/imu_msgs/hook/cmake_prefix_path.dsv'
[2.422s] INFO:colcon.colcon_core.shell:Creating environment hook '/home/nvidia/GoalPlanning/src/location/install/imu_msgs/share/imu_msgs/hook/cmake_prefix_path.sh'
[2.423s] Level 1:colcon.colcon_core.environment:checking '/home/nvidia/GoalPlanning/src/location/install/imu_msgs/lib'
[2.423s] Level 1:colcon.colcon_core.shell:create_environment_hook('imu_msgs', 'ld_library_path_lib')
[2.424s] INFO:colcon.colcon_core.shell:Creating environment hook '/home/nvidia/GoalPlanning/src/location/install/imu_msgs/share/imu_msgs/hook/ld_library_path_lib.ps1'
[2.425s] INFO:colcon.colcon_core.shell:Creating environment descriptor '/home/nvidia/GoalPlanning/src/location/install/imu_msgs/share/imu_msgs/hook/ld_library_path_lib.dsv'
[2.425s] INFO:colcon.colcon_core.shell:Creating environment hook '/home/nvidia/GoalPlanning/src/location/install/imu_msgs/share/imu_msgs/hook/ld_library_path_lib.sh'
[2.426s] Level 1:colcon.colcon_core.environment:checking '/home/nvidia/GoalPlanning/src/location/install/imu_msgs/bin'
[2.426s] Level 1:colcon.colcon_core.environment:checking '/home/nvidia/GoalPlanning/src/location/install/imu_msgs/lib/pkgconfig/imu_msgs.pc'
[2.427s] Level 1:colcon.colcon_core.environment:checking '/home/nvidia/GoalPlanning/src/location/install/imu_msgs/lib/python3.8/site-packages'
[2.427s] Level 1:colcon.colcon_core.environment:checking '/home/nvidia/GoalPlanning/src/location/install/imu_msgs/bin'
[2.428s] INFO:colcon.colcon_core.shell:Creating package script '/home/nvidia/GoalPlanning/src/location/install/imu_msgs/share/imu_msgs/package.ps1'
[2.429s] INFO:colcon.colcon_core.shell:Creating package descriptor '/home/nvidia/GoalPlanning/src/location/install/imu_msgs/share/imu_msgs/package.dsv'
[2.430s] INFO:colcon.colcon_core.shell:Creating package script '/home/nvidia/GoalPlanning/src/location/install/imu_msgs/share/imu_msgs/package.sh'
[2.431s] INFO:colcon.colcon_core.shell:Creating package script '/home/nvidia/GoalPlanning/src/location/install/imu_msgs/share/imu_msgs/package.bash'
[2.432s] INFO:colcon.colcon_core.shell:Creating package script '/home/nvidia/GoalPlanning/src/location/install/imu_msgs/share/imu_msgs/package.zsh'
[2.433s] Level 1:colcon.colcon_core.environment:create_file_with_runtime_dependencies(/home/nvidia/GoalPlanning/src/location/install/imu_msgs/share/colcon-core/packages/imu_msgs)
[2.434s] INFO:colcon.colcon_ros.task.ament_cmake.build:Building ROS package in '/home/nvidia/GoalPlanning/src/location/src/imu_node' with build type 'ament_cmake'
[2.434s] INFO:colcon.colcon_cmake.task.cmake.build:Building CMake package in '/home/nvidia/GoalPlanning/src/location/src/imu_node'
[2.435s] INFO:colcon.colcon_core.shell:Skip shell extension 'powershell' for command environment: Not usable outside of PowerShell
[2.435s] DEBUG:colcon.colcon_core.shell:Skip shell extension 'dsv' for command environment
[2.450s] INFO:colcon.colcon_ros.task.ament_cmake.build:Building ROS package in '/home/nvidia/GoalPlanning/src/location/src/location' with build type 'ament_cmake'
[2.451s] INFO:colcon.colcon_cmake.task.cmake.build:Building CMake package in '/home/nvidia/GoalPlanning/src/location/src/location'
[2.452s] INFO:colcon.colcon_core.shell:Skip shell extension 'powershell' for command environment: Not usable outside of PowerShell
[2.453s] DEBUG:colcon.colcon_core.shell:Skip shell extension 'dsv' for command environment
[2.476s] DEBUG:colcon.colcon_core.event_handler.log_command:Invoking command in '/home/nvidia/GoalPlanning/src/location/build/imu_node': CMAKE_PREFIX_PATH=/home/nvidia/GoalPlanning/src/location/install/serial:/home/nvidia/GoalPlanning/src/location/install/imu_msgs:/home/nvidia/GoalPlanning/install/serial:/home/nvidia/GoalPlanning/install/rslidar_sdk:/home/nvidia/GoalPlanning/install/rslidar_msg:/home/nvidia/GoalPlanning/install/location:/home/nvidia/GoalPlanning/install/imu_node:/home/nvidia/GoalPlanning/install/imu_msgs:/home/nvidia/GoalPlanning/install/cmd_car_cpp:/home/nvidia/GoalPlanning/install/car_msg:/home/nvidia/GoalPlanning/src/location/install/location:/home/nvidia/GoalPlanning/src/location/install/imu_node:/home/nvidia/GoalPlanning/install/planning:/home/nvidia/GoalPlanning/install/cmd_car:/opt/ros/foxy LD_LIBRARY_PATH=/home/nvidia/GoalPlanning/src/location/install/serial/lib:/home/nvidia/GoalPlanning/src/location/install/imu_msgs/lib:/usr/local/cuda-11.4/lib64:/home/nvidia/GoalPlanning/install/serial/lib:/home/nvidia/GoalPlanning/install/rslidar_msg/lib:/home/nvidia/GoalPlanning/install/imu_msgs/lib:/home/nvidia/GoalPlanning/install/car_msg/lib:/usr/lib/aarch64-linux-gnu/gazebo-11/plugins:/opt/ros/foxy/opt/yaml_cpp_vendor/lib:/opt/ros/foxy/opt/rviz_ogre_vendor/lib:/opt/ros/foxy/lib/aarch64-linux-gnu:/opt/ros/foxy/lib /usr/bin/cmake --build /home/nvidia/GoalPlanning/src/location/build/imu_node -- -j8 -l8
[2.489s] DEBUG:colcon.colcon_core.event_handler.log_command:Invoking command in '/home/nvidia/GoalPlanning/src/location/build/location': CMAKE_PREFIX_PATH=/home/nvidia/GoalPlanning/src/location/install/imu_msgs:/home/nvidia/GoalPlanning/install/serial:/home/nvidia/GoalPlanning/install/rslidar_sdk:/home/nvidia/GoalPlanning/install/rslidar_msg:/home/nvidia/GoalPlanning/install/location:/home/nvidia/GoalPlanning/install/imu_node:/home/nvidia/GoalPlanning/install/imu_msgs:/home/nvidia/GoalPlanning/install/cmd_car_cpp:/home/nvidia/GoalPlanning/install/car_msg:/home/nvidia/GoalPlanning/src/location/install/serial:/home/nvidia/GoalPlanning/src/location/install/location:/home/nvidia/GoalPlanning/src/location/install/imu_node:/home/nvidia/GoalPlanning/install/planning:/home/nvidia/GoalPlanning/install/cmd_car:/opt/ros/foxy LD_LIBRARY_PATH=/home/nvidia/GoalPlanning/src/location/install/imu_msgs/lib:/usr/local/cuda-11.4/lib64:/home/nvidia/GoalPlanning/install/serial/lib:/home/nvidia/GoalPlanning/install/rslidar_msg/lib:/home/nvidia/GoalPlanning/install/imu_msgs/lib:/home/nvidia/GoalPlanning/install/car_msg/lib:/home/nvidia/GoalPlanning/src/location/install/serial/lib:/usr/lib/aarch64-linux-gnu/gazebo-11/plugins:/opt/ros/foxy/opt/yaml_cpp_vendor/lib:/opt/ros/foxy/opt/rviz_ogre_vendor/lib:/opt/ros/foxy/lib/aarch64-linux-gnu:/opt/ros/foxy/lib /usr/bin/cmake --build /home/nvidia/GoalPlanning/src/location/build/location -- -j8 -l8
[2.647s] DEBUG:colcon.colcon_core.event_handler.log_command:Invoked command in '/home/nvidia/GoalPlanning/src/location/build/location' returned '0': CMAKE_PREFIX_PATH=/home/nvidia/GoalPlanning/src/location/install/imu_msgs:/home/nvidia/GoalPlanning/install/serial:/home/nvidia/GoalPlanning/install/rslidar_sdk:/home/nvidia/GoalPlanning/install/rslidar_msg:/home/nvidia/GoalPlanning/install/location:/home/nvidia/GoalPlanning/install/imu_node:/home/nvidia/GoalPlanning/install/imu_msgs:/home/nvidia/GoalPlanning/install/cmd_car_cpp:/home/nvidia/GoalPlanning/install/car_msg:/home/nvidia/GoalPlanning/src/location/install/serial:/home/nvidia/GoalPlanning/src/location/install/location:/home/nvidia/GoalPlanning/src/location/install/imu_node:/home/nvidia/GoalPlanning/install/planning:/home/nvidia/GoalPlanning/install/cmd_car:/opt/ros/foxy LD_LIBRARY_PATH=/home/nvidia/GoalPlanning/src/location/install/imu_msgs/lib:/usr/local/cuda-11.4/lib64:/home/nvidia/GoalPlanning/install/serial/lib:/home/nvidia/GoalPlanning/install/rslidar_msg/lib:/home/nvidia/GoalPlanning/install/imu_msgs/lib:/home/nvidia/GoalPlanning/install/car_msg/lib:/home/nvidia/GoalPlanning/src/location/install/serial/lib:/usr/lib/aarch64-linux-gnu/gazebo-11/plugins:/opt/ros/foxy/opt/yaml_cpp_vendor/lib:/opt/ros/foxy/opt/rviz_ogre_vendor/lib:/opt/ros/foxy/lib/aarch64-linux-gnu:/opt/ros/foxy/lib /usr/bin/cmake --build /home/nvidia/GoalPlanning/src/location/build/location -- -j8 -l8
[2.707s] DEBUG:colcon.colcon_core.event_handler.log_command:Invoking command in '/home/nvidia/GoalPlanning/src/location/build/location': CMAKE_PREFIX_PATH=/home/nvidia/GoalPlanning/src/location/install/imu_msgs:/home/nvidia/GoalPlanning/install/serial:/home/nvidia/GoalPlanning/install/rslidar_sdk:/home/nvidia/GoalPlanning/install/rslidar_msg:/home/nvidia/GoalPlanning/install/location:/home/nvidia/GoalPlanning/install/imu_node:/home/nvidia/GoalPlanning/install/imu_msgs:/home/nvidia/GoalPlanning/install/cmd_car_cpp:/home/nvidia/GoalPlanning/install/car_msg:/home/nvidia/GoalPlanning/src/location/install/serial:/home/nvidia/GoalPlanning/src/location/install/location:/home/nvidia/GoalPlanning/src/location/install/imu_node:/home/nvidia/GoalPlanning/install/planning:/home/nvidia/GoalPlanning/install/cmd_car:/opt/ros/foxy LD_LIBRARY_PATH=/home/nvidia/GoalPlanning/src/location/install/imu_msgs/lib:/usr/local/cuda-11.4/lib64:/home/nvidia/GoalPlanning/install/serial/lib:/home/nvidia/GoalPlanning/install/rslidar_msg/lib:/home/nvidia/GoalPlanning/install/imu_msgs/lib:/home/nvidia/GoalPlanning/install/car_msg/lib:/home/nvidia/GoalPlanning/src/location/install/serial/lib:/usr/lib/aarch64-linux-gnu/gazebo-11/plugins:/opt/ros/foxy/opt/yaml_cpp_vendor/lib:/opt/ros/foxy/opt/rviz_ogre_vendor/lib:/opt/ros/foxy/lib/aarch64-linux-gnu:/opt/ros/foxy/lib /usr/bin/cmake --install /home/nvidia/GoalPlanning/src/location/build/location
[2.732s] Level 1:colcon.colcon_core.environment:create_environment_scripts_only(location)
[2.733s] Level 1:colcon.colcon_core.environment:checking '/home/nvidia/GoalPlanning/src/location/install/location' for CMake module files
[2.734s] DEBUG:colcon.colcon_core.event_handler.log_command:Invoked command in '/home/nvidia/GoalPlanning/src/location/build/location' returned '0': CMAKE_PREFIX_PATH=/home/nvidia/GoalPlanning/src/location/install/imu_msgs:/home/nvidia/GoalPlanning/install/serial:/home/nvidia/GoalPlanning/install/rslidar_sdk:/home/nvidia/GoalPlanning/install/rslidar_msg:/home/nvidia/GoalPlanning/install/location:/home/nvidia/GoalPlanning/install/imu_node:/home/nvidia/GoalPlanning/install/imu_msgs:/home/nvidia/GoalPlanning/install/cmd_car_cpp:/home/nvidia/GoalPlanning/install/car_msg:/home/nvidia/GoalPlanning/src/location/install/serial:/home/nvidia/GoalPlanning/src/location/install/location:/home/nvidia/GoalPlanning/src/location/install/imu_node:/home/nvidia/GoalPlanning/install/planning:/home/nvidia/GoalPlanning/install/cmd_car:/opt/ros/foxy LD_LIBRARY_PATH=/home/nvidia/GoalPlanning/src/location/install/imu_msgs/lib:/usr/local/cuda-11.4/lib64:/home/nvidia/GoalPlanning/install/serial/lib:/home/nvidia/GoalPlanning/install/rslidar_msg/lib:/home/nvidia/GoalPlanning/install/imu_msgs/lib:/home/nvidia/GoalPlanning/install/car_msg/lib:/home/nvidia/GoalPlanning/src/location/install/serial/lib:/usr/lib/aarch64-linux-gnu/gazebo-11/plugins:/opt/ros/foxy/opt/yaml_cpp_vendor/lib:/opt/ros/foxy/opt/rviz_ogre_vendor/lib:/opt/ros/foxy/lib/aarch64-linux-gnu:/opt/ros/foxy/lib /usr/bin/cmake --install /home/nvidia/GoalPlanning/src/location/build/location
[2.735s] Level 1:colcon.colcon_core.environment:checking '/home/nvidia/GoalPlanning/src/location/install/location' for CMake config files
[2.736s] Level 1:colcon.colcon_core.shell:create_environment_hook('location', 'cmake_prefix_path')
[2.737s] INFO:colcon.colcon_core.shell:Creating environment hook '/home/nvidia/GoalPlanning/src/location/install/location/share/location/hook/cmake_prefix_path.ps1'
[2.738s] INFO:colcon.colcon_core.shell:Creating environment descriptor '/home/nvidia/GoalPlanning/src/location/install/location/share/location/hook/cmake_prefix_path.dsv'
[2.739s] INFO:colcon.colcon_core.shell:Creating environment hook '/home/nvidia/GoalPlanning/src/location/install/location/share/location/hook/cmake_prefix_path.sh'
[2.740s] Level 1:colcon.colcon_core.environment:checking '/home/nvidia/GoalPlanning/src/location/install/location/lib'
[2.740s] Level 1:colcon.colcon_core.environment:checking '/home/nvidia/GoalPlanning/src/location/install/location/bin'
[2.740s] Level 1:colcon.colcon_core.environment:checking '/home/nvidia/GoalPlanning/src/location/install/location/lib/pkgconfig/location.pc'
[2.741s] Level 1:colcon.colcon_core.environment:checking '/home/nvidia/GoalPlanning/src/location/install/location/lib/python3.8/site-packages'
[2.741s] Level 1:colcon.colcon_core.environment:checking '/home/nvidia/GoalPlanning/src/location/install/location/bin'
[2.742s] INFO:colcon.colcon_core.shell:Creating package script '/home/nvidia/GoalPlanning/src/location/install/location/share/location/package.ps1'
[2.743s] INFO:colcon.colcon_core.shell:Creating package descriptor '/home/nvidia/GoalPlanning/src/location/install/location/share/location/package.dsv'
[2.744s] INFO:colcon.colcon_core.shell:Creating package script '/home/nvidia/GoalPlanning/src/location/install/location/share/location/package.sh'
[2.745s] INFO:colcon.colcon_core.shell:Creating package script '/home/nvidia/GoalPlanning/src/location/install/location/share/location/package.bash'
[2.746s] INFO:colcon.colcon_core.shell:Creating package script '/home/nvidia/GoalPlanning/src/location/install/location/share/location/package.zsh'
[2.746s] Level 1:colcon.colcon_core.environment:create_file_with_runtime_dependencies(/home/nvidia/GoalPlanning/src/location/install/location/share/colcon-core/packages/location)
[2.801s] Level 1:colcon.colcon_core.environment:create_environment_scripts_only(location)
[2.801s] Level 1:colcon.colcon_core.environment:checking '/home/nvidia/GoalPlanning/src/location/install/location' for CMake module files
[2.803s] Level 1:colcon.colcon_core.environment:checking '/home/nvidia/GoalPlanning/src/location/install/location' for CMake config files
[2.803s] Level 1:colcon.colcon_core.shell:create_environment_hook('location', 'cmake_prefix_path')
[2.804s] INFO:colcon.colcon_core.shell:Creating environment hook '/home/nvidia/GoalPlanning/src/location/install/location/share/location/hook/cmake_prefix_path.ps1'
[2.805s] INFO:colcon.colcon_core.shell:Creating environment descriptor '/home/nvidia/GoalPlanning/src/location/install/location/share/location/hook/cmake_prefix_path.dsv'
[2.806s] INFO:colcon.colcon_core.shell:Creating environment hook '/home/nvidia/GoalPlanning/src/location/install/location/share/location/hook/cmake_prefix_path.sh'
[2.807s] Level 1:colcon.colcon_core.environment:checking '/home/nvidia/GoalPlanning/src/location/install/location/lib'
[2.807s] Level 1:colcon.colcon_core.environment:checking '/home/nvidia/GoalPlanning/src/location/install/location/bin'
[2.808s] Level 1:colcon.colcon_core.environment:checking '/home/nvidia/GoalPlanning/src/location/install/location/lib/pkgconfig/location.pc'
[2.808s] Level 1:colcon.colcon_core.environment:checking '/home/nvidia/GoalPlanning/src/location/install/location/lib/python3.8/site-packages'
[2.808s] Level 1:colcon.colcon_core.environment:checking '/home/nvidia/GoalPlanning/src/location/install/location/bin'
[2.809s] INFO:colcon.colcon_core.shell:Creating package script '/home/nvidia/GoalPlanning/src/location/install/location/share/location/package.ps1'
[2.810s] INFO:colcon.colcon_core.shell:Creating package descriptor '/home/nvidia/GoalPlanning/src/location/install/location/share/location/package.dsv'
[2.811s] INFO:colcon.colcon_core.shell:Creating package script '/home/nvidia/GoalPlanning/src/location/install/location/share/location/package.sh'
[2.812s] INFO:colcon.colcon_core.shell:Creating package script '/home/nvidia/GoalPlanning/src/location/install/location/share/location/package.bash'
[2.813s] INFO:colcon.colcon_core.shell:Creating package script '/home/nvidia/GoalPlanning/src/location/install/location/share/location/package.zsh'
[2.814s] Level 1:colcon.colcon_core.environment:create_file_with_runtime_dependencies(/home/nvidia/GoalPlanning/src/location/install/location/share/colcon-core/packages/location)
[13.304s] DEBUG:colcon.colcon_core.event_handler.log_command:Invoked command in '/home/nvidia/GoalPlanning/src/location/build/imu_node' returned '0': CMAKE_PREFIX_PATH=/home/nvidia/GoalPlanning/src/location/install/serial:/home/nvidia/GoalPlanning/src/location/install/imu_msgs:/home/nvidia/GoalPlanning/install/serial:/home/nvidia/GoalPlanning/install/rslidar_sdk:/home/nvidia/GoalPlanning/install/rslidar_msg:/home/nvidia/GoalPlanning/install/location:/home/nvidia/GoalPlanning/install/imu_node:/home/nvidia/GoalPlanning/install/imu_msgs:/home/nvidia/GoalPlanning/install/cmd_car_cpp:/home/nvidia/GoalPlanning/install/car_msg:/home/nvidia/GoalPlanning/src/location/install/location:/home/nvidia/GoalPlanning/src/location/install/imu_node:/home/nvidia/GoalPlanning/install/planning:/home/nvidia/GoalPlanning/install/cmd_car:/opt/ros/foxy LD_LIBRARY_PATH=/home/nvidia/GoalPlanning/src/location/install/serial/lib:/home/nvidia/GoalPlanning/src/location/install/imu_msgs/lib:/usr/local/cuda-11.4/lib64:/home/nvidia/GoalPlanning/install/serial/lib:/home/nvidia/GoalPlanning/install/rslidar_msg/lib:/home/nvidia/GoalPlanning/install/imu_msgs/lib:/home/nvidia/GoalPlanning/install/car_msg/lib:/usr/lib/aarch64-linux-gnu/gazebo-11/plugins:/opt/ros/foxy/opt/yaml_cpp_vendor/lib:/opt/ros/foxy/opt/rviz_ogre_vendor/lib:/opt/ros/foxy/lib/aarch64-linux-gnu:/opt/ros/foxy/lib /usr/bin/cmake --build /home/nvidia/GoalPlanning/src/location/build/imu_node -- -j8 -l8
[13.371s] DEBUG:colcon.colcon_core.event_handler.log_command:Invoking command in '/home/nvidia/GoalPlanning/src/location/build/imu_node': CMAKE_PREFIX_PATH=/home/nvidia/GoalPlanning/src/location/install/serial:/home/nvidia/GoalPlanning/src/location/install/imu_msgs:/home/nvidia/GoalPlanning/install/serial:/home/nvidia/GoalPlanning/install/rslidar_sdk:/home/nvidia/GoalPlanning/install/rslidar_msg:/home/nvidia/GoalPlanning/install/location:/home/nvidia/GoalPlanning/install/imu_node:/home/nvidia/GoalPlanning/install/imu_msgs:/home/nvidia/GoalPlanning/install/cmd_car_cpp:/home/nvidia/GoalPlanning/install/car_msg:/home/nvidia/GoalPlanning/src/location/install/location:/home/nvidia/GoalPlanning/src/location/install/imu_node:/home/nvidia/GoalPlanning/install/planning:/home/nvidia/GoalPlanning/install/cmd_car:/opt/ros/foxy LD_LIBRARY_PATH=/home/nvidia/GoalPlanning/src/location/install/serial/lib:/home/nvidia/GoalPlanning/src/location/install/imu_msgs/lib:/usr/local/cuda-11.4/lib64:/home/nvidia/GoalPlanning/install/serial/lib:/home/nvidia/GoalPlanning/install/rslidar_msg/lib:/home/nvidia/GoalPlanning/install/imu_msgs/lib:/home/nvidia/GoalPlanning/install/car_msg/lib:/usr/lib/aarch64-linux-gnu/gazebo-11/plugins:/opt/ros/foxy/opt/yaml_cpp_vendor/lib:/opt/ros/foxy/opt/rviz_ogre_vendor/lib:/opt/ros/foxy/lib/aarch64-linux-gnu:/opt/ros/foxy/lib /usr/bin/cmake --install /home/nvidia/GoalPlanning/src/location/build/imu_node
[13.403s] Level 1:colcon.colcon_core.environment:create_environment_scripts_only(imu_node)
[13.404s] Level 1:colcon.colcon_core.environment:checking '/home/nvidia/GoalPlanning/src/location/install/imu_node' for CMake module files
[13.405s] DEBUG:colcon.colcon_core.event_handler.log_command:Invoked command in '/home/nvidia/GoalPlanning/src/location/build/imu_node' returned '0': CMAKE_PREFIX_PATH=/home/nvidia/GoalPlanning/src/location/install/serial:/home/nvidia/GoalPlanning/src/location/install/imu_msgs:/home/nvidia/GoalPlanning/install/serial:/home/nvidia/GoalPlanning/install/rslidar_sdk:/home/nvidia/GoalPlanning/install/rslidar_msg:/home/nvidia/GoalPlanning/install/location:/home/nvidia/GoalPlanning/install/imu_node:/home/nvidia/GoalPlanning/install/imu_msgs:/home/nvidia/GoalPlanning/install/cmd_car_cpp:/home/nvidia/GoalPlanning/install/car_msg:/home/nvidia/GoalPlanning/src/location/install/location:/home/nvidia/GoalPlanning/src/location/install/imu_node:/home/nvidia/GoalPlanning/install/planning:/home/nvidia/GoalPlanning/install/cmd_car:/opt/ros/foxy LD_LIBRARY_PATH=/home/nvidia/GoalPlanning/src/location/install/serial/lib:/home/nvidia/GoalPlanning/src/location/install/imu_msgs/lib:/usr/local/cuda-11.4/lib64:/home/nvidia/GoalPlanning/install/serial/lib:/home/nvidia/GoalPlanning/install/rslidar_msg/lib:/home/nvidia/GoalPlanning/install/imu_msgs/lib:/home/nvidia/GoalPlanning/install/car_msg/lib:/usr/lib/aarch64-linux-gnu/gazebo-11/plugins:/opt/ros/foxy/opt/yaml_cpp_vendor/lib:/opt/ros/foxy/opt/rviz_ogre_vendor/lib:/opt/ros/foxy/lib/aarch64-linux-gnu:/opt/ros/foxy/lib /usr/bin/cmake --install /home/nvidia/GoalPlanning/src/location/build/imu_node
[13.406s] Level 1:colcon.colcon_core.environment:checking '/home/nvidia/GoalPlanning/src/location/install/imu_node' for CMake config files
[13.406s] Level 1:colcon.colcon_core.shell:create_environment_hook('imu_node', 'cmake_prefix_path')
[13.407s] INFO:colcon.colcon_core.shell:Creating environment hook '/home/nvidia/GoalPlanning/src/location/install/imu_node/share/imu_node/hook/cmake_prefix_path.ps1'
[13.408s] INFO:colcon.colcon_core.shell:Creating environment descriptor '/home/nvidia/GoalPlanning/src/location/install/imu_node/share/imu_node/hook/cmake_prefix_path.dsv'
[13.409s] INFO:colcon.colcon_core.shell:Creating environment hook '/home/nvidia/GoalPlanning/src/location/install/imu_node/share/imu_node/hook/cmake_prefix_path.sh'
[13.410s] Level 1:colcon.colcon_core.environment:checking '/home/nvidia/GoalPlanning/src/location/install/imu_node/lib'
[13.410s] Level 1:colcon.colcon_core.environment:checking '/home/nvidia/GoalPlanning/src/location/install/imu_node/bin'
[13.411s] Level 1:colcon.colcon_core.environment:checking '/home/nvidia/GoalPlanning/src/location/install/imu_node/lib/pkgconfig/imu_node.pc'
[13.411s] Level 1:colcon.colcon_core.environment:checking '/home/nvidia/GoalPlanning/src/location/install/imu_node/lib/python3.8/site-packages'
[13.411s] Level 1:colcon.colcon_core.environment:checking '/home/nvidia/GoalPlanning/src/location/install/imu_node/bin'
[13.412s] INFO:colcon.colcon_core.shell:Creating package script '/home/nvidia/GoalPlanning/src/location/install/imu_node/share/imu_node/package.ps1'
[13.413s] INFO:colcon.colcon_core.shell:Creating package descriptor '/home/nvidia/GoalPlanning/src/location/install/imu_node/share/imu_node/package.dsv'
[13.414s] INFO:colcon.colcon_core.shell:Creating package script '/home/nvidia/GoalPlanning/src/location/install/imu_node/share/imu_node/package.sh'
[13.415s] INFO:colcon.colcon_core.shell:Creating package script '/home/nvidia/GoalPlanning/src/location/install/imu_node/share/imu_node/package.bash'
[13.416s] INFO:colcon.colcon_core.shell:Creating package script '/home/nvidia/GoalPlanning/src/location/install/imu_node/share/imu_node/package.zsh'
[13.416s] Level 1:colcon.colcon_core.environment:create_file_with_runtime_dependencies(/home/nvidia/GoalPlanning/src/location/install/imu_node/share/colcon-core/packages/imu_node)
[13.479s] Level 1:colcon.colcon_core.environment:create_environment_scripts_only(imu_node)
[13.480s] Level 1:colcon.colcon_core.environment:checking '/home/nvidia/GoalPlanning/src/location/install/imu_node' for CMake module files
[13.481s] Level 1:colcon.colcon_core.environment:checking '/home/nvidia/GoalPlanning/src/location/install/imu_node' for CMake config files
[13.482s] Level 1:colcon.colcon_core.shell:create_environment_hook('imu_node', 'cmake_prefix_path')
[13.482s] INFO:colcon.colcon_core.shell:Creating environment hook '/home/nvidia/GoalPlanning/src/location/install/imu_node/share/imu_node/hook/cmake_prefix_path.ps1'
[13.483s] INFO:colcon.colcon_core.shell:Creating environment descriptor '/home/nvidia/GoalPlanning/src/location/install/imu_node/share/imu_node/hook/cmake_prefix_path.dsv'
[13.484s] INFO:colcon.colcon_core.shell:Creating environment hook '/home/nvidia/GoalPlanning/src/location/install/imu_node/share/imu_node/hook/cmake_prefix_path.sh'
[13.485s] Level 1:colcon.colcon_core.environment:checking '/home/nvidia/GoalPlanning/src/location/install/imu_node/lib'
[13.486s] Level 1:colcon.colcon_core.environment:checking '/home/nvidia/GoalPlanning/src/location/install/imu_node/bin'
[13.486s] Level 1:colcon.colcon_core.environment:checking '/home/nvidia/GoalPlanning/src/location/install/imu_node/lib/pkgconfig/imu_node.pc'
[13.486s] Level 1:colcon.colcon_core.environment:checking '/home/nvidia/GoalPlanning/src/location/install/imu_node/lib/python3.8/site-packages'
[13.487s] Level 1:colcon.colcon_core.environment:checking '/home/nvidia/GoalPlanning/src/location/install/imu_node/bin'
[13.487s] INFO:colcon.colcon_core.shell:Creating package script '/home/nvidia/GoalPlanning/src/location/install/imu_node/share/imu_node/package.ps1'
[13.489s] INFO:colcon.colcon_core.shell:Creating package descriptor '/home/nvidia/GoalPlanning/src/location/install/imu_node/share/imu_node/package.dsv'
[13.490s] INFO:colcon.colcon_core.shell:Creating package script '/home/nvidia/GoalPlanning/src/location/install/imu_node/share/imu_node/package.sh'
[13.490s] INFO:colcon.colcon_core.shell:Creating package script '/home/nvidia/GoalPlanning/src/location/install/imu_node/share/imu_node/package.bash'
[13.491s] INFO:colcon.colcon_core.shell:Creating package script '/home/nvidia/GoalPlanning/src/location/install/imu_node/share/imu_node/package.zsh'
[13.492s] Level 1:colcon.colcon_core.environment:create_file_with_runtime_dependencies(/home/nvidia/GoalPlanning/src/location/install/imu_node/share/colcon-core/packages/imu_node)
[13.493s] DEBUG:colcon.colcon_parallel_executor.executor.parallel:closing loop
[13.493s] DEBUG:colcon.colcon_parallel_executor.executor.parallel:loop closed
[13.494s] DEBUG:colcon.colcon_parallel_executor.executor.parallel:run_until_complete finished with '0'
[13.495s] DEBUG:colcon.colcon_core.event_reactor:joining thread
[13.512s] INFO:colcon.colcon_core.plugin_system:Skipping extension 'colcon_notification.desktop_notification.terminal_notifier': Not used on non-Darwin systems
[13.512s] INFO:colcon.colcon_core.plugin_system:Skipping extension 'colcon_notification.desktop_notification.win32': Not used on non-Windows systems
[13.512s] INFO:colcon.colcon_notification.desktop_notification:Sending desktop notification using 'notify2'
[13.513s] DEBUG:colcon.colcon_notification.desktop_notification.notify2:Failed to initialize notify2: org.freedesktop.DBus.Error.NotSupported: Unable to autolaunch a dbus-daemon without a $DISPLAY for X11
[13.513s] DEBUG:colcon.colcon_core.event_reactor:joined thread
[13.514s] INFO:colcon.colcon_core.shell:Creating prefix script '/home/nvidia/GoalPlanning/src/location/install/local_setup.ps1'
[13.516s] INFO:colcon.colcon_core.shell:Creating prefix util module '/home/nvidia/GoalPlanning/src/location/install/_local_setup_util_ps1.py'
[13.519s] INFO:colcon.colcon_core.shell:Creating prefix chain script '/home/nvidia/GoalPlanning/src/location/install/setup.ps1'
[13.522s] INFO:colcon.colcon_core.shell:Creating prefix script '/home/nvidia/GoalPlanning/src/location/install/local_setup.sh'
[13.524s] INFO:colcon.colcon_core.shell:Creating prefix util module '/home/nvidia/GoalPlanning/src/location/install/_local_setup_util_sh.py'
[13.525s] INFO:colcon.colcon_core.shell:Creating prefix chain script '/home/nvidia/GoalPlanning/src/location/install/setup.sh'
[13.528s] INFO:colcon.colcon_core.shell:Creating prefix script '/home/nvidia/GoalPlanning/src/location/install/local_setup.bash'
[13.529s] INFO:colcon.colcon_core.shell:Creating prefix chain script '/home/nvidia/GoalPlanning/src/location/install/setup.bash'
[13.532s] INFO:colcon.colcon_core.shell:Creating prefix script '/home/nvidia/GoalPlanning/src/location/install/local_setup.zsh'
[13.533s] INFO:colcon.colcon_core.shell:Creating prefix chain script '/home/nvidia/GoalPlanning/src/location/install/setup.zsh'
