[35m[1mScanning dependencies of target imu_pub[0m
[ 20%] [32mBuilding CXX object CMakeFiles/imu_pub.dir/src/imu_pub.cpp.o[0m
[ 40%] [32m[1mLinking CXX executable imu_pub[0m
[100%] Built target imu_pub
-- Install configuration: ""
-- Up-to-date: /home/nvidia/GoalPlanning/src/location/install/imu_node/share/imu_node/launch
-- Up-to-date: /home/nvidia/GoalPlanning/src/location/install/imu_node/share/imu_node/launch/__pycache__
-- Up-to-date: /home/nvidia/GoalPlanning/src/location/install/imu_node/share/imu_node/launch/__pycache__/imu_node.launch.cpython-310.pyc
-- Up-to-date: /home/nvidia/GoalPlanning/src/location/install/imu_node/share/imu_node/launch/imu_node.launch.py
-- Installing: /home/nvidia/GoalPlanning/src/location/install/imu_node/lib/imu_node/imu_pub
-- Set runtime path of "/home/nvidia/GoalPlanning/src/location/install/imu_node/lib/imu_node/imu_pub" to ""
-- Up-to-date: /home/nvidia/GoalPlanning/src/location/install/imu_node/share/ament_index/resource_index/package_run_dependencies/imu_node
-- Up-to-date: /home/nvidia/GoalPlanning/src/location/install/imu_node/share/ament_index/resource_index/parent_prefix_path/imu_node
-- Up-to-date: /home/nvidia/GoalPlanning/src/location/install/imu_node/share/imu_node/environment/ament_prefix_path.sh
-- Up-to-date: /home/nvidia/GoalPlanning/src/location/install/imu_node/share/imu_node/environment/ament_prefix_path.dsv
-- Up-to-date: /home/nvidia/GoalPlanning/src/location/install/imu_node/share/imu_node/environment/path.sh
-- Up-to-date: /home/nvidia/GoalPlanning/src/location/install/imu_node/share/imu_node/environment/path.dsv
-- Up-to-date: /home/nvidia/GoalPlanning/src/location/install/imu_node/share/imu_node/local_setup.bash
-- Up-to-date: /home/nvidia/GoalPlanning/src/location/install/imu_node/share/imu_node/local_setup.sh
-- Up-to-date: /home/nvidia/GoalPlanning/src/location/install/imu_node/share/imu_node/local_setup.zsh
-- Up-to-date: /home/nvidia/GoalPlanning/src/location/install/imu_node/share/imu_node/local_setup.dsv
-- Installing: /home/nvidia/GoalPlanning/src/location/install/imu_node/share/imu_node/package.dsv
-- Up-to-date: /home/nvidia/GoalPlanning/src/location/install/imu_node/share/ament_index/resource_index/packages/imu_node
-- Up-to-date: /home/nvidia/GoalPlanning/src/location/install/imu_node/share/imu_node/cmake/imu_nodeConfig.cmake
-- Up-to-date: /home/nvidia/GoalPlanning/src/location/install/imu_node/share/imu_node/cmake/imu_nodeConfig-version.cmake
-- Up-to-date: /home/nvidia/GoalPlanning/src/location/install/imu_node/share/imu_node/package.xml
