[0.039s] Invoking command in '/home/nvidia/GoalPlanning/src/location/build/imu_node': CMAKE_PREFIX_PATH=/home/nvidia/GoalPlanning/src/location/install/serial:/home/nvidia/GoalPlanning/src/location/install/imu_msgs:/home/nvidia/GoalPlanning/install/serial:/home/nvidia/GoalPlanning/install/rslidar_sdk:/home/nvidia/GoalPlanning/install/rslidar_msg:/home/nvidia/GoalPlanning/install/location:/home/nvidia/GoalPlanning/install/imu_node:/home/nvidia/GoalPlanning/install/imu_msgs:/home/nvidia/GoalPlanning/install/cmd_car_cpp:/home/nvidia/GoalPlanning/install/car_msg:/home/nvidia/GoalPlanning/src/location/install/location:/home/nvidia/GoalPlanning/src/location/install/imu_node:/home/nvidia/GoalPlanning/install/planning:/home/nvidia/GoalPlanning/install/cmd_car:/opt/ros/foxy LD_LIBRARY_PATH=/home/nvidia/GoalPlanning/src/location/install/serial/lib:/home/nvidia/GoalPlanning/src/location/install/imu_msgs/lib:/usr/local/cuda-11.4/lib64:/home/nvidia/GoalPlanning/install/serial/lib:/home/nvidia/GoalPlanning/install/rslidar_msg/lib:/home/nvidia/GoalPlanning/install/imu_msgs/lib:/home/nvidia/GoalPlanning/install/car_msg/lib:/usr/lib/aarch64-linux-gnu/gazebo-11/plugins:/opt/ros/foxy/opt/yaml_cpp_vendor/lib:/opt/ros/foxy/opt/rviz_ogre_vendor/lib:/opt/ros/foxy/lib/aarch64-linux-gnu:/opt/ros/foxy/lib /usr/bin/cmake --build /home/nvidia/GoalPlanning/src/location/build/imu_node -- -j8 -l8
[0.135s] [35m[1mScanning dependencies of target imu_pub[0m
[0.194s] [ 20%] [32mBuilding CXX object CMakeFiles/imu_pub.dir/src/imu_pub.cpp.o[0m
[10.386s] [ 40%] [32m[1mLinking CXX executable imu_pub[0m
[10.842s] [100%] Built target imu_pub
[10.867s] Invoked command in '/home/nvidia/GoalPlanning/src/location/build/imu_node' returned '0': CMAKE_PREFIX_PATH=/home/nvidia/GoalPlanning/src/location/install/serial:/home/nvidia/GoalPlanning/src/location/install/imu_msgs:/home/nvidia/GoalPlanning/install/serial:/home/nvidia/GoalPlanning/install/rslidar_sdk:/home/nvidia/GoalPlanning/install/rslidar_msg:/home/nvidia/GoalPlanning/install/location:/home/nvidia/GoalPlanning/install/imu_node:/home/nvidia/GoalPlanning/install/imu_msgs:/home/nvidia/GoalPlanning/install/cmd_car_cpp:/home/nvidia/GoalPlanning/install/car_msg:/home/nvidia/GoalPlanning/src/location/install/location:/home/nvidia/GoalPlanning/src/location/install/imu_node:/home/nvidia/GoalPlanning/install/planning:/home/nvidia/GoalPlanning/install/cmd_car:/opt/ros/foxy LD_LIBRARY_PATH=/home/nvidia/GoalPlanning/src/location/install/serial/lib:/home/nvidia/GoalPlanning/src/location/install/imu_msgs/lib:/usr/local/cuda-11.4/lib64:/home/nvidia/GoalPlanning/install/serial/lib:/home/nvidia/GoalPlanning/install/rslidar_msg/lib:/home/nvidia/GoalPlanning/install/imu_msgs/lib:/home/nvidia/GoalPlanning/install/car_msg/lib:/usr/lib/aarch64-linux-gnu/gazebo-11/plugins:/opt/ros/foxy/opt/yaml_cpp_vendor/lib:/opt/ros/foxy/opt/rviz_ogre_vendor/lib:/opt/ros/foxy/lib/aarch64-linux-gnu:/opt/ros/foxy/lib /usr/bin/cmake --build /home/nvidia/GoalPlanning/src/location/build/imu_node -- -j8 -l8
[10.934s] Invoking command in '/home/nvidia/GoalPlanning/src/location/build/imu_node': CMAKE_PREFIX_PATH=/home/nvidia/GoalPlanning/src/location/install/serial:/home/nvidia/GoalPlanning/src/location/install/imu_msgs:/home/nvidia/GoalPlanning/install/serial:/home/nvidia/GoalPlanning/install/rslidar_sdk:/home/nvidia/GoalPlanning/install/rslidar_msg:/home/nvidia/GoalPlanning/install/location:/home/nvidia/GoalPlanning/install/imu_node:/home/nvidia/GoalPlanning/install/imu_msgs:/home/nvidia/GoalPlanning/install/cmd_car_cpp:/home/nvidia/GoalPlanning/install/car_msg:/home/nvidia/GoalPlanning/src/location/install/location:/home/nvidia/GoalPlanning/src/location/install/imu_node:/home/nvidia/GoalPlanning/install/planning:/home/nvidia/GoalPlanning/install/cmd_car:/opt/ros/foxy LD_LIBRARY_PATH=/home/nvidia/GoalPlanning/src/location/install/serial/lib:/home/nvidia/GoalPlanning/src/location/install/imu_msgs/lib:/usr/local/cuda-11.4/lib64:/home/nvidia/GoalPlanning/install/serial/lib:/home/nvidia/GoalPlanning/install/rslidar_msg/lib:/home/nvidia/GoalPlanning/install/imu_msgs/lib:/home/nvidia/GoalPlanning/install/car_msg/lib:/usr/lib/aarch64-linux-gnu/gazebo-11/plugins:/opt/ros/foxy/opt/yaml_cpp_vendor/lib:/opt/ros/foxy/opt/rviz_ogre_vendor/lib:/opt/ros/foxy/lib/aarch64-linux-gnu:/opt/ros/foxy/lib /usr/bin/cmake --install /home/nvidia/GoalPlanning/src/location/build/imu_node
[10.955s] -- Install configuration: ""
[10.955s] -- Up-to-date: /home/nvidia/GoalPlanning/src/location/install/imu_node/share/imu_node/launch
[10.956s] -- Up-to-date: /home/nvidia/GoalPlanning/src/location/install/imu_node/share/imu_node/launch/__pycache__
[10.956s] -- Up-to-date: /home/nvidia/GoalPlanning/src/location/install/imu_node/share/imu_node/launch/__pycache__/imu_node.launch.cpython-310.pyc
[10.956s] -- Up-to-date: /home/nvidia/GoalPlanning/src/location/install/imu_node/share/imu_node/launch/imu_node.launch.py
[10.956s] -- Installing: /home/nvidia/GoalPlanning/src/location/install/imu_node/lib/imu_node/imu_pub
[10.960s] -- Set runtime path of "/home/nvidia/GoalPlanning/src/location/install/imu_node/lib/imu_node/imu_pub" to ""
[10.961s] -- Up-to-date: /home/nvidia/GoalPlanning/src/location/install/imu_node/share/ament_index/resource_index/package_run_dependencies/imu_node
[10.961s] -- Up-to-date: /home/nvidia/GoalPlanning/src/location/install/imu_node/share/ament_index/resource_index/parent_prefix_path/imu_node
[10.961s] -- Up-to-date: /home/nvidia/GoalPlanning/src/location/install/imu_node/share/imu_node/environment/ament_prefix_path.sh
[10.961s] -- Up-to-date: /home/nvidia/GoalPlanning/src/location/install/imu_node/share/imu_node/environment/ament_prefix_path.dsv
[10.961s] -- Up-to-date: /home/nvidia/GoalPlanning/src/location/install/imu_node/share/imu_node/environment/path.sh
[10.961s] -- Up-to-date: /home/nvidia/GoalPlanning/src/location/install/imu_node/share/imu_node/environment/path.dsv
[10.962s] -- Up-to-date: /home/nvidia/GoalPlanning/src/location/install/imu_node/share/imu_node/local_setup.bash
[10.962s] -- Up-to-date: /home/nvidia/GoalPlanning/src/location/install/imu_node/share/imu_node/local_setup.sh
[10.962s] -- Up-to-date: /home/nvidia/GoalPlanning/src/location/install/imu_node/share/imu_node/local_setup.zsh
[10.962s] -- Up-to-date: /home/nvidia/GoalPlanning/src/location/install/imu_node/share/imu_node/local_setup.dsv
[10.962s] -- Installing: /home/nvidia/GoalPlanning/src/location/install/imu_node/share/imu_node/package.dsv
[10.962s] -- Up-to-date: /home/nvidia/GoalPlanning/src/location/install/imu_node/share/ament_index/resource_index/packages/imu_node
[10.962s] -- Up-to-date: /home/nvidia/GoalPlanning/src/location/install/imu_node/share/imu_node/cmake/imu_nodeConfig.cmake
[10.963s] -- Up-to-date: /home/nvidia/GoalPlanning/src/location/install/imu_node/share/imu_node/cmake/imu_nodeConfig-version.cmake
[10.963s] -- Up-to-date: /home/nvidia/GoalPlanning/src/location/install/imu_node/share/imu_node/package.xml
[10.968s] Invoked command in '/home/nvidia/GoalPlanning/src/location/build/imu_node' returned '0': CMAKE_PREFIX_PATH=/home/nvidia/GoalPlanning/src/location/install/serial:/home/nvidia/GoalPlanning/src/location/install/imu_msgs:/home/nvidia/GoalPlanning/install/serial:/home/nvidia/GoalPlanning/install/rslidar_sdk:/home/nvidia/GoalPlanning/install/rslidar_msg:/home/nvidia/GoalPlanning/install/location:/home/nvidia/GoalPlanning/install/imu_node:/home/nvidia/GoalPlanning/install/imu_msgs:/home/nvidia/GoalPlanning/install/cmd_car_cpp:/home/nvidia/GoalPlanning/install/car_msg:/home/nvidia/GoalPlanning/src/location/install/location:/home/nvidia/GoalPlanning/src/location/install/imu_node:/home/nvidia/GoalPlanning/install/planning:/home/nvidia/GoalPlanning/install/cmd_car:/opt/ros/foxy LD_LIBRARY_PATH=/home/nvidia/GoalPlanning/src/location/install/serial/lib:/home/nvidia/GoalPlanning/src/location/install/imu_msgs/lib:/usr/local/cuda-11.4/lib64:/home/nvidia/GoalPlanning/install/serial/lib:/home/nvidia/GoalPlanning/install/rslidar_msg/lib:/home/nvidia/GoalPlanning/install/imu_msgs/lib:/home/nvidia/GoalPlanning/install/car_msg/lib:/usr/lib/aarch64-linux-gnu/gazebo-11/plugins:/opt/ros/foxy/opt/yaml_cpp_vendor/lib:/opt/ros/foxy/opt/rviz_ogre_vendor/lib:/opt/ros/foxy/lib/aarch64-linux-gnu:/opt/ros/foxy/lib /usr/bin/cmake --install /home/nvidia/GoalPlanning/src/location/build/imu_node
