[0.043s] Invoking command in '/home/nvidia/GoalPlanning/src/location/build/location': CMAKE_PREFIX_PATH=/home/nvidia/GoalPlanning/src/location/install/imu_msgs:/home/nvidia/GoalPlanning/src/location/install/serial:/home/nvidia/GoalPlanning/src/location/install/location:/home/nvidia/GoalPlanning/src/location/install/imu_node:/home/nvidia/GoalPlanning/install/serial:/home/nvidia/GoalPlanning/install/rslidar_sdk:/home/nvidia/GoalPlanning/install/rslidar_msg:/home/nvidia/GoalPlanning/install/location:/home/nvidia/GoalPlanning/install/imu_node:/home/nvidia/GoalPlanning/install/imu_msgs:/home/nvidia/GoalPlanning/install/cmd_car_cpp:/home/nvidia/GoalPlanning/install/car_msg:/home/nvidia/GoalPlanning/install/planning:/home/nvidia/GoalPlanning/install/cmd_car:/opt/ros/foxy CONDA_PROMPT_MODIFIER=(base) LD_LIBRARY_PATH=/home/nvidia/GoalPlanning/src/location/install/imu_msgs/lib:/home/nvidia/GoalPlanning/src/location/install/serial/lib:/home/nvidia/GoalPlanning/install/serial/lib:/home/nvidia/GoalPlanning/install/rslidar_msg/lib:/home/nvidia/GoalPlanning/install/imu_msgs/lib:/home/nvidia/GoalPlanning/install/car_msg/lib:/usr/local/cuda-11.4/lib64:/usr/lib/aarch64-linux-gnu/gazebo-11/plugins:/opt/ros/foxy/opt/yaml_cpp_vendor/lib:/opt/ros/foxy/opt/rviz_ogre_vendor/lib:/opt/ros/foxy/lib/aarch64-linux-gnu:/opt/ros/foxy/lib:/usr/local/cuda-11.4/lib64 /usr/bin/cmake --build /home/nvidia/GoalPlanning/src/location/build/location -- -j8 -l8
[0.147s] [35m[1mScanning dependencies of target location_node[0m
[0.218s] [ 50%] [32mBuilding CXX object CMakeFiles/location_node.dir/src/location_node.cpp.o[0m
[3.616s] [01m[K/home/nvidia/GoalPlanning/src/location/src/location/src/location_node.cpp:[m[K In member function ‘[01m[Kvoid location::imu_topic_callback(imu_msgs::msg::Imu_<std::allocator<void> >::SharedPtr)[m[K’:
[3.617s] [01m[K/home/nvidia/GoalPlanning/src/location/src/location/src/location_node.cpp:135:65:[m[K [01;35m[Kwarning: [m[Kunused parameter ‘[01m[Kmsg[m[K’ [[01;35m[K-Wunused-parameter[m[K]
[3.617s]   135 | c_callback([01;35m[Kconst imu_msgs::msg::Imu::SharedPtr msg[m[K) {
[3.617s]       |            [01;35m[K~~~~~~~~~~~~~~~~~~~~~~~~~~~~~~~~~~~~^~~[m[K
[3.617s] 
[15.582s] [100%] [32m[1mLinking CXX executable location_node[0m
[16.191s] [100%] Built target location_node
[16.218s] Invoked command in '/home/nvidia/GoalPlanning/src/location/build/location' returned '0': CMAKE_PREFIX_PATH=/home/nvidia/GoalPlanning/src/location/install/imu_msgs:/home/nvidia/GoalPlanning/src/location/install/serial:/home/nvidia/GoalPlanning/src/location/install/location:/home/nvidia/GoalPlanning/src/location/install/imu_node:/home/nvidia/GoalPlanning/install/serial:/home/nvidia/GoalPlanning/install/rslidar_sdk:/home/nvidia/GoalPlanning/install/rslidar_msg:/home/nvidia/GoalPlanning/install/location:/home/nvidia/GoalPlanning/install/imu_node:/home/nvidia/GoalPlanning/install/imu_msgs:/home/nvidia/GoalPlanning/install/cmd_car_cpp:/home/nvidia/GoalPlanning/install/car_msg:/home/nvidia/GoalPlanning/install/planning:/home/nvidia/GoalPlanning/install/cmd_car:/opt/ros/foxy CONDA_PROMPT_MODIFIER=(base) LD_LIBRARY_PATH=/home/nvidia/GoalPlanning/src/location/install/imu_msgs/lib:/home/nvidia/GoalPlanning/src/location/install/serial/lib:/home/nvidia/GoalPlanning/install/serial/lib:/home/nvidia/GoalPlanning/install/rslidar_msg/lib:/home/nvidia/GoalPlanning/install/imu_msgs/lib:/home/nvidia/GoalPlanning/install/car_msg/lib:/usr/local/cuda-11.4/lib64:/usr/lib/aarch64-linux-gnu/gazebo-11/plugins:/opt/ros/foxy/opt/yaml_cpp_vendor/lib:/opt/ros/foxy/opt/rviz_ogre_vendor/lib:/opt/ros/foxy/lib/aarch64-linux-gnu:/opt/ros/foxy/lib:/usr/local/cuda-11.4/lib64 /usr/bin/cmake --build /home/nvidia/GoalPlanning/src/location/build/location -- -j8 -l8
[16.275s] Invoking command in '/home/nvidia/GoalPlanning/src/location/build/location': CMAKE_PREFIX_PATH=/home/nvidia/GoalPlanning/src/location/install/imu_msgs:/home/nvidia/GoalPlanning/src/location/install/serial:/home/nvidia/GoalPlanning/src/location/install/location:/home/nvidia/GoalPlanning/src/location/install/imu_node:/home/nvidia/GoalPlanning/install/serial:/home/nvidia/GoalPlanning/install/rslidar_sdk:/home/nvidia/GoalPlanning/install/rslidar_msg:/home/nvidia/GoalPlanning/install/location:/home/nvidia/GoalPlanning/install/imu_node:/home/nvidia/GoalPlanning/install/imu_msgs:/home/nvidia/GoalPlanning/install/cmd_car_cpp:/home/nvidia/GoalPlanning/install/car_msg:/home/nvidia/GoalPlanning/install/planning:/home/nvidia/GoalPlanning/install/cmd_car:/opt/ros/foxy CONDA_PROMPT_MODIFIER=(base) LD_LIBRARY_PATH=/home/nvidia/GoalPlanning/src/location/install/imu_msgs/lib:/home/nvidia/GoalPlanning/src/location/install/serial/lib:/home/nvidia/GoalPlanning/install/serial/lib:/home/nvidia/GoalPlanning/install/rslidar_msg/lib:/home/nvidia/GoalPlanning/install/imu_msgs/lib:/home/nvidia/GoalPlanning/install/car_msg/lib:/usr/local/cuda-11.4/lib64:/usr/lib/aarch64-linux-gnu/gazebo-11/plugins:/opt/ros/foxy/opt/yaml_cpp_vendor/lib:/opt/ros/foxy/opt/rviz_ogre_vendor/lib:/opt/ros/foxy/lib/aarch64-linux-gnu:/opt/ros/foxy/lib:/usr/local/cuda-11.4/lib64 /usr/bin/cmake --install /home/nvidia/GoalPlanning/src/location/build/location
[16.296s] -- Install configuration: ""
[16.296s] -- Up-to-date: /home/nvidia/GoalPlanning/src/location/install/location/share/location/launch
[16.297s] -- Up-to-date: /home/nvidia/GoalPlanning/src/location/install/location/share/location/launch/location.launch.py
[16.297s] -- Installing: /home/nvidia/GoalPlanning/src/location/install/location/lib/location/location_node
[16.304s] -- Set runtime path of "/home/nvidia/GoalPlanning/src/location/install/location/lib/location/location_node" to ""
[16.305s] -- Up-to-date: /home/nvidia/GoalPlanning/src/location/install/location/share/ament_index/resource_index/package_run_dependencies/location
[16.305s] -- Up-to-date: /home/nvidia/GoalPlanning/src/location/install/location/share/ament_index/resource_index/parent_prefix_path/location
[16.306s] -- Up-to-date: /home/nvidia/GoalPlanning/src/location/install/location/share/location/environment/ament_prefix_path.sh
[16.306s] -- Up-to-date: /home/nvidia/GoalPlanning/src/location/install/location/share/location/environment/ament_prefix_path.dsv
[16.306s] -- Up-to-date: /home/nvidia/GoalPlanning/src/location/install/location/share/location/environment/path.sh
[16.306s] -- Up-to-date: /home/nvidia/GoalPlanning/src/location/install/location/share/location/environment/path.dsv
[16.306s] -- Up-to-date: /home/nvidia/GoalPlanning/src/location/install/location/share/location/local_setup.bash
[16.307s] -- Up-to-date: /home/nvidia/GoalPlanning/src/location/install/location/share/location/local_setup.sh
[16.307s] -- Up-to-date: /home/nvidia/GoalPlanning/src/location/install/location/share/location/local_setup.zsh
[16.307s] -- Up-to-date: /home/nvidia/GoalPlanning/src/location/install/location/share/location/local_setup.dsv
[16.307s] -- Installing: /home/nvidia/GoalPlanning/src/location/install/location/share/location/package.dsv
[16.307s] -- Up-to-date: /home/nvidia/GoalPlanning/src/location/install/location/share/ament_index/resource_index/packages/location
[16.307s] -- Up-to-date: /home/nvidia/GoalPlanning/src/location/install/location/share/location/cmake/locationConfig.cmake
[16.307s] -- Up-to-date: /home/nvidia/GoalPlanning/src/location/install/location/share/location/cmake/locationConfig-version.cmake
[16.308s] -- Up-to-date: /home/nvidia/GoalPlanning/src/location/install/location/share/location/package.xml
[16.313s] Invoked command in '/home/nvidia/GoalPlanning/src/location/build/location' returned '0': CMAKE_PREFIX_PATH=/home/nvidia/GoalPlanning/src/location/install/imu_msgs:/home/nvidia/GoalPlanning/src/location/install/serial:/home/nvidia/GoalPlanning/src/location/install/location:/home/nvidia/GoalPlanning/src/location/install/imu_node:/home/nvidia/GoalPlanning/install/serial:/home/nvidia/GoalPlanning/install/rslidar_sdk:/home/nvidia/GoalPlanning/install/rslidar_msg:/home/nvidia/GoalPlanning/install/location:/home/nvidia/GoalPlanning/install/imu_node:/home/nvidia/GoalPlanning/install/imu_msgs:/home/nvidia/GoalPlanning/install/cmd_car_cpp:/home/nvidia/GoalPlanning/install/car_msg:/home/nvidia/GoalPlanning/install/planning:/home/nvidia/GoalPlanning/install/cmd_car:/opt/ros/foxy CONDA_PROMPT_MODIFIER=(base) LD_LIBRARY_PATH=/home/nvidia/GoalPlanning/src/location/install/imu_msgs/lib:/home/nvidia/GoalPlanning/src/location/install/serial/lib:/home/nvidia/GoalPlanning/install/serial/lib:/home/nvidia/GoalPlanning/install/rslidar_msg/lib:/home/nvidia/GoalPlanning/install/imu_msgs/lib:/home/nvidia/GoalPlanning/install/car_msg/lib:/usr/local/cuda-11.4/lib64:/usr/lib/aarch64-linux-gnu/gazebo-11/plugins:/opt/ros/foxy/opt/yaml_cpp_vendor/lib:/opt/ros/foxy/opt/rviz_ogre_vendor/lib:/opt/ros/foxy/lib/aarch64-linux-gnu:/opt/ros/foxy/lib:/usr/local/cuda-11.4/lib64 /usr/bin/cmake --install /home/nvidia/GoalPlanning/src/location/build/location
