[0.043s] Invoking command in '/home/nvidia/GoalPlanning/src/location/build/imu_node': CMAKE_PREFIX_PATH=/home/nvidia/GoalPlanning/src/location/install/serial:/home/nvidia/GoalPlanning/src/location/install/imu_msgs:/home/nvidia/GoalPlanning/src/location/install/location:/home/nvidia/GoalPlanning/src/location/install/imu_node:/home/nvidia/GoalPlanning/install/serial:/home/nvidia/GoalPlanning/install/rslidar_sdk:/home/nvidia/GoalPlanning/install/rslidar_msg:/home/nvidia/GoalPlanning/install/location:/home/nvidia/GoalPlanning/install/imu_node:/home/nvidia/GoalPlanning/install/imu_msgs:/home/nvidia/GoalPlanning/install/cmd_car_cpp:/home/nvidia/GoalPlanning/install/car_msg:/home/nvidia/GoalPlanning/install/planning:/home/nvidia/GoalPlanning/install/cmd_car:/opt/ros/foxy CONDA_PROMPT_MODIFIER=(base) LD_LIBRARY_PATH=/home/nvidia/GoalPlanning/src/location/install/serial/lib:/home/nvidia/GoalPlanning/src/location/install/imu_msgs/lib:/home/nvidia/GoalPlanning/install/serial/lib:/home/nvidia/GoalPlanning/install/rslidar_msg/lib:/home/nvidia/GoalPlanning/install/imu_msgs/lib:/home/nvidia/GoalPlanning/install/car_msg/lib:/usr/local/cuda-11.4/lib64:/usr/lib/aarch64-linux-gnu/gazebo-11/plugins:/opt/ros/foxy/opt/yaml_cpp_vendor/lib:/opt/ros/foxy/opt/rviz_ogre_vendor/lib:/opt/ros/foxy/lib/aarch64-linux-gnu:/opt/ros/foxy/lib:/usr/local/cuda-11.4/lib64 /usr/bin/cmake --build /home/nvidia/GoalPlanning/src/location/build/imu_node -- -j8 -l8
[0.144s] [35m[1mScanning dependencies of target imu_pub[0m
[0.210s] [ 20%] [32mBuilding CXX object CMakeFiles/imu_pub.dir/src/imu_pub.cpp.o[0m
[11.193s] [ 40%] [32m[1mLinking CXX executable imu_pub[0m
[11.678s] [100%] Built target imu_pub
[11.705s] Invoked command in '/home/nvidia/GoalPlanning/src/location/build/imu_node' returned '0': CMAKE_PREFIX_PATH=/home/nvidia/GoalPlanning/src/location/install/serial:/home/nvidia/GoalPlanning/src/location/install/imu_msgs:/home/nvidia/GoalPlanning/src/location/install/location:/home/nvidia/GoalPlanning/src/location/install/imu_node:/home/nvidia/GoalPlanning/install/serial:/home/nvidia/GoalPlanning/install/rslidar_sdk:/home/nvidia/GoalPlanning/install/rslidar_msg:/home/nvidia/GoalPlanning/install/location:/home/nvidia/GoalPlanning/install/imu_node:/home/nvidia/GoalPlanning/install/imu_msgs:/home/nvidia/GoalPlanning/install/cmd_car_cpp:/home/nvidia/GoalPlanning/install/car_msg:/home/nvidia/GoalPlanning/install/planning:/home/nvidia/GoalPlanning/install/cmd_car:/opt/ros/foxy CONDA_PROMPT_MODIFIER=(base) LD_LIBRARY_PATH=/home/nvidia/GoalPlanning/src/location/install/serial/lib:/home/nvidia/GoalPlanning/src/location/install/imu_msgs/lib:/home/nvidia/GoalPlanning/install/serial/lib:/home/nvidia/GoalPlanning/install/rslidar_msg/lib:/home/nvidia/GoalPlanning/install/imu_msgs/lib:/home/nvidia/GoalPlanning/install/car_msg/lib:/usr/local/cuda-11.4/lib64:/usr/lib/aarch64-linux-gnu/gazebo-11/plugins:/opt/ros/foxy/opt/yaml_cpp_vendor/lib:/opt/ros/foxy/opt/rviz_ogre_vendor/lib:/opt/ros/foxy/lib/aarch64-linux-gnu:/opt/ros/foxy/lib:/usr/local/cuda-11.4/lib64 /usr/bin/cmake --build /home/nvidia/GoalPlanning/src/location/build/imu_node -- -j8 -l8
[11.777s] Invoking command in '/home/nvidia/GoalPlanning/src/location/build/imu_node': CMAKE_PREFIX_PATH=/home/nvidia/GoalPlanning/src/location/install/serial:/home/nvidia/GoalPlanning/src/location/install/imu_msgs:/home/nvidia/GoalPlanning/src/location/install/location:/home/nvidia/GoalPlanning/src/location/install/imu_node:/home/nvidia/GoalPlanning/install/serial:/home/nvidia/GoalPlanning/install/rslidar_sdk:/home/nvidia/GoalPlanning/install/rslidar_msg:/home/nvidia/GoalPlanning/install/location:/home/nvidia/GoalPlanning/install/imu_node:/home/nvidia/GoalPlanning/install/imu_msgs:/home/nvidia/GoalPlanning/install/cmd_car_cpp:/home/nvidia/GoalPlanning/install/car_msg:/home/nvidia/GoalPlanning/install/planning:/home/nvidia/GoalPlanning/install/cmd_car:/opt/ros/foxy CONDA_PROMPT_MODIFIER=(base) LD_LIBRARY_PATH=/home/nvidia/GoalPlanning/src/location/install/serial/lib:/home/nvidia/GoalPlanning/src/location/install/imu_msgs/lib:/home/nvidia/GoalPlanning/install/serial/lib:/home/nvidia/GoalPlanning/install/rslidar_msg/lib:/home/nvidia/GoalPlanning/install/imu_msgs/lib:/home/nvidia/GoalPlanning/install/car_msg/lib:/usr/local/cuda-11.4/lib64:/usr/lib/aarch64-linux-gnu/gazebo-11/plugins:/opt/ros/foxy/opt/yaml_cpp_vendor/lib:/opt/ros/foxy/opt/rviz_ogre_vendor/lib:/opt/ros/foxy/lib/aarch64-linux-gnu:/opt/ros/foxy/lib:/usr/local/cuda-11.4/lib64 /usr/bin/cmake --install /home/nvidia/GoalPlanning/src/location/build/imu_node
[11.798s] -- Install configuration: ""
[11.798s] -- Up-to-date: /home/nvidia/GoalPlanning/src/location/install/imu_node/share/imu_node/launch
[11.799s] -- Up-to-date: /home/nvidia/GoalPlanning/src/location/install/imu_node/share/imu_node/launch/__pycache__
[11.799s] -- Up-to-date: /home/nvidia/GoalPlanning/src/location/install/imu_node/share/imu_node/launch/__pycache__/imu_node.launch.cpython-310.pyc
[11.799s] -- Up-to-date: /home/nvidia/GoalPlanning/src/location/install/imu_node/share/imu_node/launch/imu_node.launch.py
[11.799s] -- Installing: /home/nvidia/GoalPlanning/src/location/install/imu_node/lib/imu_node/imu_pub
[11.802s] -- Set runtime path of "/home/nvidia/GoalPlanning/src/location/install/imu_node/lib/imu_node/imu_pub" to ""
[11.803s] -- Up-to-date: /home/nvidia/GoalPlanning/src/location/install/imu_node/share/ament_index/resource_index/package_run_dependencies/imu_node
[11.803s] -- Up-to-date: /home/nvidia/GoalPlanning/src/location/install/imu_node/share/ament_index/resource_index/parent_prefix_path/imu_node
[11.803s] -- Up-to-date: /home/nvidia/GoalPlanning/src/location/install/imu_node/share/imu_node/environment/ament_prefix_path.sh
[11.803s] -- Up-to-date: /home/nvidia/GoalPlanning/src/location/install/imu_node/share/imu_node/environment/ament_prefix_path.dsv
[11.804s] -- Up-to-date: /home/nvidia/GoalPlanning/src/location/install/imu_node/share/imu_node/environment/path.sh
[11.804s] -- Up-to-date: /home/nvidia/GoalPlanning/src/location/install/imu_node/share/imu_node/environment/path.dsv
[11.804s] -- Up-to-date: /home/nvidia/GoalPlanning/src/location/install/imu_node/share/imu_node/local_setup.bash
[11.804s] -- Up-to-date: /home/nvidia/GoalPlanning/src/location/install/imu_node/share/imu_node/local_setup.sh
[11.804s] -- Up-to-date: /home/nvidia/GoalPlanning/src/location/install/imu_node/share/imu_node/local_setup.zsh
[11.804s] -- Up-to-date: /home/nvidia/GoalPlanning/src/location/install/imu_node/share/imu_node/local_setup.dsv
[11.805s] -- Installing: /home/nvidia/GoalPlanning/src/location/install/imu_node/share/imu_node/package.dsv
[11.805s] -- Up-to-date: /home/nvidia/GoalPlanning/src/location/install/imu_node/share/ament_index/resource_index/packages/imu_node
[11.805s] -- Up-to-date: /home/nvidia/GoalPlanning/src/location/install/imu_node/share/imu_node/cmake/imu_nodeConfig.cmake
[11.805s] -- Up-to-date: /home/nvidia/GoalPlanning/src/location/install/imu_node/share/imu_node/cmake/imu_nodeConfig-version.cmake
[11.805s] -- Up-to-date: /home/nvidia/GoalPlanning/src/location/install/imu_node/share/imu_node/package.xml
[11.812s] Invoked command in '/home/nvidia/GoalPlanning/src/location/build/imu_node' returned '0': CMAKE_PREFIX_PATH=/home/nvidia/GoalPlanning/src/location/install/serial:/home/nvidia/GoalPlanning/src/location/install/imu_msgs:/home/nvidia/GoalPlanning/src/location/install/location:/home/nvidia/GoalPlanning/src/location/install/imu_node:/home/nvidia/GoalPlanning/install/serial:/home/nvidia/GoalPlanning/install/rslidar_sdk:/home/nvidia/GoalPlanning/install/rslidar_msg:/home/nvidia/GoalPlanning/install/location:/home/nvidia/GoalPlanning/install/imu_node:/home/nvidia/GoalPlanning/install/imu_msgs:/home/nvidia/GoalPlanning/install/cmd_car_cpp:/home/nvidia/GoalPlanning/install/car_msg:/home/nvidia/GoalPlanning/install/planning:/home/nvidia/GoalPlanning/install/cmd_car:/opt/ros/foxy CONDA_PROMPT_MODIFIER=(base) LD_LIBRARY_PATH=/home/nvidia/GoalPlanning/src/location/install/serial/lib:/home/nvidia/GoalPlanning/src/location/install/imu_msgs/lib:/home/nvidia/GoalPlanning/install/serial/lib:/home/nvidia/GoalPlanning/install/rslidar_msg/lib:/home/nvidia/GoalPlanning/install/imu_msgs/lib:/home/nvidia/GoalPlanning/install/car_msg/lib:/usr/local/cuda-11.4/lib64:/usr/lib/aarch64-linux-gnu/gazebo-11/plugins:/opt/ros/foxy/opt/yaml_cpp_vendor/lib:/opt/ros/foxy/opt/rviz_ogre_vendor/lib:/opt/ros/foxy/lib/aarch64-linux-gnu:/opt/ros/foxy/lib:/usr/local/cuda-11.4/lib64 /usr/bin/cmake --install /home/nvidia/GoalPlanning/src/location/build/imu_node
