[0.102s] Invoking command in '/home/nvidia/GoalPlanning/build/rslidar_msg': CMAKE_PREFIX_PATH=/opt/ros/foxy CONDA_PROMPT_MODIFIER=(base) /usr/bin/cmake --build /home/nvidia/GoalPlanning/build/rslidar_msg -- -j8 -l8
[1.414s] [  3%] Built target rslidar_msg__cpp
[1.415s] [ 12%] Built target rslidar_msg__rosidl_generator_c
[1.415s] [ 22%] Built target rslidar_msg__rosidl_typesupport_introspection_c
[1.415s] [ 32%] Built target rslidar_msg__rosidl_typesupport_introspection_cpp
[1.415s] [ 41%] Built target rslidar_msg__rosidl_typesupport_cpp
[1.416s] [ 51%] Built target rslidar_msg__rosidl_typesupport_fastrtps_cpp
[1.417s] [ 61%] Built target rslidar_msg__rosidl_typesupport_c
[1.419s] [ 70%] Built target rslidar_msg__rosidl_typesupport_fastrtps_c
[1.420s] [ 70%] Built target rslidar_msg
[1.420s] [ 74%] Built target rslidar_msg__py
[1.420s] [ 80%] Built target rslidar_msg__python
[1.420s] [ 87%] Built target rslidar_msg__rosidl_typesupport_c__pyext
[1.420s] [ 93%] Built target rslidar_msg__rosidl_typesupport_introspection_c__pyext
[1.420s] [100%] Built target rslidar_msg__rosidl_typesupport_fastrtps_c__pyext
[1.430s] Invoked command in '/home/nvidia/GoalPlanning/build/rslidar_msg' returned '0': CMAKE_PREFIX_PATH=/opt/ros/foxy CONDA_PROMPT_MODIFIER=(base) /usr/bin/cmake --build /home/nvidia/GoalPlanning/build/rslidar_msg -- -j8 -l8
[1.546s] Invoking command in '/home/nvidia/GoalPlanning/build/rslidar_msg': CMAKE_PREFIX_PATH=/opt/ros/foxy CONDA_PROMPT_MODIFIER=(base) /usr/bin/cmake --install /home/nvidia/GoalPlanning/build/rslidar_msg
[1.573s] -- Install configuration: ""
[1.574s] -- Up-to-date: /home/nvidia/GoalPlanning/install/rslidar_msg/share/ament_index/resource_index/rosidl_interfaces/rslidar_msg
[1.575s] -- Up-to-date: /home/nvidia/GoalPlanning/install/rslidar_msg/include/rslidar_msg
[1.575s] -- Up-to-date: /home/nvidia/GoalPlanning/install/rslidar_msg/include/rslidar_msg/msg
[1.576s] -- Up-to-date: /home/nvidia/GoalPlanning/install/rslidar_msg/include/rslidar_msg/msg/detail
[1.576s] -- Up-to-date: /home/nvidia/GoalPlanning/install/rslidar_msg/include/rslidar_msg/msg/detail/rslidar_packet__functions.c
[1.576s] -- Up-to-date: /home/nvidia/GoalPlanning/install/rslidar_msg/include/rslidar_msg/msg/detail/rslidar_packet__struct.h
[1.576s] -- Up-to-date: /home/nvidia/GoalPlanning/install/rslidar_msg/include/rslidar_msg/msg/detail/rslidar_packet__type_support.h
[1.576s] -- Up-to-date: /home/nvidia/GoalPlanning/install/rslidar_msg/include/rslidar_msg/msg/detail/rslidar_packet__functions.h
[1.576s] -- Up-to-date: /home/nvidia/GoalPlanning/install/rslidar_msg/include/rslidar_msg/msg/rosidl_generator_c__visibility_control.h
[1.576s] -- Up-to-date: /home/nvidia/GoalPlanning/install/rslidar_msg/include/rslidar_msg/msg/rslidar_packet.h
[1.577s] -- Up-to-date: /home/nvidia/GoalPlanning/install/rslidar_msg/share/rslidar_msg/environment/library_path.sh
[1.577s] -- Up-to-date: /home/nvidia/GoalPlanning/install/rslidar_msg/share/rslidar_msg/environment/library_path.dsv
[1.577s] -- Up-to-date: /home/nvidia/GoalPlanning/install/rslidar_msg/lib/librslidar_msg__rosidl_generator_c.so
[1.577s] -- Up-to-date: /home/nvidia/GoalPlanning/install/rslidar_msg/include/rslidar_msg
[1.577s] -- Up-to-date: /home/nvidia/GoalPlanning/install/rslidar_msg/include/rslidar_msg/msg
[1.577s] -- Up-to-date: /home/nvidia/GoalPlanning/install/rslidar_msg/include/rslidar_msg/msg/detail
[1.577s] -- Up-to-date: /home/nvidia/GoalPlanning/install/rslidar_msg/include/rslidar_msg/msg/detail/rslidar_packet__rosidl_typesupport_fastrtps_c.h
[1.577s] -- Up-to-date: /home/nvidia/GoalPlanning/install/rslidar_msg/include/rslidar_msg/msg/rosidl_typesupport_fastrtps_c__visibility_control.h
[1.578s] -- Up-to-date: /home/nvidia/GoalPlanning/install/rslidar_msg/lib/librslidar_msg__rosidl_typesupport_fastrtps_c.so
[1.578s] -- Up-to-date: /home/nvidia/GoalPlanning/install/rslidar_msg/include/rslidar_msg
[1.578s] -- Up-to-date: /home/nvidia/GoalPlanning/install/rslidar_msg/include/rslidar_msg/msg
[1.578s] -- Up-to-date: /home/nvidia/GoalPlanning/install/rslidar_msg/include/rslidar_msg/msg/detail
[1.578s] -- Up-to-date: /home/nvidia/GoalPlanning/install/rslidar_msg/include/rslidar_msg/msg/detail/rslidar_packet__rosidl_typesupport_fastrtps_cpp.hpp
[1.578s] -- Up-to-date: /home/nvidia/GoalPlanning/install/rslidar_msg/include/rslidar_msg/msg/detail/dds_fastrtps
[1.578s] -- Up-to-date: /home/nvidia/GoalPlanning/install/rslidar_msg/include/rslidar_msg/msg/rosidl_typesupport_fastrtps_cpp__visibility_control.h
[1.578s] -- Up-to-date: /home/nvidia/GoalPlanning/install/rslidar_msg/lib/librslidar_msg__rosidl_typesupport_fastrtps_cpp.so
[1.579s] -- Up-to-date: /home/nvidia/GoalPlanning/install/rslidar_msg/include/rslidar_msg
[1.579s] -- Up-to-date: /home/nvidia/GoalPlanning/install/rslidar_msg/include/rslidar_msg/msg
[1.579s] -- Up-to-date: /home/nvidia/GoalPlanning/install/rslidar_msg/include/rslidar_msg/msg/detail
[1.579s] -- Up-to-date: /home/nvidia/GoalPlanning/install/rslidar_msg/include/rslidar_msg/msg/detail/rslidar_packet__type_support.c
[1.579s] -- Up-to-date: /home/nvidia/GoalPlanning/install/rslidar_msg/include/rslidar_msg/msg/detail/rslidar_packet__rosidl_typesupport_introspection_c.h
[1.579s] -- Up-to-date: /home/nvidia/GoalPlanning/install/rslidar_msg/include/rslidar_msg/msg/rosidl_typesupport_introspection_c__visibility_control.h
[1.579s] -- Up-to-date: /home/nvidia/GoalPlanning/install/rslidar_msg/lib/librslidar_msg__rosidl_typesupport_introspection_c.so
[1.579s] -- Up-to-date: /home/nvidia/GoalPlanning/install/rslidar_msg/lib/librslidar_msg__rosidl_typesupport_c.so
[1.580s] -- Up-to-date: /home/nvidia/GoalPlanning/install/rslidar_msg/include/rslidar_msg
[1.580s] -- Up-to-date: /home/nvidia/GoalPlanning/install/rslidar_msg/include/rslidar_msg/msg
[1.580s] -- Up-to-date: /home/nvidia/GoalPlanning/install/rslidar_msg/include/rslidar_msg/msg/detail
[1.580s] -- Up-to-date: /home/nvidia/GoalPlanning/install/rslidar_msg/include/rslidar_msg/msg/detail/rslidar_packet__struct.hpp
[1.580s] -- Up-to-date: /home/nvidia/GoalPlanning/install/rslidar_msg/include/rslidar_msg/msg/detail/rslidar_packet__type_support.hpp
[1.580s] -- Up-to-date: /home/nvidia/GoalPlanning/install/rslidar_msg/include/rslidar_msg/msg/detail/rslidar_packet__builder.hpp
[1.580s] -- Up-to-date: /home/nvidia/GoalPlanning/install/rslidar_msg/include/rslidar_msg/msg/detail/rslidar_packet__traits.hpp
[1.581s] -- Up-to-date: /home/nvidia/GoalPlanning/install/rslidar_msg/include/rslidar_msg/msg/rosidl_generator_cpp__visibility_control.hpp
[1.581s] -- Up-to-date: /home/nvidia/GoalPlanning/install/rslidar_msg/include/rslidar_msg/msg/rslidar_packet.hpp
[1.581s] -- Up-to-date: /home/nvidia/GoalPlanning/install/rslidar_msg/include/rslidar_msg
[1.581s] -- Up-to-date: /home/nvidia/GoalPlanning/install/rslidar_msg/include/rslidar_msg/msg
[1.581s] -- Up-to-date: /home/nvidia/GoalPlanning/install/rslidar_msg/include/rslidar_msg/msg/detail
[1.581s] -- Up-to-date: /home/nvidia/GoalPlanning/install/rslidar_msg/include/rslidar_msg/msg/detail/rslidar_packet__type_support.cpp
[1.595s] -- Up-to-date: /home/nvidia/GoalPlanning/install/rslidar_msg/include/rslidar_msg/msg/detail/rslidar_packet__rosidl_typesupport_introspection_cpp.hpp
[1.599s] -- Up-to-date: /home/nvidia/GoalPlanning/install/rslidar_msg/lib/librslidar_msg__rosidl_typesupport_introspection_cpp.so
[1.605s] -- Up-to-date: /home/nvidia/GoalPlanning/install/rslidar_msg/lib/librslidar_msg__rosidl_typesupport_cpp.so
[1.605s] -- Up-to-date: /home/nvidia/GoalPlanning/install/rslidar_msg/share/rslidar_msg/environment/pythonpath.sh
[1.606s] -- Up-to-date: /home/nvidia/GoalPlanning/install/rslidar_msg/share/rslidar_msg/environment/pythonpath.dsv
[1.606s] -- Up-to-date: /home/nvidia/GoalPlanning/install/rslidar_msg/lib/python3.8/site-packages/rslidar_msg/__init__.py
[1.660s] -- Up-to-date: /home/nvidia/GoalPlanning/install/rslidar_msg/lib/python3.8/site-packages/rslidar_msg/msg
[1.661s] -- Up-to-date: /home/nvidia/GoalPlanning/install/rslidar_msg/lib/python3.8/site-packages/rslidar_msg/msg/__init__.py
[1.661s] -- Up-to-date: /home/nvidia/GoalPlanning/install/rslidar_msg/lib/python3.8/site-packages/rslidar_msg/msg/_rslidar_packet.py
[1.661s] -- Up-to-date: /home/nvidia/GoalPlanning/install/rslidar_msg/lib/python3.8/site-packages/rslidar_msg/msg/_rslidar_packet_s.c
[1.661s] -- Up-to-date: /home/nvidia/GoalPlanning/install/rslidar_msg/lib/python3.8/site-packages/rslidar_msg/rslidar_msg_s__rosidl_typesupport_fastrtps_c.cpython-38-aarch64-linux-gnu.so
[1.661s] -- Up-to-date: /home/nvidia/GoalPlanning/install/rslidar_msg/lib/python3.8/site-packages/rslidar_msg/rslidar_msg_s__rosidl_typesupport_introspection_c.cpython-38-aarch64-linux-gnu.so
[1.662s] -- Up-to-date: /home/nvidia/GoalPlanning/install/rslidar_msg/lib/python3.8/site-packages/rslidar_msg/rslidar_msg_s__rosidl_typesupport_c.cpython-38-aarch64-linux-gnu.so
[1.662s] -- Up-to-date: /home/nvidia/GoalPlanning/install/rslidar_msg/lib/librslidar_msg__python.so
[1.662s] -- Up-to-date: /home/nvidia/GoalPlanning/install/rslidar_msg/share/rslidar_msg/msg/RslidarPacket.idl
[1.662s] -- Up-to-date: /home/nvidia/GoalPlanning/install/rslidar_msg/share/rslidar_msg/msg/RslidarPacket.msg
[1.662s] -- Up-to-date: /home/nvidia/GoalPlanning/install/rslidar_msg/share/ament_index/resource_index/package_run_dependencies/rslidar_msg
[1.662s] -- Up-to-date: /home/nvidia/GoalPlanning/install/rslidar_msg/share/ament_index/resource_index/parent_prefix_path/rslidar_msg
[1.663s] -- Up-to-date: /home/nvidia/GoalPlanning/install/rslidar_msg/share/rslidar_msg/environment/ament_prefix_path.sh
[1.663s] -- Up-to-date: /home/nvidia/GoalPlanning/install/rslidar_msg/share/rslidar_msg/environment/ament_prefix_path.dsv
[1.663s] -- Up-to-date: /home/nvidia/GoalPlanning/install/rslidar_msg/share/rslidar_msg/environment/path.sh
[1.663s] -- Up-to-date: /home/nvidia/GoalPlanning/install/rslidar_msg/share/rslidar_msg/environment/path.dsv
[1.663s] -- Up-to-date: /home/nvidia/GoalPlanning/install/rslidar_msg/share/rslidar_msg/local_setup.bash
[1.663s] -- Up-to-date: /home/nvidia/GoalPlanning/install/rslidar_msg/share/rslidar_msg/local_setup.sh
[1.663s] -- Up-to-date: /home/nvidia/GoalPlanning/install/rslidar_msg/share/rslidar_msg/local_setup.zsh
[1.664s] -- Up-to-date: /home/nvidia/GoalPlanning/install/rslidar_msg/share/rslidar_msg/local_setup.dsv
[1.664s] -- Installing: /home/nvidia/GoalPlanning/install/rslidar_msg/share/rslidar_msg/package.dsv
[1.664s] -- Up-to-date: /home/nvidia/GoalPlanning/install/rslidar_msg/share/ament_index/resource_index/packages/rslidar_msg
[1.664s] -- Up-to-date: /home/nvidia/GoalPlanning/install/rslidar_msg/share/rslidar_msg/cmake/rslidar_msg__rosidl_generator_cExport.cmake
[1.664s] -- Up-to-date: /home/nvidia/GoalPlanning/install/rslidar_msg/share/rslidar_msg/cmake/rslidar_msg__rosidl_generator_cExport-noconfig.cmake
[1.664s] -- Up-to-date: /home/nvidia/GoalPlanning/install/rslidar_msg/share/rslidar_msg/cmake/rslidar_msg__rosidl_typesupport_introspection_cExport.cmake
[1.665s] -- Up-to-date: /home/nvidia/GoalPlanning/install/rslidar_msg/share/rslidar_msg/cmake/rslidar_msg__rosidl_typesupport_introspection_cExport-noconfig.cmake
[1.665s] -- Up-to-date: /home/nvidia/GoalPlanning/install/rslidar_msg/share/rslidar_msg/cmake/rslidar_msg__rosidl_typesupport_cExport.cmake
[1.665s] -- Up-to-date: /home/nvidia/GoalPlanning/install/rslidar_msg/share/rslidar_msg/cmake/rslidar_msg__rosidl_typesupport_cExport-noconfig.cmake
[1.665s] -- Up-to-date: /home/nvidia/GoalPlanning/install/rslidar_msg/share/rslidar_msg/cmake/rslidar_msg__rosidl_generator_cppExport.cmake
[1.666s] -- Up-to-date: /home/nvidia/GoalPlanning/install/rslidar_msg/share/rslidar_msg/cmake/rslidar_msg__rosidl_typesupport_introspection_cppExport.cmake
[1.666s] -- Up-to-date: /home/nvidia/GoalPlanning/install/rslidar_msg/share/rslidar_msg/cmake/rslidar_msg__rosidl_typesupport_introspection_cppExport-noconfig.cmake
[1.666s] -- Up-to-date: /home/nvidia/GoalPlanning/install/rslidar_msg/share/rslidar_msg/cmake/rslidar_msg__rosidl_typesupport_cppExport.cmake
[1.667s] -- Up-to-date: /home/nvidia/GoalPlanning/install/rslidar_msg/share/rslidar_msg/cmake/rslidar_msg__rosidl_typesupport_cppExport-noconfig.cmake
[1.667s] -- Up-to-date: /home/nvidia/GoalPlanning/install/rslidar_msg/share/rslidar_msg/cmake/rosidl_cmake-extras.cmake
[1.667s] -- Up-to-date: /home/nvidia/GoalPlanning/install/rslidar_msg/share/rslidar_msg/cmake/ament_cmake_export_dependencies-extras.cmake
[1.667s] -- Up-to-date: /home/nvidia/GoalPlanning/install/rslidar_msg/share/rslidar_msg/cmake/ament_cmake_export_libraries-extras.cmake
[1.667s] -- Up-to-date: /home/nvidia/GoalPlanning/install/rslidar_msg/share/rslidar_msg/cmake/ament_cmake_export_targets-extras.cmake
[1.667s] -- Up-to-date: /home/nvidia/GoalPlanning/install/rslidar_msg/share/rslidar_msg/cmake/ament_cmake_export_include_directories-extras.cmake
[1.667s] -- Up-to-date: /home/nvidia/GoalPlanning/install/rslidar_msg/share/rslidar_msg/cmake/rosidl_cmake_export_typesupport_libraries-extras.cmake
[1.668s] -- Up-to-date: /home/nvidia/GoalPlanning/install/rslidar_msg/share/rslidar_msg/cmake/rosidl_cmake_export_typesupport_targets-extras.cmake
[1.668s] -- Up-to-date: /home/nvidia/GoalPlanning/install/rslidar_msg/share/rslidar_msg/cmake/rslidar_msgConfig.cmake
[1.668s] -- Up-to-date: /home/nvidia/GoalPlanning/install/rslidar_msg/share/rslidar_msg/cmake/rslidar_msgConfig-version.cmake
[1.668s] -- Up-to-date: /home/nvidia/GoalPlanning/install/rslidar_msg/share/rslidar_msg/package.xml
[1.700s] Invoked command in '/home/nvidia/GoalPlanning/build/rslidar_msg' returned '0': CMAKE_PREFIX_PATH=/opt/ros/foxy CONDA_PROMPT_MODIFIER=(base) /usr/bin/cmake --install /home/nvidia/GoalPlanning/build/rslidar_msg
