-- The C compiler identification is GNU 9.4.0
-- The CXX compiler identification is GNU 9.4.0
-- Check for working C compiler: /usr/bin/cc
-- Check for working C compiler: /usr/bin/cc -- works
-- Detecting C compiler ABI info
-- Detecting C compiler ABI info - done
-- Detecting C compile features
-- Detecting C compile features - done
-- Check for working CXX compiler: /usr/bin/c++
-- Check for working CXX compiler: /usr/bin/c++ -- works
-- Detecting CXX compiler ABI info
-- Detecting CXX compiler ABI info - done
-- Detecting CXX compile features
-- Detecting CXX compile features - done
-- Found ament_cmake: 0.9.12 (/opt/ros/foxy/share/ament_cmake/cmake)
-- Found PythonInterp: /usr/bin/python3 (found suitable version "3.8.10", minimum required is "3") 
-- Using PYTHON_EXECUTABLE: /usr/bin/python3
-- Found std_msgs: 2.0.5 (/opt/ros/foxy/share/std_msgs/cmake)
-- Using all available rosidl_typesupport_c: rosidl_typesupport_fastrtps_c;rosidl_typesupport_introspection_c
-- Found rosidl_adapter: 1.3.1 (/opt/ros/foxy/share/rosidl_adapter/cmake)
-- Found OpenSSL: /usr/lib/aarch64-linux-gnu/libcrypto.so (found version "1.1.1f")  
-- Found FastRTPS: /opt/ros/foxy/include  
-- Using all available rosidl_typesupport_cpp: rosidl_typesupport_fastrtps_cpp;rosidl_typesupport_introspection_cpp
-- Found ament_lint_auto: 0.9.8 (/opt/ros/foxy/share/ament_lint_auto/cmake)
-- Found rosidl_default_generators: 1.0.1 (/opt/ros/foxy/share/rosidl_default_generators/cmake)
-- Found PythonInterp: /usr/bin/python3 (found version "3.8.10") 
-- Found ament_cmake_ros: 0.9.2 (/opt/ros/foxy/share/ament_cmake_ros/cmake)
-- Using all available rosidl_typesupport_c: rosidl_typesupport_fastrtps_c;rosidl_typesupport_introspection_c
-- Using all available rosidl_typesupport_cpp: rosidl_typesupport_fastrtps_cpp;rosidl_typesupport_introspection_cpp
-- Found PythonInterp: /usr/bin/python3 (found suitable version "3.8.10", minimum required is "3.5") 
-- Found python_cmake_module: 0.8.1 (/opt/ros/foxy/share/python_cmake_module/cmake)
-- Found PythonLibs: /usr/lib/aarch64-linux-gnu/libpython3.8.so (found suitable version "3.8.10", minimum required is "3.5") 
-- Using PYTHON_EXECUTABLE: /usr/bin/python3
-- Using PYTHON_INCLUDE_DIRS: /usr/include/python3.8
-- Using PYTHON_LIBRARIES: /usr/lib/aarch64-linux-gnu/libpython3.8.so
-- Found PythonExtra: .so  
-- Added test 'copyright' to check source files copyright and LICENSE
-- Added test 'lint_cmake' to check CMake code style
-- Added test 'xmllint' to check XML markup files
-- Configuring done
-- Generating done
-- Build files have been written to: /home/nvidia/GoalPlanning/build/imu_msgs
[  1%] [34m[1mGenerating C code for ROS interfaces[0m
[35m[1mScanning dependencies of target imu_msgs__cpp[0m
[  2%] [34m[1mGenerating C++ code for ROS interfaces[0m
[  2%] Built target imu_msgs__cpp
[  4%] [34m[1mGenerating C++ type support dispatch for ROS interfaces[0m
[  5%] [34m[1mGenerating C++ type support for eProsima Fast-RTPS[0m
[  7%] [34m[1mGenerating C++ introspection for ROS interfaces[0m
[35m[1mScanning dependencies of target imu_msgs__rosidl_generator_c[0m
[  8%] [32mBuilding C object CMakeFiles/imu_msgs__rosidl_generator_c.dir/rosidl_generator_c/imu_msgs/msg/detail/asensing__functions.c.o[0m
[  9%] [32mBuilding C object CMakeFiles/imu_msgs__rosidl_generator_c.dir/rosidl_generator_c/imu_msgs/msg/detail/imu__functions.c.o[0m
[ 11%] [32mBuilding C object CMakeFiles/imu_msgs__rosidl_generator_c.dir/rosidl_generator_c/imu_msgs/msg/detail/gnss__functions.c.o[0m
[ 12%] [32mBuilding C object CMakeFiles/imu_msgs__rosidl_generator_c.dir/rosidl_generator_c/imu_msgs/msg/detail/ag041__functions.c.o[0m
[ 14%] [32mBuilding C object CMakeFiles/imu_msgs__rosidl_generator_c.dir/rosidl_generator_c/imu_msgs/msg/detail/ag051__functions.c.o[0m
[ 15%] [32mBuilding C object CMakeFiles/imu_msgs__rosidl_generator_c.dir/rosidl_generator_c/imu_msgs/msg/detail/ag072__functions.c.o[0m
[ 16%] [32m[1mLinking C shared library libimu_msgs__rosidl_generator_c.so[0m
[ 16%] Built target imu_msgs__rosidl_generator_c
[ 18%] [34m[1mGenerating C introspection for ROS interfaces[0m
[ 19%] [34m[1mGenerating C type support dispatch for ROS interfaces[0m
[35m[1mScanning dependencies of target imu_msgs__rosidl_typesupport_cpp[0m
[ 21%] [32mBuilding CXX object CMakeFiles/imu_msgs__rosidl_typesupport_cpp.dir/rosidl_typesupport_cpp/imu_msgs/msg/asensing__type_support.cpp.o[0m
[ 22%] [32mBuilding CXX object CMakeFiles/imu_msgs__rosidl_typesupport_cpp.dir/rosidl_typesupport_cpp/imu_msgs/msg/imu__type_support.cpp.o[0m
[ 23%] [32mBuilding CXX object CMakeFiles/imu_msgs__rosidl_typesupport_cpp.dir/rosidl_typesupport_cpp/imu_msgs/msg/gnss__type_support.cpp.o[0m
[35m[1mScanning dependencies of target imu_msgs__rosidl_typesupport_fastrtps_cpp[0m
[ 25%] [32mBuilding CXX object CMakeFiles/imu_msgs__rosidl_typesupport_cpp.dir/rosidl_typesupport_cpp/imu_msgs/msg/ag041__type_support.cpp.o[0m
[ 26%] [32mBuilding CXX object CMakeFiles/imu_msgs__rosidl_typesupport_fastrtps_cpp.dir/rosidl_typesupport_fastrtps_cpp/imu_msgs/msg/detail/dds_fastrtps/asensing__type_support.cpp.o[0m
[35m[1mScanning dependencies of target imu_msgs__rosidl_typesupport_introspection_cpp[0m
[ 28%] [32mBuilding CXX object CMakeFiles/imu_msgs__rosidl_typesupport_introspection_cpp.dir/rosidl_typesupport_introspection_cpp/imu_msgs/msg/detail/asensing__type_support.cpp.o[0m
[ 29%] [32mBuilding CXX object CMakeFiles/imu_msgs__rosidl_typesupport_cpp.dir/rosidl_typesupport_cpp/imu_msgs/msg/ag051__type_support.cpp.o[0m
[ 30%] [32mBuilding CXX object CMakeFiles/imu_msgs__rosidl_typesupport_cpp.dir/rosidl_typesupport_cpp/imu_msgs/msg/ag072__type_support.cpp.o[0m
[35m[1mScanning dependencies of target imu_msgs__rosidl_typesupport_c[0m
[ 32%] [32mBuilding CXX object CMakeFiles/imu_msgs__rosidl_typesupport_c.dir/rosidl_typesupport_c/imu_msgs/msg/asensing__type_support.cpp.o[0m
[ 33%] [32mBuilding CXX object CMakeFiles/imu_msgs__rosidl_typesupport_c.dir/rosidl_typesupport_c/imu_msgs/msg/imu__type_support.cpp.o[0m
[ 35%] [32mBuilding CXX object CMakeFiles/imu_msgs__rosidl_typesupport_c.dir/rosidl_typesupport_c/imu_msgs/msg/gnss__type_support.cpp.o[0m
[ 36%] [32mBuilding CXX object CMakeFiles/imu_msgs__rosidl_typesupport_fastrtps_cpp.dir/rosidl_typesupport_fastrtps_cpp/imu_msgs/msg/detail/dds_fastrtps/imu__type_support.cpp.o[0m
[ 38%] [32mBuilding CXX object CMakeFiles/imu_msgs__rosidl_typesupport_introspection_cpp.dir/rosidl_typesupport_introspection_cpp/imu_msgs/msg/detail/imu__type_support.cpp.o[0m
[ 39%] [32mBuilding CXX object CMakeFiles/imu_msgs__rosidl_typesupport_c.dir/rosidl_typesupport_c/imu_msgs/msg/ag041__type_support.cpp.o[0m
[ 40%] [32mBuilding CXX object CMakeFiles/imu_msgs__rosidl_typesupport_c.dir/rosidl_typesupport_c/imu_msgs/msg/ag051__type_support.cpp.o[0m
[ 42%] [32mBuilding CXX object CMakeFiles/imu_msgs__rosidl_typesupport_c.dir/rosidl_typesupport_c/imu_msgs/msg/ag072__type_support.cpp.o[0m
[ 43%] [32mBuilding CXX object CMakeFiles/imu_msgs__rosidl_typesupport_fastrtps_cpp.dir/rosidl_typesupport_fastrtps_cpp/imu_msgs/msg/detail/dds_fastrtps/gnss__type_support.cpp.o[0m
[ 45%] [32m[1mLinking CXX shared library libimu_msgs__rosidl_typesupport_c.so[0m
[ 45%] Built target imu_msgs__rosidl_typesupport_c
[35m[1mScanning dependencies of target imu_msgs__rosidl_typesupport_introspection_c[0m
[ 46%] [32mBuilding CXX object CMakeFiles/imu_msgs__rosidl_typesupport_fastrtps_cpp.dir/rosidl_typesupport_fastrtps_cpp/imu_msgs/msg/detail/dds_fastrtps/ag041__type_support.cpp.o[0m
[ 47%] [32mBuilding CXX object CMakeFiles/imu_msgs__rosidl_typesupport_introspection_cpp.dir/rosidl_typesupport_introspection_cpp/imu_msgs/msg/detail/gnss__type_support.cpp.o[0m
[ 49%] [32mBuilding C object CMakeFiles/imu_msgs__rosidl_typesupport_introspection_c.dir/rosidl_typesupport_introspection_c/imu_msgs/msg/detail/asensing__type_support.c.o[0m
[ 50%] [32mBuilding CXX object CMakeFiles/imu_msgs__rosidl_typesupport_fastrtps_cpp.dir/rosidl_typesupport_fastrtps_cpp/imu_msgs/msg/detail/dds_fastrtps/ag051__type_support.cpp.o[0m
[ 52%] [32m[1mLinking CXX shared library libimu_msgs__rosidl_typesupport_cpp.so[0m
[ 53%] [32mBuilding C object CMakeFiles/imu_msgs__rosidl_typesupport_introspection_c.dir/rosidl_typesupport_introspection_c/imu_msgs/msg/detail/imu__type_support.c.o[0m
[ 53%] Built target imu_msgs__rosidl_typesupport_cpp
[ 54%] [32mBuilding CXX object CMakeFiles/imu_msgs__rosidl_typesupport_introspection_cpp.dir/rosidl_typesupport_introspection_cpp/imu_msgs/msg/detail/ag041__type_support.cpp.o[0m
[ 56%] [32mBuilding CXX object CMakeFiles/imu_msgs__rosidl_typesupport_fastrtps_cpp.dir/rosidl_typesupport_fastrtps_cpp/imu_msgs/msg/detail/dds_fastrtps/ag072__type_support.cpp.o[0m
[ 57%] [32mBuilding C object CMakeFiles/imu_msgs__rosidl_typesupport_introspection_c.dir/rosidl_typesupport_introspection_c/imu_msgs/msg/detail/gnss__type_support.c.o[0m
[ 59%] [32mBuilding C object CMakeFiles/imu_msgs__rosidl_typesupport_introspection_c.dir/rosidl_typesupport_introspection_c/imu_msgs/msg/detail/ag041__type_support.c.o[0m
[ 60%] [32mBuilding C object CMakeFiles/imu_msgs__rosidl_typesupport_introspection_c.dir/rosidl_typesupport_introspection_c/imu_msgs/msg/detail/ag051__type_support.c.o[0m
[ 61%] [32mBuilding C object CMakeFiles/imu_msgs__rosidl_typesupport_introspection_c.dir/rosidl_typesupport_introspection_c/imu_msgs/msg/detail/ag072__type_support.c.o[0m
[ 63%] [32mBuilding CXX object CMakeFiles/imu_msgs__rosidl_typesupport_introspection_cpp.dir/rosidl_typesupport_introspection_cpp/imu_msgs/msg/detail/ag051__type_support.cpp.o[0m
[ 64%] [32m[1mLinking C shared library libimu_msgs__rosidl_typesupport_introspection_c.so[0m
[ 66%] [32mBuilding CXX object CMakeFiles/imu_msgs__rosidl_typesupport_introspection_cpp.dir/rosidl_typesupport_introspection_cpp/imu_msgs/msg/detail/ag072__type_support.cpp.o[0m
[ 66%] Built target imu_msgs__rosidl_typesupport_introspection_c
[ 67%] [32m[1mLinking CXX shared library libimu_msgs__rosidl_typesupport_fastrtps_cpp.so[0m
[ 67%] Built target imu_msgs__rosidl_typesupport_fastrtps_cpp
[ 69%] [34m[1mGenerating C type support for eProsima Fast-RTPS[0m
[ 70%] [32m[1mLinking CXX shared library libimu_msgs__rosidl_typesupport_introspection_cpp.so[0m
[ 70%] Built target imu_msgs__rosidl_typesupport_introspection_cpp
[35m[1mScanning dependencies of target imu_msgs__rosidl_typesupport_fastrtps_c[0m
[ 71%] [32mBuilding CXX object CMakeFiles/imu_msgs__rosidl_typesupport_fastrtps_c.dir/rosidl_typesupport_fastrtps_c/imu_msgs/msg/detail/gnss__type_support_c.cpp.o[0m
[ 73%] [32mBuilding CXX object CMakeFiles/imu_msgs__rosidl_typesupport_fastrtps_c.dir/rosidl_typesupport_fastrtps_c/imu_msgs/msg/detail/asensing__type_support_c.cpp.o[0m
[ 74%] [32mBuilding CXX object CMakeFiles/imu_msgs__rosidl_typesupport_fastrtps_c.dir/rosidl_typesupport_fastrtps_c/imu_msgs/msg/detail/ag041__type_support_c.cpp.o[0m
[ 76%] [32mBuilding CXX object CMakeFiles/imu_msgs__rosidl_typesupport_fastrtps_c.dir/rosidl_typesupport_fastrtps_c/imu_msgs/msg/detail/imu__type_support_c.cpp.o[0m
[ 77%] [32mBuilding CXX object CMakeFiles/imu_msgs__rosidl_typesupport_fastrtps_c.dir/rosidl_typesupport_fastrtps_c/imu_msgs/msg/detail/ag051__type_support_c.cpp.o[0m
[ 78%] [32mBuilding CXX object CMakeFiles/imu_msgs__rosidl_typesupport_fastrtps_c.dir/rosidl_typesupport_fastrtps_c/imu_msgs/msg/detail/ag072__type_support_c.cpp.o[0m
[ 80%] [32m[1mLinking CXX shared library libimu_msgs__rosidl_typesupport_fastrtps_c.so[0m
[ 80%] Built target imu_msgs__rosidl_typesupport_fastrtps_c
[35m[1mScanning dependencies of target imu_msgs[0m
[ 80%] Built target imu_msgs
[35m[1mScanning dependencies of target imu_msgs__py[0m
[ 81%] [34m[1mGenerating Python code for ROS interfaces[0m
[ 81%] Built target imu_msgs__py
[35m[1mScanning dependencies of target imu_msgs__python[0m
[ 84%] [32mBuilding C object CMakeFiles/imu_msgs__python.dir/rosidl_generator_py/imu_msgs/msg/_imu_s.c.o[0m
[ 84%] [32mBuilding C object CMakeFiles/imu_msgs__python.dir/rosidl_generator_py/imu_msgs/msg/_asensing_s.c.o[0m
[ 85%] [32mBuilding C object CMakeFiles/imu_msgs__python.dir/rosidl_generator_py/imu_msgs/msg/_gnss_s.c.o[0m
[ 87%] [32mBuilding C object CMakeFiles/imu_msgs__python.dir/rosidl_generator_py/imu_msgs/msg/_ag041_s.c.o[0m
[ 88%] [32mBuilding C object CMakeFiles/imu_msgs__python.dir/rosidl_generator_py/imu_msgs/msg/_ag051_s.c.o[0m
[ 90%] [32mBuilding C object CMakeFiles/imu_msgs__python.dir/rosidl_generator_py/imu_msgs/msg/_ag072_s.c.o[0m
[ 91%] [32m[1mLinking C shared library rosidl_generator_py/imu_msgs/libimu_msgs__python.so[0m
[ 91%] Built target imu_msgs__python
[35m[1mScanning dependencies of target imu_msgs__rosidl_typesupport_introspection_c__pyext[0m
[35m[1mScanning dependencies of target imu_msgs__rosidl_typesupport_fastrtps_c__pyext[0m
[35m[1mScanning dependencies of target imu_msgs__rosidl_typesupport_c__pyext[0m
[ 94%] [32mBuilding C object CMakeFiles/imu_msgs__rosidl_typesupport_fastrtps_c__pyext.dir/rosidl_generator_py/imu_msgs/_imu_msgs_s.ep.rosidl_typesupport_fastrtps_c.c.o[0m
[ 94%] [32mBuilding C object CMakeFiles/imu_msgs__rosidl_typesupport_introspection_c__pyext.dir/rosidl_generator_py/imu_msgs/_imu_msgs_s.ep.rosidl_typesupport_introspection_c.c.o[0m
[ 95%] [32mBuilding C object CMakeFiles/imu_msgs__rosidl_typesupport_c__pyext.dir/rosidl_generator_py/imu_msgs/_imu_msgs_s.ep.rosidl_typesupport_c.c.o[0m
[ 97%] [32m[1mLinking C shared library rosidl_generator_py/imu_msgs/imu_msgs_s__rosidl_typesupport_c.cpython-38-aarch64-linux-gnu.so[0m
[ 98%] [32m[1mLinking C shared library rosidl_generator_py/imu_msgs/imu_msgs_s__rosidl_typesupport_introspection_c.cpython-38-aarch64-linux-gnu.so[0m
[100%] [32m[1mLinking CXX shared library rosidl_generator_py/imu_msgs/imu_msgs_s__rosidl_typesupport_fastrtps_c.cpython-38-aarch64-linux-gnu.so[0m
[100%] Built target imu_msgs__rosidl_typesupport_c__pyext
[100%] Built target imu_msgs__rosidl_typesupport_introspection_c__pyext
[100%] Built target imu_msgs__rosidl_typesupport_fastrtps_c__pyext
-- Install configuration: ""
-- Installing: /home/nvidia/GoalPlanning/install/imu_msgs/share/ament_index/resource_index/rosidl_interfaces/imu_msgs
-- Installing: /home/nvidia/GoalPlanning/install/imu_msgs/include/imu_msgs
-- Installing: /home/nvidia/GoalPlanning/install/imu_msgs/include/imu_msgs/msg
-- Installing: /home/nvidia/GoalPlanning/install/imu_msgs/include/imu_msgs/msg/detail
-- Installing: /home/nvidia/GoalPlanning/install/imu_msgs/include/imu_msgs/msg/detail/ag041__type_support.h
-- Installing: /home/nvidia/GoalPlanning/install/imu_msgs/include/imu_msgs/msg/detail/ag041__struct.h
-- Installing: /home/nvidia/GoalPlanning/install/imu_msgs/include/imu_msgs/msg/detail/asensing__functions.h
-- Installing: /home/nvidia/GoalPlanning/install/imu_msgs/include/imu_msgs/msg/detail/asensing__struct.h
-- Installing: /home/nvidia/GoalPlanning/install/imu_msgs/include/imu_msgs/msg/detail/ag041__functions.h
-- Installing: /home/nvidia/GoalPlanning/install/imu_msgs/include/imu_msgs/msg/detail/asensing__functions.c
-- Installing: /home/nvidia/GoalPlanning/install/imu_msgs/include/imu_msgs/msg/detail/ag072__functions.h
-- Installing: /home/nvidia/GoalPlanning/install/imu_msgs/include/imu_msgs/msg/detail/asensing__type_support.h
-- Installing: /home/nvidia/GoalPlanning/install/imu_msgs/include/imu_msgs/msg/detail/ag041__functions.c
-- Installing: /home/nvidia/GoalPlanning/install/imu_msgs/include/imu_msgs/msg/detail/ag051__struct.h
-- Installing: /home/nvidia/GoalPlanning/install/imu_msgs/include/imu_msgs/msg/detail/imu__type_support.h
-- Installing: /home/nvidia/GoalPlanning/install/imu_msgs/include/imu_msgs/msg/detail/gnss__struct.h
-- Installing: /home/nvidia/GoalPlanning/install/imu_msgs/include/imu_msgs/msg/detail/ag072__functions.c
-- Installing: /home/nvidia/GoalPlanning/install/imu_msgs/include/imu_msgs/msg/detail/gnss__functions.h
-- Installing: /home/nvidia/GoalPlanning/install/imu_msgs/include/imu_msgs/msg/detail/gnss__functions.c
-- Installing: /home/nvidia/GoalPlanning/install/imu_msgs/include/imu_msgs/msg/detail/imu__struct.h
-- Installing: /home/nvidia/GoalPlanning/install/imu_msgs/include/imu_msgs/msg/detail/ag051__type_support.h
-- Installing: /home/nvidia/GoalPlanning/install/imu_msgs/include/imu_msgs/msg/detail/imu__functions.h
-- Installing: /home/nvidia/GoalPlanning/install/imu_msgs/include/imu_msgs/msg/detail/ag051__functions.h
-- Installing: /home/nvidia/GoalPlanning/install/imu_msgs/include/imu_msgs/msg/detail/ag072__type_support.h
-- Installing: /home/nvidia/GoalPlanning/install/imu_msgs/include/imu_msgs/msg/detail/ag072__struct.h
-- Installing: /home/nvidia/GoalPlanning/install/imu_msgs/include/imu_msgs/msg/detail/ag051__functions.c
-- Installing: /home/nvidia/GoalPlanning/install/imu_msgs/include/imu_msgs/msg/detail/imu__functions.c
-- Installing: /home/nvidia/GoalPlanning/install/imu_msgs/include/imu_msgs/msg/detail/gnss__type_support.h
-- Installing: /home/nvidia/GoalPlanning/install/imu_msgs/include/imu_msgs/msg/rosidl_generator_c__visibility_control.h
-- Installing: /home/nvidia/GoalPlanning/install/imu_msgs/include/imu_msgs/msg/ag041.h
-- Installing: /home/nvidia/GoalPlanning/install/imu_msgs/include/imu_msgs/msg/ag051.h
-- Installing: /home/nvidia/GoalPlanning/install/imu_msgs/include/imu_msgs/msg/asensing.h
-- Installing: /home/nvidia/GoalPlanning/install/imu_msgs/include/imu_msgs/msg/imu.h
-- Installing: /home/nvidia/GoalPlanning/install/imu_msgs/include/imu_msgs/msg/gnss.h
-- Installing: /home/nvidia/GoalPlanning/install/imu_msgs/include/imu_msgs/msg/ag072.h
-- Installing: /home/nvidia/GoalPlanning/install/imu_msgs/share/imu_msgs/environment/library_path.sh
-- Installing: /home/nvidia/GoalPlanning/install/imu_msgs/share/imu_msgs/environment/library_path.dsv
-- Installing: /home/nvidia/GoalPlanning/install/imu_msgs/lib/libimu_msgs__rosidl_generator_c.so
-- Set runtime path of "/home/nvidia/GoalPlanning/install/imu_msgs/lib/libimu_msgs__rosidl_generator_c.so" to ""
-- Up-to-date: /home/nvidia/GoalPlanning/install/imu_msgs/include/imu_msgs
-- Up-to-date: /home/nvidia/GoalPlanning/install/imu_msgs/include/imu_msgs/msg
-- Up-to-date: /home/nvidia/GoalPlanning/install/imu_msgs/include/imu_msgs/msg/detail
-- Installing: /home/nvidia/GoalPlanning/install/imu_msgs/include/imu_msgs/msg/detail/asensing__rosidl_typesupport_fastrtps_c.h
-- Installing: /home/nvidia/GoalPlanning/install/imu_msgs/include/imu_msgs/msg/detail/ag072__rosidl_typesupport_fastrtps_c.h
-- Installing: /home/nvidia/GoalPlanning/install/imu_msgs/include/imu_msgs/msg/detail/gnss__rosidl_typesupport_fastrtps_c.h
-- Installing: /home/nvidia/GoalPlanning/install/imu_msgs/include/imu_msgs/msg/detail/ag041__rosidl_typesupport_fastrtps_c.h
-- Installing: /home/nvidia/GoalPlanning/install/imu_msgs/include/imu_msgs/msg/detail/ag051__rosidl_typesupport_fastrtps_c.h
-- Installing: /home/nvidia/GoalPlanning/install/imu_msgs/include/imu_msgs/msg/detail/imu__rosidl_typesupport_fastrtps_c.h
-- Installing: /home/nvidia/GoalPlanning/install/imu_msgs/include/imu_msgs/msg/rosidl_typesupport_fastrtps_c__visibility_control.h
-- Installing: /home/nvidia/GoalPlanning/install/imu_msgs/lib/libimu_msgs__rosidl_typesupport_fastrtps_c.so
-- Set runtime path of "/home/nvidia/GoalPlanning/install/imu_msgs/lib/libimu_msgs__rosidl_typesupport_fastrtps_c.so" to ""
-- Up-to-date: /home/nvidia/GoalPlanning/install/imu_msgs/include/imu_msgs
-- Up-to-date: /home/nvidia/GoalPlanning/install/imu_msgs/include/imu_msgs/msg
-- Up-to-date: /home/nvidia/GoalPlanning/install/imu_msgs/include/imu_msgs/msg/detail
-- Installing: /home/nvidia/GoalPlanning/install/imu_msgs/include/imu_msgs/msg/detail/ag051__rosidl_typesupport_fastrtps_cpp.hpp
-- Installing: /home/nvidia/GoalPlanning/install/imu_msgs/include/imu_msgs/msg/detail/imu__rosidl_typesupport_fastrtps_cpp.hpp
-- Installing: /home/nvidia/GoalPlanning/install/imu_msgs/include/imu_msgs/msg/detail/ag041__rosidl_typesupport_fastrtps_cpp.hpp
-- Installing: /home/nvidia/GoalPlanning/install/imu_msgs/include/imu_msgs/msg/detail/gnss__rosidl_typesupport_fastrtps_cpp.hpp
-- Installing: /home/nvidia/GoalPlanning/install/imu_msgs/include/imu_msgs/msg/detail/asensing__rosidl_typesupport_fastrtps_cpp.hpp
-- Installing: /home/nvidia/GoalPlanning/install/imu_msgs/include/imu_msgs/msg/detail/dds_fastrtps
-- Installing: /home/nvidia/GoalPlanning/install/imu_msgs/include/imu_msgs/msg/detail/ag072__rosidl_typesupport_fastrtps_cpp.hpp
-- Installing: /home/nvidia/GoalPlanning/install/imu_msgs/include/imu_msgs/msg/rosidl_typesupport_fastrtps_cpp__visibility_control.h
-- Installing: /home/nvidia/GoalPlanning/install/imu_msgs/lib/libimu_msgs__rosidl_typesupport_fastrtps_cpp.so
-- Set runtime path of "/home/nvidia/GoalPlanning/install/imu_msgs/lib/libimu_msgs__rosidl_typesupport_fastrtps_cpp.so" to ""
-- Up-to-date: /home/nvidia/GoalPlanning/install/imu_msgs/include/imu_msgs
-- Up-to-date: /home/nvidia/GoalPlanning/install/imu_msgs/include/imu_msgs/msg
-- Up-to-date: /home/nvidia/GoalPlanning/install/imu_msgs/include/imu_msgs/msg/detail
-- Installing: /home/nvidia/GoalPlanning/install/imu_msgs/include/imu_msgs/msg/detail/ag041__rosidl_typesupport_introspection_c.h
-- Installing: /home/nvidia/GoalPlanning/install/imu_msgs/include/imu_msgs/msg/detail/ag072__type_support.c
-- Installing: /home/nvidia/GoalPlanning/install/imu_msgs/include/imu_msgs/msg/detail/gnss__type_support.c
-- Installing: /home/nvidia/GoalPlanning/install/imu_msgs/include/imu_msgs/msg/detail/imu__rosidl_typesupport_introspection_c.h
-- Installing: /home/nvidia/GoalPlanning/install/imu_msgs/include/imu_msgs/msg/detail/gnss__rosidl_typesupport_introspection_c.h
-- Installing: /home/nvidia/GoalPlanning/install/imu_msgs/include/imu_msgs/msg/detail/ag072__rosidl_typesupport_introspection_c.h
-- Installing: /home/nvidia/GoalPlanning/install/imu_msgs/include/imu_msgs/msg/detail/asensing__rosidl_typesupport_introspection_c.h
-- Installing: /home/nvidia/GoalPlanning/install/imu_msgs/include/imu_msgs/msg/detail/asensing__type_support.c
-- Installing: /home/nvidia/GoalPlanning/install/imu_msgs/include/imu_msgs/msg/detail/imu__type_support.c
-- Installing: /home/nvidia/GoalPlanning/install/imu_msgs/include/imu_msgs/msg/detail/ag051__rosidl_typesupport_introspection_c.h
-- Installing: /home/nvidia/GoalPlanning/install/imu_msgs/include/imu_msgs/msg/detail/ag051__type_support.c
-- Installing: /home/nvidia/GoalPlanning/install/imu_msgs/include/imu_msgs/msg/detail/ag041__type_support.c
-- Installing: /home/nvidia/GoalPlanning/install/imu_msgs/include/imu_msgs/msg/rosidl_typesupport_introspection_c__visibility_control.h
-- Installing: /home/nvidia/GoalPlanning/install/imu_msgs/lib/libimu_msgs__rosidl_typesupport_introspection_c.so
-- Set runtime path of "/home/nvidia/GoalPlanning/install/imu_msgs/lib/libimu_msgs__rosidl_typesupport_introspection_c.so" to ""
-- Installing: /home/nvidia/GoalPlanning/install/imu_msgs/lib/libimu_msgs__rosidl_typesupport_c.so
-- Set runtime path of "/home/nvidia/GoalPlanning/install/imu_msgs/lib/libimu_msgs__rosidl_typesupport_c.so" to ""
-- Up-to-date: /home/nvidia/GoalPlanning/install/imu_msgs/include/imu_msgs
-- Up-to-date: /home/nvidia/GoalPlanning/install/imu_msgs/include/imu_msgs/msg
-- Up-to-date: /home/nvidia/GoalPlanning/install/imu_msgs/include/imu_msgs/msg/detail
-- Installing: /home/nvidia/GoalPlanning/install/imu_msgs/include/imu_msgs/msg/detail/ag051__traits.hpp
-- Installing: /home/nvidia/GoalPlanning/install/imu_msgs/include/imu_msgs/msg/detail/ag051__type_support.hpp
-- Installing: /home/nvidia/GoalPlanning/install/imu_msgs/include/imu_msgs/msg/detail/imu__builder.hpp
-- Installing: /home/nvidia/GoalPlanning/install/imu_msgs/include/imu_msgs/msg/detail/asensing__struct.hpp
-- Installing: /home/nvidia/GoalPlanning/install/imu_msgs/include/imu_msgs/msg/detail/gnss__type_support.hpp
-- Installing: /home/nvidia/GoalPlanning/install/imu_msgs/include/imu_msgs/msg/detail/ag072__traits.hpp
-- Installing: /home/nvidia/GoalPlanning/install/imu_msgs/include/imu_msgs/msg/detail/ag072__builder.hpp
-- Installing: /home/nvidia/GoalPlanning/install/imu_msgs/include/imu_msgs/msg/detail/ag041__type_support.hpp
-- Installing: /home/nvidia/GoalPlanning/install/imu_msgs/include/imu_msgs/msg/detail/ag072__struct.hpp
-- Installing: /home/nvidia/GoalPlanning/install/imu_msgs/include/imu_msgs/msg/detail/asensing__builder.hpp
-- Installing: /home/nvidia/GoalPlanning/install/imu_msgs/include/imu_msgs/msg/detail/ag041__traits.hpp
-- Installing: /home/nvidia/GoalPlanning/install/imu_msgs/include/imu_msgs/msg/detail/ag072__type_support.hpp
-- Installing: /home/nvidia/GoalPlanning/install/imu_msgs/include/imu_msgs/msg/detail/ag051__struct.hpp
-- Installing: /home/nvidia/GoalPlanning/install/imu_msgs/include/imu_msgs/msg/detail/imu__type_support.hpp
-- Installing: /home/nvidia/GoalPlanning/install/imu_msgs/include/imu_msgs/msg/detail/asensing__type_support.hpp
-- Installing: /home/nvidia/GoalPlanning/install/imu_msgs/include/imu_msgs/msg/detail/imu__struct.hpp
-- Installing: /home/nvidia/GoalPlanning/install/imu_msgs/include/imu_msgs/msg/detail/ag041__struct.hpp
-- Installing: /home/nvidia/GoalPlanning/install/imu_msgs/include/imu_msgs/msg/detail/gnss__traits.hpp
-- Installing: /home/nvidia/GoalPlanning/install/imu_msgs/include/imu_msgs/msg/detail/imu__traits.hpp
-- Installing: /home/nvidia/GoalPlanning/install/imu_msgs/include/imu_msgs/msg/detail/ag041__builder.hpp
-- Installing: /home/nvidia/GoalPlanning/install/imu_msgs/include/imu_msgs/msg/detail/asensing__traits.hpp
-- Installing: /home/nvidia/GoalPlanning/install/imu_msgs/include/imu_msgs/msg/detail/ag051__builder.hpp
-- Installing: /home/nvidia/GoalPlanning/install/imu_msgs/include/imu_msgs/msg/detail/gnss__builder.hpp
-- Installing: /home/nvidia/GoalPlanning/install/imu_msgs/include/imu_msgs/msg/detail/gnss__struct.hpp
-- Installing: /home/nvidia/GoalPlanning/install/imu_msgs/include/imu_msgs/msg/rosidl_generator_cpp__visibility_control.hpp
-- Installing: /home/nvidia/GoalPlanning/install/imu_msgs/include/imu_msgs/msg/gnss.hpp
-- Installing: /home/nvidia/GoalPlanning/install/imu_msgs/include/imu_msgs/msg/ag041.hpp
-- Installing: /home/nvidia/GoalPlanning/install/imu_msgs/include/imu_msgs/msg/ag051.hpp
-- Installing: /home/nvidia/GoalPlanning/install/imu_msgs/include/imu_msgs/msg/imu.hpp
-- Installing: /home/nvidia/GoalPlanning/install/imu_msgs/include/imu_msgs/msg/ag072.hpp
-- Installing: /home/nvidia/GoalPlanning/install/imu_msgs/include/imu_msgs/msg/asensing.hpp
-- Up-to-date: /home/nvidia/GoalPlanning/install/imu_msgs/include/imu_msgs
-- Up-to-date: /home/nvidia/GoalPlanning/install/imu_msgs/include/imu_msgs/msg
-- Up-to-date: /home/nvidia/GoalPlanning/install/imu_msgs/include/imu_msgs/msg/detail
-- Installing: /home/nvidia/GoalPlanning/install/imu_msgs/include/imu_msgs/msg/detail/asensing__type_support.cpp
-- Installing: /home/nvidia/GoalPlanning/install/imu_msgs/include/imu_msgs/msg/detail/ag041__rosidl_typesupport_introspection_cpp.hpp
-- Installing: /home/nvidia/GoalPlanning/install/imu_msgs/include/imu_msgs/msg/detail/ag072__type_support.cpp
-- Installing: /home/nvidia/GoalPlanning/install/imu_msgs/include/imu_msgs/msg/detail/imu__type_support.cpp
-- Installing: /home/nvidia/GoalPlanning/install/imu_msgs/include/imu_msgs/msg/detail/gnss__type_support.cpp
-- Installing: /home/nvidia/GoalPlanning/install/imu_msgs/include/imu_msgs/msg/detail/ag051__rosidl_typesupport_introspection_cpp.hpp
-- Installing: /home/nvidia/GoalPlanning/install/imu_msgs/include/imu_msgs/msg/detail/ag072__rosidl_typesupport_introspection_cpp.hpp
-- Installing: /home/nvidia/GoalPlanning/install/imu_msgs/include/imu_msgs/msg/detail/ag051__type_support.cpp
-- Installing: /home/nvidia/GoalPlanning/install/imu_msgs/include/imu_msgs/msg/detail/gnss__rosidl_typesupport_introspection_cpp.hpp
-- Installing: /home/nvidia/GoalPlanning/install/imu_msgs/include/imu_msgs/msg/detail/imu__rosidl_typesupport_introspection_cpp.hpp
-- Installing: /home/nvidia/GoalPlanning/install/imu_msgs/include/imu_msgs/msg/detail/ag041__type_support.cpp
-- Installing: /home/nvidia/GoalPlanning/install/imu_msgs/include/imu_msgs/msg/detail/asensing__rosidl_typesupport_introspection_cpp.hpp
-- Installing: /home/nvidia/GoalPlanning/install/imu_msgs/lib/libimu_msgs__rosidl_typesupport_introspection_cpp.so
-- Set runtime path of "/home/nvidia/GoalPlanning/install/imu_msgs/lib/libimu_msgs__rosidl_typesupport_introspection_cpp.so" to ""
-- Installing: /home/nvidia/GoalPlanning/install/imu_msgs/lib/libimu_msgs__rosidl_typesupport_cpp.so
-- Set runtime path of "/home/nvidia/GoalPlanning/install/imu_msgs/lib/libimu_msgs__rosidl_typesupport_cpp.so" to ""
-- Installing: /home/nvidia/GoalPlanning/install/imu_msgs/share/imu_msgs/environment/pythonpath.sh
-- Installing: /home/nvidia/GoalPlanning/install/imu_msgs/share/imu_msgs/environment/pythonpath.dsv
-- Installing: /home/nvidia/GoalPlanning/install/imu_msgs/lib/python3.8/site-packages/imu_msgs/__init__.py
Compiling '/home/nvidia/GoalPlanning/install/imu_msgs/lib/python3.8/site-packages/imu_msgs/__init__.py'...
-- Installing: /home/nvidia/GoalPlanning/install/imu_msgs/lib/python3.8/site-packages/imu_msgs/msg
-- Installing: /home/nvidia/GoalPlanning/install/imu_msgs/lib/python3.8/site-packages/imu_msgs/msg/_gnss_s.c
-- Installing: /home/nvidia/GoalPlanning/install/imu_msgs/lib/python3.8/site-packages/imu_msgs/msg/_ag051.py
-- Installing: /home/nvidia/GoalPlanning/install/imu_msgs/lib/python3.8/site-packages/imu_msgs/msg/_ag072.py
-- Installing: /home/nvidia/GoalPlanning/install/imu_msgs/lib/python3.8/site-packages/imu_msgs/msg/_ag041.py
-- Installing: /home/nvidia/GoalPlanning/install/imu_msgs/lib/python3.8/site-packages/imu_msgs/msg/__init__.py
-- Installing: /home/nvidia/GoalPlanning/install/imu_msgs/lib/python3.8/site-packages/imu_msgs/msg/_ag051_s.c
-- Installing: /home/nvidia/GoalPlanning/install/imu_msgs/lib/python3.8/site-packages/imu_msgs/msg/_ag072_s.c
-- Installing: /home/nvidia/GoalPlanning/install/imu_msgs/lib/python3.8/site-packages/imu_msgs/msg/_ag041_s.c
-- Installing: /home/nvidia/GoalPlanning/install/imu_msgs/lib/python3.8/site-packages/imu_msgs/msg/_gnss.py
-- Installing: /home/nvidia/GoalPlanning/install/imu_msgs/lib/python3.8/site-packages/imu_msgs/msg/_asensing.py
-- Installing: /home/nvidia/GoalPlanning/install/imu_msgs/lib/python3.8/site-packages/imu_msgs/msg/_asensing_s.c
-- Installing: /home/nvidia/GoalPlanning/install/imu_msgs/lib/python3.8/site-packages/imu_msgs/msg/_imu_s.c
-- Installing: /home/nvidia/GoalPlanning/install/imu_msgs/lib/python3.8/site-packages/imu_msgs/msg/_imu.py
-- Installing: /home/nvidia/GoalPlanning/install/imu_msgs/lib/python3.8/site-packages/imu_msgs/imu_msgs_s__rosidl_typesupport_fastrtps_c.cpython-38-aarch64-linux-gnu.so
-- Set runtime path of "/home/nvidia/GoalPlanning/install/imu_msgs/lib/python3.8/site-packages/imu_msgs/imu_msgs_s__rosidl_typesupport_fastrtps_c.cpython-38-aarch64-linux-gnu.so" to ""
-- Installing: /home/nvidia/GoalPlanning/install/imu_msgs/lib/python3.8/site-packages/imu_msgs/imu_msgs_s__rosidl_typesupport_introspection_c.cpython-38-aarch64-linux-gnu.so
-- Set runtime path of "/home/nvidia/GoalPlanning/install/imu_msgs/lib/python3.8/site-packages/imu_msgs/imu_msgs_s__rosidl_typesupport_introspection_c.cpython-38-aarch64-linux-gnu.so" to ""
-- Installing: /home/nvidia/GoalPlanning/install/imu_msgs/lib/python3.8/site-packages/imu_msgs/imu_msgs_s__rosidl_typesupport_c.cpython-38-aarch64-linux-gnu.so
-- Set runtime path of "/home/nvidia/GoalPlanning/install/imu_msgs/lib/python3.8/site-packages/imu_msgs/imu_msgs_s__rosidl_typesupport_c.cpython-38-aarch64-linux-gnu.so" to ""
-- Installing: /home/nvidia/GoalPlanning/install/imu_msgs/lib/libimu_msgs__python.so
-- Set runtime path of "/home/nvidia/GoalPlanning/install/imu_msgs/lib/libimu_msgs__python.so" to ""
-- Installing: /home/nvidia/GoalPlanning/install/imu_msgs/share/imu_msgs/msg/ASENSING.idl
-- Installing: /home/nvidia/GoalPlanning/install/imu_msgs/share/imu_msgs/msg/Imu.idl
-- Installing: /home/nvidia/GoalPlanning/install/imu_msgs/share/imu_msgs/msg/Gnss.idl
-- Installing: /home/nvidia/GoalPlanning/install/imu_msgs/share/imu_msgs/msg/AG041.idl
-- Installing: /home/nvidia/GoalPlanning/install/imu_msgs/share/imu_msgs/msg/AG051.idl
-- Installing: /home/nvidia/GoalPlanning/install/imu_msgs/share/imu_msgs/msg/AG072.idl
-- Installing: /home/nvidia/GoalPlanning/install/imu_msgs/share/imu_msgs/msg/ASENSING.msg
-- Installing: /home/nvidia/GoalPlanning/install/imu_msgs/share/imu_msgs/msg/Imu.msg
-- Installing: /home/nvidia/GoalPlanning/install/imu_msgs/share/imu_msgs/msg/Gnss.msg
-- Installing: /home/nvidia/GoalPlanning/install/imu_msgs/share/imu_msgs/msg/AG041.msg
-- Installing: /home/nvidia/GoalPlanning/install/imu_msgs/share/imu_msgs/msg/AG051.msg
-- Installing: /home/nvidia/GoalPlanning/install/imu_msgs/share/imu_msgs/msg/AG072.msg
-- Installing: /home/nvidia/GoalPlanning/install/imu_msgs/share/ament_index/resource_index/package_run_dependencies/imu_msgs
-- Installing: /home/nvidia/GoalPlanning/install/imu_msgs/share/ament_index/resource_index/parent_prefix_path/imu_msgs
-- Installing: /home/nvidia/GoalPlanning/install/imu_msgs/share/imu_msgs/environment/ament_prefix_path.sh
-- Installing: /home/nvidia/GoalPlanning/install/imu_msgs/share/imu_msgs/environment/ament_prefix_path.dsv
-- Installing: /home/nvidia/GoalPlanning/install/imu_msgs/share/imu_msgs/environment/path.sh
-- Installing: /home/nvidia/GoalPlanning/install/imu_msgs/share/imu_msgs/environment/path.dsv
-- Installing: /home/nvidia/GoalPlanning/install/imu_msgs/share/imu_msgs/local_setup.bash
-- Installing: /home/nvidia/GoalPlanning/install/imu_msgs/share/imu_msgs/local_setup.sh
-- Installing: /home/nvidia/GoalPlanning/install/imu_msgs/share/imu_msgs/local_setup.zsh
-- Installing: /home/nvidia/GoalPlanning/install/imu_msgs/share/imu_msgs/local_setup.dsv
-- Installing: /home/nvidia/GoalPlanning/install/imu_msgs/share/imu_msgs/package.dsv
-- Installing: /home/nvidia/GoalPlanning/install/imu_msgs/share/ament_index/resource_index/packages/imu_msgs
-- Installing: /home/nvidia/GoalPlanning/install/imu_msgs/share/imu_msgs/cmake/imu_msgs__rosidl_generator_cExport.cmake
-- Installing: /home/nvidia/GoalPlanning/install/imu_msgs/share/imu_msgs/cmake/imu_msgs__rosidl_generator_cExport-noconfig.cmake
-- Installing: /home/nvidia/GoalPlanning/install/imu_msgs/share/imu_msgs/cmake/imu_msgs__rosidl_typesupport_introspection_cExport.cmake
-- Installing: /home/nvidia/GoalPlanning/install/imu_msgs/share/imu_msgs/cmake/imu_msgs__rosidl_typesupport_introspection_cExport-noconfig.cmake
-- Installing: /home/nvidia/GoalPlanning/install/imu_msgs/share/imu_msgs/cmake/imu_msgs__rosidl_typesupport_cExport.cmake
-- Installing: /home/nvidia/GoalPlanning/install/imu_msgs/share/imu_msgs/cmake/imu_msgs__rosidl_typesupport_cExport-noconfig.cmake
-- Installing: /home/nvidia/GoalPlanning/install/imu_msgs/share/imu_msgs/cmake/imu_msgs__rosidl_generator_cppExport.cmake
-- Installing: /home/nvidia/GoalPlanning/install/imu_msgs/share/imu_msgs/cmake/imu_msgs__rosidl_typesupport_introspection_cppExport.cmake
-- Installing: /home/nvidia/GoalPlanning/install/imu_msgs/share/imu_msgs/cmake/imu_msgs__rosidl_typesupport_introspection_cppExport-noconfig.cmake
-- Installing: /home/nvidia/GoalPlanning/install/imu_msgs/share/imu_msgs/cmake/imu_msgs__rosidl_typesupport_cppExport.cmake
-- Installing: /home/nvidia/GoalPlanning/install/imu_msgs/share/imu_msgs/cmake/imu_msgs__rosidl_typesupport_cppExport-noconfig.cmake
-- Installing: /home/nvidia/GoalPlanning/install/imu_msgs/share/imu_msgs/cmake/rosidl_cmake-extras.cmake
-- Installing: /home/nvidia/GoalPlanning/install/imu_msgs/share/imu_msgs/cmake/ament_cmake_export_dependencies-extras.cmake
-- Installing: /home/nvidia/GoalPlanning/install/imu_msgs/share/imu_msgs/cmake/ament_cmake_export_libraries-extras.cmake
-- Installing: /home/nvidia/GoalPlanning/install/imu_msgs/share/imu_msgs/cmake/ament_cmake_export_targets-extras.cmake
-- Installing: /home/nvidia/GoalPlanning/install/imu_msgs/share/imu_msgs/cmake/ament_cmake_export_include_directories-extras.cmake
-- Installing: /home/nvidia/GoalPlanning/install/imu_msgs/share/imu_msgs/cmake/rosidl_cmake_export_typesupport_libraries-extras.cmake
-- Installing: /home/nvidia/GoalPlanning/install/imu_msgs/share/imu_msgs/cmake/rosidl_cmake_export_typesupport_targets-extras.cmake
-- Installing: /home/nvidia/GoalPlanning/install/imu_msgs/share/imu_msgs/cmake/imu_msgsConfig.cmake
-- Installing: /home/nvidia/GoalPlanning/install/imu_msgs/share/imu_msgs/cmake/imu_msgsConfig-version.cmake
-- Installing: /home/nvidia/GoalPlanning/install/imu_msgs/share/imu_msgs/package.xml
