[0.124s] Invoking command in '/home/nvidia/GoalPlanning/build/imu_msgs': CMAKE_PREFIX_PATH=${CMAKE_PREFIX_PATH}:/home/nvidia/GoalPlanning/install/planning:/home/nvidia/GoalPlanning/install/cmd_car:/opt/ros/foxy /usr/bin/cmake /home/nvidia/GoalPlanning/src/location/src/imu_msgs -DCMAKE_INSTALL_PREFIX=/home/nvidia/GoalPlanning/install/imu_msgs
[1.548s] -- The C compiler identification is GNU 9.4.0
[1.549s] -- The CXX compiler identification is GNU 9.4.0
[1.549s] -- Check for working C compiler: /usr/bin/cc
[1.549s] -- Check for working C compiler: /usr/bin/cc -- works
[1.549s] -- Detecting C compiler ABI info
[1.549s] -- Detecting C compiler ABI info - done
[1.550s] -- Detecting C compile features
[1.550s] -- Detecting C compile features - done
[1.550s] -- Check for working CXX compiler: /usr/bin/c++
[1.550s] -- Check for working CXX compiler: /usr/bin/c++ -- works
[1.550s] -- Detecting CXX compiler ABI info
[1.550s] -- Detecting CXX compiler ABI info - done
[1.550s] -- Detecting CXX compile features
[1.551s] -- Detecting CXX compile features - done
[1.551s] -- Found ament_cmake: 0.9.12 (/opt/ros/foxy/share/ament_cmake/cmake)
[1.551s] -- Found PythonInterp: /usr/bin/python3 (found suitable version "3.8.10", minimum required is "3") 
[1.551s] -- Using PYTHON_EXECUTABLE: /usr/bin/python3
[1.673s] -- Found std_msgs: 2.0.5 (/opt/ros/foxy/share/std_msgs/cmake)
[1.736s] -- Using all available rosidl_typesupport_c: rosidl_typesupport_fastrtps_c;rosidl_typesupport_introspection_c
[1.755s] -- Found rosidl_adapter: 1.3.1 (/opt/ros/foxy/share/rosidl_adapter/cmake)
[2.077s] -- Found OpenSSL: /usr/lib/aarch64-linux-gnu/libcrypto.so (found version "1.1.1f")  
[2.205s] -- Found FastRTPS: /opt/ros/foxy/include  
[2.555s] -- Using all available rosidl_typesupport_cpp: rosidl_typesupport_fastrtps_cpp;rosidl_typesupport_introspection_cpp
[2.658s] -- Found ament_lint_auto: 0.9.8 (/opt/ros/foxy/share/ament_lint_auto/cmake)
[2.960s] -- Found rosidl_default_generators: 1.0.1 (/opt/ros/foxy/share/rosidl_default_generators/cmake)
[3.044s] -- Found PythonInterp: /usr/bin/python3 (found version "3.8.10") 
[3.435s] -- Found ament_cmake_ros: 0.9.2 (/opt/ros/foxy/share/ament_cmake_ros/cmake)
[3.925s] -- Using all available rosidl_typesupport_c: rosidl_typesupport_fastrtps_c;rosidl_typesupport_introspection_c
[4.053s] -- Using all available rosidl_typesupport_cpp: rosidl_typesupport_fastrtps_cpp;rosidl_typesupport_introspection_cpp
[4.128s] -- Found PythonInterp: /usr/bin/python3 (found suitable version "3.8.10", minimum required is "3.5") 
[4.131s] -- Found python_cmake_module: 0.8.1 (/opt/ros/foxy/share/python_cmake_module/cmake)
[4.208s] -- Found PythonLibs: /usr/lib/aarch64-linux-gnu/libpython3.8.so (found suitable version "3.8.10", minimum required is "3.5") 
[4.209s] -- Using PYTHON_EXECUTABLE: /usr/bin/python3
[4.209s] -- Using PYTHON_INCLUDE_DIRS: /usr/include/python3.8
[4.209s] -- Using PYTHON_LIBRARIES: /usr/lib/aarch64-linux-gnu/libpython3.8.so
[4.268s] -- Found PythonExtra: .so  
[4.433s] -- Added test 'copyright' to check source files copyright and LICENSE
[4.437s] -- Added test 'lint_cmake' to check CMake code style
[4.439s] -- Added test 'xmllint' to check XML markup files
[4.456s] -- Configuring done
[4.571s] -- Generating done
[4.578s] -- Build files have been written to: /home/nvidia/GoalPlanning/build/imu_msgs
[4.619s] Invoked command in '/home/nvidia/GoalPlanning/build/imu_msgs' returned '0': CMAKE_PREFIX_PATH=${CMAKE_PREFIX_PATH}:/home/nvidia/GoalPlanning/install/planning:/home/nvidia/GoalPlanning/install/cmd_car:/opt/ros/foxy /usr/bin/cmake /home/nvidia/GoalPlanning/src/location/src/imu_msgs -DCMAKE_INSTALL_PREFIX=/home/nvidia/GoalPlanning/install/imu_msgs
[4.621s] Invoking command in '/home/nvidia/GoalPlanning/build/imu_msgs': CMAKE_PREFIX_PATH=${CMAKE_PREFIX_PATH}:/home/nvidia/GoalPlanning/install/planning:/home/nvidia/GoalPlanning/install/cmd_car:/opt/ros/foxy /usr/bin/cmake --build /home/nvidia/GoalPlanning/build/imu_msgs -- -j8 -l8
[4.722s] [  1%] [34m[1mGenerating C code for ROS interfaces[0m
[4.722s] [35m[1mScanning dependencies of target imu_msgs__cpp[0m
[4.762s] [  2%] [34m[1mGenerating C++ code for ROS interfaces[0m
[7.070s] [  2%] Built target imu_msgs__cpp
[7.150s] [  4%] [34m[1mGenerating C++ type support dispatch for ROS interfaces[0m
[7.154s] [  5%] [34m[1mGenerating C++ type support for eProsima Fast-RTPS[0m
[7.155s] [  7%] [34m[1mGenerating C++ introspection for ROS interfaces[0m
[7.780s] [35m[1mScanning dependencies of target imu_msgs__rosidl_generator_c[0m
[7.815s] [  8%] [32mBuilding C object CMakeFiles/imu_msgs__rosidl_generator_c.dir/rosidl_generator_c/imu_msgs/msg/detail/asensing__functions.c.o[0m
[7.855s] [  9%] [32mBuilding C object CMakeFiles/imu_msgs__rosidl_generator_c.dir/rosidl_generator_c/imu_msgs/msg/detail/imu__functions.c.o[0m
[7.904s] [ 11%] [32mBuilding C object CMakeFiles/imu_msgs__rosidl_generator_c.dir/rosidl_generator_c/imu_msgs/msg/detail/gnss__functions.c.o[0m
[7.929s] [ 12%] [32mBuilding C object CMakeFiles/imu_msgs__rosidl_generator_c.dir/rosidl_generator_c/imu_msgs/msg/detail/ag041__functions.c.o[0m
[7.943s] [ 14%] [32mBuilding C object CMakeFiles/imu_msgs__rosidl_generator_c.dir/rosidl_generator_c/imu_msgs/msg/detail/ag051__functions.c.o[0m
[8.161s] [ 15%] [32mBuilding C object CMakeFiles/imu_msgs__rosidl_generator_c.dir/rosidl_generator_c/imu_msgs/msg/detail/ag072__functions.c.o[0m
[8.394s] [ 16%] [32m[1mLinking C shared library libimu_msgs__rosidl_generator_c.so[0m
[8.528s] [ 16%] Built target imu_msgs__rosidl_generator_c
[8.641s] [ 18%] [34m[1mGenerating C introspection for ROS interfaces[0m
[8.657s] [ 19%] [34m[1mGenerating C type support dispatch for ROS interfaces[0m
[9.448s] [35m[1mScanning dependencies of target imu_msgs__rosidl_typesupport_cpp[0m
[9.549s] [ 21%] [32mBuilding CXX object CMakeFiles/imu_msgs__rosidl_typesupport_cpp.dir/rosidl_typesupport_cpp/imu_msgs/msg/asensing__type_support.cpp.o[0m
[9.585s] [ 22%] [32mBuilding CXX object CMakeFiles/imu_msgs__rosidl_typesupport_cpp.dir/rosidl_typesupport_cpp/imu_msgs/msg/imu__type_support.cpp.o[0m
[9.714s] [ 23%] [32mBuilding CXX object CMakeFiles/imu_msgs__rosidl_typesupport_cpp.dir/rosidl_typesupport_cpp/imu_msgs/msg/gnss__type_support.cpp.o[0m
[9.778s] [35m[1mScanning dependencies of target imu_msgs__rosidl_typesupport_fastrtps_cpp[0m
[9.929s] [ 25%] [32mBuilding CXX object CMakeFiles/imu_msgs__rosidl_typesupport_cpp.dir/rosidl_typesupport_cpp/imu_msgs/msg/ag041__type_support.cpp.o[0m
[9.930s] [ 26%] [32mBuilding CXX object CMakeFiles/imu_msgs__rosidl_typesupport_fastrtps_cpp.dir/rosidl_typesupport_fastrtps_cpp/imu_msgs/msg/detail/dds_fastrtps/asensing__type_support.cpp.o[0m
[10.036s] [35m[1mScanning dependencies of target imu_msgs__rosidl_typesupport_introspection_cpp[0m
[10.198s] [ 28%] [32mBuilding CXX object CMakeFiles/imu_msgs__rosidl_typesupport_introspection_cpp.dir/rosidl_typesupport_introspection_cpp/imu_msgs/msg/detail/asensing__type_support.cpp.o[0m
[10.909s] [ 29%] [32mBuilding CXX object CMakeFiles/imu_msgs__rosidl_typesupport_cpp.dir/rosidl_typesupport_cpp/imu_msgs/msg/ag051__type_support.cpp.o[0m
[10.914s] [ 30%] [32mBuilding CXX object CMakeFiles/imu_msgs__rosidl_typesupport_cpp.dir/rosidl_typesupport_cpp/imu_msgs/msg/ag072__type_support.cpp.o[0m
[11.073s] [35m[1mScanning dependencies of target imu_msgs__rosidl_typesupport_c[0m
[11.158s] [ 32%] [32mBuilding CXX object CMakeFiles/imu_msgs__rosidl_typesupport_c.dir/rosidl_typesupport_c/imu_msgs/msg/asensing__type_support.cpp.o[0m
[11.222s] [ 33%] [32mBuilding CXX object CMakeFiles/imu_msgs__rosidl_typesupport_c.dir/rosidl_typesupport_c/imu_msgs/msg/imu__type_support.cpp.o[0m
[11.288s] [ 35%] [32mBuilding CXX object CMakeFiles/imu_msgs__rosidl_typesupport_c.dir/rosidl_typesupport_c/imu_msgs/msg/gnss__type_support.cpp.o[0m
[11.326s] [ 36%] [32mBuilding CXX object CMakeFiles/imu_msgs__rosidl_typesupport_fastrtps_cpp.dir/rosidl_typesupport_fastrtps_cpp/imu_msgs/msg/detail/dds_fastrtps/imu__type_support.cpp.o[0m
[11.369s] [ 38%] [32mBuilding CXX object CMakeFiles/imu_msgs__rosidl_typesupport_introspection_cpp.dir/rosidl_typesupport_introspection_cpp/imu_msgs/msg/detail/imu__type_support.cpp.o[0m
[11.434s] [ 39%] [32mBuilding CXX object CMakeFiles/imu_msgs__rosidl_typesupport_c.dir/rosidl_typesupport_c/imu_msgs/msg/ag041__type_support.cpp.o[0m
[11.486s] [ 40%] [32mBuilding CXX object CMakeFiles/imu_msgs__rosidl_typesupport_c.dir/rosidl_typesupport_c/imu_msgs/msg/ag051__type_support.cpp.o[0m
[11.646s] [ 42%] [32mBuilding CXX object CMakeFiles/imu_msgs__rosidl_typesupport_c.dir/rosidl_typesupport_c/imu_msgs/msg/ag072__type_support.cpp.o[0m
[11.693s] [ 43%] [32mBuilding CXX object CMakeFiles/imu_msgs__rosidl_typesupport_fastrtps_cpp.dir/rosidl_typesupport_fastrtps_cpp/imu_msgs/msg/detail/dds_fastrtps/gnss__type_support.cpp.o[0m
[11.821s] [ 45%] [32m[1mLinking CXX shared library libimu_msgs__rosidl_typesupport_c.so[0m
[12.030s] [ 45%] Built target imu_msgs__rosidl_typesupport_c
[12.037s] [35m[1mScanning dependencies of target imu_msgs__rosidl_typesupport_introspection_c[0m
[12.059s] [ 46%] [32mBuilding CXX object CMakeFiles/imu_msgs__rosidl_typesupport_fastrtps_cpp.dir/rosidl_typesupport_fastrtps_cpp/imu_msgs/msg/detail/dds_fastrtps/ag041__type_support.cpp.o[0m
[12.094s] [ 47%] [32mBuilding CXX object CMakeFiles/imu_msgs__rosidl_typesupport_introspection_cpp.dir/rosidl_typesupport_introspection_cpp/imu_msgs/msg/detail/gnss__type_support.cpp.o[0m
[12.159s] [ 49%] [32mBuilding C object CMakeFiles/imu_msgs__rosidl_typesupport_introspection_c.dir/rosidl_typesupport_introspection_c/imu_msgs/msg/detail/asensing__type_support.c.o[0m
[12.185s] [ 50%] [32mBuilding CXX object CMakeFiles/imu_msgs__rosidl_typesupport_fastrtps_cpp.dir/rosidl_typesupport_fastrtps_cpp/imu_msgs/msg/detail/dds_fastrtps/ag051__type_support.cpp.o[0m
[12.225s] [ 52%] [32m[1mLinking CXX shared library libimu_msgs__rosidl_typesupport_cpp.so[0m
[12.388s] [ 53%] [32mBuilding C object CMakeFiles/imu_msgs__rosidl_typesupport_introspection_c.dir/rosidl_typesupport_introspection_c/imu_msgs/msg/detail/imu__type_support.c.o[0m
[12.433s] [ 53%] Built target imu_msgs__rosidl_typesupport_cpp
[12.469s] [ 54%] [32mBuilding CXX object CMakeFiles/imu_msgs__rosidl_typesupport_introspection_cpp.dir/rosidl_typesupport_introspection_cpp/imu_msgs/msg/detail/ag041__type_support.cpp.o[0m
[12.493s] [ 56%] [32mBuilding CXX object CMakeFiles/imu_msgs__rosidl_typesupport_fastrtps_cpp.dir/rosidl_typesupport_fastrtps_cpp/imu_msgs/msg/detail/dds_fastrtps/ag072__type_support.cpp.o[0m
[12.539s] [ 57%] [32mBuilding C object CMakeFiles/imu_msgs__rosidl_typesupport_introspection_c.dir/rosidl_typesupport_introspection_c/imu_msgs/msg/detail/gnss__type_support.c.o[0m
[12.745s] [ 59%] [32mBuilding C object CMakeFiles/imu_msgs__rosidl_typesupport_introspection_c.dir/rosidl_typesupport_introspection_c/imu_msgs/msg/detail/ag041__type_support.c.o[0m
[12.891s] [ 60%] [32mBuilding C object CMakeFiles/imu_msgs__rosidl_typesupport_introspection_c.dir/rosidl_typesupport_introspection_c/imu_msgs/msg/detail/ag051__type_support.c.o[0m
[12.961s] [ 61%] [32mBuilding C object CMakeFiles/imu_msgs__rosidl_typesupport_introspection_c.dir/rosidl_typesupport_introspection_c/imu_msgs/msg/detail/ag072__type_support.c.o[0m
[13.071s] [ 63%] [32mBuilding CXX object CMakeFiles/imu_msgs__rosidl_typesupport_introspection_cpp.dir/rosidl_typesupport_introspection_cpp/imu_msgs/msg/detail/ag051__type_support.cpp.o[0m
[13.181s] [ 64%] [32m[1mLinking C shared library libimu_msgs__rosidl_typesupport_introspection_c.so[0m
[13.337s] [ 66%] [32mBuilding CXX object CMakeFiles/imu_msgs__rosidl_typesupport_introspection_cpp.dir/rosidl_typesupport_introspection_cpp/imu_msgs/msg/detail/ag072__type_support.cpp.o[0m
[13.454s] [ 66%] Built target imu_msgs__rosidl_typesupport_introspection_c
[13.813s] [ 67%] [32m[1mLinking CXX shared library libimu_msgs__rosidl_typesupport_fastrtps_cpp.so[0m
[14.062s] [ 67%] Built target imu_msgs__rosidl_typesupport_fastrtps_cpp
[14.087s] [ 69%] [34m[1mGenerating C type support for eProsima Fast-RTPS[0m
[14.129s] [ 70%] [32m[1mLinking CXX shared library libimu_msgs__rosidl_typesupport_introspection_cpp.so[0m
[14.297s] [ 70%] Built target imu_msgs__rosidl_typesupport_introspection_cpp
[15.676s] [35m[1mScanning dependencies of target imu_msgs__rosidl_typesupport_fastrtps_c[0m
[15.723s] [ 71%] [32mBuilding CXX object CMakeFiles/imu_msgs__rosidl_typesupport_fastrtps_c.dir/rosidl_typesupport_fastrtps_c/imu_msgs/msg/detail/gnss__type_support_c.cpp.o[0m
[15.730s] [ 73%] [32mBuilding CXX object CMakeFiles/imu_msgs__rosidl_typesupport_fastrtps_c.dir/rosidl_typesupport_fastrtps_c/imu_msgs/msg/detail/asensing__type_support_c.cpp.o[0m
[15.742s] [ 74%] [32mBuilding CXX object CMakeFiles/imu_msgs__rosidl_typesupport_fastrtps_c.dir/rosidl_typesupport_fastrtps_c/imu_msgs/msg/detail/ag041__type_support_c.cpp.o[0m
[15.744s] [ 76%] [32mBuilding CXX object CMakeFiles/imu_msgs__rosidl_typesupport_fastrtps_c.dir/rosidl_typesupport_fastrtps_c/imu_msgs/msg/detail/imu__type_support_c.cpp.o[0m
[15.756s] [ 77%] [32mBuilding CXX object CMakeFiles/imu_msgs__rosidl_typesupport_fastrtps_c.dir/rosidl_typesupport_fastrtps_c/imu_msgs/msg/detail/ag051__type_support_c.cpp.o[0m
[15.782s] [ 78%] [32mBuilding CXX object CMakeFiles/imu_msgs__rosidl_typesupport_fastrtps_c.dir/rosidl_typesupport_fastrtps_c/imu_msgs/msg/detail/ag072__type_support_c.cpp.o[0m
[17.121s] [ 80%] [32m[1mLinking CXX shared library libimu_msgs__rosidl_typesupport_fastrtps_c.so[0m
[17.326s] [ 80%] Built target imu_msgs__rosidl_typesupport_fastrtps_c
[17.351s] [35m[1mScanning dependencies of target imu_msgs[0m
[17.379s] [ 80%] Built target imu_msgs
[17.408s] [35m[1mScanning dependencies of target imu_msgs__py[0m
[17.433s] [ 81%] [34m[1mGenerating Python code for ROS interfaces[0m
[20.539s] [ 81%] Built target imu_msgs__py
[20.564s] [35m[1mScanning dependencies of target imu_msgs__python[0m
[20.626s] [ 84%] [32mBuilding C object CMakeFiles/imu_msgs__python.dir/rosidl_generator_py/imu_msgs/msg/_imu_s.c.o[0m
[20.626s] [ 84%] [32mBuilding C object CMakeFiles/imu_msgs__python.dir/rosidl_generator_py/imu_msgs/msg/_asensing_s.c.o[0m
[20.636s] [ 85%] [32mBuilding C object CMakeFiles/imu_msgs__python.dir/rosidl_generator_py/imu_msgs/msg/_gnss_s.c.o[0m
[20.652s] [ 87%] [32mBuilding C object CMakeFiles/imu_msgs__python.dir/rosidl_generator_py/imu_msgs/msg/_ag041_s.c.o[0m
[20.662s] [ 88%] [32mBuilding C object CMakeFiles/imu_msgs__python.dir/rosidl_generator_py/imu_msgs/msg/_ag051_s.c.o[0m
[20.678s] [ 90%] [32mBuilding C object CMakeFiles/imu_msgs__python.dir/rosidl_generator_py/imu_msgs/msg/_ag072_s.c.o[0m
[21.015s] [ 91%] [32m[1mLinking C shared library rosidl_generator_py/imu_msgs/libimu_msgs__python.so[0m
[21.114s] [ 91%] Built target imu_msgs__python
[21.138s] [35m[1mScanning dependencies of target imu_msgs__rosidl_typesupport_introspection_c__pyext[0m
[21.138s] [35m[1mScanning dependencies of target imu_msgs__rosidl_typesupport_fastrtps_c__pyext[0m
[21.138s] [35m[1mScanning dependencies of target imu_msgs__rosidl_typesupport_c__pyext[0m
[21.191s] [ 94%] [32mBuilding C object CMakeFiles/imu_msgs__rosidl_typesupport_fastrtps_c__pyext.dir/rosidl_generator_py/imu_msgs/_imu_msgs_s.ep.rosidl_typesupport_fastrtps_c.c.o[0m
[21.192s] [ 94%] [32mBuilding C object CMakeFiles/imu_msgs__rosidl_typesupport_introspection_c__pyext.dir/rosidl_generator_py/imu_msgs/_imu_msgs_s.ep.rosidl_typesupport_introspection_c.c.o[0m
[21.192s] [ 95%] [32mBuilding C object CMakeFiles/imu_msgs__rosidl_typesupport_c__pyext.dir/rosidl_generator_py/imu_msgs/_imu_msgs_s.ep.rosidl_typesupport_c.c.o[0m
[21.407s] [ 97%] [32m[1mLinking C shared library rosidl_generator_py/imu_msgs/imu_msgs_s__rosidl_typesupport_c.cpython-38-aarch64-linux-gnu.so[0m
[21.421s] [ 98%] [32m[1mLinking C shared library rosidl_generator_py/imu_msgs/imu_msgs_s__rosidl_typesupport_introspection_c.cpython-38-aarch64-linux-gnu.so[0m
[21.480s] [100%] [32m[1mLinking CXX shared library rosidl_generator_py/imu_msgs/imu_msgs_s__rosidl_typesupport_fastrtps_c.cpython-38-aarch64-linux-gnu.so[0m
[21.509s] [100%] Built target imu_msgs__rosidl_typesupport_c__pyext
[21.565s] [100%] Built target imu_msgs__rosidl_typesupport_introspection_c__pyext
[21.626s] [100%] Built target imu_msgs__rosidl_typesupport_fastrtps_c__pyext
[21.665s] Invoked command in '/home/nvidia/GoalPlanning/build/imu_msgs' returned '0': CMAKE_PREFIX_PATH=${CMAKE_PREFIX_PATH}:/home/nvidia/GoalPlanning/install/planning:/home/nvidia/GoalPlanning/install/cmd_car:/opt/ros/foxy /usr/bin/cmake --build /home/nvidia/GoalPlanning/build/imu_msgs -- -j8 -l8
[22.011s] Invoking command in '/home/nvidia/GoalPlanning/build/imu_msgs': CMAKE_PREFIX_PATH=${CMAKE_PREFIX_PATH}:/home/nvidia/GoalPlanning/install/planning:/home/nvidia/GoalPlanning/install/cmd_car:/opt/ros/foxy /usr/bin/cmake --install /home/nvidia/GoalPlanning/build/imu_msgs
[22.035s] -- Install configuration: ""
[22.036s] -- Installing: /home/nvidia/GoalPlanning/install/imu_msgs/share/ament_index/resource_index/rosidl_interfaces/imu_msgs
[22.037s] -- Installing: /home/nvidia/GoalPlanning/install/imu_msgs/include/imu_msgs
[22.037s] -- Installing: /home/nvidia/GoalPlanning/install/imu_msgs/include/imu_msgs/msg
[22.037s] -- Installing: /home/nvidia/GoalPlanning/install/imu_msgs/include/imu_msgs/msg/detail
[22.038s] -- Installing: /home/nvidia/GoalPlanning/install/imu_msgs/include/imu_msgs/msg/detail/ag041__type_support.h
[22.038s] -- Installing: /home/nvidia/GoalPlanning/install/imu_msgs/include/imu_msgs/msg/detail/ag041__struct.h
[22.038s] -- Installing: /home/nvidia/GoalPlanning/install/imu_msgs/include/imu_msgs/msg/detail/asensing__functions.h
[22.038s] -- Installing: /home/nvidia/GoalPlanning/install/imu_msgs/include/imu_msgs/msg/detail/asensing__struct.h
[22.038s] -- Installing: /home/nvidia/GoalPlanning/install/imu_msgs/include/imu_msgs/msg/detail/ag041__functions.h
[22.039s] -- Installing: /home/nvidia/GoalPlanning/install/imu_msgs/include/imu_msgs/msg/detail/asensing__functions.c
[22.039s] -- Installing: /home/nvidia/GoalPlanning/install/imu_msgs/include/imu_msgs/msg/detail/ag072__functions.h
[22.039s] -- Installing: /home/nvidia/GoalPlanning/install/imu_msgs/include/imu_msgs/msg/detail/asensing__type_support.h
[22.039s] -- Installing: /home/nvidia/GoalPlanning/install/imu_msgs/include/imu_msgs/msg/detail/ag041__functions.c
[22.040s] -- Installing: /home/nvidia/GoalPlanning/install/imu_msgs/include/imu_msgs/msg/detail/ag051__struct.h
[22.040s] -- Installing: /home/nvidia/GoalPlanning/install/imu_msgs/include/imu_msgs/msg/detail/imu__type_support.h
[22.040s] -- Installing: /home/nvidia/GoalPlanning/install/imu_msgs/include/imu_msgs/msg/detail/gnss__struct.h
[22.040s] -- Installing: /home/nvidia/GoalPlanning/install/imu_msgs/include/imu_msgs/msg/detail/ag072__functions.c
[22.040s] -- Installing: /home/nvidia/GoalPlanning/install/imu_msgs/include/imu_msgs/msg/detail/gnss__functions.h
[22.040s] -- Installing: /home/nvidia/GoalPlanning/install/imu_msgs/include/imu_msgs/msg/detail/gnss__functions.c
[22.041s] -- Installing: /home/nvidia/GoalPlanning/install/imu_msgs/include/imu_msgs/msg/detail/imu__struct.h
[22.041s] -- Installing: /home/nvidia/GoalPlanning/install/imu_msgs/include/imu_msgs/msg/detail/ag051__type_support.h
[22.041s] -- Installing: /home/nvidia/GoalPlanning/install/imu_msgs/include/imu_msgs/msg/detail/imu__functions.h
[22.041s] -- Installing: /home/nvidia/GoalPlanning/install/imu_msgs/include/imu_msgs/msg/detail/ag051__functions.h
[22.042s] -- Installing: /home/nvidia/GoalPlanning/install/imu_msgs/include/imu_msgs/msg/detail/ag072__type_support.h
[22.042s] -- Installing: /home/nvidia/GoalPlanning/install/imu_msgs/include/imu_msgs/msg/detail/ag072__struct.h
[22.042s] -- Installing: /home/nvidia/GoalPlanning/install/imu_msgs/include/imu_msgs/msg/detail/ag051__functions.c
[22.042s] -- Installing: /home/nvidia/GoalPlanning/install/imu_msgs/include/imu_msgs/msg/detail/imu__functions.c
[22.042s] -- Installing: /home/nvidia/GoalPlanning/install/imu_msgs/include/imu_msgs/msg/detail/gnss__type_support.h
[22.042s] -- Installing: /home/nvidia/GoalPlanning/install/imu_msgs/include/imu_msgs/msg/rosidl_generator_c__visibility_control.h
[22.043s] -- Installing: /home/nvidia/GoalPlanning/install/imu_msgs/include/imu_msgs/msg/ag041.h
[22.043s] -- Installing: /home/nvidia/GoalPlanning/install/imu_msgs/include/imu_msgs/msg/ag051.h
[22.043s] -- Installing: /home/nvidia/GoalPlanning/install/imu_msgs/include/imu_msgs/msg/asensing.h
[22.043s] -- Installing: /home/nvidia/GoalPlanning/install/imu_msgs/include/imu_msgs/msg/imu.h
[22.043s] -- Installing: /home/nvidia/GoalPlanning/install/imu_msgs/include/imu_msgs/msg/gnss.h
[22.044s] -- Installing: /home/nvidia/GoalPlanning/install/imu_msgs/include/imu_msgs/msg/ag072.h
[22.045s] -- Installing: /home/nvidia/GoalPlanning/install/imu_msgs/share/imu_msgs/environment/library_path.sh
[22.045s] -- Installing: /home/nvidia/GoalPlanning/install/imu_msgs/share/imu_msgs/environment/library_path.dsv
[22.047s] -- Installing: /home/nvidia/GoalPlanning/install/imu_msgs/lib/libimu_msgs__rosidl_generator_c.so
[22.047s] -- Set runtime path of "/home/nvidia/GoalPlanning/install/imu_msgs/lib/libimu_msgs__rosidl_generator_c.so" to ""
[22.048s] -- Up-to-date: /home/nvidia/GoalPlanning/install/imu_msgs/include/imu_msgs
[22.048s] -- Up-to-date: /home/nvidia/GoalPlanning/install/imu_msgs/include/imu_msgs/msg
[22.048s] -- Up-to-date: /home/nvidia/GoalPlanning/install/imu_msgs/include/imu_msgs/msg/detail
[22.048s] -- Installing: /home/nvidia/GoalPlanning/install/imu_msgs/include/imu_msgs/msg/detail/asensing__rosidl_typesupport_fastrtps_c.h
[22.050s] -- Installing: /home/nvidia/GoalPlanning/install/imu_msgs/include/imu_msgs/msg/detail/ag072__rosidl_typesupport_fastrtps_c.h
[22.050s] -- Installing: /home/nvidia/GoalPlanning/install/imu_msgs/include/imu_msgs/msg/detail/gnss__rosidl_typesupport_fastrtps_c.h
[22.051s] -- Installing: /home/nvidia/GoalPlanning/install/imu_msgs/include/imu_msgs/msg/detail/ag041__rosidl_typesupport_fastrtps_c.h
[22.051s] -- Installing: /home/nvidia/GoalPlanning/install/imu_msgs/include/imu_msgs/msg/detail/ag051__rosidl_typesupport_fastrtps_c.h
[22.051s] -- Installing: /home/nvidia/GoalPlanning/install/imu_msgs/include/imu_msgs/msg/detail/imu__rosidl_typesupport_fastrtps_c.h
[22.051s] -- Installing: /home/nvidia/GoalPlanning/install/imu_msgs/include/imu_msgs/msg/rosidl_typesupport_fastrtps_c__visibility_control.h
[22.051s] -- Installing: /home/nvidia/GoalPlanning/install/imu_msgs/lib/libimu_msgs__rosidl_typesupport_fastrtps_c.so
[22.052s] -- Set runtime path of "/home/nvidia/GoalPlanning/install/imu_msgs/lib/libimu_msgs__rosidl_typesupport_fastrtps_c.so" to ""
[22.053s] -- Up-to-date: /home/nvidia/GoalPlanning/install/imu_msgs/include/imu_msgs
[22.054s] -- Up-to-date: /home/nvidia/GoalPlanning/install/imu_msgs/include/imu_msgs/msg
[22.054s] -- Up-to-date: /home/nvidia/GoalPlanning/install/imu_msgs/include/imu_msgs/msg/detail
[22.054s] -- Installing: /home/nvidia/GoalPlanning/install/imu_msgs/include/imu_msgs/msg/detail/ag051__rosidl_typesupport_fastrtps_cpp.hpp
[22.054s] -- Installing: /home/nvidia/GoalPlanning/install/imu_msgs/include/imu_msgs/msg/detail/imu__rosidl_typesupport_fastrtps_cpp.hpp
[22.054s] -- Installing: /home/nvidia/GoalPlanning/install/imu_msgs/include/imu_msgs/msg/detail/ag041__rosidl_typesupport_fastrtps_cpp.hpp
[22.055s] -- Installing: /home/nvidia/GoalPlanning/install/imu_msgs/include/imu_msgs/msg/detail/gnss__rosidl_typesupport_fastrtps_cpp.hpp
[22.055s] -- Installing: /home/nvidia/GoalPlanning/install/imu_msgs/include/imu_msgs/msg/detail/asensing__rosidl_typesupport_fastrtps_cpp.hpp
[22.055s] -- Installing: /home/nvidia/GoalPlanning/install/imu_msgs/include/imu_msgs/msg/detail/dds_fastrtps
[22.055s] -- Installing: /home/nvidia/GoalPlanning/install/imu_msgs/include/imu_msgs/msg/detail/ag072__rosidl_typesupport_fastrtps_cpp.hpp
[22.055s] -- Installing: /home/nvidia/GoalPlanning/install/imu_msgs/include/imu_msgs/msg/rosidl_typesupport_fastrtps_cpp__visibility_control.h
[22.055s] -- Installing: /home/nvidia/GoalPlanning/install/imu_msgs/lib/libimu_msgs__rosidl_typesupport_fastrtps_cpp.so
[22.056s] -- Set runtime path of "/home/nvidia/GoalPlanning/install/imu_msgs/lib/libimu_msgs__rosidl_typesupport_fastrtps_cpp.so" to ""
[22.056s] -- Up-to-date: /home/nvidia/GoalPlanning/install/imu_msgs/include/imu_msgs
[22.056s] -- Up-to-date: /home/nvidia/GoalPlanning/install/imu_msgs/include/imu_msgs/msg
[22.056s] -- Up-to-date: /home/nvidia/GoalPlanning/install/imu_msgs/include/imu_msgs/msg/detail
[22.056s] -- Installing: /home/nvidia/GoalPlanning/install/imu_msgs/include/imu_msgs/msg/detail/ag041__rosidl_typesupport_introspection_c.h
[22.057s] -- Installing: /home/nvidia/GoalPlanning/install/imu_msgs/include/imu_msgs/msg/detail/ag072__type_support.c
[22.057s] -- Installing: /home/nvidia/GoalPlanning/install/imu_msgs/include/imu_msgs/msg/detail/gnss__type_support.c
[22.060s] -- Installing: /home/nvidia/GoalPlanning/install/imu_msgs/include/imu_msgs/msg/detail/imu__rosidl_typesupport_introspection_c.h
[22.060s] -- Installing: /home/nvidia/GoalPlanning/install/imu_msgs/include/imu_msgs/msg/detail/gnss__rosidl_typesupport_introspection_c.h
[22.060s] -- Installing: /home/nvidia/GoalPlanning/install/imu_msgs/include/imu_msgs/msg/detail/ag072__rosidl_typesupport_introspection_c.h
[22.060s] -- Installing: /home/nvidia/GoalPlanning/install/imu_msgs/include/imu_msgs/msg/detail/asensing__rosidl_typesupport_introspection_c.h
[22.061s] -- Installing: /home/nvidia/GoalPlanning/install/imu_msgs/include/imu_msgs/msg/detail/asensing__type_support.c
[22.061s] -- Installing: /home/nvidia/GoalPlanning/install/imu_msgs/include/imu_msgs/msg/detail/imu__type_support.c
[22.061s] -- Installing: /home/nvidia/GoalPlanning/install/imu_msgs/include/imu_msgs/msg/detail/ag051__rosidl_typesupport_introspection_c.h
[22.061s] -- Installing: /home/nvidia/GoalPlanning/install/imu_msgs/include/imu_msgs/msg/detail/ag051__type_support.c
[22.061s] -- Installing: /home/nvidia/GoalPlanning/install/imu_msgs/include/imu_msgs/msg/detail/ag041__type_support.c
[22.062s] -- Installing: /home/nvidia/GoalPlanning/install/imu_msgs/include/imu_msgs/msg/rosidl_typesupport_introspection_c__visibility_control.h
[22.062s] -- Installing: /home/nvidia/GoalPlanning/install/imu_msgs/lib/libimu_msgs__rosidl_typesupport_introspection_c.so
[22.062s] -- Set runtime path of "/home/nvidia/GoalPlanning/install/imu_msgs/lib/libimu_msgs__rosidl_typesupport_introspection_c.so" to ""
[22.062s] -- Installing: /home/nvidia/GoalPlanning/install/imu_msgs/lib/libimu_msgs__rosidl_typesupport_c.so
[22.062s] -- Set runtime path of "/home/nvidia/GoalPlanning/install/imu_msgs/lib/libimu_msgs__rosidl_typesupport_c.so" to ""
[22.063s] -- Up-to-date: /home/nvidia/GoalPlanning/install/imu_msgs/include/imu_msgs
[22.063s] -- Up-to-date: /home/nvidia/GoalPlanning/install/imu_msgs/include/imu_msgs/msg
[22.063s] -- Up-to-date: /home/nvidia/GoalPlanning/install/imu_msgs/include/imu_msgs/msg/detail
[22.063s] -- Installing: /home/nvidia/GoalPlanning/install/imu_msgs/include/imu_msgs/msg/detail/ag051__traits.hpp
[22.063s] -- Installing: /home/nvidia/GoalPlanning/install/imu_msgs/include/imu_msgs/msg/detail/ag051__type_support.hpp
[22.064s] -- Installing: /home/nvidia/GoalPlanning/install/imu_msgs/include/imu_msgs/msg/detail/imu__builder.hpp
[22.064s] -- Installing: /home/nvidia/GoalPlanning/install/imu_msgs/include/imu_msgs/msg/detail/asensing__struct.hpp
[22.064s] -- Installing: /home/nvidia/GoalPlanning/install/imu_msgs/include/imu_msgs/msg/detail/gnss__type_support.hpp
[22.064s] -- Installing: /home/nvidia/GoalPlanning/install/imu_msgs/include/imu_msgs/msg/detail/ag072__traits.hpp
[22.064s] -- Installing: /home/nvidia/GoalPlanning/install/imu_msgs/include/imu_msgs/msg/detail/ag072__builder.hpp
[22.065s] -- Installing: /home/nvidia/GoalPlanning/install/imu_msgs/include/imu_msgs/msg/detail/ag041__type_support.hpp
[22.065s] -- Installing: /home/nvidia/GoalPlanning/install/imu_msgs/include/imu_msgs/msg/detail/ag072__struct.hpp
[22.065s] -- Installing: /home/nvidia/GoalPlanning/install/imu_msgs/include/imu_msgs/msg/detail/asensing__builder.hpp
[22.065s] -- Installing: /home/nvidia/GoalPlanning/install/imu_msgs/include/imu_msgs/msg/detail/ag041__traits.hpp
[22.065s] -- Installing: /home/nvidia/GoalPlanning/install/imu_msgs/include/imu_msgs/msg/detail/ag072__type_support.hpp
[22.066s] -- Installing: /home/nvidia/GoalPlanning/install/imu_msgs/include/imu_msgs/msg/detail/ag051__struct.hpp
[22.066s] -- Installing: /home/nvidia/GoalPlanning/install/imu_msgs/include/imu_msgs/msg/detail/imu__type_support.hpp
[22.066s] -- Installing: /home/nvidia/GoalPlanning/install/imu_msgs/include/imu_msgs/msg/detail/asensing__type_support.hpp
[22.066s] -- Installing: /home/nvidia/GoalPlanning/install/imu_msgs/include/imu_msgs/msg/detail/imu__struct.hpp
[22.066s] -- Installing: /home/nvidia/GoalPlanning/install/imu_msgs/include/imu_msgs/msg/detail/ag041__struct.hpp
[22.067s] -- Installing: /home/nvidia/GoalPlanning/install/imu_msgs/include/imu_msgs/msg/detail/gnss__traits.hpp
[22.067s] -- Installing: /home/nvidia/GoalPlanning/install/imu_msgs/include/imu_msgs/msg/detail/imu__traits.hpp
[22.067s] -- Installing: /home/nvidia/GoalPlanning/install/imu_msgs/include/imu_msgs/msg/detail/ag041__builder.hpp
[22.068s] -- Installing: /home/nvidia/GoalPlanning/install/imu_msgs/include/imu_msgs/msg/detail/asensing__traits.hpp
[22.068s] -- Installing: /home/nvidia/GoalPlanning/install/imu_msgs/include/imu_msgs/msg/detail/ag051__builder.hpp
[22.068s] -- Installing: /home/nvidia/GoalPlanning/install/imu_msgs/include/imu_msgs/msg/detail/gnss__builder.hpp
[22.068s] -- Installing: /home/nvidia/GoalPlanning/install/imu_msgs/include/imu_msgs/msg/detail/gnss__struct.hpp
[22.068s] -- Installing: /home/nvidia/GoalPlanning/install/imu_msgs/include/imu_msgs/msg/rosidl_generator_cpp__visibility_control.hpp
[22.069s] -- Installing: /home/nvidia/GoalPlanning/install/imu_msgs/include/imu_msgs/msg/gnss.hpp
[22.069s] -- Installing: /home/nvidia/GoalPlanning/install/imu_msgs/include/imu_msgs/msg/ag041.hpp
[22.069s] -- Installing: /home/nvidia/GoalPlanning/install/imu_msgs/include/imu_msgs/msg/ag051.hpp
[22.069s] -- Installing: /home/nvidia/GoalPlanning/install/imu_msgs/include/imu_msgs/msg/imu.hpp
[22.069s] -- Installing: /home/nvidia/GoalPlanning/install/imu_msgs/include/imu_msgs/msg/ag072.hpp
[22.069s] -- Installing: /home/nvidia/GoalPlanning/install/imu_msgs/include/imu_msgs/msg/asensing.hpp
[22.070s] -- Up-to-date: /home/nvidia/GoalPlanning/install/imu_msgs/include/imu_msgs
[22.070s] -- Up-to-date: /home/nvidia/GoalPlanning/install/imu_msgs/include/imu_msgs/msg
[22.072s] -- Up-to-date: /home/nvidia/GoalPlanning/install/imu_msgs/include/imu_msgs/msg/detail
[22.073s] -- Installing: /home/nvidia/GoalPlanning/install/imu_msgs/include/imu_msgs/msg/detail/asensing__type_support.cpp
[22.073s] -- Installing: /home/nvidia/GoalPlanning/install/imu_msgs/include/imu_msgs/msg/detail/ag041__rosidl_typesupport_introspection_cpp.hpp
[22.073s] -- Installing: /home/nvidia/GoalPlanning/install/imu_msgs/include/imu_msgs/msg/detail/ag072__type_support.cpp
[22.073s] -- Installing: /home/nvidia/GoalPlanning/install/imu_msgs/include/imu_msgs/msg/detail/imu__type_support.cpp
[22.073s] -- Installing: /home/nvidia/GoalPlanning/install/imu_msgs/include/imu_msgs/msg/detail/gnss__type_support.cpp
[22.074s] -- Installing: /home/nvidia/GoalPlanning/install/imu_msgs/include/imu_msgs/msg/detail/ag051__rosidl_typesupport_introspection_cpp.hpp
[22.074s] -- Installing: /home/nvidia/GoalPlanning/install/imu_msgs/include/imu_msgs/msg/detail/ag072__rosidl_typesupport_introspection_cpp.hpp
[22.074s] -- Installing: /home/nvidia/GoalPlanning/install/imu_msgs/include/imu_msgs/msg/detail/ag051__type_support.cpp
[22.074s] -- Installing: /home/nvidia/GoalPlanning/install/imu_msgs/include/imu_msgs/msg/detail/gnss__rosidl_typesupport_introspection_cpp.hpp
[22.074s] -- Installing: /home/nvidia/GoalPlanning/install/imu_msgs/include/imu_msgs/msg/detail/imu__rosidl_typesupport_introspection_cpp.hpp
[22.074s] -- Installing: /home/nvidia/GoalPlanning/install/imu_msgs/include/imu_msgs/msg/detail/ag041__type_support.cpp
[22.074s] -- Installing: /home/nvidia/GoalPlanning/install/imu_msgs/include/imu_msgs/msg/detail/asensing__rosidl_typesupport_introspection_cpp.hpp
[22.074s] -- Installing: /home/nvidia/GoalPlanning/install/imu_msgs/lib/libimu_msgs__rosidl_typesupport_introspection_cpp.so
[22.075s] -- Set runtime path of "/home/nvidia/GoalPlanning/install/imu_msgs/lib/libimu_msgs__rosidl_typesupport_introspection_cpp.so" to ""
[22.075s] -- Installing: /home/nvidia/GoalPlanning/install/imu_msgs/lib/libimu_msgs__rosidl_typesupport_cpp.so
[22.075s] -- Set runtime path of "/home/nvidia/GoalPlanning/install/imu_msgs/lib/libimu_msgs__rosidl_typesupport_cpp.so" to ""
[22.075s] -- Installing: /home/nvidia/GoalPlanning/install/imu_msgs/share/imu_msgs/environment/pythonpath.sh
[22.075s] -- Installing: /home/nvidia/GoalPlanning/install/imu_msgs/share/imu_msgs/environment/pythonpath.dsv
[22.075s] -- Installing: /home/nvidia/GoalPlanning/install/imu_msgs/lib/python3.8/site-packages/imu_msgs/__init__.py
[22.151s] Compiling '/home/nvidia/GoalPlanning/install/imu_msgs/lib/python3.8/site-packages/imu_msgs/__init__.py'...
[22.164s] -- Installing: /home/nvidia/GoalPlanning/install/imu_msgs/lib/python3.8/site-packages/imu_msgs/msg
[22.164s] -- Installing: /home/nvidia/GoalPlanning/install/imu_msgs/lib/python3.8/site-packages/imu_msgs/msg/_gnss_s.c
[22.165s] -- Installing: /home/nvidia/GoalPlanning/install/imu_msgs/lib/python3.8/site-packages/imu_msgs/msg/_ag051.py
[22.165s] -- Installing: /home/nvidia/GoalPlanning/install/imu_msgs/lib/python3.8/site-packages/imu_msgs/msg/_ag072.py
[22.165s] -- Installing: /home/nvidia/GoalPlanning/install/imu_msgs/lib/python3.8/site-packages/imu_msgs/msg/_ag041.py
[22.165s] -- Installing: /home/nvidia/GoalPlanning/install/imu_msgs/lib/python3.8/site-packages/imu_msgs/msg/__init__.py
[22.165s] -- Installing: /home/nvidia/GoalPlanning/install/imu_msgs/lib/python3.8/site-packages/imu_msgs/msg/_ag051_s.c
[22.166s] -- Installing: /home/nvidia/GoalPlanning/install/imu_msgs/lib/python3.8/site-packages/imu_msgs/msg/_ag072_s.c
[22.166s] -- Installing: /home/nvidia/GoalPlanning/install/imu_msgs/lib/python3.8/site-packages/imu_msgs/msg/_ag041_s.c
[22.166s] -- Installing: /home/nvidia/GoalPlanning/install/imu_msgs/lib/python3.8/site-packages/imu_msgs/msg/_gnss.py
[22.166s] -- Installing: /home/nvidia/GoalPlanning/install/imu_msgs/lib/python3.8/site-packages/imu_msgs/msg/_asensing.py
[22.166s] -- Installing: /home/nvidia/GoalPlanning/install/imu_msgs/lib/python3.8/site-packages/imu_msgs/msg/_asensing_s.c
[22.167s] -- Installing: /home/nvidia/GoalPlanning/install/imu_msgs/lib/python3.8/site-packages/imu_msgs/msg/_imu_s.c
[22.167s] -- Installing: /home/nvidia/GoalPlanning/install/imu_msgs/lib/python3.8/site-packages/imu_msgs/msg/_imu.py
[22.167s] -- Installing: /home/nvidia/GoalPlanning/install/imu_msgs/lib/python3.8/site-packages/imu_msgs/imu_msgs_s__rosidl_typesupport_fastrtps_c.cpython-38-aarch64-linux-gnu.so
[22.168s] -- Set runtime path of "/home/nvidia/GoalPlanning/install/imu_msgs/lib/python3.8/site-packages/imu_msgs/imu_msgs_s__rosidl_typesupport_fastrtps_c.cpython-38-aarch64-linux-gnu.so" to ""
[22.169s] -- Installing: /home/nvidia/GoalPlanning/install/imu_msgs/lib/python3.8/site-packages/imu_msgs/imu_msgs_s__rosidl_typesupport_introspection_c.cpython-38-aarch64-linux-gnu.so
[22.170s] -- Set runtime path of "/home/nvidia/GoalPlanning/install/imu_msgs/lib/python3.8/site-packages/imu_msgs/imu_msgs_s__rosidl_typesupport_introspection_c.cpython-38-aarch64-linux-gnu.so" to ""
[22.170s] -- Installing: /home/nvidia/GoalPlanning/install/imu_msgs/lib/python3.8/site-packages/imu_msgs/imu_msgs_s__rosidl_typesupport_c.cpython-38-aarch64-linux-gnu.so
[22.171s] -- Set runtime path of "/home/nvidia/GoalPlanning/install/imu_msgs/lib/python3.8/site-packages/imu_msgs/imu_msgs_s__rosidl_typesupport_c.cpython-38-aarch64-linux-gnu.so" to ""
[22.171s] -- Installing: /home/nvidia/GoalPlanning/install/imu_msgs/lib/libimu_msgs__python.so
[22.173s] -- Set runtime path of "/home/nvidia/GoalPlanning/install/imu_msgs/lib/libimu_msgs__python.so" to ""
[22.174s] -- Installing: /home/nvidia/GoalPlanning/install/imu_msgs/share/imu_msgs/msg/ASENSING.idl
[22.174s] -- Installing: /home/nvidia/GoalPlanning/install/imu_msgs/share/imu_msgs/msg/Imu.idl
[22.176s] -- Installing: /home/nvidia/GoalPlanning/install/imu_msgs/share/imu_msgs/msg/Gnss.idl
[22.176s] -- Installing: /home/nvidia/GoalPlanning/install/imu_msgs/share/imu_msgs/msg/AG041.idl
[22.177s] -- Installing: /home/nvidia/GoalPlanning/install/imu_msgs/share/imu_msgs/msg/AG051.idl
[22.177s] -- Installing: /home/nvidia/GoalPlanning/install/imu_msgs/share/imu_msgs/msg/AG072.idl
[22.177s] -- Installing: /home/nvidia/GoalPlanning/install/imu_msgs/share/imu_msgs/msg/ASENSING.msg
[22.177s] -- Installing: /home/nvidia/GoalPlanning/install/imu_msgs/share/imu_msgs/msg/Imu.msg
[22.178s] -- Installing: /home/nvidia/GoalPlanning/install/imu_msgs/share/imu_msgs/msg/Gnss.msg
[22.178s] -- Installing: /home/nvidia/GoalPlanning/install/imu_msgs/share/imu_msgs/msg/AG041.msg
[22.178s] -- Installing: /home/nvidia/GoalPlanning/install/imu_msgs/share/imu_msgs/msg/AG051.msg
[22.178s] -- Installing: /home/nvidia/GoalPlanning/install/imu_msgs/share/imu_msgs/msg/AG072.msg
[22.179s] -- Installing: /home/nvidia/GoalPlanning/install/imu_msgs/share/ament_index/resource_index/package_run_dependencies/imu_msgs
[22.179s] -- Installing: /home/nvidia/GoalPlanning/install/imu_msgs/share/ament_index/resource_index/parent_prefix_path/imu_msgs
[22.179s] -- Installing: /home/nvidia/GoalPlanning/install/imu_msgs/share/imu_msgs/environment/ament_prefix_path.sh
[22.180s] -- Installing: /home/nvidia/GoalPlanning/install/imu_msgs/share/imu_msgs/environment/ament_prefix_path.dsv
[22.180s] -- Installing: /home/nvidia/GoalPlanning/install/imu_msgs/share/imu_msgs/environment/path.sh
[22.180s] -- Installing: /home/nvidia/GoalPlanning/install/imu_msgs/share/imu_msgs/environment/path.dsv
[22.180s] -- Installing: /home/nvidia/GoalPlanning/install/imu_msgs/share/imu_msgs/local_setup.bash
[22.181s] -- Installing: /home/nvidia/GoalPlanning/install/imu_msgs/share/imu_msgs/local_setup.sh
[22.181s] -- Installing: /home/nvidia/GoalPlanning/install/imu_msgs/share/imu_msgs/local_setup.zsh
[22.181s] -- Installing: /home/nvidia/GoalPlanning/install/imu_msgs/share/imu_msgs/local_setup.dsv
[22.182s] -- Installing: /home/nvidia/GoalPlanning/install/imu_msgs/share/imu_msgs/package.dsv
[22.182s] -- Installing: /home/nvidia/GoalPlanning/install/imu_msgs/share/ament_index/resource_index/packages/imu_msgs
[22.183s] -- Installing: /home/nvidia/GoalPlanning/install/imu_msgs/share/imu_msgs/cmake/imu_msgs__rosidl_generator_cExport.cmake
[22.184s] -- Installing: /home/nvidia/GoalPlanning/install/imu_msgs/share/imu_msgs/cmake/imu_msgs__rosidl_generator_cExport-noconfig.cmake
[22.185s] -- Installing: /home/nvidia/GoalPlanning/install/imu_msgs/share/imu_msgs/cmake/imu_msgs__rosidl_typesupport_introspection_cExport.cmake
[22.185s] -- Installing: /home/nvidia/GoalPlanning/install/imu_msgs/share/imu_msgs/cmake/imu_msgs__rosidl_typesupport_introspection_cExport-noconfig.cmake
[22.185s] -- Installing: /home/nvidia/GoalPlanning/install/imu_msgs/share/imu_msgs/cmake/imu_msgs__rosidl_typesupport_cExport.cmake
[22.185s] -- Installing: /home/nvidia/GoalPlanning/install/imu_msgs/share/imu_msgs/cmake/imu_msgs__rosidl_typesupport_cExport-noconfig.cmake
[22.185s] -- Installing: /home/nvidia/GoalPlanning/install/imu_msgs/share/imu_msgs/cmake/imu_msgs__rosidl_generator_cppExport.cmake
[22.185s] -- Installing: /home/nvidia/GoalPlanning/install/imu_msgs/share/imu_msgs/cmake/imu_msgs__rosidl_typesupport_introspection_cppExport.cmake
[22.186s] -- Installing: /home/nvidia/GoalPlanning/install/imu_msgs/share/imu_msgs/cmake/imu_msgs__rosidl_typesupport_introspection_cppExport-noconfig.cmake
[22.186s] -- Installing: /home/nvidia/GoalPlanning/install/imu_msgs/share/imu_msgs/cmake/imu_msgs__rosidl_typesupport_cppExport.cmake
[22.186s] -- Installing: /home/nvidia/GoalPlanning/install/imu_msgs/share/imu_msgs/cmake/imu_msgs__rosidl_typesupport_cppExport-noconfig.cmake
[22.187s] -- Installing: /home/nvidia/GoalPlanning/install/imu_msgs/share/imu_msgs/cmake/rosidl_cmake-extras.cmake
[22.187s] -- Installing: /home/nvidia/GoalPlanning/install/imu_msgs/share/imu_msgs/cmake/ament_cmake_export_dependencies-extras.cmake
[22.187s] -- Installing: /home/nvidia/GoalPlanning/install/imu_msgs/share/imu_msgs/cmake/ament_cmake_export_libraries-extras.cmake
[22.188s] -- Installing: /home/nvidia/GoalPlanning/install/imu_msgs/share/imu_msgs/cmake/ament_cmake_export_targets-extras.cmake
[22.188s] -- Installing: /home/nvidia/GoalPlanning/install/imu_msgs/share/imu_msgs/cmake/ament_cmake_export_include_directories-extras.cmake
[22.189s] -- Installing: /home/nvidia/GoalPlanning/install/imu_msgs/share/imu_msgs/cmake/rosidl_cmake_export_typesupport_libraries-extras.cmake
[22.189s] -- Installing: /home/nvidia/GoalPlanning/install/imu_msgs/share/imu_msgs/cmake/rosidl_cmake_export_typesupport_targets-extras.cmake
[22.189s] -- Installing: /home/nvidia/GoalPlanning/install/imu_msgs/share/imu_msgs/cmake/imu_msgsConfig.cmake
[22.189s] -- Installing: /home/nvidia/GoalPlanning/install/imu_msgs/share/imu_msgs/cmake/imu_msgsConfig-version.cmake
[22.190s] -- Installing: /home/nvidia/GoalPlanning/install/imu_msgs/share/imu_msgs/package.xml
[22.197s] Invoked command in '/home/nvidia/GoalPlanning/build/imu_msgs' returned '0': CMAKE_PREFIX_PATH=${CMAKE_PREFIX_PATH}:/home/nvidia/GoalPlanning/install/planning:/home/nvidia/GoalPlanning/install/cmd_car:/opt/ros/foxy /usr/bin/cmake --install /home/nvidia/GoalPlanning/build/imu_msgs
