[0.755s] Invoking command in '/home/nvidia/GoalPlanning/build/cmd_car_cpp': CMAKE_PREFIX_PATH=${CMAKE_PREFIX_PATH}:/home/nvidia/GoalPlanning/install/planning:/home/nvidia/GoalPlanning/install/cmd_car:/opt/ros/foxy /usr/bin/cmake --build /home/nvidia/GoalPlanning/build/cmd_car_cpp -- -j8 -l8
[1.433s] Invoked command in '/home/nvidia/GoalPlanning/build/cmd_car_cpp' returned '0': CMAKE_PREFIX_PATH=${CMAKE_PREFIX_PATH}:/home/nvidia/GoalPlanning/install/planning:/home/nvidia/GoalPlanning/install/cmd_car:/opt/ros/foxy /usr/bin/cmake --build /home/nvidia/GoalPlanning/build/cmd_car_cpp -- -j8 -l8
[1.519s] Invoking command in '/home/nvidia/GoalPlanning/build/cmd_car_cpp': CMAKE_PREFIX_PATH=${CMAKE_PREFIX_PATH}:/home/nvidia/GoalPlanning/install/planning:/home/nvidia/GoalPlanning/install/cmd_car:/opt/ros/foxy /usr/bin/cmake --install /home/nvidia/GoalPlanning/build/cmd_car_cpp
[1.549s] -- Install configuration: ""
[1.549s] -- Up-to-date: /home/nvidia/GoalPlanning/install/cmd_car_cpp/share/ament_index/resource_index/package_run_dependencies/cmd_car_cpp
[1.550s] -- Up-to-date: /home/nvidia/GoalPlanning/install/cmd_car_cpp/share/ament_index/resource_index/parent_prefix_path/cmd_car_cpp
[1.558s] -- Up-to-date: /home/nvidia/GoalPlanning/install/cmd_car_cpp/share/cmd_car_cpp/environment/ament_prefix_path.sh
[1.559s] -- Up-to-date: /home/nvidia/GoalPlanning/install/cmd_car_cpp/share/cmd_car_cpp/environment/ament_prefix_path.dsv
[1.559s] -- Up-to-date: /home/nvidia/GoalPlanning/install/cmd_car_cpp/share/cmd_car_cpp/environment/path.sh
[1.560s] -- Up-to-date: /home/nvidia/GoalPlanning/install/cmd_car_cpp/share/cmd_car_cpp/environment/path.dsv
[1.560s] -- Up-to-date: /home/nvidia/GoalPlanning/install/cmd_car_cpp/share/cmd_car_cpp/local_setup.bash
[1.560s] -- Up-to-date: /home/nvidia/GoalPlanning/install/cmd_car_cpp/share/cmd_car_cpp/local_setup.sh
[1.560s] -- Up-to-date: /home/nvidia/GoalPlanning/install/cmd_car_cpp/share/cmd_car_cpp/local_setup.zsh
[1.560s] -- Up-to-date: /home/nvidia/GoalPlanning/install/cmd_car_cpp/share/cmd_car_cpp/local_setup.dsv
[1.560s] -- Installing: /home/nvidia/GoalPlanning/install/cmd_car_cpp/share/cmd_car_cpp/package.dsv
[1.560s] -- Up-to-date: /home/nvidia/GoalPlanning/install/cmd_car_cpp/share/ament_index/resource_index/packages/cmd_car_cpp
[1.561s] -- Up-to-date: /home/nvidia/GoalPlanning/install/cmd_car_cpp/share/cmd_car_cpp/cmake/cmd_car_cppConfig.cmake
[1.562s] -- Up-to-date: /home/nvidia/GoalPlanning/install/cmd_car_cpp/share/cmd_car_cpp/cmake/cmd_car_cppConfig-version.cmake
[1.563s] -- Up-to-date: /home/nvidia/GoalPlanning/install/cmd_car_cpp/share/cmd_car_cpp/package.xml
[1.632s] Invoked command in '/home/nvidia/GoalPlanning/build/cmd_car_cpp' returned '0': CMAKE_PREFIX_PATH=${CMAKE_PREFIX_PATH}:/home/nvidia/GoalPlanning/install/planning:/home/nvidia/GoalPlanning/install/cmd_car:/opt/ros/foxy /usr/bin/cmake --install /home/nvidia/GoalPlanning/build/cmd_car_cpp
