[2.453s] Invoking command in '/home/nvidia/GoalPlanning/src/cmd_car': CONDA_PROMPT_MODIFIER=(base) PYTHONPATH=/home/nvidia/GoalPlanning/build/cmd_car/prefix_override:/home/nvidia/GoalPlanning/install/cmd_car/lib/python3.8/site-packages:${PYTHONPATH} /usr/bin/python3 -W ignore:setup.py install is deprecated setup.py egg_info --egg-base ../../build/cmd_car build --build-base /home/nvidia/GoalPlanning/build/cmd_car/build install --record /home/nvidia/GoalPlanning/build/cmd_car/install.log --single-version-externally-managed install_data
[3.039s] running egg_info
[3.040s] writing ../../build/cmd_car/cmd_car.egg-info/PKG-INFO
[3.041s] writing dependency_links to ../../build/cmd_car/cmd_car.egg-info/dependency_links.txt
[3.041s] writing entry points to ../../build/cmd_car/cmd_car.egg-info/entry_points.txt
[3.042s] writing requirements to ../../build/cmd_car/cmd_car.egg-info/requires.txt
[3.042s] writing top-level names to ../../build/cmd_car/cmd_car.egg-info/top_level.txt
[3.049s] reading manifest file '../../build/cmd_car/cmd_car.egg-info/SOURCES.txt'
[3.050s] writing manifest file '../../build/cmd_car/cmd_car.egg-info/SOURCES.txt'
[3.050s] running build
[3.051s] running build_py
[3.051s] copying cmd_car/car_info.py -> /home/nvidia/GoalPlanning/build/cmd_car/build/lib/cmd_car
[3.051s] running install
[3.053s] running install_lib
[3.055s] copying /home/nvidia/GoalPlanning/build/cmd_car/build/lib/cmd_car/car_info.py -> /home/nvidia/GoalPlanning/install/cmd_car/lib/python3.8/site-packages/cmd_car
[3.056s] byte-compiling /home/nvidia/GoalPlanning/install/cmd_car/lib/python3.8/site-packages/cmd_car/car_info.py to car_info.cpython-38.pyc
[3.058s] running install_data
[3.058s] running install_egg_info
[3.063s] removing '/home/nvidia/GoalPlanning/install/cmd_car/lib/python3.8/site-packages/cmd_car-0.0.0-py3.8.egg-info' (and everything under it)
[3.064s] Copying ../../build/cmd_car/cmd_car.egg-info to /home/nvidia/GoalPlanning/install/cmd_car/lib/python3.8/site-packages/cmd_car-0.0.0-py3.8.egg-info
[3.066s] running install_scripts
[3.108s] Installing car_info script to /home/nvidia/GoalPlanning/install/cmd_car/lib/cmd_car
[3.109s] writing list of installed files to '/home/nvidia/GoalPlanning/build/cmd_car/install.log'
[3.175s] Invoked command in '/home/nvidia/GoalPlanning/src/cmd_car' returned '0': CONDA_PROMPT_MODIFIER=(base) PYTHONPATH=/home/nvidia/GoalPlanning/build/cmd_car/prefix_override:/home/nvidia/GoalPlanning/install/cmd_car/lib/python3.8/site-packages:${PYTHONPATH} /usr/bin/python3 -W ignore:setup.py install is deprecated setup.py egg_info --egg-base ../../build/cmd_car build --build-base /home/nvidia/GoalPlanning/build/cmd_car/build install --record /home/nvidia/GoalPlanning/build/cmd_car/install.log --single-version-externally-managed install_data
