-- The C compiler identification is GNU 9.4.0
-- The CXX compiler identification is GNU 9.4.0
-- Check for working C compiler: /usr/bin/cc
-- Check for working C compiler: /usr/bin/cc -- works
-- Detecting C compiler ABI info
-- Detecting C compiler ABI info - done
-- Detecting C compile features
-- Detecting C compile features - done
-- Check for working CXX compiler: /usr/bin/c++
-- Check for working CXX compiler: /usr/bin/c++ -- works
-- Detecting CXX compiler ABI info
-- Detecting CXX compiler ABI info - done
-- Detecting CXX compile features
-- Detecting CXX compile features - done
-- Found PythonInterp: /usr/bin/python3 (found suitable version "3.8.10", minimum required is "3") 
-- Using PYTHON_EXECUTABLE: /usr/bin/python3
-- Using all available rosidl_typesupport_c: rosidl_typesupport_fastrtps_c;rosidl_typesupport_introspection_c
-- Found rosidl_adapter: 1.3.1 (/opt/ros/foxy/share/rosidl_adapter/cmake)
-- Found OpenSSL: /usr/lib/aarch64-linux-gnu/libcrypto.so (found version "1.1.1f")  
-- Found FastRTPS: /opt/ros/foxy/include  
-- Using all available rosidl_typesupport_cpp: rosidl_typesupport_fastrtps_cpp;rosidl_typesupport_introspection_cpp
-- Found rmw_implementation_cmake: 1.0.4 (/opt/ros/foxy/share/rmw_implementation_cmake/cmake)
-- Using RMW implementation 'rmw_fastrtps_cpp' as default
-- Looking for pthread.h
-- Looking for pthread.h - found
-- Performing Test CMAKE_HAVE_LIBC_PTHREAD
-- Performing Test CMAKE_HAVE_LIBC_PTHREAD - Failed
-- Looking for pthread_create in pthreads
-- Looking for pthread_create in pthreads - not found
-- Looking for pthread_create in pthread
-- Looking for pthread_create in pthread - found
-- Found Threads: TRUE  
-- Found sensor_msgs: 2.0.5 (/opt/ros/foxy/share/sensor_msgs/cmake)
-- Found rslidar_msg: 0.0.0 (/home/nvidia/GoalPlanning/install/rslidar_msg/share/rslidar_msg/cmake)
-- Configuring done
-- Generating done
-- Build files have been written to: /home/nvidia/GoalPlanning/build/rslidar_sdk
[35m[1mScanning dependencies of target rslidar_sdk_node[0m
[ 33%] [32mBuilding CXX object CMakeFiles/rslidar_sdk_node.dir/node/rslidar_sdk_node.cpp.o[0m
[ 66%] [32mBuilding CXX object CMakeFiles/rslidar_sdk_node.dir/src/manager/node_manager.cpp.o[0m
[100%] [32m[1mLinking CXX executable rslidar_sdk_node[0m
[100%] Built target rslidar_sdk_node
-- Install configuration: "Release"
-- Installing: /home/nvidia/GoalPlanning/install/rslidar_sdk/lib/rslidar_sdk/rslidar_sdk_node
-- Set runtime path of "/home/nvidia/GoalPlanning/install/rslidar_sdk/lib/rslidar_sdk/rslidar_sdk_node" to ""
-- Installing: /home/nvidia/GoalPlanning/install/rslidar_sdk/share/rslidar_sdk/launch
-- Installing: /home/nvidia/GoalPlanning/install/rslidar_sdk/share/rslidar_sdk/launch/elequent_start.py
-- Installing: /home/nvidia/GoalPlanning/install/rslidar_sdk/share/rslidar_sdk/launch/start.py
-- Installing: /home/nvidia/GoalPlanning/install/rslidar_sdk/share/rslidar_sdk/launch/start.launch
-- Installing: /home/nvidia/GoalPlanning/install/rslidar_sdk/share/rslidar_sdk/rviz
-- Installing: /home/nvidia/GoalPlanning/install/rslidar_sdk/share/rslidar_sdk/rviz/rviz2.rviz
-- Installing: /home/nvidia/GoalPlanning/install/rslidar_sdk/share/rslidar_sdk/rviz/rviz.rviz
-- Installing: /home/nvidia/GoalPlanning/install/rslidar_sdk/share/ament_index/resource_index/package_run_dependencies/rslidar_sdk
-- Installing: /home/nvidia/GoalPlanning/install/rslidar_sdk/share/ament_index/resource_index/parent_prefix_path/rslidar_sdk
-- Installing: /home/nvidia/GoalPlanning/install/rslidar_sdk/share/rslidar_sdk/environment/ament_prefix_path.sh
-- Installing: /home/nvidia/GoalPlanning/install/rslidar_sdk/share/rslidar_sdk/environment/ament_prefix_path.dsv
-- Installing: /home/nvidia/GoalPlanning/install/rslidar_sdk/share/rslidar_sdk/environment/path.sh
-- Installing: /home/nvidia/GoalPlanning/install/rslidar_sdk/share/rslidar_sdk/environment/path.dsv
-- Installing: /home/nvidia/GoalPlanning/install/rslidar_sdk/share/rslidar_sdk/local_setup.bash
-- Installing: /home/nvidia/GoalPlanning/install/rslidar_sdk/share/rslidar_sdk/local_setup.sh
-- Installing: /home/nvidia/GoalPlanning/install/rslidar_sdk/share/rslidar_sdk/local_setup.zsh
-- Installing: /home/nvidia/GoalPlanning/install/rslidar_sdk/share/rslidar_sdk/local_setup.dsv
-- Installing: /home/nvidia/GoalPlanning/install/rslidar_sdk/share/rslidar_sdk/package.dsv
-- Installing: /home/nvidia/GoalPlanning/install/rslidar_sdk/share/ament_index/resource_index/packages/rslidar_sdk
-- Installing: /home/nvidia/GoalPlanning/install/rslidar_sdk/share/rslidar_sdk/cmake/rslidar_sdkConfig.cmake
-- Installing: /home/nvidia/GoalPlanning/install/rslidar_sdk/share/rslidar_sdk/cmake/rslidar_sdkConfig-version.cmake
-- Installing: /home/nvidia/GoalPlanning/install/rslidar_sdk/share/rslidar_sdk/package.xml
