[0.031s] Invoking command in '/home/nvidia/GoalPlanning/build/rslidar_sdk': CMAKE_PREFIX_PATH=/home/nvidia/GoalPlanning/install/rslidar_msg:/home/nvidia/GoalPlanning/install/serial:/home/nvidia/GoalPlanning/install/rslidar_sdk:/home/nvidia/GoalPlanning/install/location:/home/nvidia/GoalPlanning/install/imu_node:/home/nvidia/GoalPlanning/install/imu_msgs:/home/nvidia/GoalPlanning/install/cmd_car_cpp:/home/nvidia/GoalPlanning/install/car_msg:/home/nvidia/GoalPlanning/install/planning:/home/nvidia/GoalPlanning/install/cmd_car:/opt/ros/foxy LD_LIBRARY_PATH=/home/nvidia/GoalPlanning/install/rslidar_msg/lib:/home/nvidia/GoalPlanning/install/serial/lib:/home/nvidia/GoalPlanning/install/imu_msgs/lib:/home/nvidia/GoalPlanning/install/car_msg/lib:/usr/local/cuda-11.4/lib64:/usr/lib/aarch64-linux-gnu/gazebo-11/plugins:/opt/ros/foxy/opt/yaml_cpp_vendor/lib:/opt/ros/foxy/opt/rviz_ogre_vendor/lib:/opt/ros/foxy/lib/aarch64-linux-gnu:/opt/ros/foxy/lib:/usr/local/cuda-11.4/lib64 /usr/bin/cmake /home/nvidia/GoalPlanning/src/lidar_sdk_foxy/src/rslidar_sdk -DCMAKE_INSTALL_PREFIX=/home/nvidia/GoalPlanning/install/rslidar_sdk
[0.154s] -- The C compiler identification is GNU 9.4.0
[0.263s] -- The CXX compiler identification is GNU 9.4.0
[0.273s] -- Check for working C compiler: /usr/bin/cc
[0.432s] -- Check for working C compiler: /usr/bin/cc -- works
[0.434s] -- Detecting C compiler ABI info
[0.636s] -- Detecting C compiler ABI info - done
[0.655s] -- Detecting C compile features
[0.656s] -- Detecting C compile features - done
[0.661s] -- Check for working CXX compiler: /usr/bin/c++
[0.830s] -- Check for working CXX compiler: /usr/bin/c++ -- works
[0.832s] -- Detecting CXX compiler ABI info
[1.001s] -- Detecting CXX compiler ABI info - done
[1.021s] -- Detecting CXX compile features
[1.022s] -- Detecting CXX compile features - done
[1.024s] =============================================================
[1.024s] -- POINT_TYPE is XYZI
[1.024s] =============================================================
[1.049s] =============================================================
[1.049s] -- ROS Not Found. ROS Support is turned Off.
[1.049s] =============================================================
[1.108s] -- Found PythonInterp: /usr/bin/python3 (found suitable version "3.8.10", minimum required is "3") 
[1.109s] -- Using PYTHON_EXECUTABLE: /usr/bin/python3
[1.736s] -- Using all available rosidl_typesupport_c: rosidl_typesupport_fastrtps_c;rosidl_typesupport_introspection_c
[1.753s] -- Found rosidl_adapter: 1.3.1 (/opt/ros/foxy/share/rosidl_adapter/cmake)
[1.962s] -- Found OpenSSL: /usr/lib/aarch64-linux-gnu/libcrypto.so (found version "1.1.1f")  
[2.028s] -- Found FastRTPS: /opt/ros/foxy/include  
[2.207s] -- Using all available rosidl_typesupport_cpp: rosidl_typesupport_fastrtps_cpp;rosidl_typesupport_introspection_cpp
[2.328s] -- Found rmw_implementation_cmake: 1.0.4 (/opt/ros/foxy/share/rmw_implementation_cmake/cmake)
[2.331s] -- Using RMW implementation 'rmw_fastrtps_cpp' as default
[2.333s] -- Looking for pthread.h
[2.491s] -- Looking for pthread.h - found
[2.494s] -- Performing Test CMAKE_HAVE_LIBC_PTHREAD
[2.655s] -- Performing Test CMAKE_HAVE_LIBC_PTHREAD - Failed
[2.655s] -- Looking for pthread_create in pthreads
[2.804s] -- Looking for pthread_create in pthreads - not found
[2.804s] -- Looking for pthread_create in pthread
[2.959s] -- Looking for pthread_create in pthread - found
[2.961s] -- Found Threads: TRUE  
[3.273s] =============================================================
[3.273s] -- ROS2 Found. ROS2 Support is turned On.
[3.273s] =============================================================
[3.277s] -- Found sensor_msgs: 2.0.5 (/opt/ros/foxy/share/sensor_msgs/cmake)
[3.519s] -- Found rslidar_msg: 0.0.0 (/home/nvidia/GoalPlanning/install/rslidar_msg/share/rslidar_msg/cmake)
[3.595s] =============================================================
[3.595s] -- CMake run for UNIX GNU Compiler
[3.595s] =============================================================
[3.596s] =============================================================
[3.596s] -- rs_driver Version : v1.5.10
[3.596s] =============================================================
[3.750s] -- Configuring done
[3.774s] -- Generating done
[3.778s] -- Build files have been written to: /home/nvidia/GoalPlanning/build/rslidar_sdk
[3.797s] Invoked command in '/home/nvidia/GoalPlanning/build/rslidar_sdk' returned '0': CMAKE_PREFIX_PATH=/home/nvidia/GoalPlanning/install/rslidar_msg:/home/nvidia/GoalPlanning/install/serial:/home/nvidia/GoalPlanning/install/rslidar_sdk:/home/nvidia/GoalPlanning/install/location:/home/nvidia/GoalPlanning/install/imu_node:/home/nvidia/GoalPlanning/install/imu_msgs:/home/nvidia/GoalPlanning/install/cmd_car_cpp:/home/nvidia/GoalPlanning/install/car_msg:/home/nvidia/GoalPlanning/install/planning:/home/nvidia/GoalPlanning/install/cmd_car:/opt/ros/foxy LD_LIBRARY_PATH=/home/nvidia/GoalPlanning/install/rslidar_msg/lib:/home/nvidia/GoalPlanning/install/serial/lib:/home/nvidia/GoalPlanning/install/imu_msgs/lib:/home/nvidia/GoalPlanning/install/car_msg/lib:/usr/local/cuda-11.4/lib64:/usr/lib/aarch64-linux-gnu/gazebo-11/plugins:/opt/ros/foxy/opt/yaml_cpp_vendor/lib:/opt/ros/foxy/opt/rviz_ogre_vendor/lib:/opt/ros/foxy/lib/aarch64-linux-gnu:/opt/ros/foxy/lib:/usr/local/cuda-11.4/lib64 /usr/bin/cmake /home/nvidia/GoalPlanning/src/lidar_sdk_foxy/src/rslidar_sdk -DCMAKE_INSTALL_PREFIX=/home/nvidia/GoalPlanning/install/rslidar_sdk
[3.803s] Invoking command in '/home/nvidia/GoalPlanning/build/rslidar_sdk': CMAKE_PREFIX_PATH=/home/nvidia/GoalPlanning/install/rslidar_msg:/home/nvidia/GoalPlanning/install/serial:/home/nvidia/GoalPlanning/install/rslidar_sdk:/home/nvidia/GoalPlanning/install/location:/home/nvidia/GoalPlanning/install/imu_node:/home/nvidia/GoalPlanning/install/imu_msgs:/home/nvidia/GoalPlanning/install/cmd_car_cpp:/home/nvidia/GoalPlanning/install/car_msg:/home/nvidia/GoalPlanning/install/planning:/home/nvidia/GoalPlanning/install/cmd_car:/opt/ros/foxy LD_LIBRARY_PATH=/home/nvidia/GoalPlanning/install/rslidar_msg/lib:/home/nvidia/GoalPlanning/install/serial/lib:/home/nvidia/GoalPlanning/install/imu_msgs/lib:/home/nvidia/GoalPlanning/install/car_msg/lib:/usr/local/cuda-11.4/lib64:/usr/lib/aarch64-linux-gnu/gazebo-11/plugins:/opt/ros/foxy/opt/yaml_cpp_vendor/lib:/opt/ros/foxy/opt/rviz_ogre_vendor/lib:/opt/ros/foxy/lib/aarch64-linux-gnu:/opt/ros/foxy/lib:/usr/local/cuda-11.4/lib64 /usr/bin/cmake --build /home/nvidia/GoalPlanning/build/rslidar_sdk -- -j8 -l8
[3.903s] [35m[1mScanning dependencies of target rslidar_sdk_node[0m
[4.017s] [ 33%] [32mBuilding CXX object CMakeFiles/rslidar_sdk_node.dir/node/rslidar_sdk_node.cpp.o[0m
[4.033s] [ 66%] [32mBuilding CXX object CMakeFiles/rslidar_sdk_node.dir/src/manager/node_manager.cpp.o[0m
[42.926s] [100%] [32m[1mLinking CXX executable rslidar_sdk_node[0m
[43.274s] [100%] Built target rslidar_sdk_node
[43.301s] Invoked command in '/home/nvidia/GoalPlanning/build/rslidar_sdk' returned '0': CMAKE_PREFIX_PATH=/home/nvidia/GoalPlanning/install/rslidar_msg:/home/nvidia/GoalPlanning/install/serial:/home/nvidia/GoalPlanning/install/rslidar_sdk:/home/nvidia/GoalPlanning/install/location:/home/nvidia/GoalPlanning/install/imu_node:/home/nvidia/GoalPlanning/install/imu_msgs:/home/nvidia/GoalPlanning/install/cmd_car_cpp:/home/nvidia/GoalPlanning/install/car_msg:/home/nvidia/GoalPlanning/install/planning:/home/nvidia/GoalPlanning/install/cmd_car:/opt/ros/foxy LD_LIBRARY_PATH=/home/nvidia/GoalPlanning/install/rslidar_msg/lib:/home/nvidia/GoalPlanning/install/serial/lib:/home/nvidia/GoalPlanning/install/imu_msgs/lib:/home/nvidia/GoalPlanning/install/car_msg/lib:/usr/local/cuda-11.4/lib64:/usr/lib/aarch64-linux-gnu/gazebo-11/plugins:/opt/ros/foxy/opt/yaml_cpp_vendor/lib:/opt/ros/foxy/opt/rviz_ogre_vendor/lib:/opt/ros/foxy/lib/aarch64-linux-gnu:/opt/ros/foxy/lib:/usr/local/cuda-11.4/lib64 /usr/bin/cmake --build /home/nvidia/GoalPlanning/build/rslidar_sdk -- -j8 -l8
[43.367s] Invoking command in '/home/nvidia/GoalPlanning/build/rslidar_sdk': CMAKE_PREFIX_PATH=/home/nvidia/GoalPlanning/install/rslidar_msg:/home/nvidia/GoalPlanning/install/serial:/home/nvidia/GoalPlanning/install/rslidar_sdk:/home/nvidia/GoalPlanning/install/location:/home/nvidia/GoalPlanning/install/imu_node:/home/nvidia/GoalPlanning/install/imu_msgs:/home/nvidia/GoalPlanning/install/cmd_car_cpp:/home/nvidia/GoalPlanning/install/car_msg:/home/nvidia/GoalPlanning/install/planning:/home/nvidia/GoalPlanning/install/cmd_car:/opt/ros/foxy LD_LIBRARY_PATH=/home/nvidia/GoalPlanning/install/rslidar_msg/lib:/home/nvidia/GoalPlanning/install/serial/lib:/home/nvidia/GoalPlanning/install/imu_msgs/lib:/home/nvidia/GoalPlanning/install/car_msg/lib:/usr/local/cuda-11.4/lib64:/usr/lib/aarch64-linux-gnu/gazebo-11/plugins:/opt/ros/foxy/opt/yaml_cpp_vendor/lib:/opt/ros/foxy/opt/rviz_ogre_vendor/lib:/opt/ros/foxy/lib/aarch64-linux-gnu:/opt/ros/foxy/lib:/usr/local/cuda-11.4/lib64 /usr/bin/cmake --install /home/nvidia/GoalPlanning/build/rslidar_sdk
[43.387s] -- Install configuration: "Release"
[43.387s] -- Installing: /home/nvidia/GoalPlanning/install/rslidar_sdk/lib/rslidar_sdk/rslidar_sdk_node
[43.390s] -- Set runtime path of "/home/nvidia/GoalPlanning/install/rslidar_sdk/lib/rslidar_sdk/rslidar_sdk_node" to ""
[43.390s] -- Installing: /home/nvidia/GoalPlanning/install/rslidar_sdk/share/rslidar_sdk/launch
[43.391s] -- Installing: /home/nvidia/GoalPlanning/install/rslidar_sdk/share/rslidar_sdk/launch/elequent_start.py
[43.391s] -- Installing: /home/nvidia/GoalPlanning/install/rslidar_sdk/share/rslidar_sdk/launch/start.py
[43.391s] -- Installing: /home/nvidia/GoalPlanning/install/rslidar_sdk/share/rslidar_sdk/launch/start.launch
[43.391s] -- Installing: /home/nvidia/GoalPlanning/install/rslidar_sdk/share/rslidar_sdk/rviz
[43.391s] -- Installing: /home/nvidia/GoalPlanning/install/rslidar_sdk/share/rslidar_sdk/rviz/rviz2.rviz
[43.391s] -- Installing: /home/nvidia/GoalPlanning/install/rslidar_sdk/share/rslidar_sdk/rviz/rviz.rviz
[43.392s] -- Installing: /home/nvidia/GoalPlanning/install/rslidar_sdk/share/ament_index/resource_index/package_run_dependencies/rslidar_sdk
[43.392s] -- Installing: /home/nvidia/GoalPlanning/install/rslidar_sdk/share/ament_index/resource_index/parent_prefix_path/rslidar_sdk
[43.393s] -- Installing: /home/nvidia/GoalPlanning/install/rslidar_sdk/share/rslidar_sdk/environment/ament_prefix_path.sh
[43.393s] -- Installing: /home/nvidia/GoalPlanning/install/rslidar_sdk/share/rslidar_sdk/environment/ament_prefix_path.dsv
[43.393s] -- Installing: /home/nvidia/GoalPlanning/install/rslidar_sdk/share/rslidar_sdk/environment/path.sh
[43.394s] -- Installing: /home/nvidia/GoalPlanning/install/rslidar_sdk/share/rslidar_sdk/environment/path.dsv
[43.394s] -- Installing: /home/nvidia/GoalPlanning/install/rslidar_sdk/share/rslidar_sdk/local_setup.bash
[43.394s] -- Installing: /home/nvidia/GoalPlanning/install/rslidar_sdk/share/rslidar_sdk/local_setup.sh
[43.394s] -- Installing: /home/nvidia/GoalPlanning/install/rslidar_sdk/share/rslidar_sdk/local_setup.zsh
[43.395s] -- Installing: /home/nvidia/GoalPlanning/install/rslidar_sdk/share/rslidar_sdk/local_setup.dsv
[43.395s] -- Installing: /home/nvidia/GoalPlanning/install/rslidar_sdk/share/rslidar_sdk/package.dsv
[43.395s] -- Installing: /home/nvidia/GoalPlanning/install/rslidar_sdk/share/ament_index/resource_index/packages/rslidar_sdk
[43.396s] -- Installing: /home/nvidia/GoalPlanning/install/rslidar_sdk/share/rslidar_sdk/cmake/rslidar_sdkConfig.cmake
[43.396s] -- Installing: /home/nvidia/GoalPlanning/install/rslidar_sdk/share/rslidar_sdk/cmake/rslidar_sdkConfig-version.cmake
[43.396s] -- Installing: /home/nvidia/GoalPlanning/install/rslidar_sdk/share/rslidar_sdk/package.xml
[43.402s] Invoked command in '/home/nvidia/GoalPlanning/build/rslidar_sdk' returned '0': CMAKE_PREFIX_PATH=/home/nvidia/GoalPlanning/install/rslidar_msg:/home/nvidia/GoalPlanning/install/serial:/home/nvidia/GoalPlanning/install/rslidar_sdk:/home/nvidia/GoalPlanning/install/location:/home/nvidia/GoalPlanning/install/imu_node:/home/nvidia/GoalPlanning/install/imu_msgs:/home/nvidia/GoalPlanning/install/cmd_car_cpp:/home/nvidia/GoalPlanning/install/car_msg:/home/nvidia/GoalPlanning/install/planning:/home/nvidia/GoalPlanning/install/cmd_car:/opt/ros/foxy LD_LIBRARY_PATH=/home/nvidia/GoalPlanning/install/rslidar_msg/lib:/home/nvidia/GoalPlanning/install/serial/lib:/home/nvidia/GoalPlanning/install/imu_msgs/lib:/home/nvidia/GoalPlanning/install/car_msg/lib:/usr/local/cuda-11.4/lib64:/usr/lib/aarch64-linux-gnu/gazebo-11/plugins:/opt/ros/foxy/opt/yaml_cpp_vendor/lib:/opt/ros/foxy/opt/rviz_ogre_vendor/lib:/opt/ros/foxy/lib/aarch64-linux-gnu:/opt/ros/foxy/lib:/usr/local/cuda-11.4/lib64 /usr/bin/cmake --install /home/nvidia/GoalPlanning/build/rslidar_sdk
