[0.066s] Invoking command in '/home/nvidia/GoalPlanning/build/location': AMENT_PREFIX_PATH=/home/nvidia/GoalPlanning/install/imu_msgs:${AMENT_PREFIX_PATH} CMAKE_PREFIX_PATH=/home/nvidia/GoalPlanning/install/imu_msgs:/opt/ros/foxy CONDA_PROMPT_MODIFIER=(base) LD_LIBRARY_PATH=/home/nvidia/GoalPlanning/install/imu_msgs/lib:/usr/local/cuda-11.4/lib64:/usr/lib/aarch64-linux-gnu/gazebo-11/plugins:/opt/ros/foxy/opt/yaml_cpp_vendor/lib:/opt/ros/foxy/opt/rviz_ogre_vendor/lib:/opt/ros/foxy/lib/aarch64-linux-gnu:/opt/ros/foxy/lib:/usr/local/cuda-11.4/lib64 PYTHONPATH=/home/nvidia/GoalPlanning/install/imu_msgs/lib/python3.8/site-packages:${PYTHONPATH} /usr/bin/cmake --build /home/nvidia/GoalPlanning/build/location -- -j8 -l8
[0.217s] [100%] Built target location_node
[0.252s] Invoked command in '/home/nvidia/GoalPlanning/build/location' returned '0': AMENT_PREFIX_PATH=/home/nvidia/GoalPlanning/install/imu_msgs:${AMENT_PREFIX_PATH} CMAKE_PREFIX_PATH=/home/nvidia/GoalPlanning/install/imu_msgs:/opt/ros/foxy CONDA_PROMPT_MODIFIER=(base) LD_LIBRARY_PATH=/home/nvidia/GoalPlanning/install/imu_msgs/lib:/usr/local/cuda-11.4/lib64:/usr/lib/aarch64-linux-gnu/gazebo-11/plugins:/opt/ros/foxy/opt/yaml_cpp_vendor/lib:/opt/ros/foxy/opt/rviz_ogre_vendor/lib:/opt/ros/foxy/lib/aarch64-linux-gnu:/opt/ros/foxy/lib:/usr/local/cuda-11.4/lib64 PYTHONPATH=/home/nvidia/GoalPlanning/install/imu_msgs/lib/python3.8/site-packages:${PYTHONPATH} /usr/bin/cmake --build /home/nvidia/GoalPlanning/build/location -- -j8 -l8
[0.318s] Invoking command in '/home/nvidia/GoalPlanning/build/location': AMENT_PREFIX_PATH=/home/nvidia/GoalPlanning/install/imu_msgs:${AMENT_PREFIX_PATH} CMAKE_PREFIX_PATH=/home/nvidia/GoalPlanning/install/imu_msgs:/opt/ros/foxy CONDA_PROMPT_MODIFIER=(base) LD_LIBRARY_PATH=/home/nvidia/GoalPlanning/install/imu_msgs/lib:/usr/local/cuda-11.4/lib64:/usr/lib/aarch64-linux-gnu/gazebo-11/plugins:/opt/ros/foxy/opt/yaml_cpp_vendor/lib:/opt/ros/foxy/opt/rviz_ogre_vendor/lib:/opt/ros/foxy/lib/aarch64-linux-gnu:/opt/ros/foxy/lib:/usr/local/cuda-11.4/lib64 PYTHONPATH=/home/nvidia/GoalPlanning/install/imu_msgs/lib/python3.8/site-packages:${PYTHONPATH} /usr/bin/cmake --install /home/nvidia/GoalPlanning/build/location
[0.345s] -- Install configuration: ""
[0.345s] -- Up-to-date: /home/nvidia/GoalPlanning/install/location/share/location/launch
[0.346s] -- Up-to-date: /home/nvidia/GoalPlanning/install/location/share/location/launch/location.launch.py
[0.346s] -- Up-to-date: /home/nvidia/GoalPlanning/install/location/lib/location/location_node
[0.346s] -- Up-to-date: /home/nvidia/GoalPlanning/install/location/share/ament_index/resource_index/package_run_dependencies/location
[0.347s] -- Up-to-date: /home/nvidia/GoalPlanning/install/location/share/ament_index/resource_index/parent_prefix_path/location
[0.347s] -- Up-to-date: /home/nvidia/GoalPlanning/install/location/share/location/environment/ament_prefix_path.sh
[0.347s] -- Up-to-date: /home/nvidia/GoalPlanning/install/location/share/location/environment/ament_prefix_path.dsv
[0.348s] -- Up-to-date: /home/nvidia/GoalPlanning/install/location/share/location/environment/path.sh
[0.348s] -- Up-to-date: /home/nvidia/GoalPlanning/install/location/share/location/environment/path.dsv
[0.348s] -- Up-to-date: /home/nvidia/GoalPlanning/install/location/share/location/local_setup.bash
[0.348s] -- Up-to-date: /home/nvidia/GoalPlanning/install/location/share/location/local_setup.sh
[0.348s] -- Up-to-date: /home/nvidia/GoalPlanning/install/location/share/location/local_setup.zsh
[0.349s] -- Up-to-date: /home/nvidia/GoalPlanning/install/location/share/location/local_setup.dsv
[0.349s] -- Installing: /home/nvidia/GoalPlanning/install/location/share/location/package.dsv
[0.349s] -- Up-to-date: /home/nvidia/GoalPlanning/install/location/share/ament_index/resource_index/packages/location
[0.354s] -- Up-to-date: /home/nvidia/GoalPlanning/install/location/share/location/cmake/locationConfig.cmake
[0.355s] -- Up-to-date: /home/nvidia/GoalPlanning/install/location/share/location/cmake/locationConfig-version.cmake
[0.355s] -- Up-to-date: /home/nvidia/GoalPlanning/install/location/share/location/package.xml
[0.374s] Invoked command in '/home/nvidia/GoalPlanning/build/location' returned '0': AMENT_PREFIX_PATH=/home/nvidia/GoalPlanning/install/imu_msgs:${AMENT_PREFIX_PATH} CMAKE_PREFIX_PATH=/home/nvidia/GoalPlanning/install/imu_msgs:/opt/ros/foxy CONDA_PROMPT_MODIFIER=(base) LD_LIBRARY_PATH=/home/nvidia/GoalPlanning/install/imu_msgs/lib:/usr/local/cuda-11.4/lib64:/usr/lib/aarch64-linux-gnu/gazebo-11/plugins:/opt/ros/foxy/opt/yaml_cpp_vendor/lib:/opt/ros/foxy/opt/rviz_ogre_vendor/lib:/opt/ros/foxy/lib/aarch64-linux-gnu:/opt/ros/foxy/lib:/usr/local/cuda-11.4/lib64 PYTHONPATH=/home/nvidia/GoalPlanning/install/imu_msgs/lib/python3.8/site-packages:${PYTHONPATH} /usr/bin/cmake --install /home/nvidia/GoalPlanning/build/location
