[0.047s] Invoking command in '/home/nvidia/GoalPlanning/build/location': AMENT_PREFIX_PATH=/home/nvidia/GoalPlanning/install/imu_msgs:${AMENT_PREFIX_PATH} CMAKE_PREFIX_PATH=/home/nvidia/GoalPlanning/install/imu_msgs:/opt/ros/foxy CONDA_PROMPT_MODIFIER=(base) LD_LIBRARY_PATH=/home/nvidia/GoalPlanning/install/imu_msgs/lib:/usr/local/cuda-11.4/lib64:/usr/lib/aarch64-linux-gnu/gazebo-11/plugins:/opt/ros/foxy/opt/yaml_cpp_vendor/lib:/opt/ros/foxy/opt/rviz_ogre_vendor/lib:/opt/ros/foxy/lib/aarch64-linux-gnu:/opt/ros/foxy/lib:/usr/local/cuda-11.4/lib64 PYTHONPATH=/home/nvidia/GoalPlanning/install/imu_msgs/lib/python3.8/site-packages:${PYTHONPATH} /usr/bin/cmake --build /home/nvidia/GoalPlanning/build/location -- -j8 -l8
[0.141s] [35m[1mScanning dependencies of target location_node[0m
[0.200s] [ 50%] [32mBuilding CXX object CMakeFiles/location_node.dir/src/location_node.cpp.o[0m
[3.208s] [01m[K/home/nvidia/GoalPlanning/src/location/src/location/src/location_node.cpp:[m[K In member function ‘[01m[Kvoid location::imu_topic_callback(imu_msgs::msg::Imu_<std::allocator<void> >::SharedPtr)[m[K’:
[3.208s] [01m[K/home/nvidia/GoalPlanning/src/location/src/location/src/location_node.cpp:135:65:[m[K [01;35m[Kwarning: [m[Kunused parameter ‘[01m[Kmsg[m[K’ [[01;35m[K-Wunused-parameter[m[K]
[3.208s]   135 |     void imu_topic_callback([01;35m[Kconst imu_msgs::msg::Imu::SharedPtr msg[m[K) {
[3.209s]       |                             [01;35m[K~~~~~~~~~~~~~~~~~~~~~~~~~~~~~~~~~~~~^~~[m[K
[3.212s] [01m[K/home/nvidia/GoalPlanning/src/location/src/location/src/location_node.cpp:[m[K In member function ‘[01m[Kvoid location::gnss_topic_callback(imu_msgs::msg::Gnss_<std::allocator<void> >::SharedPtr)[m[K’:
[3.212s] [01m[K/home/nvidia/GoalPlanning/src/location/src/location/src/location_node.cpp:166:54:[m[K [01;31m[Kerror: [m[Kno match for ‘[01m[Koperator=[m[K’ (operand types are ‘[01m[KENUPoint[m[K’ and ‘[01m[Kvoid[m[K’)
[3.212s]   166 |       WGS_TO_ENU(currentGps, referenceGps, currentEnu[01;31m[K)[m[K;
[3.213s]       |                                                      [01;31m[K^[m[K
[3.213s] [01m[K/home/nvidia/GoalPlanning/src/location/src/location/src/location_node.cpp:15:8:[m[K [01;36m[Knote: [m[Kcandidate: ‘[01m[Kconstexpr ENUPoint& ENUPoint::operator=(const ENUPoint&)[m[K’
[3.213s]    15 | struct [01;36m[KENUPoint[m[K {
[3.213s]       |        [01;36m[K^~~~~~~~[m[K
[3.214s] [01m[K/home/nvidia/GoalPlanning/src/location/src/location/src/location_node.cpp:15:8:[m[K [01;36m[Knote: [m[K  no known conversion for argument 1 from ‘[01m[Kvoid[m[K’ to ‘[01m[Kconst ENUPoint&[m[K’
[3.214s] [01m[K/home/nvidia/GoalPlanning/src/location/src/location/src/location_node.cpp:15:8:[m[K [01;36m[Knote: [m[Kcandidate: ‘[01m[Kconstexpr ENUPoint& ENUPoint::operator=(ENUPoint&&)[m[K’
[3.214s] [01m[K/home/nvidia/GoalPlanning/src/location/src/location/src/location_node.cpp:15:8:[m[K [01;36m[Knote: [m[K  no known conversion for argument 1 from ‘[01m[Kvoid[m[K’ to ‘[01m[KENUPoint&&[m[K’
[8.398s] make[2]: *** [CMakeFiles/location_node.dir/build.make:63：CMakeFiles/location_node.dir/src/location_node.cpp.o] 错误 1
[8.399s] make[1]: *** [CMakeFiles/Makefile2:78：CMakeFiles/location_node.dir/all] 错误 2
[8.399s] make: *** [Makefile:141：all] 错误 2
[8.405s] Invoked command in '/home/nvidia/GoalPlanning/build/location' returned '2': AMENT_PREFIX_PATH=/home/nvidia/GoalPlanning/install/imu_msgs:${AMENT_PREFIX_PATH} CMAKE_PREFIX_PATH=/home/nvidia/GoalPlanning/install/imu_msgs:/opt/ros/foxy CONDA_PROMPT_MODIFIER=(base) LD_LIBRARY_PATH=/home/nvidia/GoalPlanning/install/imu_msgs/lib:/usr/local/cuda-11.4/lib64:/usr/lib/aarch64-linux-gnu/gazebo-11/plugins:/opt/ros/foxy/opt/yaml_cpp_vendor/lib:/opt/ros/foxy/opt/rviz_ogre_vendor/lib:/opt/ros/foxy/lib/aarch64-linux-gnu:/opt/ros/foxy/lib:/usr/local/cuda-11.4/lib64 PYTHONPATH=/home/nvidia/GoalPlanning/install/imu_msgs/lib/python3.8/site-packages:${PYTHONPATH} /usr/bin/cmake --build /home/nvidia/GoalPlanning/build/location -- -j8 -l8
