-- The C compiler identification is GNU 9.4.0
-- The CXX compiler identification is GNU 9.4.0
-- Check for working C compiler: /usr/bin/cc
-- Check for working C compiler: /usr/bin/cc -- works
-- Detecting C compiler ABI info
-- Detecting C compiler ABI info - done
-- Detecting C compile features
-- Detecting C compile features - done
-- Check for working CXX compiler: /usr/bin/c++
-- Check for working CXX compiler: /usr/bin/c++ -- works
-- Detecting CXX compiler ABI info
-- Detecting CXX compiler ABI info - done
-- Detecting CXX compile features
-- Detecting CXX compile features - done
-- Found ament_cmake: 0.9.12 (/opt/ros/foxy/share/ament_cmake/cmake)
-- Found PythonInterp: /home/nvidia/anaconda3/bin/python3 (found suitable version "3.11.7", minimum required is "3") 
-- Using PYTHON_EXECUTABLE: /home/nvidia/anaconda3/bin/python3
-- Configuring done
-- Generating done
-- Build files have been written to: /home/nvidia/GoalPlanning/src/location/build/serial
[35m[1mScanning dependencies of target serial[0m
[ 75%] [32mBuilding CXX object CMakeFiles/serial.dir/src/impl/unix.cc.o[0m
[ 75%] [32mBuilding CXX object CMakeFiles/serial.dir/src/impl/list_ports/list_ports_linux.cc.o[0m
[ 75%] [32mBuilding CXX object CMakeFiles/serial.dir/src/serial.cc.o[0m
[100%] [32m[1mLinking CXX shared library libserial.so[0m
[100%] Built target serial
-- Install configuration: ""
-- Installing: /home/nvidia/GoalPlanning/src/location/install/serial/share/serial/environment/library_path.sh
-- Installing: /home/nvidia/GoalPlanning/src/location/install/serial/share/serial/environment/library_path.dsv
-- Installing: /home/nvidia/GoalPlanning/src/location/install/serial/lib/libserial.so
-- Installing: /home/nvidia/GoalPlanning/src/location/install/serial/include/serial/serial.h
-- Installing: /home/nvidia/GoalPlanning/src/location/install/serial/include/serial/v8stdint.h
-- Installing: /home/nvidia/GoalPlanning/src/location/install/serial/share/ament_index/resource_index/package_run_dependencies/serial
-- Installing: /home/nvidia/GoalPlanning/src/location/install/serial/share/ament_index/resource_index/parent_prefix_path/serial
-- Installing: /home/nvidia/GoalPlanning/src/location/install/serial/share/serial/environment/ament_prefix_path.sh
-- Installing: /home/nvidia/GoalPlanning/src/location/install/serial/share/serial/environment/ament_prefix_path.dsv
-- Installing: /home/nvidia/GoalPlanning/src/location/install/serial/share/serial/environment/path.sh
-- Installing: /home/nvidia/GoalPlanning/src/location/install/serial/share/serial/environment/path.dsv
-- Installing: /home/nvidia/GoalPlanning/src/location/install/serial/share/serial/local_setup.bash
-- Installing: /home/nvidia/GoalPlanning/src/location/install/serial/share/serial/local_setup.sh
-- Installing: /home/nvidia/GoalPlanning/src/location/install/serial/share/serial/local_setup.zsh
-- Installing: /home/nvidia/GoalPlanning/src/location/install/serial/share/serial/local_setup.dsv
-- Installing: /home/nvidia/GoalPlanning/src/location/install/serial/share/serial/package.dsv
-- Installing: /home/nvidia/GoalPlanning/src/location/install/serial/share/ament_index/resource_index/packages/serial
-- Installing: /home/nvidia/GoalPlanning/src/location/install/serial/share/serial/cmake/ament_cmake_export_include_directories-extras.cmake
-- Installing: /home/nvidia/GoalPlanning/src/location/install/serial/share/serial/cmake/ament_cmake_export_libraries-extras.cmake
-- Installing: /home/nvidia/GoalPlanning/src/location/install/serial/share/serial/cmake/serialConfig.cmake
-- Installing: /home/nvidia/GoalPlanning/src/location/install/serial/share/serial/cmake/serialConfig-version.cmake
-- Installing: /home/nvidia/GoalPlanning/src/location/install/serial/share/serial/package.xml
