[0.037s] Invoking command in '/home/nvidia/GoalPlanning/src/location/build/serial': CMAKE_PREFIX_PATH=${CMAKE_PREFIX_PATH}:/home/nvidia/GoalPlanning/install/planning:/home/nvidia/GoalPlanning/install/cmd_car:/opt/ros/foxy CONDA_PROMPT_MODIFIER=(base) /usr/bin/cmake /home/nvidia/GoalPlanning/src/location/src/serial -DCMAKE_INSTALL_PREFIX=/home/nvidia/GoalPlanning/src/location/install/serial
[0.146s] -- The C compiler identification is GNU 9.4.0
[0.257s] -- The CXX compiler identification is GNU 9.4.0
[0.268s] -- Check for working C compiler: /usr/bin/cc
[0.416s] -- Check for working C compiler: /usr/bin/cc -- works
[0.419s] -- Detecting C compiler ABI info
[0.564s] -- Detecting C compiler ABI info - done
[0.595s] -- Detecting C compile features
[0.596s] -- Detecting C compile features - done
[0.601s] -- Check for working CXX compiler: /usr/bin/c++
[0.760s] -- Check for working CXX compiler: /usr/bin/c++ -- works
[0.762s] -- Detecting CXX compiler ABI info
[0.925s] -- Detecting CXX compiler ABI info - done
[0.957s] -- Detecting CXX compile features
[0.958s] -- Detecting CXX compile features - done
[0.965s] -- Found ament_cmake: 0.9.12 (/opt/ros/foxy/share/ament_cmake/cmake)
[1.027s] -- Found PythonInterp: /home/nvidia/anaconda3/bin/python3 (found suitable version "3.11.7", minimum required is "3") 
[1.027s] -- Using PYTHON_EXECUTABLE: /home/nvidia/anaconda3/bin/python3
[1.781s] -- Configuring done
[1.787s] -- Generating done
[1.789s] -- Build files have been written to: /home/nvidia/GoalPlanning/src/location/build/serial
[1.797s] Invoked command in '/home/nvidia/GoalPlanning/src/location/build/serial' returned '0': CMAKE_PREFIX_PATH=${CMAKE_PREFIX_PATH}:/home/nvidia/GoalPlanning/install/planning:/home/nvidia/GoalPlanning/install/cmd_car:/opt/ros/foxy CONDA_PROMPT_MODIFIER=(base) /usr/bin/cmake /home/nvidia/GoalPlanning/src/location/src/serial -DCMAKE_INSTALL_PREFIX=/home/nvidia/GoalPlanning/src/location/install/serial
[1.803s] Invoking command in '/home/nvidia/GoalPlanning/src/location/build/serial': CMAKE_PREFIX_PATH=${CMAKE_PREFIX_PATH}:/home/nvidia/GoalPlanning/install/planning:/home/nvidia/GoalPlanning/install/cmd_car:/opt/ros/foxy CONDA_PROMPT_MODIFIER=(base) /usr/bin/cmake --build /home/nvidia/GoalPlanning/src/location/build/serial -- -j8 -l8
[1.893s] [35m[1mScanning dependencies of target serial[0m
[1.920s] [ 75%] [32mBuilding CXX object CMakeFiles/serial.dir/src/impl/unix.cc.o[0m
[1.920s] [ 75%] [32mBuilding CXX object CMakeFiles/serial.dir/src/impl/list_ports/list_ports_linux.cc.o[0m
[1.920s] [ 75%] [32mBuilding CXX object CMakeFiles/serial.dir/src/serial.cc.o[0m
[2.946s] [100%] [32m[1mLinking CXX shared library libserial.so[0m
[3.101s] [100%] Built target serial
[3.127s] Invoked command in '/home/nvidia/GoalPlanning/src/location/build/serial' returned '0': CMAKE_PREFIX_PATH=${CMAKE_PREFIX_PATH}:/home/nvidia/GoalPlanning/install/planning:/home/nvidia/GoalPlanning/install/cmd_car:/opt/ros/foxy CONDA_PROMPT_MODIFIER=(base) /usr/bin/cmake --build /home/nvidia/GoalPlanning/src/location/build/serial -- -j8 -l8
[3.216s] Invoking command in '/home/nvidia/GoalPlanning/src/location/build/serial': CMAKE_PREFIX_PATH=${CMAKE_PREFIX_PATH}:/home/nvidia/GoalPlanning/install/planning:/home/nvidia/GoalPlanning/install/cmd_car:/opt/ros/foxy CONDA_PROMPT_MODIFIER=(base) /usr/bin/cmake --install /home/nvidia/GoalPlanning/src/location/build/serial
[3.236s] -- Install configuration: ""
[3.236s] -- Installing: /home/nvidia/GoalPlanning/src/location/install/serial/share/serial/environment/library_path.sh
[3.237s] -- Installing: /home/nvidia/GoalPlanning/src/location/install/serial/share/serial/environment/library_path.dsv
[3.237s] -- Installing: /home/nvidia/GoalPlanning/src/location/install/serial/lib/libserial.so
[3.238s] -- Installing: /home/nvidia/GoalPlanning/src/location/install/serial/include/serial/serial.h
[3.238s] -- Installing: /home/nvidia/GoalPlanning/src/location/install/serial/include/serial/v8stdint.h
[3.239s] -- Installing: /home/nvidia/GoalPlanning/src/location/install/serial/share/ament_index/resource_index/package_run_dependencies/serial
[3.239s] -- Installing: /home/nvidia/GoalPlanning/src/location/install/serial/share/ament_index/resource_index/parent_prefix_path/serial
[3.239s] -- Installing: /home/nvidia/GoalPlanning/src/location/install/serial/share/serial/environment/ament_prefix_path.sh
[3.240s] -- Installing: /home/nvidia/GoalPlanning/src/location/install/serial/share/serial/environment/ament_prefix_path.dsv
[3.240s] -- Installing: /home/nvidia/GoalPlanning/src/location/install/serial/share/serial/environment/path.sh
[3.240s] -- Installing: /home/nvidia/GoalPlanning/src/location/install/serial/share/serial/environment/path.dsv
[3.241s] -- Installing: /home/nvidia/GoalPlanning/src/location/install/serial/share/serial/local_setup.bash
[3.241s] -- Installing: /home/nvidia/GoalPlanning/src/location/install/serial/share/serial/local_setup.sh
[3.241s] -- Installing: /home/nvidia/GoalPlanning/src/location/install/serial/share/serial/local_setup.zsh
[3.241s] -- Installing: /home/nvidia/GoalPlanning/src/location/install/serial/share/serial/local_setup.dsv
[3.242s] -- Installing: /home/nvidia/GoalPlanning/src/location/install/serial/share/serial/package.dsv
[3.242s] -- Installing: /home/nvidia/GoalPlanning/src/location/install/serial/share/ament_index/resource_index/packages/serial
[3.243s] -- Installing: /home/nvidia/GoalPlanning/src/location/install/serial/share/serial/cmake/ament_cmake_export_include_directories-extras.cmake
[3.243s] -- Installing: /home/nvidia/GoalPlanning/src/location/install/serial/share/serial/cmake/ament_cmake_export_libraries-extras.cmake
[3.243s] -- Installing: /home/nvidia/GoalPlanning/src/location/install/serial/share/serial/cmake/serialConfig.cmake
[3.243s] -- Installing: /home/nvidia/GoalPlanning/src/location/install/serial/share/serial/cmake/serialConfig-version.cmake
[3.244s] -- Installing: /home/nvidia/GoalPlanning/src/location/install/serial/share/serial/package.xml
[3.249s] Invoked command in '/home/nvidia/GoalPlanning/src/location/build/serial' returned '0': CMAKE_PREFIX_PATH=${CMAKE_PREFIX_PATH}:/home/nvidia/GoalPlanning/install/planning:/home/nvidia/GoalPlanning/install/cmd_car:/opt/ros/foxy CONDA_PROMPT_MODIFIER=(base) /usr/bin/cmake --install /home/nvidia/GoalPlanning/src/location/build/serial
