[0.049s] Invoking command in '/home/nvidia/GoalPlanning/src/location/build/imu_msgs': CMAKE_PREFIX_PATH=${CMAKE_PREFIX_PATH}:/home/nvidia/GoalPlanning/install/planning:/home/nvidia/GoalPlanning/install/cmd_car:/opt/ros/foxy CONDA_PROMPT_MODIFIER=(base) /usr/bin/cmake --build /home/nvidia/GoalPlanning/src/location/build/imu_msgs -- -j8 -l8
[0.198s] [  1%] Built target imu_msgs__cpp
[0.208s] [ 12%] Built target imu_msgs__rosidl_generator_c
[0.257s] [ 23%] Built target imu_msgs__rosidl_typesupport_introspection_cpp
[0.257s] [ 35%] Built target imu_msgs__rosidl_typesupport_cpp
[0.266s] [ 57%] Built target imu_msgs__rosidl_typesupport_c
[0.266s] [ 57%] Built target imu_msgs__rosidl_typesupport_fastrtps_cpp
[0.274s] [ 69%] Built target imu_msgs__rosidl_typesupport_introspection_c
[0.335s] [ 80%] Built target imu_msgs__rosidl_typesupport_fastrtps_c
[0.387s] [ 80%] Built target imu_msgs
[0.439s] [ 81%] Built target imu_msgs__py
[0.515s] [ 91%] Built target imu_msgs__python
[0.578s] [ 94%] Built target imu_msgs__rosidl_typesupport_c__pyext
[0.583s] [ 97%] Built target imu_msgs__rosidl_typesupport_introspection_c__pyext
[0.584s] [100%] Built target imu_msgs__rosidl_typesupport_fastrtps_c__pyext
[0.614s] Invoked command in '/home/nvidia/GoalPlanning/src/location/build/imu_msgs' returned '0': CMAKE_PREFIX_PATH=${CMAKE_PREFIX_PATH}:/home/nvidia/GoalPlanning/install/planning:/home/nvidia/GoalPlanning/install/cmd_car:/opt/ros/foxy CONDA_PROMPT_MODIFIER=(base) /usr/bin/cmake --build /home/nvidia/GoalPlanning/src/location/build/imu_msgs -- -j8 -l8
[0.955s] Invoking command in '/home/nvidia/GoalPlanning/src/location/build/imu_msgs': CMAKE_PREFIX_PATH=${CMAKE_PREFIX_PATH}:/home/nvidia/GoalPlanning/install/planning:/home/nvidia/GoalPlanning/install/cmd_car:/opt/ros/foxy CONDA_PROMPT_MODIFIER=(base) /usr/bin/cmake --install /home/nvidia/GoalPlanning/src/location/build/imu_msgs
[0.979s] -- Install configuration: ""
[0.979s] -- Up-to-date: /home/nvidia/GoalPlanning/src/location/install/imu_msgs/share/ament_index/resource_index/rosidl_interfaces/imu_msgs
[0.980s] -- Up-to-date: /home/nvidia/GoalPlanning/src/location/install/imu_msgs/include/imu_msgs
[0.980s] -- Up-to-date: /home/nvidia/GoalPlanning/src/location/install/imu_msgs/include/imu_msgs/msg
[0.980s] -- Up-to-date: /home/nvidia/GoalPlanning/src/location/install/imu_msgs/include/imu_msgs/msg/detail
[0.980s] -- Up-to-date: /home/nvidia/GoalPlanning/src/location/install/imu_msgs/include/imu_msgs/msg/detail/ag041__type_support.h
[0.981s] -- Up-to-date: /home/nvidia/GoalPlanning/src/location/install/imu_msgs/include/imu_msgs/msg/detail/ag041__struct.h
[0.981s] -- Up-to-date: /home/nvidia/GoalPlanning/src/location/install/imu_msgs/include/imu_msgs/msg/detail/asensing__functions.h
[0.981s] -- Up-to-date: /home/nvidia/GoalPlanning/src/location/install/imu_msgs/include/imu_msgs/msg/detail/asensing__struct.h
[0.981s] -- Up-to-date: /home/nvidia/GoalPlanning/src/location/install/imu_msgs/include/imu_msgs/msg/detail/ag041__functions.h
[0.981s] -- Up-to-date: /home/nvidia/GoalPlanning/src/location/install/imu_msgs/include/imu_msgs/msg/detail/asensing__functions.c
[0.981s] -- Up-to-date: /home/nvidia/GoalPlanning/src/location/install/imu_msgs/include/imu_msgs/msg/detail/ag072__functions.h
[0.982s] -- Up-to-date: /home/nvidia/GoalPlanning/src/location/install/imu_msgs/include/imu_msgs/msg/detail/asensing__type_support.h
[0.982s] -- Up-to-date: /home/nvidia/GoalPlanning/src/location/install/imu_msgs/include/imu_msgs/msg/detail/ag041__functions.c
[0.982s] -- Up-to-date: /home/nvidia/GoalPlanning/src/location/install/imu_msgs/include/imu_msgs/msg/detail/ag051__struct.h
[0.982s] -- Up-to-date: /home/nvidia/GoalPlanning/src/location/install/imu_msgs/include/imu_msgs/msg/detail/imu__type_support.h
[0.982s] -- Up-to-date: /home/nvidia/GoalPlanning/src/location/install/imu_msgs/include/imu_msgs/msg/detail/gnss__struct.h
[0.983s] -- Up-to-date: /home/nvidia/GoalPlanning/src/location/install/imu_msgs/include/imu_msgs/msg/detail/ag072__functions.c
[0.983s] -- Up-to-date: /home/nvidia/GoalPlanning/src/location/install/imu_msgs/include/imu_msgs/msg/detail/gnss__functions.h
[0.983s] -- Up-to-date: /home/nvidia/GoalPlanning/src/location/install/imu_msgs/include/imu_msgs/msg/detail/gnss__functions.c
[0.983s] -- Up-to-date: /home/nvidia/GoalPlanning/src/location/install/imu_msgs/include/imu_msgs/msg/detail/imu__struct.h
[0.983s] -- Up-to-date: /home/nvidia/GoalPlanning/src/location/install/imu_msgs/include/imu_msgs/msg/detail/ag051__type_support.h
[0.983s] -- Up-to-date: /home/nvidia/GoalPlanning/src/location/install/imu_msgs/include/imu_msgs/msg/detail/imu__functions.h
[0.984s] -- Up-to-date: /home/nvidia/GoalPlanning/src/location/install/imu_msgs/include/imu_msgs/msg/detail/ag051__functions.h
[0.984s] -- Up-to-date: /home/nvidia/GoalPlanning/src/location/install/imu_msgs/include/imu_msgs/msg/detail/ag072__type_support.h
[0.984s] -- Up-to-date: /home/nvidia/GoalPlanning/src/location/install/imu_msgs/include/imu_msgs/msg/detail/ag072__struct.h
[0.984s] -- Up-to-date: /home/nvidia/GoalPlanning/src/location/install/imu_msgs/include/imu_msgs/msg/detail/ag051__functions.c
[0.984s] -- Up-to-date: /home/nvidia/GoalPlanning/src/location/install/imu_msgs/include/imu_msgs/msg/detail/imu__functions.c
[0.985s] -- Up-to-date: /home/nvidia/GoalPlanning/src/location/install/imu_msgs/include/imu_msgs/msg/detail/gnss__type_support.h
[0.985s] -- Up-to-date: /home/nvidia/GoalPlanning/src/location/install/imu_msgs/include/imu_msgs/msg/rosidl_generator_c__visibility_control.h
[0.985s] -- Up-to-date: /home/nvidia/GoalPlanning/src/location/install/imu_msgs/include/imu_msgs/msg/ag041.h
[0.985s] -- Up-to-date: /home/nvidia/GoalPlanning/src/location/install/imu_msgs/include/imu_msgs/msg/ag051.h
[0.986s] -- Up-to-date: /home/nvidia/GoalPlanning/src/location/install/imu_msgs/include/imu_msgs/msg/asensing.h
[0.986s] -- Up-to-date: /home/nvidia/GoalPlanning/src/location/install/imu_msgs/include/imu_msgs/msg/imu.h
[0.986s] -- Up-to-date: /home/nvidia/GoalPlanning/src/location/install/imu_msgs/include/imu_msgs/msg/gnss.h
[0.986s] -- Up-to-date: /home/nvidia/GoalPlanning/src/location/install/imu_msgs/include/imu_msgs/msg/ag072.h
[0.986s] -- Up-to-date: /home/nvidia/GoalPlanning/src/location/install/imu_msgs/share/imu_msgs/environment/library_path.sh
[0.986s] -- Up-to-date: /home/nvidia/GoalPlanning/src/location/install/imu_msgs/share/imu_msgs/environment/library_path.dsv
[0.987s] -- Up-to-date: /home/nvidia/GoalPlanning/src/location/install/imu_msgs/lib/libimu_msgs__rosidl_generator_c.so
[0.987s] -- Up-to-date: /home/nvidia/GoalPlanning/src/location/install/imu_msgs/include/imu_msgs
[0.987s] -- Up-to-date: /home/nvidia/GoalPlanning/src/location/install/imu_msgs/include/imu_msgs/msg
[0.987s] -- Up-to-date: /home/nvidia/GoalPlanning/src/location/install/imu_msgs/include/imu_msgs/msg/detail
[0.987s] -- Up-to-date: /home/nvidia/GoalPlanning/src/location/install/imu_msgs/include/imu_msgs/msg/detail/asensing__rosidl_typesupport_fastrtps_c.h
[0.987s] -- Up-to-date: /home/nvidia/GoalPlanning/src/location/install/imu_msgs/include/imu_msgs/msg/detail/ag072__rosidl_typesupport_fastrtps_c.h
[0.987s] -- Up-to-date: /home/nvidia/GoalPlanning/src/location/install/imu_msgs/include/imu_msgs/msg/detail/gnss__rosidl_typesupport_fastrtps_c.h
[0.988s] -- Up-to-date: /home/nvidia/GoalPlanning/src/location/install/imu_msgs/include/imu_msgs/msg/detail/ag041__rosidl_typesupport_fastrtps_c.h
[0.988s] -- Up-to-date: /home/nvidia/GoalPlanning/src/location/install/imu_msgs/include/imu_msgs/msg/detail/ag051__rosidl_typesupport_fastrtps_c.h
[0.988s] -- Up-to-date: /home/nvidia/GoalPlanning/src/location/install/imu_msgs/include/imu_msgs/msg/detail/imu__rosidl_typesupport_fastrtps_c.h
[0.988s] -- Up-to-date: /home/nvidia/GoalPlanning/src/location/install/imu_msgs/include/imu_msgs/msg/rosidl_typesupport_fastrtps_c__visibility_control.h
[0.989s] -- Up-to-date: /home/nvidia/GoalPlanning/src/location/install/imu_msgs/lib/libimu_msgs__rosidl_typesupport_fastrtps_c.so
[0.989s] -- Up-to-date: /home/nvidia/GoalPlanning/src/location/install/imu_msgs/include/imu_msgs
[0.990s] -- Up-to-date: /home/nvidia/GoalPlanning/src/location/install/imu_msgs/include/imu_msgs/msg
[0.990s] -- Up-to-date: /home/nvidia/GoalPlanning/src/location/install/imu_msgs/include/imu_msgs/msg/detail
[0.990s] -- Up-to-date: /home/nvidia/GoalPlanning/src/location/install/imu_msgs/include/imu_msgs/msg/detail/ag051__rosidl_typesupport_fastrtps_cpp.hpp
[0.990s] -- Up-to-date: /home/nvidia/GoalPlanning/src/location/install/imu_msgs/include/imu_msgs/msg/detail/imu__rosidl_typesupport_fastrtps_cpp.hpp
[0.990s] -- Up-to-date: /home/nvidia/GoalPlanning/src/location/install/imu_msgs/include/imu_msgs/msg/detail/ag041__rosidl_typesupport_fastrtps_cpp.hpp
[0.990s] -- Up-to-date: /home/nvidia/GoalPlanning/src/location/install/imu_msgs/include/imu_msgs/msg/detail/gnss__rosidl_typesupport_fastrtps_cpp.hpp
[0.991s] -- Up-to-date: /home/nvidia/GoalPlanning/src/location/install/imu_msgs/include/imu_msgs/msg/detail/asensing__rosidl_typesupport_fastrtps_cpp.hpp
[0.991s] -- Up-to-date: /home/nvidia/GoalPlanning/src/location/install/imu_msgs/include/imu_msgs/msg/detail/dds_fastrtps
[0.991s] -- Up-to-date: /home/nvidia/GoalPlanning/src/location/install/imu_msgs/include/imu_msgs/msg/detail/ag072__rosidl_typesupport_fastrtps_cpp.hpp
[0.991s] -- Up-to-date: /home/nvidia/GoalPlanning/src/location/install/imu_msgs/include/imu_msgs/msg/rosidl_typesupport_fastrtps_cpp__visibility_control.h
[0.991s] -- Up-to-date: /home/nvidia/GoalPlanning/src/location/install/imu_msgs/lib/libimu_msgs__rosidl_typesupport_fastrtps_cpp.so
[0.991s] -- Up-to-date: /home/nvidia/GoalPlanning/src/location/install/imu_msgs/include/imu_msgs
[0.991s] -- Up-to-date: /home/nvidia/GoalPlanning/src/location/install/imu_msgs/include/imu_msgs/msg
[0.992s] -- Up-to-date: /home/nvidia/GoalPlanning/src/location/install/imu_msgs/include/imu_msgs/msg/detail
[0.992s] -- Up-to-date: /home/nvidia/GoalPlanning/src/location/install/imu_msgs/include/imu_msgs/msg/detail/ag041__rosidl_typesupport_introspection_c.h
[0.992s] -- Up-to-date: /home/nvidia/GoalPlanning/src/location/install/imu_msgs/include/imu_msgs/msg/detail/ag072__type_support.c
[0.992s] -- Up-to-date: /home/nvidia/GoalPlanning/src/location/install/imu_msgs/include/imu_msgs/msg/detail/gnss__type_support.c
[0.992s] -- Up-to-date: /home/nvidia/GoalPlanning/src/location/install/imu_msgs/include/imu_msgs/msg/detail/imu__rosidl_typesupport_introspection_c.h
[0.993s] -- Up-to-date: /home/nvidia/GoalPlanning/src/location/install/imu_msgs/include/imu_msgs/msg/detail/gnss__rosidl_typesupport_introspection_c.h
[0.993s] -- Up-to-date: /home/nvidia/GoalPlanning/src/location/install/imu_msgs/include/imu_msgs/msg/detail/ag072__rosidl_typesupport_introspection_c.h
[0.993s] -- Up-to-date: /home/nvidia/GoalPlanning/src/location/install/imu_msgs/include/imu_msgs/msg/detail/asensing__rosidl_typesupport_introspection_c.h
[0.993s] -- Up-to-date: /home/nvidia/GoalPlanning/src/location/install/imu_msgs/include/imu_msgs/msg/detail/asensing__type_support.c
[0.993s] -- Up-to-date: /home/nvidia/GoalPlanning/src/location/install/imu_msgs/include/imu_msgs/msg/detail/imu__type_support.c
[0.993s] -- Up-to-date: /home/nvidia/GoalPlanning/src/location/install/imu_msgs/include/imu_msgs/msg/detail/ag051__rosidl_typesupport_introspection_c.h
[0.993s] -- Up-to-date: /home/nvidia/GoalPlanning/src/location/install/imu_msgs/include/imu_msgs/msg/detail/ag051__type_support.c
[0.993s] -- Up-to-date: /home/nvidia/GoalPlanning/src/location/install/imu_msgs/include/imu_msgs/msg/detail/ag041__type_support.c
[0.994s] -- Up-to-date: /home/nvidia/GoalPlanning/src/location/install/imu_msgs/include/imu_msgs/msg/rosidl_typesupport_introspection_c__visibility_control.h
[0.994s] -- Up-to-date: /home/nvidia/GoalPlanning/src/location/install/imu_msgs/lib/libimu_msgs__rosidl_typesupport_introspection_c.so
[0.994s] -- Up-to-date: /home/nvidia/GoalPlanning/src/location/install/imu_msgs/lib/libimu_msgs__rosidl_typesupport_c.so
[0.994s] -- Up-to-date: /home/nvidia/GoalPlanning/src/location/install/imu_msgs/include/imu_msgs
[0.994s] -- Up-to-date: /home/nvidia/GoalPlanning/src/location/install/imu_msgs/include/imu_msgs/msg
[0.994s] -- Up-to-date: /home/nvidia/GoalPlanning/src/location/install/imu_msgs/include/imu_msgs/msg/detail
[0.994s] -- Up-to-date: /home/nvidia/GoalPlanning/src/location/install/imu_msgs/include/imu_msgs/msg/detail/ag051__traits.hpp
[0.995s] -- Up-to-date: /home/nvidia/GoalPlanning/src/location/install/imu_msgs/include/imu_msgs/msg/detail/ag051__type_support.hpp
[0.995s] -- Up-to-date: /home/nvidia/GoalPlanning/src/location/install/imu_msgs/include/imu_msgs/msg/detail/imu__builder.hpp
[0.995s] -- Up-to-date: /home/nvidia/GoalPlanning/src/location/install/imu_msgs/include/imu_msgs/msg/detail/asensing__struct.hpp
[0.995s] -- Up-to-date: /home/nvidia/GoalPlanning/src/location/install/imu_msgs/include/imu_msgs/msg/detail/gnss__type_support.hpp
[0.995s] -- Up-to-date: /home/nvidia/GoalPlanning/src/location/install/imu_msgs/include/imu_msgs/msg/detail/ag072__traits.hpp
[0.995s] -- Up-to-date: /home/nvidia/GoalPlanning/src/location/install/imu_msgs/include/imu_msgs/msg/detail/ag072__builder.hpp
[0.995s] -- Up-to-date: /home/nvidia/GoalPlanning/src/location/install/imu_msgs/include/imu_msgs/msg/detail/ag041__type_support.hpp
[0.996s] -- Up-to-date: /home/nvidia/GoalPlanning/src/location/install/imu_msgs/include/imu_msgs/msg/detail/ag072__struct.hpp
[0.996s] -- Up-to-date: /home/nvidia/GoalPlanning/src/location/install/imu_msgs/include/imu_msgs/msg/detail/asensing__builder.hpp
[0.996s] -- Up-to-date: /home/nvidia/GoalPlanning/src/location/install/imu_msgs/include/imu_msgs/msg/detail/ag041__traits.hpp
[0.996s] -- Up-to-date: /home/nvidia/GoalPlanning/src/location/install/imu_msgs/include/imu_msgs/msg/detail/ag072__type_support.hpp
[0.996s] -- Up-to-date: /home/nvidia/GoalPlanning/src/location/install/imu_msgs/include/imu_msgs/msg/detail/ag051__struct.hpp
[0.996s] -- Up-to-date: /home/nvidia/GoalPlanning/src/location/install/imu_msgs/include/imu_msgs/msg/detail/imu__type_support.hpp
[0.996s] -- Up-to-date: /home/nvidia/GoalPlanning/src/location/install/imu_msgs/include/imu_msgs/msg/detail/asensing__type_support.hpp
[0.996s] -- Up-to-date: /home/nvidia/GoalPlanning/src/location/install/imu_msgs/include/imu_msgs/msg/detail/imu__struct.hpp
[0.997s] -- Up-to-date: /home/nvidia/GoalPlanning/src/location/install/imu_msgs/include/imu_msgs/msg/detail/ag041__struct.hpp
[0.997s] -- Up-to-date: /home/nvidia/GoalPlanning/src/location/install/imu_msgs/include/imu_msgs/msg/detail/gnss__traits.hpp
[0.997s] -- Up-to-date: /home/nvidia/GoalPlanning/src/location/install/imu_msgs/include/imu_msgs/msg/detail/imu__traits.hpp
[0.997s] -- Up-to-date: /home/nvidia/GoalPlanning/src/location/install/imu_msgs/include/imu_msgs/msg/detail/ag041__builder.hpp
[0.997s] -- Up-to-date: /home/nvidia/GoalPlanning/src/location/install/imu_msgs/include/imu_msgs/msg/detail/asensing__traits.hpp
[0.997s] -- Up-to-date: /home/nvidia/GoalPlanning/src/location/install/imu_msgs/include/imu_msgs/msg/detail/ag051__builder.hpp
[0.998s] -- Up-to-date: /home/nvidia/GoalPlanning/src/location/install/imu_msgs/include/imu_msgs/msg/detail/gnss__builder.hpp
[0.998s] -- Up-to-date: /home/nvidia/GoalPlanning/src/location/install/imu_msgs/include/imu_msgs/msg/detail/gnss__struct.hpp
[0.998s] -- Up-to-date: /home/nvidia/GoalPlanning/src/location/install/imu_msgs/include/imu_msgs/msg/rosidl_generator_cpp__visibility_control.hpp
[0.998s] -- Up-to-date: /home/nvidia/GoalPlanning/src/location/install/imu_msgs/include/imu_msgs/msg/gnss.hpp
[0.998s] -- Up-to-date: /home/nvidia/GoalPlanning/src/location/install/imu_msgs/include/imu_msgs/msg/ag041.hpp
[0.998s] -- Up-to-date: /home/nvidia/GoalPlanning/src/location/install/imu_msgs/include/imu_msgs/msg/ag051.hpp
[0.998s] -- Up-to-date: /home/nvidia/GoalPlanning/src/location/install/imu_msgs/include/imu_msgs/msg/imu.hpp
[0.999s] -- Up-to-date: /home/nvidia/GoalPlanning/src/location/install/imu_msgs/include/imu_msgs/msg/ag072.hpp
[0.999s] -- Up-to-date: /home/nvidia/GoalPlanning/src/location/install/imu_msgs/include/imu_msgs/msg/asensing.hpp
[0.999s] -- Up-to-date: /home/nvidia/GoalPlanning/src/location/install/imu_msgs/include/imu_msgs
[0.999s] -- Up-to-date: /home/nvidia/GoalPlanning/src/location/install/imu_msgs/include/imu_msgs/msg
[0.999s] -- Up-to-date: /home/nvidia/GoalPlanning/src/location/install/imu_msgs/include/imu_msgs/msg/detail
[0.999s] -- Up-to-date: /home/nvidia/GoalPlanning/src/location/install/imu_msgs/include/imu_msgs/msg/detail/asensing__type_support.cpp
[0.999s] -- Up-to-date: /home/nvidia/GoalPlanning/src/location/install/imu_msgs/include/imu_msgs/msg/detail/ag041__rosidl_typesupport_introspection_cpp.hpp
[1.000s] -- Up-to-date: /home/nvidia/GoalPlanning/src/location/install/imu_msgs/include/imu_msgs/msg/detail/ag072__type_support.cpp
[1.000s] -- Up-to-date: /home/nvidia/GoalPlanning/src/location/install/imu_msgs/include/imu_msgs/msg/detail/imu__type_support.cpp
[1.000s] -- Up-to-date: /home/nvidia/GoalPlanning/src/location/install/imu_msgs/include/imu_msgs/msg/detail/gnss__type_support.cpp
[1.000s] -- Up-to-date: /home/nvidia/GoalPlanning/src/location/install/imu_msgs/include/imu_msgs/msg/detail/ag051__rosidl_typesupport_introspection_cpp.hpp
[1.000s] -- Up-to-date: /home/nvidia/GoalPlanning/src/location/install/imu_msgs/include/imu_msgs/msg/detail/ag072__rosidl_typesupport_introspection_cpp.hpp
[1.001s] -- Up-to-date: /home/nvidia/GoalPlanning/src/location/install/imu_msgs/include/imu_msgs/msg/detail/ag051__type_support.cpp
[1.001s] -- Up-to-date: /home/nvidia/GoalPlanning/src/location/install/imu_msgs/include/imu_msgs/msg/detail/gnss__rosidl_typesupport_introspection_cpp.hpp
[1.001s] -- Up-to-date: /home/nvidia/GoalPlanning/src/location/install/imu_msgs/include/imu_msgs/msg/detail/imu__rosidl_typesupport_introspection_cpp.hpp
[1.001s] -- Up-to-date: /home/nvidia/GoalPlanning/src/location/install/imu_msgs/include/imu_msgs/msg/detail/ag041__type_support.cpp
[1.001s] -- Up-to-date: /home/nvidia/GoalPlanning/src/location/install/imu_msgs/include/imu_msgs/msg/detail/asensing__rosidl_typesupport_introspection_cpp.hpp
[1.001s] -- Up-to-date: /home/nvidia/GoalPlanning/src/location/install/imu_msgs/lib/libimu_msgs__rosidl_typesupport_introspection_cpp.so
[1.001s] -- Up-to-date: /home/nvidia/GoalPlanning/src/location/install/imu_msgs/lib/libimu_msgs__rosidl_typesupport_cpp.so
[1.002s] -- Up-to-date: /home/nvidia/GoalPlanning/src/location/install/imu_msgs/share/imu_msgs/environment/pythonpath.sh
[1.002s] -- Up-to-date: /home/nvidia/GoalPlanning/src/location/install/imu_msgs/share/imu_msgs/environment/pythonpath.dsv
[1.002s] -- Up-to-date: /home/nvidia/GoalPlanning/src/location/install/imu_msgs/lib/python3.11/site-packages/imu_msgs/__init__.py
[1.095s] -- Up-to-date: /home/nvidia/GoalPlanning/src/location/install/imu_msgs/lib/python3.11/site-packages/imu_msgs/msg
[1.095s] -- Up-to-date: /home/nvidia/GoalPlanning/src/location/install/imu_msgs/lib/python3.11/site-packages/imu_msgs/msg/_gnss_s.c
[1.095s] -- Up-to-date: /home/nvidia/GoalPlanning/src/location/install/imu_msgs/lib/python3.11/site-packages/imu_msgs/msg/_ag051.py
[1.095s] -- Up-to-date: /home/nvidia/GoalPlanning/src/location/install/imu_msgs/lib/python3.11/site-packages/imu_msgs/msg/_ag072.py
[1.096s] -- Up-to-date: /home/nvidia/GoalPlanning/src/location/install/imu_msgs/lib/python3.11/site-packages/imu_msgs/msg/_ag041.py
[1.096s] -- Up-to-date: /home/nvidia/GoalPlanning/src/location/install/imu_msgs/lib/python3.11/site-packages/imu_msgs/msg/__init__.py
[1.096s] -- Up-to-date: /home/nvidia/GoalPlanning/src/location/install/imu_msgs/lib/python3.11/site-packages/imu_msgs/msg/_ag051_s.c
[1.096s] -- Up-to-date: /home/nvidia/GoalPlanning/src/location/install/imu_msgs/lib/python3.11/site-packages/imu_msgs/msg/_ag072_s.c
[1.096s] -- Up-to-date: /home/nvidia/GoalPlanning/src/location/install/imu_msgs/lib/python3.11/site-packages/imu_msgs/msg/_ag041_s.c
[1.096s] -- Up-to-date: /home/nvidia/GoalPlanning/src/location/install/imu_msgs/lib/python3.11/site-packages/imu_msgs/msg/_gnss.py
[1.097s] -- Up-to-date: /home/nvidia/GoalPlanning/src/location/install/imu_msgs/lib/python3.11/site-packages/imu_msgs/msg/_asensing.py
[1.097s] -- Up-to-date: /home/nvidia/GoalPlanning/src/location/install/imu_msgs/lib/python3.11/site-packages/imu_msgs/msg/_asensing_s.c
[1.097s] -- Up-to-date: /home/nvidia/GoalPlanning/src/location/install/imu_msgs/lib/python3.11/site-packages/imu_msgs/msg/_imu_s.c
[1.097s] -- Up-to-date: /home/nvidia/GoalPlanning/src/location/install/imu_msgs/lib/python3.11/site-packages/imu_msgs/msg/_imu.py
[1.097s] -- Up-to-date: /home/nvidia/GoalPlanning/src/location/install/imu_msgs/lib/python3.11/site-packages/imu_msgs/imu_msgs_s__rosidl_typesupport_fastrtps_c.cpython-311-aarch64-linux-gnu.so
[1.098s] -- Up-to-date: /home/nvidia/GoalPlanning/src/location/install/imu_msgs/lib/python3.11/site-packages/imu_msgs/imu_msgs_s__rosidl_typesupport_introspection_c.cpython-311-aarch64-linux-gnu.so
[1.100s] -- Up-to-date: /home/nvidia/GoalPlanning/src/location/install/imu_msgs/lib/python3.11/site-packages/imu_msgs/imu_msgs_s__rosidl_typesupport_c.cpython-311-aarch64-linux-gnu.so
[1.101s] -- Up-to-date: /home/nvidia/GoalPlanning/src/location/install/imu_msgs/lib/libimu_msgs__python.so
[1.102s] -- Up-to-date: /home/nvidia/GoalPlanning/src/location/install/imu_msgs/share/imu_msgs/msg/ASENSING.idl
[1.102s] -- Up-to-date: /home/nvidia/GoalPlanning/src/location/install/imu_msgs/share/imu_msgs/msg/Imu.idl
[1.102s] -- Up-to-date: /home/nvidia/GoalPlanning/src/location/install/imu_msgs/share/imu_msgs/msg/Gnss.idl
[1.102s] -- Up-to-date: /home/nvidia/GoalPlanning/src/location/install/imu_msgs/share/imu_msgs/msg/AG041.idl
[1.103s] -- Up-to-date: /home/nvidia/GoalPlanning/src/location/install/imu_msgs/share/imu_msgs/msg/AG051.idl
[1.103s] -- Up-to-date: /home/nvidia/GoalPlanning/src/location/install/imu_msgs/share/imu_msgs/msg/AG072.idl
[1.103s] -- Up-to-date: /home/nvidia/GoalPlanning/src/location/install/imu_msgs/share/imu_msgs/msg/ASENSING.msg
[1.104s] -- Up-to-date: /home/nvidia/GoalPlanning/src/location/install/imu_msgs/share/imu_msgs/msg/Imu.msg
[1.104s] -- Up-to-date: /home/nvidia/GoalPlanning/src/location/install/imu_msgs/share/imu_msgs/msg/Gnss.msg
[1.104s] -- Up-to-date: /home/nvidia/GoalPlanning/src/location/install/imu_msgs/share/imu_msgs/msg/AG041.msg
[1.104s] -- Up-to-date: /home/nvidia/GoalPlanning/src/location/install/imu_msgs/share/imu_msgs/msg/AG051.msg
[1.105s] -- Up-to-date: /home/nvidia/GoalPlanning/src/location/install/imu_msgs/share/imu_msgs/msg/AG072.msg
[1.105s] -- Up-to-date: /home/nvidia/GoalPlanning/src/location/install/imu_msgs/share/ament_index/resource_index/package_run_dependencies/imu_msgs
[1.105s] -- Up-to-date: /home/nvidia/GoalPlanning/src/location/install/imu_msgs/share/ament_index/resource_index/parent_prefix_path/imu_msgs
[1.105s] -- Up-to-date: /home/nvidia/GoalPlanning/src/location/install/imu_msgs/share/imu_msgs/environment/ament_prefix_path.sh
[1.105s] -- Up-to-date: /home/nvidia/GoalPlanning/src/location/install/imu_msgs/share/imu_msgs/environment/ament_prefix_path.dsv
[1.106s] -- Up-to-date: /home/nvidia/GoalPlanning/src/location/install/imu_msgs/share/imu_msgs/environment/path.sh
[1.106s] -- Up-to-date: /home/nvidia/GoalPlanning/src/location/install/imu_msgs/share/imu_msgs/environment/path.dsv
[1.106s] -- Up-to-date: /home/nvidia/GoalPlanning/src/location/install/imu_msgs/share/imu_msgs/local_setup.bash
[1.106s] -- Up-to-date: /home/nvidia/GoalPlanning/src/location/install/imu_msgs/share/imu_msgs/local_setup.sh
[1.106s] -- Up-to-date: /home/nvidia/GoalPlanning/src/location/install/imu_msgs/share/imu_msgs/local_setup.zsh
[1.106s] -- Up-to-date: /home/nvidia/GoalPlanning/src/location/install/imu_msgs/share/imu_msgs/local_setup.dsv
[1.107s] -- Installing: /home/nvidia/GoalPlanning/src/location/install/imu_msgs/share/imu_msgs/package.dsv
[1.107s] -- Up-to-date: /home/nvidia/GoalPlanning/src/location/install/imu_msgs/share/ament_index/resource_index/packages/imu_msgs
[1.107s] -- Up-to-date: /home/nvidia/GoalPlanning/src/location/install/imu_msgs/share/imu_msgs/cmake/imu_msgs__rosidl_generator_cExport.cmake
[1.108s] -- Up-to-date: /home/nvidia/GoalPlanning/src/location/install/imu_msgs/share/imu_msgs/cmake/imu_msgs__rosidl_generator_cExport-noconfig.cmake
[1.108s] -- Up-to-date: /home/nvidia/GoalPlanning/src/location/install/imu_msgs/share/imu_msgs/cmake/imu_msgs__rosidl_typesupport_introspection_cExport.cmake
[1.108s] -- Up-to-date: /home/nvidia/GoalPlanning/src/location/install/imu_msgs/share/imu_msgs/cmake/imu_msgs__rosidl_typesupport_introspection_cExport-noconfig.cmake
[1.109s] -- Up-to-date: /home/nvidia/GoalPlanning/src/location/install/imu_msgs/share/imu_msgs/cmake/imu_msgs__rosidl_typesupport_cExport.cmake
[1.109s] -- Up-to-date: /home/nvidia/GoalPlanning/src/location/install/imu_msgs/share/imu_msgs/cmake/imu_msgs__rosidl_typesupport_cExport-noconfig.cmake
[1.109s] -- Up-to-date: /home/nvidia/GoalPlanning/src/location/install/imu_msgs/share/imu_msgs/cmake/imu_msgs__rosidl_generator_cppExport.cmake
[1.110s] -- Up-to-date: /home/nvidia/GoalPlanning/src/location/install/imu_msgs/share/imu_msgs/cmake/imu_msgs__rosidl_typesupport_introspection_cppExport.cmake
[1.110s] -- Up-to-date: /home/nvidia/GoalPlanning/src/location/install/imu_msgs/share/imu_msgs/cmake/imu_msgs__rosidl_typesupport_introspection_cppExport-noconfig.cmake
[1.110s] -- Up-to-date: /home/nvidia/GoalPlanning/src/location/install/imu_msgs/share/imu_msgs/cmake/imu_msgs__rosidl_typesupport_cppExport.cmake
[1.111s] -- Up-to-date: /home/nvidia/GoalPlanning/src/location/install/imu_msgs/share/imu_msgs/cmake/imu_msgs__rosidl_typesupport_cppExport-noconfig.cmake
[1.111s] -- Up-to-date: /home/nvidia/GoalPlanning/src/location/install/imu_msgs/share/imu_msgs/cmake/rosidl_cmake-extras.cmake
[1.111s] -- Up-to-date: /home/nvidia/GoalPlanning/src/location/install/imu_msgs/share/imu_msgs/cmake/ament_cmake_export_dependencies-extras.cmake
[1.111s] -- Up-to-date: /home/nvidia/GoalPlanning/src/location/install/imu_msgs/share/imu_msgs/cmake/ament_cmake_export_libraries-extras.cmake
[1.111s] -- Up-to-date: /home/nvidia/GoalPlanning/src/location/install/imu_msgs/share/imu_msgs/cmake/ament_cmake_export_targets-extras.cmake
[1.112s] -- Up-to-date: /home/nvidia/GoalPlanning/src/location/install/imu_msgs/share/imu_msgs/cmake/ament_cmake_export_include_directories-extras.cmake
[1.112s] -- Up-to-date: /home/nvidia/GoalPlanning/src/location/install/imu_msgs/share/imu_msgs/cmake/rosidl_cmake_export_typesupport_libraries-extras.cmake
[1.112s] -- Up-to-date: /home/nvidia/GoalPlanning/src/location/install/imu_msgs/share/imu_msgs/cmake/rosidl_cmake_export_typesupport_targets-extras.cmake
[1.112s] -- Up-to-date: /home/nvidia/GoalPlanning/src/location/install/imu_msgs/share/imu_msgs/cmake/imu_msgsConfig.cmake
[1.113s] -- Up-to-date: /home/nvidia/GoalPlanning/src/location/install/imu_msgs/share/imu_msgs/cmake/imu_msgsConfig-version.cmake
[1.113s] -- Up-to-date: /home/nvidia/GoalPlanning/src/location/install/imu_msgs/share/imu_msgs/package.xml
[1.119s] Invoked command in '/home/nvidia/GoalPlanning/src/location/build/imu_msgs' returned '0': CMAKE_PREFIX_PATH=${CMAKE_PREFIX_PATH}:/home/nvidia/GoalPlanning/install/planning:/home/nvidia/GoalPlanning/install/cmd_car:/opt/ros/foxy CONDA_PROMPT_MODIFIER=(base) /usr/bin/cmake --install /home/nvidia/GoalPlanning/src/location/build/imu_msgs
