[0.118s] Invoking command in '/home/nvidia/GoalPlanning/build/serial': CMAKE_PREFIX_PATH=${CMAKE_PREFIX_PATH}:/home/nvidia/GoalPlanning/install/planning:/home/nvidia/GoalPlanning/install/cmd_car:/opt/ros/foxy /usr/bin/cmake --build /home/nvidia/GoalPlanning/build/serial -- -j8 -l8
[1.458s] [100%] Built target serial
[1.476s] Invoked command in '/home/nvidia/GoalPlanning/build/serial' returned '0': CMAKE_PREFIX_PATH=${CMAKE_PREFIX_PATH}:/home/nvidia/GoalPlanning/install/planning:/home/nvidia/GoalPlanning/install/cmd_car:/opt/ros/foxy /usr/bin/cmake --build /home/nvidia/GoalPlanning/build/serial -- -j8 -l8
[1.555s] Invoking command in '/home/nvidia/GoalPlanning/build/serial': CMAKE_PREFIX_PATH=${CMAKE_PREFIX_PATH}:/home/nvidia/GoalPlanning/install/planning:/home/nvidia/GoalPlanning/install/cmd_car:/opt/ros/foxy /usr/bin/cmake --install /home/nvidia/GoalPlanning/build/serial
[1.591s] -- Install configuration: ""
[1.592s] -- Up-to-date: /home/nvidia/GoalPlanning/install/serial/share/serial/environment/library_path.sh
[1.592s] -- Up-to-date: /home/nvidia/GoalPlanning/install/serial/share/serial/environment/library_path.dsv
[1.592s] -- Up-to-date: /home/nvidia/GoalPlanning/install/serial/lib/libserial.so
[1.592s] -- Up-to-date: /home/nvidia/GoalPlanning/install/serial/include/serial/serial.h
[1.592s] -- Up-to-date: /home/nvidia/GoalPlanning/install/serial/include/serial/v8stdint.h
[1.592s] -- Up-to-date: /home/nvidia/GoalPlanning/install/serial/share/ament_index/resource_index/package_run_dependencies/serial
[1.592s] -- Up-to-date: /home/nvidia/GoalPlanning/install/serial/share/ament_index/resource_index/parent_prefix_path/serial
[1.593s] -- Up-to-date: /home/nvidia/GoalPlanning/install/serial/share/serial/environment/ament_prefix_path.sh
[1.593s] -- Up-to-date: /home/nvidia/GoalPlanning/install/serial/share/serial/environment/ament_prefix_path.dsv
[1.593s] -- Up-to-date: /home/nvidia/GoalPlanning/install/serial/share/serial/environment/path.sh
[1.594s] -- Up-to-date: /home/nvidia/GoalPlanning/install/serial/share/serial/environment/path.dsv
[1.594s] -- Up-to-date: /home/nvidia/GoalPlanning/install/serial/share/serial/local_setup.bash
[1.594s] -- Up-to-date: /home/nvidia/GoalPlanning/install/serial/share/serial/local_setup.sh
[1.594s] -- Up-to-date: /home/nvidia/GoalPlanning/install/serial/share/serial/local_setup.zsh
[1.594s] -- Up-to-date: /home/nvidia/GoalPlanning/install/serial/share/serial/local_setup.dsv
[1.595s] -- Installing: /home/nvidia/GoalPlanning/install/serial/share/serial/package.dsv
[1.595s] -- Up-to-date: /home/nvidia/GoalPlanning/install/serial/share/ament_index/resource_index/packages/serial
[1.595s] -- Up-to-date: /home/nvidia/GoalPlanning/install/serial/share/serial/cmake/ament_cmake_export_include_directories-extras.cmake
[1.595s] -- Up-to-date: /home/nvidia/GoalPlanning/install/serial/share/serial/cmake/ament_cmake_export_libraries-extras.cmake
[1.595s] -- Up-to-date: /home/nvidia/GoalPlanning/install/serial/share/serial/cmake/serialConfig.cmake
[1.595s] -- Up-to-date: /home/nvidia/GoalPlanning/install/serial/share/serial/cmake/serialConfig-version.cmake
[1.595s] -- Up-to-date: /home/nvidia/GoalPlanning/install/serial/share/serial/package.xml
[1.610s] Invoked command in '/home/nvidia/GoalPlanning/build/serial' returned '0': CMAKE_PREFIX_PATH=${CMAKE_PREFIX_PATH}:/home/nvidia/GoalPlanning/install/planning:/home/nvidia/GoalPlanning/install/cmd_car:/opt/ros/foxy /usr/bin/cmake --install /home/nvidia/GoalPlanning/build/serial
