[0.047s] Invoking command in '/home/nvidia/GoalPlanning/build/location': CMAKE_PREFIX_PATH=/home/nvidia/GoalPlanning/install/imu_msgs:/home/nvidia/GoalPlanning/install/serial:/home/nvidia/GoalPlanning/install/rslidar_sdk:/home/nvidia/GoalPlanning/install/rslidar_msg:/home/nvidia/GoalPlanning/install/location:/home/nvidia/GoalPlanning/install/imu_node:/home/nvidia/GoalPlanning/install/cmd_car_cpp:/home/nvidia/GoalPlanning/install/car_msg:/home/nvidia/GoalPlanning/install/planning:/home/nvidia/GoalPlanning/install/cmd_car:/opt/ros/foxy LD_LIBRARY_PATH=/home/nvidia/GoalPlanning/install/imu_msgs/lib:/home/nvidia/GoalPlanning/install/serial/lib:/home/nvidia/GoalPlanning/install/rslidar_msg/lib:/home/nvidia/GoalPlanning/install/car_msg/lib:/usr/local/cuda-11.4/lib64:/usr/lib/aarch64-linux-gnu/gazebo-11/plugins:/opt/ros/foxy/opt/yaml_cpp_vendor/lib:/opt/ros/foxy/opt/rviz_ogre_vendor/lib:/opt/ros/foxy/lib/aarch64-linux-gnu:/opt/ros/foxy/lib:/usr/local/cuda-11.4/lib64 PYTHONPATH=/home/nvidia/GoalPlanning/install/imu_msgs/lib/python3.8/site-packages:/home/nvidia/GoalPlanning/install/rslidar_msg/lib/python3.8/site-packages:/home/nvidia/GoalPlanning/install/car_msg/lib/python3.8/site-packages:/home/nvidia/GoalPlanning/install/rslidar_msg/lib/python3.11/site-packages:/home/nvidia/GoalPlanning/install/planning/lib/python3.8/site-packages:/home/nvidia/GoalPlanning/install/imu_msgs/lib/python3.11/site-packages:/home/nvidia/GoalPlanning/install/cmd_car/lib/python3.8/site-packages:/home/nvidia/GoalPlanning/install/car_msg/lib/python3.11/site-packages:/opt/ros/foxy/lib/python3.8/site-packages /usr/bin/cmake /home/nvidia/GoalPlanning/src/location/src/location -DCMAKE_INSTALL_PREFIX=/home/nvidia/GoalPlanning/install/location
[0.182s] -- The C compiler identification is GNU 9.4.0
[0.309s] -- The CXX compiler identification is GNU 9.4.0
[0.310s] -- Check for working C compiler: /usr/bin/cc
[0.483s] -- Check for working C compiler: /usr/bin/cc -- works
[0.484s] -- Detecting C compiler ABI info
[0.642s] -- Detecting C compiler ABI info - done
[0.673s] -- Detecting C compile features
[0.674s] -- Detecting C compile features - done
[0.679s] -- Check for working CXX compiler: /usr/bin/c++
[0.870s] -- Check for working CXX compiler: /usr/bin/c++ -- works
[0.872s] -- Detecting CXX compiler ABI info
[1.070s] -- Detecting CXX compiler ABI info - done
[1.092s] -- Detecting CXX compile features
[1.094s] -- Detecting CXX compile features - done
[1.102s] -- Found ament_cmake: 0.9.12 (/opt/ros/foxy/share/ament_cmake/cmake)
[1.165s] -- Found PythonInterp: /usr/bin/python3 (found suitable version "3.8.10", minimum required is "3") 
[1.166s] -- Using PYTHON_EXECUTABLE: /usr/bin/python3
[1.744s] -- Found rclcpp: 2.4.3 (/opt/ros/foxy/share/rclcpp/cmake)
[1.859s] -- Using all available rosidl_typesupport_c: rosidl_typesupport_fastrtps_c;rosidl_typesupport_introspection_c
[1.878s] -- Found rosidl_adapter: 1.3.1 (/opt/ros/foxy/share/rosidl_adapter/cmake)
[2.133s] -- Found OpenSSL: /usr/lib/aarch64-linux-gnu/libcrypto.so (found version "1.1.1f")  
[2.205s] -- Found FastRTPS: /opt/ros/foxy/include  
[2.411s] -- Using all available rosidl_typesupport_cpp: rosidl_typesupport_fastrtps_cpp;rosidl_typesupport_introspection_cpp
[2.557s] -- Found rmw_implementation_cmake: 1.0.4 (/opt/ros/foxy/share/rmw_implementation_cmake/cmake)
[2.561s] -- Using RMW implementation 'rmw_fastrtps_cpp' as default
[2.563s] -- Looking for pthread.h
[2.751s] -- Looking for pthread.h - found
[2.759s] -- Performing Test CMAKE_HAVE_LIBC_PTHREAD
[2.946s] -- Performing Test CMAKE_HAVE_LIBC_PTHREAD - Failed
[2.947s] -- Looking for pthread_create in pthreads
[3.086s] -- Looking for pthread_create in pthreads - not found
[3.087s] -- Looking for pthread_create in pthread
[3.275s] -- Looking for pthread_create in pthread - found
[3.277s] -- Found Threads: TRUE  
[3.584s] -- Found imu_msgs: 0.0.0 (/home/nvidia/GoalPlanning/install/imu_msgs/share/imu_msgs/cmake)
[3.659s] -- Found ament_lint_auto: 0.9.8 (/opt/ros/foxy/share/ament_lint_auto/cmake)
[3.861s] -- Added test 'copyright' to check source files copyright and LICENSE
[3.863s] -- Added test 'cppcheck' to perform static code analysis on C / C++ code
[3.863s] -- Configured cppcheck include dirs: /home/nvidia/GoalPlanning/src/location/src/location/include
[3.863s] -- Configured cppcheck exclude dirs and/or files: 
[3.865s] -- Added test 'cpplint' to check C / C++ code against the Google style
[3.865s] -- Configured cpplint exclude dirs and/or files: 
[3.866s] -- Added test 'flake8' to check Python code syntax and style conventions
[3.867s] -- Added test 'lint_cmake' to check CMake code style
[3.868s] -- Added test 'pep257' to check Python code against some of the style conventions in PEP 257
[3.871s] -- Added test 'uncrustify' to check C / C++ code style
[3.871s] -- Configured uncrustify additional arguments: 
[3.872s] -- Added test 'xmllint' to check XML markup files
[3.883s] -- Configuring done
[3.899s] -- Generating done
[3.903s] -- Build files have been written to: /home/nvidia/GoalPlanning/build/location
[3.932s] Invoked command in '/home/nvidia/GoalPlanning/build/location' returned '0': CMAKE_PREFIX_PATH=/home/nvidia/GoalPlanning/install/imu_msgs:/home/nvidia/GoalPlanning/install/serial:/home/nvidia/GoalPlanning/install/rslidar_sdk:/home/nvidia/GoalPlanning/install/rslidar_msg:/home/nvidia/GoalPlanning/install/location:/home/nvidia/GoalPlanning/install/imu_node:/home/nvidia/GoalPlanning/install/cmd_car_cpp:/home/nvidia/GoalPlanning/install/car_msg:/home/nvidia/GoalPlanning/install/planning:/home/nvidia/GoalPlanning/install/cmd_car:/opt/ros/foxy LD_LIBRARY_PATH=/home/nvidia/GoalPlanning/install/imu_msgs/lib:/home/nvidia/GoalPlanning/install/serial/lib:/home/nvidia/GoalPlanning/install/rslidar_msg/lib:/home/nvidia/GoalPlanning/install/car_msg/lib:/usr/local/cuda-11.4/lib64:/usr/lib/aarch64-linux-gnu/gazebo-11/plugins:/opt/ros/foxy/opt/yaml_cpp_vendor/lib:/opt/ros/foxy/opt/rviz_ogre_vendor/lib:/opt/ros/foxy/lib/aarch64-linux-gnu:/opt/ros/foxy/lib:/usr/local/cuda-11.4/lib64 PYTHONPATH=/home/nvidia/GoalPlanning/install/imu_msgs/lib/python3.8/site-packages:/home/nvidia/GoalPlanning/install/rslidar_msg/lib/python3.8/site-packages:/home/nvidia/GoalPlanning/install/car_msg/lib/python3.8/site-packages:/home/nvidia/GoalPlanning/install/rslidar_msg/lib/python3.11/site-packages:/home/nvidia/GoalPlanning/install/planning/lib/python3.8/site-packages:/home/nvidia/GoalPlanning/install/imu_msgs/lib/python3.11/site-packages:/home/nvidia/GoalPlanning/install/cmd_car/lib/python3.8/site-packages:/home/nvidia/GoalPlanning/install/car_msg/lib/python3.11/site-packages:/opt/ros/foxy/lib/python3.8/site-packages /usr/bin/cmake /home/nvidia/GoalPlanning/src/location/src/location -DCMAKE_INSTALL_PREFIX=/home/nvidia/GoalPlanning/install/location
[3.935s] Invoking command in '/home/nvidia/GoalPlanning/build/location': CMAKE_PREFIX_PATH=/home/nvidia/GoalPlanning/install/imu_msgs:/home/nvidia/GoalPlanning/install/serial:/home/nvidia/GoalPlanning/install/rslidar_sdk:/home/nvidia/GoalPlanning/install/rslidar_msg:/home/nvidia/GoalPlanning/install/location:/home/nvidia/GoalPlanning/install/imu_node:/home/nvidia/GoalPlanning/install/cmd_car_cpp:/home/nvidia/GoalPlanning/install/car_msg:/home/nvidia/GoalPlanning/install/planning:/home/nvidia/GoalPlanning/install/cmd_car:/opt/ros/foxy LD_LIBRARY_PATH=/home/nvidia/GoalPlanning/install/imu_msgs/lib:/home/nvidia/GoalPlanning/install/serial/lib:/home/nvidia/GoalPlanning/install/rslidar_msg/lib:/home/nvidia/GoalPlanning/install/car_msg/lib:/usr/local/cuda-11.4/lib64:/usr/lib/aarch64-linux-gnu/gazebo-11/plugins:/opt/ros/foxy/opt/yaml_cpp_vendor/lib:/opt/ros/foxy/opt/rviz_ogre_vendor/lib:/opt/ros/foxy/lib/aarch64-linux-gnu:/opt/ros/foxy/lib:/usr/local/cuda-11.4/lib64 PYTHONPATH=/home/nvidia/GoalPlanning/install/imu_msgs/lib/python3.8/site-packages:/home/nvidia/GoalPlanning/install/rslidar_msg/lib/python3.8/site-packages:/home/nvidia/GoalPlanning/install/car_msg/lib/python3.8/site-packages:/home/nvidia/GoalPlanning/install/rslidar_msg/lib/python3.11/site-packages:/home/nvidia/GoalPlanning/install/planning/lib/python3.8/site-packages:/home/nvidia/GoalPlanning/install/imu_msgs/lib/python3.11/site-packages:/home/nvidia/GoalPlanning/install/cmd_car/lib/python3.8/site-packages:/home/nvidia/GoalPlanning/install/car_msg/lib/python3.11/site-packages:/opt/ros/foxy/lib/python3.8/site-packages /usr/bin/cmake --build /home/nvidia/GoalPlanning/build/location -- -j8 -l8
[4.050s] [35m[1mScanning dependencies of target location_node[0m
[4.142s] [ 50%] [32mBuilding CXX object CMakeFiles/location_node.dir/src/location_node.cpp.o[0m
[7.545s] [01m[K/home/nvidia/GoalPlanning/src/location/src/location/src/location_node.cpp:[m[K In member function ‘[01m[Kvoid location::imu_topic_callback(imu_msgs::msg::Imu_<std::allocator<void> >::SharedPtr)[m[K’:
[7.545s] [01m[K/home/nvidia/GoalPlanning/src/location/src/location/src/location_node.cpp:76:65:[m[K [01;35m[Kwarning: [m[Kunused parameter ‘[01m[Kmsg[m[K’ [[01;35m[K-Wunused-parameter[m[K]
[7.545s]    76 |     void imu_topic_callback([01;35m[Kconst imu_msgs::msg::Imu::SharedPtr msg[m[K) {
[7.545s]       |                             [01;35m[K~~~~~~~~~~~~~~~~~~~~~~~~~~~~~~~~~~~~^~~[m[K
[19.904s] [100%] [32m[1mLinking CXX executable location_node[0m
[20.535s] [100%] Built target location_node
[20.562s] Invoked command in '/home/nvidia/GoalPlanning/build/location' returned '0': CMAKE_PREFIX_PATH=/home/nvidia/GoalPlanning/install/imu_msgs:/home/nvidia/GoalPlanning/install/serial:/home/nvidia/GoalPlanning/install/rslidar_sdk:/home/nvidia/GoalPlanning/install/rslidar_msg:/home/nvidia/GoalPlanning/install/location:/home/nvidia/GoalPlanning/install/imu_node:/home/nvidia/GoalPlanning/install/cmd_car_cpp:/home/nvidia/GoalPlanning/install/car_msg:/home/nvidia/GoalPlanning/install/planning:/home/nvidia/GoalPlanning/install/cmd_car:/opt/ros/foxy LD_LIBRARY_PATH=/home/nvidia/GoalPlanning/install/imu_msgs/lib:/home/nvidia/GoalPlanning/install/serial/lib:/home/nvidia/GoalPlanning/install/rslidar_msg/lib:/home/nvidia/GoalPlanning/install/car_msg/lib:/usr/local/cuda-11.4/lib64:/usr/lib/aarch64-linux-gnu/gazebo-11/plugins:/opt/ros/foxy/opt/yaml_cpp_vendor/lib:/opt/ros/foxy/opt/rviz_ogre_vendor/lib:/opt/ros/foxy/lib/aarch64-linux-gnu:/opt/ros/foxy/lib:/usr/local/cuda-11.4/lib64 PYTHONPATH=/home/nvidia/GoalPlanning/install/imu_msgs/lib/python3.8/site-packages:/home/nvidia/GoalPlanning/install/rslidar_msg/lib/python3.8/site-packages:/home/nvidia/GoalPlanning/install/car_msg/lib/python3.8/site-packages:/home/nvidia/GoalPlanning/install/rslidar_msg/lib/python3.11/site-packages:/home/nvidia/GoalPlanning/install/planning/lib/python3.8/site-packages:/home/nvidia/GoalPlanning/install/imu_msgs/lib/python3.11/site-packages:/home/nvidia/GoalPlanning/install/cmd_car/lib/python3.8/site-packages:/home/nvidia/GoalPlanning/install/car_msg/lib/python3.11/site-packages:/opt/ros/foxy/lib/python3.8/site-packages /usr/bin/cmake --build /home/nvidia/GoalPlanning/build/location -- -j8 -l8
[20.627s] Invoking command in '/home/nvidia/GoalPlanning/build/location': CMAKE_PREFIX_PATH=/home/nvidia/GoalPlanning/install/imu_msgs:/home/nvidia/GoalPlanning/install/serial:/home/nvidia/GoalPlanning/install/rslidar_sdk:/home/nvidia/GoalPlanning/install/rslidar_msg:/home/nvidia/GoalPlanning/install/location:/home/nvidia/GoalPlanning/install/imu_node:/home/nvidia/GoalPlanning/install/cmd_car_cpp:/home/nvidia/GoalPlanning/install/car_msg:/home/nvidia/GoalPlanning/install/planning:/home/nvidia/GoalPlanning/install/cmd_car:/opt/ros/foxy LD_LIBRARY_PATH=/home/nvidia/GoalPlanning/install/imu_msgs/lib:/home/nvidia/GoalPlanning/install/serial/lib:/home/nvidia/GoalPlanning/install/rslidar_msg/lib:/home/nvidia/GoalPlanning/install/car_msg/lib:/usr/local/cuda-11.4/lib64:/usr/lib/aarch64-linux-gnu/gazebo-11/plugins:/opt/ros/foxy/opt/yaml_cpp_vendor/lib:/opt/ros/foxy/opt/rviz_ogre_vendor/lib:/opt/ros/foxy/lib/aarch64-linux-gnu:/opt/ros/foxy/lib:/usr/local/cuda-11.4/lib64 PYTHONPATH=/home/nvidia/GoalPlanning/install/imu_msgs/lib/python3.8/site-packages:/home/nvidia/GoalPlanning/install/rslidar_msg/lib/python3.8/site-packages:/home/nvidia/GoalPlanning/install/car_msg/lib/python3.8/site-packages:/home/nvidia/GoalPlanning/install/rslidar_msg/lib/python3.11/site-packages:/home/nvidia/GoalPlanning/install/planning/lib/python3.8/site-packages:/home/nvidia/GoalPlanning/install/imu_msgs/lib/python3.11/site-packages:/home/nvidia/GoalPlanning/install/cmd_car/lib/python3.8/site-packages:/home/nvidia/GoalPlanning/install/car_msg/lib/python3.11/site-packages:/opt/ros/foxy/lib/python3.8/site-packages /usr/bin/cmake --install /home/nvidia/GoalPlanning/build/location
[20.647s] -- Install configuration: ""
[20.648s] -- Installing: /home/nvidia/GoalPlanning/install/location/share/location/launch
[20.648s] -- Installing: /home/nvidia/GoalPlanning/install/location/share/location/launch/location.launch.py
[20.648s] -- Installing: /home/nvidia/GoalPlanning/install/location/lib/location/location_node
[20.654s] -- Set runtime path of "/home/nvidia/GoalPlanning/install/location/lib/location/location_node" to ""
[20.655s] -- Installing: /home/nvidia/GoalPlanning/install/location/share/ament_index/resource_index/package_run_dependencies/location
[20.655s] -- Installing: /home/nvidia/GoalPlanning/install/location/share/ament_index/resource_index/parent_prefix_path/location
[20.655s] -- Installing: /home/nvidia/GoalPlanning/install/location/share/location/environment/ament_prefix_path.sh
[20.656s] -- Installing: /home/nvidia/GoalPlanning/install/location/share/location/environment/ament_prefix_path.dsv
[20.656s] -- Installing: /home/nvidia/GoalPlanning/install/location/share/location/environment/path.sh
[20.656s] -- Installing: /home/nvidia/GoalPlanning/install/location/share/location/environment/path.dsv
[20.657s] -- Installing: /home/nvidia/GoalPlanning/install/location/share/location/local_setup.bash
[20.657s] -- Installing: /home/nvidia/GoalPlanning/install/location/share/location/local_setup.sh
[20.657s] -- Installing: /home/nvidia/GoalPlanning/install/location/share/location/local_setup.zsh
[20.657s] -- Installing: /home/nvidia/GoalPlanning/install/location/share/location/local_setup.dsv
[20.658s] -- Installing: /home/nvidia/GoalPlanning/install/location/share/location/package.dsv
[20.658s] -- Installing: /home/nvidia/GoalPlanning/install/location/share/ament_index/resource_index/packages/location
[20.658s] -- Installing: /home/nvidia/GoalPlanning/install/location/share/location/cmake/locationConfig.cmake
[20.659s] -- Installing: /home/nvidia/GoalPlanning/install/location/share/location/cmake/locationConfig-version.cmake
[20.659s] -- Installing: /home/nvidia/GoalPlanning/install/location/share/location/package.xml
[20.665s] Invoked command in '/home/nvidia/GoalPlanning/build/location' returned '0': CMAKE_PREFIX_PATH=/home/nvidia/GoalPlanning/install/imu_msgs:/home/nvidia/GoalPlanning/install/serial:/home/nvidia/GoalPlanning/install/rslidar_sdk:/home/nvidia/GoalPlanning/install/rslidar_msg:/home/nvidia/GoalPlanning/install/location:/home/nvidia/GoalPlanning/install/imu_node:/home/nvidia/GoalPlanning/install/cmd_car_cpp:/home/nvidia/GoalPlanning/install/car_msg:/home/nvidia/GoalPlanning/install/planning:/home/nvidia/GoalPlanning/install/cmd_car:/opt/ros/foxy LD_LIBRARY_PATH=/home/nvidia/GoalPlanning/install/imu_msgs/lib:/home/nvidia/GoalPlanning/install/serial/lib:/home/nvidia/GoalPlanning/install/rslidar_msg/lib:/home/nvidia/GoalPlanning/install/car_msg/lib:/usr/local/cuda-11.4/lib64:/usr/lib/aarch64-linux-gnu/gazebo-11/plugins:/opt/ros/foxy/opt/yaml_cpp_vendor/lib:/opt/ros/foxy/opt/rviz_ogre_vendor/lib:/opt/ros/foxy/lib/aarch64-linux-gnu:/opt/ros/foxy/lib:/usr/local/cuda-11.4/lib64 PYTHONPATH=/home/nvidia/GoalPlanning/install/imu_msgs/lib/python3.8/site-packages:/home/nvidia/GoalPlanning/install/rslidar_msg/lib/python3.8/site-packages:/home/nvidia/GoalPlanning/install/car_msg/lib/python3.8/site-packages:/home/nvidia/GoalPlanning/install/rslidar_msg/lib/python3.11/site-packages:/home/nvidia/GoalPlanning/install/planning/lib/python3.8/site-packages:/home/nvidia/GoalPlanning/install/imu_msgs/lib/python3.11/site-packages:/home/nvidia/GoalPlanning/install/cmd_car/lib/python3.8/site-packages:/home/nvidia/GoalPlanning/install/car_msg/lib/python3.11/site-packages:/opt/ros/foxy/lib/python3.8/site-packages /usr/bin/cmake --install /home/nvidia/GoalPlanning/build/location
