[0.116s] Invoking command in '/home/nvidia/GoalPlanning/build/imu_msgs': CMAKE_PREFIX_PATH=${CMAKE_PREFIX_PATH}:/home/nvidia/GoalPlanning/install/planning:/home/nvidia/GoalPlanning/install/cmd_car:/opt/ros/foxy CONDA_PROMPT_MODIFIER=(base) /usr/bin/cmake --build /home/nvidia/GoalPlanning/build/imu_msgs -- -j8 -l8
[1.465s] [  1%] Built target imu_msgs__cpp
[1.467s] [ 12%] Built target imu_msgs__rosidl_generator_c
[1.468s] [ 23%] Built target imu_msgs__rosidl_typesupport_introspection_c
[1.470s] [ 35%] Built target imu_msgs__rosidl_typesupport_c
[1.471s] [ 46%] Built target imu_msgs__rosidl_typesupport_introspection_cpp
[1.472s] [ 57%] Built target imu_msgs__rosidl_typesupport_cpp
[1.472s] [ 69%] Built target imu_msgs__rosidl_typesupport_fastrtps_cpp
[1.475s] [ 80%] Built target imu_msgs__rosidl_typesupport_fastrtps_c
[1.475s] [ 80%] Built target imu_msgs
[1.475s] [ 81%] Built target imu_msgs__py
[1.476s] [ 91%] Built target imu_msgs__python
[1.476s] [ 94%] Built target imu_msgs__rosidl_typesupport_introspection_c__pyext
[1.476s] [ 97%] Built target imu_msgs__rosidl_typesupport_fastrtps_c__pyext
[1.476s] [100%] Built target imu_msgs__rosidl_typesupport_c__pyext
[1.496s] Invoked command in '/home/nvidia/GoalPlanning/build/imu_msgs' returned '0': CMAKE_PREFIX_PATH=${CMAKE_PREFIX_PATH}:/home/nvidia/GoalPlanning/install/planning:/home/nvidia/GoalPlanning/install/cmd_car:/opt/ros/foxy CONDA_PROMPT_MODIFIER=(base) /usr/bin/cmake --build /home/nvidia/GoalPlanning/build/imu_msgs -- -j8 -l8
[1.823s] Invoking command in '/home/nvidia/GoalPlanning/build/imu_msgs': CMAKE_PREFIX_PATH=${CMAKE_PREFIX_PATH}:/home/nvidia/GoalPlanning/install/planning:/home/nvidia/GoalPlanning/install/cmd_car:/opt/ros/foxy CONDA_PROMPT_MODIFIER=(base) /usr/bin/cmake --install /home/nvidia/GoalPlanning/build/imu_msgs
[1.846s] -- Install configuration: ""
[1.847s] -- Up-to-date: /home/nvidia/GoalPlanning/install/imu_msgs/share/ament_index/resource_index/rosidl_interfaces/imu_msgs
[1.848s] -- Up-to-date: /home/nvidia/GoalPlanning/install/imu_msgs/include/imu_msgs
[1.849s] -- Up-to-date: /home/nvidia/GoalPlanning/install/imu_msgs/include/imu_msgs/msg
[1.849s] -- Up-to-date: /home/nvidia/GoalPlanning/install/imu_msgs/include/imu_msgs/msg/detail
[1.850s] -- Up-to-date: /home/nvidia/GoalPlanning/install/imu_msgs/include/imu_msgs/msg/detail/ag041__type_support.h
[1.851s] -- Up-to-date: /home/nvidia/GoalPlanning/install/imu_msgs/include/imu_msgs/msg/detail/ag041__struct.h
[1.851s] -- Up-to-date: /home/nvidia/GoalPlanning/install/imu_msgs/include/imu_msgs/msg/detail/asensing__functions.h
[1.860s] -- Up-to-date: /home/nvidia/GoalPlanning/install/imu_msgs/include/imu_msgs/msg/detail/asensing__struct.h
[1.860s] -- Up-to-date: /home/nvidia/GoalPlanning/install/imu_msgs/include/imu_msgs/msg/detail/ag041__functions.h
[1.860s] -- Up-to-date: /home/nvidia/GoalPlanning/install/imu_msgs/include/imu_msgs/msg/detail/asensing__functions.c
[1.861s] -- Up-to-date: /home/nvidia/GoalPlanning/install/imu_msgs/include/imu_msgs/msg/detail/ag072__functions.h
[1.861s] -- Up-to-date: /home/nvidia/GoalPlanning/install/imu_msgs/include/imu_msgs/msg/detail/asensing__type_support.h
[1.861s] -- Up-to-date: /home/nvidia/GoalPlanning/install/imu_msgs/include/imu_msgs/msg/detail/ag041__functions.c
[1.861s] -- Up-to-date: /home/nvidia/GoalPlanning/install/imu_msgs/include/imu_msgs/msg/detail/ag051__struct.h
[1.862s] -- Up-to-date: /home/nvidia/GoalPlanning/install/imu_msgs/include/imu_msgs/msg/detail/imu__type_support.h
[1.862s] -- Up-to-date: /home/nvidia/GoalPlanning/install/imu_msgs/include/imu_msgs/msg/detail/gnss__struct.h
[1.862s] -- Up-to-date: /home/nvidia/GoalPlanning/install/imu_msgs/include/imu_msgs/msg/detail/ag072__functions.c
[1.862s] -- Up-to-date: /home/nvidia/GoalPlanning/install/imu_msgs/include/imu_msgs/msg/detail/gnss__functions.h
[1.862s] -- Up-to-date: /home/nvidia/GoalPlanning/install/imu_msgs/include/imu_msgs/msg/detail/gnss__functions.c
[1.862s] -- Up-to-date: /home/nvidia/GoalPlanning/install/imu_msgs/include/imu_msgs/msg/detail/imu__struct.h
[1.862s] -- Up-to-date: /home/nvidia/GoalPlanning/install/imu_msgs/include/imu_msgs/msg/detail/ag051__type_support.h
[1.862s] -- Up-to-date: /home/nvidia/GoalPlanning/install/imu_msgs/include/imu_msgs/msg/detail/imu__functions.h
[1.863s] -- Up-to-date: /home/nvidia/GoalPlanning/install/imu_msgs/include/imu_msgs/msg/detail/ag051__functions.h
[1.863s] -- Up-to-date: /home/nvidia/GoalPlanning/install/imu_msgs/include/imu_msgs/msg/detail/ag072__type_support.h
[1.863s] -- Up-to-date: /home/nvidia/GoalPlanning/install/imu_msgs/include/imu_msgs/msg/detail/ag072__struct.h
[1.863s] -- Up-to-date: /home/nvidia/GoalPlanning/install/imu_msgs/include/imu_msgs/msg/detail/ag051__functions.c
[1.863s] -- Up-to-date: /home/nvidia/GoalPlanning/install/imu_msgs/include/imu_msgs/msg/detail/imu__functions.c
[1.863s] -- Up-to-date: /home/nvidia/GoalPlanning/install/imu_msgs/include/imu_msgs/msg/detail/gnss__type_support.h
[1.863s] -- Up-to-date: /home/nvidia/GoalPlanning/install/imu_msgs/include/imu_msgs/msg/rosidl_generator_c__visibility_control.h
[1.864s] -- Up-to-date: /home/nvidia/GoalPlanning/install/imu_msgs/include/imu_msgs/msg/ag041.h
[1.864s] -- Up-to-date: /home/nvidia/GoalPlanning/install/imu_msgs/include/imu_msgs/msg/ag051.h
[1.864s] -- Up-to-date: /home/nvidia/GoalPlanning/install/imu_msgs/include/imu_msgs/msg/asensing.h
[1.864s] -- Up-to-date: /home/nvidia/GoalPlanning/install/imu_msgs/include/imu_msgs/msg/imu.h
[1.864s] -- Up-to-date: /home/nvidia/GoalPlanning/install/imu_msgs/include/imu_msgs/msg/gnss.h
[1.864s] -- Up-to-date: /home/nvidia/GoalPlanning/install/imu_msgs/include/imu_msgs/msg/ag072.h
[1.864s] -- Up-to-date: /home/nvidia/GoalPlanning/install/imu_msgs/share/imu_msgs/environment/library_path.sh
[1.865s] -- Up-to-date: /home/nvidia/GoalPlanning/install/imu_msgs/share/imu_msgs/environment/library_path.dsv
[1.865s] -- Up-to-date: /home/nvidia/GoalPlanning/install/imu_msgs/lib/libimu_msgs__rosidl_generator_c.so
[1.865s] -- Up-to-date: /home/nvidia/GoalPlanning/install/imu_msgs/include/imu_msgs
[1.865s] -- Up-to-date: /home/nvidia/GoalPlanning/install/imu_msgs/include/imu_msgs/msg
[1.865s] -- Up-to-date: /home/nvidia/GoalPlanning/install/imu_msgs/include/imu_msgs/msg/detail
[1.865s] -- Up-to-date: /home/nvidia/GoalPlanning/install/imu_msgs/include/imu_msgs/msg/detail/asensing__rosidl_typesupport_fastrtps_c.h
[1.865s] -- Up-to-date: /home/nvidia/GoalPlanning/install/imu_msgs/include/imu_msgs/msg/detail/ag072__rosidl_typesupport_fastrtps_c.h
[1.866s] -- Up-to-date: /home/nvidia/GoalPlanning/install/imu_msgs/include/imu_msgs/msg/detail/gnss__rosidl_typesupport_fastrtps_c.h
[1.866s] -- Up-to-date: /home/nvidia/GoalPlanning/install/imu_msgs/include/imu_msgs/msg/detail/ag041__rosidl_typesupport_fastrtps_c.h
[1.866s] -- Up-to-date: /home/nvidia/GoalPlanning/install/imu_msgs/include/imu_msgs/msg/detail/ag051__rosidl_typesupport_fastrtps_c.h
[1.866s] -- Up-to-date: /home/nvidia/GoalPlanning/install/imu_msgs/include/imu_msgs/msg/detail/imu__rosidl_typesupport_fastrtps_c.h
[1.866s] -- Up-to-date: /home/nvidia/GoalPlanning/install/imu_msgs/include/imu_msgs/msg/rosidl_typesupport_fastrtps_c__visibility_control.h
[1.866s] -- Up-to-date: /home/nvidia/GoalPlanning/install/imu_msgs/lib/libimu_msgs__rosidl_typesupport_fastrtps_c.so
[1.866s] -- Up-to-date: /home/nvidia/GoalPlanning/install/imu_msgs/include/imu_msgs
[1.866s] -- Up-to-date: /home/nvidia/GoalPlanning/install/imu_msgs/include/imu_msgs/msg
[1.867s] -- Up-to-date: /home/nvidia/GoalPlanning/install/imu_msgs/include/imu_msgs/msg/detail
[1.867s] -- Up-to-date: /home/nvidia/GoalPlanning/install/imu_msgs/include/imu_msgs/msg/detail/ag051__rosidl_typesupport_fastrtps_cpp.hpp
[1.867s] -- Up-to-date: /home/nvidia/GoalPlanning/install/imu_msgs/include/imu_msgs/msg/detail/imu__rosidl_typesupport_fastrtps_cpp.hpp
[1.867s] -- Up-to-date: /home/nvidia/GoalPlanning/install/imu_msgs/include/imu_msgs/msg/detail/ag041__rosidl_typesupport_fastrtps_cpp.hpp
[1.867s] -- Up-to-date: /home/nvidia/GoalPlanning/install/imu_msgs/include/imu_msgs/msg/detail/gnss__rosidl_typesupport_fastrtps_cpp.hpp
[1.867s] -- Up-to-date: /home/nvidia/GoalPlanning/install/imu_msgs/include/imu_msgs/msg/detail/asensing__rosidl_typesupport_fastrtps_cpp.hpp
[1.867s] -- Up-to-date: /home/nvidia/GoalPlanning/install/imu_msgs/include/imu_msgs/msg/detail/dds_fastrtps
[1.867s] -- Up-to-date: /home/nvidia/GoalPlanning/install/imu_msgs/include/imu_msgs/msg/detail/ag072__rosidl_typesupport_fastrtps_cpp.hpp
[1.868s] -- Up-to-date: /home/nvidia/GoalPlanning/install/imu_msgs/include/imu_msgs/msg/rosidl_typesupport_fastrtps_cpp__visibility_control.h
[1.868s] -- Up-to-date: /home/nvidia/GoalPlanning/install/imu_msgs/lib/libimu_msgs__rosidl_typesupport_fastrtps_cpp.so
[1.868s] -- Up-to-date: /home/nvidia/GoalPlanning/install/imu_msgs/include/imu_msgs
[1.868s] -- Up-to-date: /home/nvidia/GoalPlanning/install/imu_msgs/include/imu_msgs/msg
[1.868s] -- Up-to-date: /home/nvidia/GoalPlanning/install/imu_msgs/include/imu_msgs/msg/detail
[1.868s] -- Up-to-date: /home/nvidia/GoalPlanning/install/imu_msgs/include/imu_msgs/msg/detail/ag041__rosidl_typesupport_introspection_c.h
[1.868s] -- Up-to-date: /home/nvidia/GoalPlanning/install/imu_msgs/include/imu_msgs/msg/detail/ag072__type_support.c
[1.869s] -- Up-to-date: /home/nvidia/GoalPlanning/install/imu_msgs/include/imu_msgs/msg/detail/gnss__type_support.c
[1.869s] -- Up-to-date: /home/nvidia/GoalPlanning/install/imu_msgs/include/imu_msgs/msg/detail/imu__rosidl_typesupport_introspection_c.h
[1.870s] -- Up-to-date: /home/nvidia/GoalPlanning/install/imu_msgs/include/imu_msgs/msg/detail/gnss__rosidl_typesupport_introspection_c.h
[1.870s] -- Up-to-date: /home/nvidia/GoalPlanning/install/imu_msgs/include/imu_msgs/msg/detail/ag072__rosidl_typesupport_introspection_c.h
[1.871s] -- Up-to-date: /home/nvidia/GoalPlanning/install/imu_msgs/include/imu_msgs/msg/detail/asensing__rosidl_typesupport_introspection_c.h
[1.873s] -- Up-to-date: /home/nvidia/GoalPlanning/install/imu_msgs/include/imu_msgs/msg/detail/asensing__type_support.c
[1.874s] -- Up-to-date: /home/nvidia/GoalPlanning/install/imu_msgs/include/imu_msgs/msg/detail/imu__type_support.c
[1.874s] -- Up-to-date: /home/nvidia/GoalPlanning/install/imu_msgs/include/imu_msgs/msg/detail/ag051__rosidl_typesupport_introspection_c.h
[1.874s] -- Up-to-date: /home/nvidia/GoalPlanning/install/imu_msgs/include/imu_msgs/msg/detail/ag051__type_support.c
[1.874s] -- Up-to-date: /home/nvidia/GoalPlanning/install/imu_msgs/include/imu_msgs/msg/detail/ag041__type_support.c
[1.874s] -- Up-to-date: /home/nvidia/GoalPlanning/install/imu_msgs/include/imu_msgs/msg/rosidl_typesupport_introspection_c__visibility_control.h
[1.876s] -- Up-to-date: /home/nvidia/GoalPlanning/install/imu_msgs/lib/libimu_msgs__rosidl_typesupport_introspection_c.so
[1.877s] -- Up-to-date: /home/nvidia/GoalPlanning/install/imu_msgs/lib/libimu_msgs__rosidl_typesupport_c.so
[1.877s] -- Up-to-date: /home/nvidia/GoalPlanning/install/imu_msgs/include/imu_msgs
[1.878s] -- Up-to-date: /home/nvidia/GoalPlanning/install/imu_msgs/include/imu_msgs/msg
[1.878s] -- Up-to-date: /home/nvidia/GoalPlanning/install/imu_msgs/include/imu_msgs/msg/detail
[1.879s] -- Up-to-date: /home/nvidia/GoalPlanning/install/imu_msgs/include/imu_msgs/msg/detail/ag051__traits.hpp
[1.879s] -- Up-to-date: /home/nvidia/GoalPlanning/install/imu_msgs/include/imu_msgs/msg/detail/ag051__type_support.hpp
[1.879s] -- Up-to-date: /home/nvidia/GoalPlanning/install/imu_msgs/include/imu_msgs/msg/detail/imu__builder.hpp
[1.880s] -- Up-to-date: /home/nvidia/GoalPlanning/install/imu_msgs/include/imu_msgs/msg/detail/asensing__struct.hpp
[1.880s] -- Up-to-date: /home/nvidia/GoalPlanning/install/imu_msgs/include/imu_msgs/msg/detail/gnss__type_support.hpp
[1.881s] -- Up-to-date: /home/nvidia/GoalPlanning/install/imu_msgs/include/imu_msgs/msg/detail/ag072__traits.hpp
[1.881s] -- Up-to-date: /home/nvidia/GoalPlanning/install/imu_msgs/include/imu_msgs/msg/detail/ag072__builder.hpp
[1.881s] -- Up-to-date: /home/nvidia/GoalPlanning/install/imu_msgs/include/imu_msgs/msg/detail/ag041__type_support.hpp
[1.882s] -- Up-to-date: /home/nvidia/GoalPlanning/install/imu_msgs/include/imu_msgs/msg/detail/ag072__struct.hpp
[1.885s] -- Up-to-date: /home/nvidia/GoalPlanning/install/imu_msgs/include/imu_msgs/msg/detail/asensing__builder.hpp
[1.886s] -- Up-to-date: /home/nvidia/GoalPlanning/install/imu_msgs/include/imu_msgs/msg/detail/ag041__traits.hpp
[1.886s] -- Up-to-date: /home/nvidia/GoalPlanning/install/imu_msgs/include/imu_msgs/msg/detail/ag072__type_support.hpp
[1.886s] -- Up-to-date: /home/nvidia/GoalPlanning/install/imu_msgs/include/imu_msgs/msg/detail/ag051__struct.hpp
[1.887s] -- Up-to-date: /home/nvidia/GoalPlanning/install/imu_msgs/include/imu_msgs/msg/detail/imu__type_support.hpp
[1.887s] -- Up-to-date: /home/nvidia/GoalPlanning/install/imu_msgs/include/imu_msgs/msg/detail/asensing__type_support.hpp
[1.887s] -- Up-to-date: /home/nvidia/GoalPlanning/install/imu_msgs/include/imu_msgs/msg/detail/imu__struct.hpp
[1.887s] -- Up-to-date: /home/nvidia/GoalPlanning/install/imu_msgs/include/imu_msgs/msg/detail/ag041__struct.hpp
[1.887s] -- Up-to-date: /home/nvidia/GoalPlanning/install/imu_msgs/include/imu_msgs/msg/detail/gnss__traits.hpp
[1.887s] -- Up-to-date: /home/nvidia/GoalPlanning/install/imu_msgs/include/imu_msgs/msg/detail/imu__traits.hpp
[1.887s] -- Up-to-date: /home/nvidia/GoalPlanning/install/imu_msgs/include/imu_msgs/msg/detail/ag041__builder.hpp
[1.887s] -- Up-to-date: /home/nvidia/GoalPlanning/install/imu_msgs/include/imu_msgs/msg/detail/asensing__traits.hpp
[1.888s] -- Up-to-date: /home/nvidia/GoalPlanning/install/imu_msgs/include/imu_msgs/msg/detail/ag051__builder.hpp
[1.888s] -- Up-to-date: /home/nvidia/GoalPlanning/install/imu_msgs/include/imu_msgs/msg/detail/gnss__builder.hpp
[1.889s] -- Up-to-date: /home/nvidia/GoalPlanning/install/imu_msgs/include/imu_msgs/msg/detail/gnss__struct.hpp
[1.889s] -- Up-to-date: /home/nvidia/GoalPlanning/install/imu_msgs/include/imu_msgs/msg/rosidl_generator_cpp__visibility_control.hpp
[1.889s] -- Up-to-date: /home/nvidia/GoalPlanning/install/imu_msgs/include/imu_msgs/msg/gnss.hpp
[1.889s] -- Up-to-date: /home/nvidia/GoalPlanning/install/imu_msgs/include/imu_msgs/msg/ag041.hpp
[1.889s] -- Up-to-date: /home/nvidia/GoalPlanning/install/imu_msgs/include/imu_msgs/msg/ag051.hpp
[1.889s] -- Up-to-date: /home/nvidia/GoalPlanning/install/imu_msgs/include/imu_msgs/msg/imu.hpp
[1.889s] -- Up-to-date: /home/nvidia/GoalPlanning/install/imu_msgs/include/imu_msgs/msg/ag072.hpp
[1.890s] -- Up-to-date: /home/nvidia/GoalPlanning/install/imu_msgs/include/imu_msgs/msg/asensing.hpp
[1.890s] -- Up-to-date: /home/nvidia/GoalPlanning/install/imu_msgs/include/imu_msgs
[1.890s] -- Up-to-date: /home/nvidia/GoalPlanning/install/imu_msgs/include/imu_msgs/msg
[1.890s] -- Up-to-date: /home/nvidia/GoalPlanning/install/imu_msgs/include/imu_msgs/msg/detail
[1.890s] -- Up-to-date: /home/nvidia/GoalPlanning/install/imu_msgs/include/imu_msgs/msg/detail/asensing__type_support.cpp
[1.890s] -- Up-to-date: /home/nvidia/GoalPlanning/install/imu_msgs/include/imu_msgs/msg/detail/ag041__rosidl_typesupport_introspection_cpp.hpp
[1.890s] -- Up-to-date: /home/nvidia/GoalPlanning/install/imu_msgs/include/imu_msgs/msg/detail/ag072__type_support.cpp
[1.891s] -- Up-to-date: /home/nvidia/GoalPlanning/install/imu_msgs/include/imu_msgs/msg/detail/imu__type_support.cpp
[1.891s] -- Up-to-date: /home/nvidia/GoalPlanning/install/imu_msgs/include/imu_msgs/msg/detail/gnss__type_support.cpp
[1.891s] -- Up-to-date: /home/nvidia/GoalPlanning/install/imu_msgs/include/imu_msgs/msg/detail/ag051__rosidl_typesupport_introspection_cpp.hpp
[1.891s] -- Up-to-date: /home/nvidia/GoalPlanning/install/imu_msgs/include/imu_msgs/msg/detail/ag072__rosidl_typesupport_introspection_cpp.hpp
[1.891s] -- Up-to-date: /home/nvidia/GoalPlanning/install/imu_msgs/include/imu_msgs/msg/detail/ag051__type_support.cpp
[1.891s] -- Up-to-date: /home/nvidia/GoalPlanning/install/imu_msgs/include/imu_msgs/msg/detail/gnss__rosidl_typesupport_introspection_cpp.hpp
[1.891s] -- Up-to-date: /home/nvidia/GoalPlanning/install/imu_msgs/include/imu_msgs/msg/detail/imu__rosidl_typesupport_introspection_cpp.hpp
[1.892s] -- Up-to-date: /home/nvidia/GoalPlanning/install/imu_msgs/include/imu_msgs/msg/detail/ag041__type_support.cpp
[1.892s] -- Up-to-date: /home/nvidia/GoalPlanning/install/imu_msgs/include/imu_msgs/msg/detail/asensing__rosidl_typesupport_introspection_cpp.hpp
[1.892s] -- Up-to-date: /home/nvidia/GoalPlanning/install/imu_msgs/lib/libimu_msgs__rosidl_typesupport_introspection_cpp.so
[1.892s] -- Up-to-date: /home/nvidia/GoalPlanning/install/imu_msgs/lib/libimu_msgs__rosidl_typesupport_cpp.so
[1.892s] -- Up-to-date: /home/nvidia/GoalPlanning/install/imu_msgs/share/imu_msgs/environment/pythonpath.sh
[1.892s] -- Up-to-date: /home/nvidia/GoalPlanning/install/imu_msgs/share/imu_msgs/environment/pythonpath.dsv
[1.892s] -- Up-to-date: /home/nvidia/GoalPlanning/install/imu_msgs/lib/python3.8/site-packages/imu_msgs/__init__.py
[1.936s] -- Up-to-date: /home/nvidia/GoalPlanning/install/imu_msgs/lib/python3.8/site-packages/imu_msgs/msg
[1.936s] -- Up-to-date: /home/nvidia/GoalPlanning/install/imu_msgs/lib/python3.8/site-packages/imu_msgs/msg/_gnss_s.c
[1.936s] -- Up-to-date: /home/nvidia/GoalPlanning/install/imu_msgs/lib/python3.8/site-packages/imu_msgs/msg/_ag051.py
[1.937s] -- Up-to-date: /home/nvidia/GoalPlanning/install/imu_msgs/lib/python3.8/site-packages/imu_msgs/msg/_ag072.py
[1.937s] -- Up-to-date: /home/nvidia/GoalPlanning/install/imu_msgs/lib/python3.8/site-packages/imu_msgs/msg/_ag041.py
[1.937s] -- Up-to-date: /home/nvidia/GoalPlanning/install/imu_msgs/lib/python3.8/site-packages/imu_msgs/msg/__init__.py
[1.938s] -- Up-to-date: /home/nvidia/GoalPlanning/install/imu_msgs/lib/python3.8/site-packages/imu_msgs/msg/_ag051_s.c
[1.938s] -- Up-to-date: /home/nvidia/GoalPlanning/install/imu_msgs/lib/python3.8/site-packages/imu_msgs/msg/_ag072_s.c
[1.938s] -- Up-to-date: /home/nvidia/GoalPlanning/install/imu_msgs/lib/python3.8/site-packages/imu_msgs/msg/_ag041_s.c
[1.939s] -- Up-to-date: /home/nvidia/GoalPlanning/install/imu_msgs/lib/python3.8/site-packages/imu_msgs/msg/_gnss.py
[1.939s] -- Up-to-date: /home/nvidia/GoalPlanning/install/imu_msgs/lib/python3.8/site-packages/imu_msgs/msg/_asensing.py
[1.939s] -- Up-to-date: /home/nvidia/GoalPlanning/install/imu_msgs/lib/python3.8/site-packages/imu_msgs/msg/_asensing_s.c
[1.940s] -- Up-to-date: /home/nvidia/GoalPlanning/install/imu_msgs/lib/python3.8/site-packages/imu_msgs/msg/_imu_s.c
[1.940s] -- Up-to-date: /home/nvidia/GoalPlanning/install/imu_msgs/lib/python3.8/site-packages/imu_msgs/msg/_imu.py
[1.941s] -- Up-to-date: /home/nvidia/GoalPlanning/install/imu_msgs/lib/python3.8/site-packages/imu_msgs/imu_msgs_s__rosidl_typesupport_fastrtps_c.cpython-38-aarch64-linux-gnu.so
[1.941s] -- Up-to-date: /home/nvidia/GoalPlanning/install/imu_msgs/lib/python3.8/site-packages/imu_msgs/imu_msgs_s__rosidl_typesupport_introspection_c.cpython-38-aarch64-linux-gnu.so
[1.942s] -- Up-to-date: /home/nvidia/GoalPlanning/install/imu_msgs/lib/python3.8/site-packages/imu_msgs/imu_msgs_s__rosidl_typesupport_c.cpython-38-aarch64-linux-gnu.so
[1.942s] -- Up-to-date: /home/nvidia/GoalPlanning/install/imu_msgs/lib/libimu_msgs__python.so
[1.942s] -- Up-to-date: /home/nvidia/GoalPlanning/install/imu_msgs/share/imu_msgs/msg/ASENSING.idl
[1.942s] -- Up-to-date: /home/nvidia/GoalPlanning/install/imu_msgs/share/imu_msgs/msg/Imu.idl
[1.943s] -- Up-to-date: /home/nvidia/GoalPlanning/install/imu_msgs/share/imu_msgs/msg/Gnss.idl
[1.943s] -- Up-to-date: /home/nvidia/GoalPlanning/install/imu_msgs/share/imu_msgs/msg/AG041.idl
[1.943s] -- Up-to-date: /home/nvidia/GoalPlanning/install/imu_msgs/share/imu_msgs/msg/AG051.idl
[1.945s] -- Up-to-date: /home/nvidia/GoalPlanning/install/imu_msgs/share/imu_msgs/msg/AG072.idl
[1.945s] -- Up-to-date: /home/nvidia/GoalPlanning/install/imu_msgs/share/imu_msgs/msg/ASENSING.msg
[1.945s] -- Up-to-date: /home/nvidia/GoalPlanning/install/imu_msgs/share/imu_msgs/msg/Imu.msg
[1.945s] -- Up-to-date: /home/nvidia/GoalPlanning/install/imu_msgs/share/imu_msgs/msg/Gnss.msg
[1.946s] -- Up-to-date: /home/nvidia/GoalPlanning/install/imu_msgs/share/imu_msgs/msg/AG041.msg
[1.946s] -- Up-to-date: /home/nvidia/GoalPlanning/install/imu_msgs/share/imu_msgs/msg/AG051.msg
[1.946s] -- Up-to-date: /home/nvidia/GoalPlanning/install/imu_msgs/share/imu_msgs/msg/AG072.msg
[1.946s] -- Up-to-date: /home/nvidia/GoalPlanning/install/imu_msgs/share/ament_index/resource_index/package_run_dependencies/imu_msgs
[1.947s] -- Up-to-date: /home/nvidia/GoalPlanning/install/imu_msgs/share/ament_index/resource_index/parent_prefix_path/imu_msgs
[1.947s] -- Up-to-date: /home/nvidia/GoalPlanning/install/imu_msgs/share/imu_msgs/environment/ament_prefix_path.sh
[1.947s] -- Up-to-date: /home/nvidia/GoalPlanning/install/imu_msgs/share/imu_msgs/environment/ament_prefix_path.dsv
[1.947s] -- Up-to-date: /home/nvidia/GoalPlanning/install/imu_msgs/share/imu_msgs/environment/path.sh
[1.947s] -- Up-to-date: /home/nvidia/GoalPlanning/install/imu_msgs/share/imu_msgs/environment/path.dsv
[1.948s] -- Up-to-date: /home/nvidia/GoalPlanning/install/imu_msgs/share/imu_msgs/local_setup.bash
[1.948s] -- Up-to-date: /home/nvidia/GoalPlanning/install/imu_msgs/share/imu_msgs/local_setup.sh
[1.948s] -- Up-to-date: /home/nvidia/GoalPlanning/install/imu_msgs/share/imu_msgs/local_setup.zsh
[1.948s] -- Up-to-date: /home/nvidia/GoalPlanning/install/imu_msgs/share/imu_msgs/local_setup.dsv
[1.948s] -- Installing: /home/nvidia/GoalPlanning/install/imu_msgs/share/imu_msgs/package.dsv
[1.949s] -- Up-to-date: /home/nvidia/GoalPlanning/install/imu_msgs/share/ament_index/resource_index/packages/imu_msgs
[1.949s] -- Up-to-date: /home/nvidia/GoalPlanning/install/imu_msgs/share/imu_msgs/cmake/imu_msgs__rosidl_generator_cExport.cmake
[1.949s] -- Up-to-date: /home/nvidia/GoalPlanning/install/imu_msgs/share/imu_msgs/cmake/imu_msgs__rosidl_generator_cExport-noconfig.cmake
[1.949s] -- Up-to-date: /home/nvidia/GoalPlanning/install/imu_msgs/share/imu_msgs/cmake/imu_msgs__rosidl_typesupport_introspection_cExport.cmake
[1.949s] -- Up-to-date: /home/nvidia/GoalPlanning/install/imu_msgs/share/imu_msgs/cmake/imu_msgs__rosidl_typesupport_introspection_cExport-noconfig.cmake
[1.950s] -- Up-to-date: /home/nvidia/GoalPlanning/install/imu_msgs/share/imu_msgs/cmake/imu_msgs__rosidl_typesupport_cExport.cmake
[1.950s] -- Up-to-date: /home/nvidia/GoalPlanning/install/imu_msgs/share/imu_msgs/cmake/imu_msgs__rosidl_typesupport_cExport-noconfig.cmake
[1.950s] -- Up-to-date: /home/nvidia/GoalPlanning/install/imu_msgs/share/imu_msgs/cmake/imu_msgs__rosidl_generator_cppExport.cmake
[1.950s] -- Up-to-date: /home/nvidia/GoalPlanning/install/imu_msgs/share/imu_msgs/cmake/imu_msgs__rosidl_typesupport_introspection_cppExport.cmake
[1.951s] -- Up-to-date: /home/nvidia/GoalPlanning/install/imu_msgs/share/imu_msgs/cmake/imu_msgs__rosidl_typesupport_introspection_cppExport-noconfig.cmake
[1.951s] -- Up-to-date: /home/nvidia/GoalPlanning/install/imu_msgs/share/imu_msgs/cmake/imu_msgs__rosidl_typesupport_cppExport.cmake
[1.951s] -- Up-to-date: /home/nvidia/GoalPlanning/install/imu_msgs/share/imu_msgs/cmake/imu_msgs__rosidl_typesupport_cppExport-noconfig.cmake
[1.951s] -- Up-to-date: /home/nvidia/GoalPlanning/install/imu_msgs/share/imu_msgs/cmake/rosidl_cmake-extras.cmake
[1.952s] -- Up-to-date: /home/nvidia/GoalPlanning/install/imu_msgs/share/imu_msgs/cmake/ament_cmake_export_dependencies-extras.cmake
[1.952s] -- Up-to-date: /home/nvidia/GoalPlanning/install/imu_msgs/share/imu_msgs/cmake/ament_cmake_export_libraries-extras.cmake
[1.952s] -- Up-to-date: /home/nvidia/GoalPlanning/install/imu_msgs/share/imu_msgs/cmake/ament_cmake_export_targets-extras.cmake
[1.952s] -- Up-to-date: /home/nvidia/GoalPlanning/install/imu_msgs/share/imu_msgs/cmake/ament_cmake_export_include_directories-extras.cmake
[1.952s] -- Up-to-date: /home/nvidia/GoalPlanning/install/imu_msgs/share/imu_msgs/cmake/rosidl_cmake_export_typesupport_libraries-extras.cmake
[1.952s] -- Up-to-date: /home/nvidia/GoalPlanning/install/imu_msgs/share/imu_msgs/cmake/rosidl_cmake_export_typesupport_targets-extras.cmake
[1.952s] -- Up-to-date: /home/nvidia/GoalPlanning/install/imu_msgs/share/imu_msgs/cmake/imu_msgsConfig.cmake
[1.953s] -- Up-to-date: /home/nvidia/GoalPlanning/install/imu_msgs/share/imu_msgs/cmake/imu_msgsConfig-version.cmake
[1.953s] -- Up-to-date: /home/nvidia/GoalPlanning/install/imu_msgs/share/imu_msgs/package.xml
[1.966s] Invoked command in '/home/nvidia/GoalPlanning/build/imu_msgs' returned '0': CMAKE_PREFIX_PATH=${CMAKE_PREFIX_PATH}:/home/nvidia/GoalPlanning/install/planning:/home/nvidia/GoalPlanning/install/cmd_car:/opt/ros/foxy CONDA_PROMPT_MODIFIER=(base) /usr/bin/cmake --install /home/nvidia/GoalPlanning/build/imu_msgs
