[0.039s] Invoking command in '/home/nvidia/GoalPlanning/src/location/build/imu_msgs': CMAKE_PREFIX_PATH=${CMAKE_PREFIX_PATH}:/home/nvidia/GoalPlanning/install/planning:/home/nvidia/GoalPlanning/install/cmd_car:/opt/ros/foxy CONDA_PROMPT_MODIFIER=(base) /usr/bin/cmake /home/nvidia/GoalPlanning/src/location/src/imu_msgs -DCMAKE_INSTALL_PREFIX=/home/nvidia/GoalPlanning/src/location/install/imu_msgs
[0.164s] -- The C compiler identification is GNU 9.4.0
[0.276s] -- The CXX compiler identification is GNU 9.4.0
[0.287s] -- Check for working C compiler: /usr/bin/cc
[0.434s] -- Check for working C compiler: /usr/bin/cc -- works
[0.436s] -- Detecting C compiler ABI info
[0.582s] -- Detecting C compiler ABI info - done
[0.601s] -- Detecting C compile features
[0.601s] -- Detecting C compile features - done
[0.606s] -- Check for working CXX compiler: /usr/bin/c++
[0.767s] -- Check for working CXX compiler: /usr/bin/c++ -- works
[0.769s] -- Detecting CXX compiler ABI info
[0.932s] -- Detecting CXX compiler ABI info - done
[0.952s] -- Detecting CXX compile features
[0.953s] -- Detecting CXX compile features - done
[0.961s] -- Found ament_cmake: 0.9.12 (/opt/ros/foxy/share/ament_cmake/cmake)
[1.021s] -- Found PythonInterp: /home/nvidia/anaconda3/bin/python3 (found suitable version "3.11.7", minimum required is "3") 
[1.021s] -- Using PYTHON_EXECUTABLE: /home/nvidia/anaconda3/bin/python3
[1.553s] -- Found std_msgs: 2.0.5 (/opt/ros/foxy/share/std_msgs/cmake)
[1.625s] -- Using all available rosidl_typesupport_c: rosidl_typesupport_fastrtps_c;rosidl_typesupport_introspection_c
[1.643s] -- Found rosidl_adapter: 1.3.1 (/opt/ros/foxy/share/rosidl_adapter/cmake)
[1.880s] -- Found OpenSSL: /usr/lib/aarch64-linux-gnu/libcrypto.so (found version "1.1.1f")  
[1.951s] -- Found FastRTPS: /opt/ros/foxy/include  
[2.142s] -- Using all available rosidl_typesupport_cpp: rosidl_typesupport_fastrtps_cpp;rosidl_typesupport_introspection_cpp
[2.243s] -- Found ament_lint_auto: 0.9.8 (/opt/ros/foxy/share/ament_lint_auto/cmake)
[2.540s] -- Found rosidl_default_generators: 1.0.1 (/opt/ros/foxy/share/rosidl_default_generators/cmake)
[2.626s] -- Found PythonInterp: /home/nvidia/anaconda3/bin/python3 (found version "3.11.7") 
[2.961s] -- Found ament_cmake_ros: 0.9.2 (/opt/ros/foxy/share/ament_cmake_ros/cmake)
[3.357s] -- Using all available rosidl_typesupport_c: rosidl_typesupport_fastrtps_c;rosidl_typesupport_introspection_c
[3.480s] -- Using all available rosidl_typesupport_cpp: rosidl_typesupport_fastrtps_cpp;rosidl_typesupport_introspection_cpp
[3.539s] -- Found PythonInterp: /home/nvidia/anaconda3/bin/python3 (found suitable version "3.11.7", minimum required is "3.5") 
[3.543s] -- Found python_cmake_module: 0.8.1 (/opt/ros/foxy/share/python_cmake_module/cmake)
[3.603s] -- Found PythonLibs: /home/nvidia/anaconda3/lib/libpython3.11.so (found suitable version "3.11.7", minimum required is "3.5") 
[3.603s] -- Using PYTHON_EXECUTABLE: /home/nvidia/anaconda3/bin/python3
[3.603s] -- Using PYTHON_INCLUDE_DIRS: /home/nvidia/anaconda3/include/python3.11
[3.603s] -- Using PYTHON_LIBRARIES: /home/nvidia/anaconda3/lib/libpython3.11.so
[3.656s] -- Found PythonExtra: .so  
[4.296s] -- Using numpy include directory: /home/nvidia/anaconda3/lib/python3.11/site-packages/numpy/core/include
[4.349s] -- Added test 'copyright' to check source files copyright and LICENSE
[4.353s] -- Added test 'lint_cmake' to check CMake code style
[4.355s] -- Added test 'xmllint' to check XML markup files
[4.372s] -- Configuring done
[4.471s] -- Generating done
[4.476s] -- Build files have been written to: /home/nvidia/GoalPlanning/src/location/build/imu_msgs
[4.504s] Invoked command in '/home/nvidia/GoalPlanning/src/location/build/imu_msgs' returned '0': CMAKE_PREFIX_PATH=${CMAKE_PREFIX_PATH}:/home/nvidia/GoalPlanning/install/planning:/home/nvidia/GoalPlanning/install/cmd_car:/opt/ros/foxy CONDA_PROMPT_MODIFIER=(base) /usr/bin/cmake /home/nvidia/GoalPlanning/src/location/src/imu_msgs -DCMAKE_INSTALL_PREFIX=/home/nvidia/GoalPlanning/src/location/install/imu_msgs
[4.510s] Invoking command in '/home/nvidia/GoalPlanning/src/location/build/imu_msgs': CMAKE_PREFIX_PATH=${CMAKE_PREFIX_PATH}:/home/nvidia/GoalPlanning/install/planning:/home/nvidia/GoalPlanning/install/cmd_car:/opt/ros/foxy CONDA_PROMPT_MODIFIER=(base) /usr/bin/cmake --build /home/nvidia/GoalPlanning/src/location/build/imu_msgs -- -j8 -l8
[4.608s] [  1%] [34m[1mGenerating C code for ROS interfaces[0m
[4.608s] [35m[1mScanning dependencies of target imu_msgs__cpp[0m
[4.635s] [  2%] [34m[1mGenerating C++ code for ROS interfaces[0m
[6.232s] [35m[1mScanning dependencies of target imu_msgs__rosidl_generator_c[0m
[6.266s] [  9%] [32mBuilding C object CMakeFiles/imu_msgs__rosidl_generator_c.dir/rosidl_generator_c/imu_msgs/msg/detail/imu__functions.c.o[0m
[6.266s] [  9%] [32mBuilding C object CMakeFiles/imu_msgs__rosidl_generator_c.dir/rosidl_generator_c/imu_msgs/msg/detail/asensing__functions.c.o[0m
[6.267s] [  9%] [32mBuilding C object CMakeFiles/imu_msgs__rosidl_generator_c.dir/rosidl_generator_c/imu_msgs/msg/detail/ag041__functions.c.o[0m
[6.267s] [  9%] [32mBuilding C object CMakeFiles/imu_msgs__rosidl_generator_c.dir/rosidl_generator_c/imu_msgs/msg/detail/gnss__functions.c.o[0m
[6.267s] [  9%] [32mBuilding C object CMakeFiles/imu_msgs__rosidl_generator_c.dir/rosidl_generator_c/imu_msgs/msg/detail/ag051__functions.c.o[0m
[6.269s] [ 11%] [32mBuilding C object CMakeFiles/imu_msgs__rosidl_generator_c.dir/rosidl_generator_c/imu_msgs/msg/detail/ag072__functions.c.o[0m
[6.274s] [ 11%] Built target imu_msgs__cpp
[6.309s] [ 12%] [34m[1mGenerating C++ introspection for ROS interfaces[0m
[6.358s] [ 14%] [34m[1mGenerating C++ type support for eProsima Fast-RTPS[0m
[6.383s] [ 15%] [34m[1mGenerating C++ type support dispatch for ROS interfaces[0m
[6.398s] [ 16%] [32m[1mLinking C shared library libimu_msgs__rosidl_generator_c.so[0m
[6.485s] [ 16%] Built target imu_msgs__rosidl_generator_c
[6.510s] [ 19%] [34m[1mGenerating C introspection for ROS interfaces[0m
[6.510s] [ 19%] [34m[1mGenerating C type support dispatch for ROS interfaces[0m
[7.629s] [35m[1mScanning dependencies of target imu_msgs__rosidl_typesupport_cpp[0m
[7.677s] [ 21%] [32mBuilding CXX object CMakeFiles/imu_msgs__rosidl_typesupport_cpp.dir/rosidl_typesupport_cpp/imu_msgs/msg/imu__type_support.cpp.o[0m
[7.683s] [ 22%] [32mBuilding CXX object CMakeFiles/imu_msgs__rosidl_typesupport_cpp.dir/rosidl_typesupport_cpp/imu_msgs/msg/asensing__type_support.cpp.o[0m
[7.691s] [ 23%] [32mBuilding CXX object CMakeFiles/imu_msgs__rosidl_typesupport_cpp.dir/rosidl_typesupport_cpp/imu_msgs/msg/gnss__type_support.cpp.o[0m
[7.715s] [35m[1mScanning dependencies of target imu_msgs__rosidl_typesupport_introspection_cpp[0m
[7.754s] [ 25%] [32mBuilding CXX object CMakeFiles/imu_msgs__rosidl_typesupport_introspection_cpp.dir/rosidl_typesupport_introspection_cpp/imu_msgs/msg/detail/asensing__type_support.cpp.o[0m
[7.803s] [35m[1mScanning dependencies of target imu_msgs__rosidl_typesupport_c[0m
[7.833s] [ 26%] [32mBuilding CXX object CMakeFiles/imu_msgs__rosidl_typesupport_introspection_cpp.dir/rosidl_typesupport_introspection_cpp/imu_msgs/msg/detail/imu__type_support.cpp.o[0m
[7.839s] [ 28%] [32mBuilding CXX object CMakeFiles/imu_msgs__rosidl_typesupport_c.dir/rosidl_typesupport_c/imu_msgs/msg/asensing__type_support.cpp.o[0m
[7.977s] [ 29%] [32mBuilding CXX object CMakeFiles/imu_msgs__rosidl_typesupport_c.dir/rosidl_typesupport_c/imu_msgs/msg/imu__type_support.cpp.o[0m
[8.091s] [ 30%] [32mBuilding CXX object CMakeFiles/imu_msgs__rosidl_typesupport_c.dir/rosidl_typesupport_c/imu_msgs/msg/gnss__type_support.cpp.o[0m
[8.180s] [35m[1mScanning dependencies of target imu_msgs__rosidl_typesupport_fastrtps_cpp[0m
[8.213s] [ 32%] [32mBuilding CXX object CMakeFiles/imu_msgs__rosidl_typesupport_c.dir/rosidl_typesupport_c/imu_msgs/msg/ag041__type_support.cpp.o[0m
[8.245s] [35m[1mScanning dependencies of target imu_msgs__rosidl_typesupport_introspection_c[0m
[8.283s] [ 33%] [32mBuilding CXX object CMakeFiles/imu_msgs__rosidl_typesupport_fastrtps_cpp.dir/rosidl_typesupport_fastrtps_cpp/imu_msgs/msg/detail/dds_fastrtps/asensing__type_support.cpp.o[0m
[8.292s] [ 35%] [32mBuilding CXX object CMakeFiles/imu_msgs__rosidl_typesupport_c.dir/rosidl_typesupport_c/imu_msgs/msg/ag051__type_support.cpp.o[0m
[8.310s] [ 36%] [32mBuilding C object CMakeFiles/imu_msgs__rosidl_typesupport_introspection_c.dir/rosidl_typesupport_introspection_c/imu_msgs/msg/detail/asensing__type_support.c.o[0m
[8.369s] [ 38%] [32mBuilding CXX object CMakeFiles/imu_msgs__rosidl_typesupport_cpp.dir/rosidl_typesupport_cpp/imu_msgs/msg/ag041__type_support.cpp.o[0m
[8.382s] [ 39%] [32mBuilding CXX object CMakeFiles/imu_msgs__rosidl_typesupport_c.dir/rosidl_typesupport_c/imu_msgs/msg/ag072__type_support.cpp.o[0m
[8.385s] [ 40%] [32mBuilding CXX object CMakeFiles/imu_msgs__rosidl_typesupport_fastrtps_cpp.dir/rosidl_typesupport_fastrtps_cpp/imu_msgs/msg/detail/dds_fastrtps/imu__type_support.cpp.o[0m
[8.392s] [ 42%] [32mBuilding CXX object CMakeFiles/imu_msgs__rosidl_typesupport_cpp.dir/rosidl_typesupport_cpp/imu_msgs/msg/ag051__type_support.cpp.o[0m
[8.412s] [ 43%] [32mBuilding C object CMakeFiles/imu_msgs__rosidl_typesupport_introspection_c.dir/rosidl_typesupport_introspection_c/imu_msgs/msg/detail/imu__type_support.c.o[0m
[8.446s] [ 45%] [32mBuilding CXX object CMakeFiles/imu_msgs__rosidl_typesupport_introspection_cpp.dir/rosidl_typesupport_introspection_cpp/imu_msgs/msg/detail/gnss__type_support.cpp.o[0m
[8.473s] [ 46%] [32m[1mLinking CXX shared library libimu_msgs__rosidl_typesupport_c.so[0m
[8.509s] [ 47%] [32mBuilding C object CMakeFiles/imu_msgs__rosidl_typesupport_introspection_c.dir/rosidl_typesupport_introspection_c/imu_msgs/msg/detail/gnss__type_support.c.o[0m
[8.573s] [ 49%] [32mBuilding CXX object CMakeFiles/imu_msgs__rosidl_typesupport_introspection_cpp.dir/rosidl_typesupport_introspection_cpp/imu_msgs/msg/detail/ag041__type_support.cpp.o[0m
[8.574s] [ 49%] Built target imu_msgs__rosidl_typesupport_c
[8.599s] [ 50%] [32mBuilding CXX object CMakeFiles/imu_msgs__rosidl_typesupport_introspection_cpp.dir/rosidl_typesupport_introspection_cpp/imu_msgs/msg/detail/ag051__type_support.cpp.o[0m
[8.663s] [ 52%] [32mBuilding C object CMakeFiles/imu_msgs__rosidl_typesupport_introspection_c.dir/rosidl_typesupport_introspection_c/imu_msgs/msg/detail/ag041__type_support.c.o[0m
[8.870s] [ 53%] [32mBuilding C object CMakeFiles/imu_msgs__rosidl_typesupport_introspection_c.dir/rosidl_typesupport_introspection_c/imu_msgs/msg/detail/ag051__type_support.c.o[0m
[9.067s] [ 54%] [32mBuilding C object CMakeFiles/imu_msgs__rosidl_typesupport_introspection_c.dir/rosidl_typesupport_introspection_c/imu_msgs/msg/detail/ag072__type_support.c.o[0m
[9.111s] [ 56%] [32mBuilding CXX object CMakeFiles/imu_msgs__rosidl_typesupport_introspection_cpp.dir/rosidl_typesupport_introspection_cpp/imu_msgs/msg/detail/ag072__type_support.cpp.o[0m
[9.143s] [ 57%] [32mBuilding CXX object CMakeFiles/imu_msgs__rosidl_typesupport_cpp.dir/rosidl_typesupport_cpp/imu_msgs/msg/ag072__type_support.cpp.o[0m
[9.153s] [ 59%] [32mBuilding CXX object CMakeFiles/imu_msgs__rosidl_typesupport_fastrtps_cpp.dir/rosidl_typesupport_fastrtps_cpp/imu_msgs/msg/detail/dds_fastrtps/gnss__type_support.cpp.o[0m
[9.156s] [ 60%] [32m[1mLinking C shared library libimu_msgs__rosidl_typesupport_introspection_c.so[0m
[9.304s] [ 63%] [32mBuilding CXX object CMakeFiles/imu_msgs__rosidl_typesupport_fastrtps_cpp.dir/rosidl_typesupport_fastrtps_cpp/imu_msgs/msg/detail/dds_fastrtps/ag041__type_support.cpp.o[0m
[9.307s] [ 63%] [32mBuilding CXX object CMakeFiles/imu_msgs__rosidl_typesupport_fastrtps_cpp.dir/rosidl_typesupport_fastrtps_cpp/imu_msgs/msg/detail/dds_fastrtps/ag051__type_support.cpp.o[0m
[9.331s] [ 63%] Built target imu_msgs__rosidl_typesupport_introspection_c
[9.357s] [ 64%] [32mBuilding CXX object CMakeFiles/imu_msgs__rosidl_typesupport_fastrtps_cpp.dir/rosidl_typesupport_fastrtps_cpp/imu_msgs/msg/detail/dds_fastrtps/ag072__type_support.cpp.o[0m
[9.833s] [ 66%] [32m[1mLinking CXX shared library libimu_msgs__rosidl_typesupport_introspection_cpp.so[0m
[9.837s] [ 67%] [32m[1mLinking CXX shared library libimu_msgs__rosidl_typesupport_cpp.so[0m
[9.934s] [ 67%] Built target imu_msgs__rosidl_typesupport_cpp
[9.999s] [ 67%] Built target imu_msgs__rosidl_typesupport_introspection_cpp
[10.335s] [ 69%] [32m[1mLinking CXX shared library libimu_msgs__rosidl_typesupport_fastrtps_cpp.so[0m
[10.520s] [ 69%] Built target imu_msgs__rosidl_typesupport_fastrtps_cpp
[10.544s] [ 70%] [34m[1mGenerating C type support for eProsima Fast-RTPS[0m
[11.992s] [35m[1mScanning dependencies of target imu_msgs__rosidl_typesupport_fastrtps_c[0m
[12.034s] [ 77%] [32mBuilding CXX object CMakeFiles/imu_msgs__rosidl_typesupport_fastrtps_c.dir/rosidl_typesupport_fastrtps_c/imu_msgs/msg/detail/gnss__type_support_c.cpp.o[0m
[12.034s] [ 77%] [32mBuilding CXX object CMakeFiles/imu_msgs__rosidl_typesupport_fastrtps_c.dir/rosidl_typesupport_fastrtps_c/imu_msgs/msg/detail/ag051__type_support_c.cpp.o[0m
[12.034s] [ 77%] [32mBuilding CXX object CMakeFiles/imu_msgs__rosidl_typesupport_fastrtps_c.dir/rosidl_typesupport_fastrtps_c/imu_msgs/msg/detail/asensing__type_support_c.cpp.o[0m
[12.034s] [ 77%] [32mBuilding CXX object CMakeFiles/imu_msgs__rosidl_typesupport_fastrtps_c.dir/rosidl_typesupport_fastrtps_c/imu_msgs/msg/detail/ag041__type_support_c.cpp.o[0m
[12.035s] [ 77%] [32mBuilding CXX object CMakeFiles/imu_msgs__rosidl_typesupport_fastrtps_c.dir/rosidl_typesupport_fastrtps_c/imu_msgs/msg/detail/imu__type_support_c.cpp.o[0m
[12.036s] [ 78%] [32mBuilding CXX object CMakeFiles/imu_msgs__rosidl_typesupport_fastrtps_c.dir/rosidl_typesupport_fastrtps_c/imu_msgs/msg/detail/ag072__type_support_c.cpp.o[0m
[12.886s] [ 80%] [32m[1mLinking CXX shared library libimu_msgs__rosidl_typesupport_fastrtps_c.so[0m
[13.067s] [ 80%] Built target imu_msgs__rosidl_typesupport_fastrtps_c
[13.090s] [35m[1mScanning dependencies of target imu_msgs[0m
[13.115s] [ 80%] Built target imu_msgs
[13.139s] [35m[1mScanning dependencies of target imu_msgs__py[0m
[13.163s] [ 81%] [34m[1mGenerating Python code for ROS interfaces[0m
[16.117s] [ 81%] Built target imu_msgs__py
[16.141s] [35m[1mScanning dependencies of target imu_msgs__python[0m
[16.198s] [ 90%] [32mBuilding C object CMakeFiles/imu_msgs__python.dir/rosidl_generator_py/imu_msgs/msg/_asensing_s.c.o[0m
[16.199s] [ 90%] [32mBuilding C object CMakeFiles/imu_msgs__python.dir/rosidl_generator_py/imu_msgs/msg/_ag051_s.c.o[0m
[16.199s] [ 90%] [32mBuilding C object CMakeFiles/imu_msgs__python.dir/rosidl_generator_py/imu_msgs/msg/_gnss_s.c.o[0m
[16.199s] [ 90%] [32mBuilding C object CMakeFiles/imu_msgs__python.dir/rosidl_generator_py/imu_msgs/msg/_ag041_s.c.o[0m
[16.199s] [ 90%] [32mBuilding C object CMakeFiles/imu_msgs__python.dir/rosidl_generator_py/imu_msgs/msg/_ag072_s.c.o[0m
[16.199s] [ 90%] [32mBuilding C object CMakeFiles/imu_msgs__python.dir/rosidl_generator_py/imu_msgs/msg/_imu_s.c.o[0m
[16.458s] [ 91%] [32m[1mLinking C shared library rosidl_generator_py/imu_msgs/libimu_msgs__python.so[0m
[16.545s] [ 91%] Built target imu_msgs__python
[16.569s] [35m[1mScanning dependencies of target imu_msgs__rosidl_typesupport_introspection_c__pyext[0m
[16.569s] [35m[1mScanning dependencies of target imu_msgs__rosidl_typesupport_c__pyext[0m
[16.569s] [35m[1mScanning dependencies of target imu_msgs__rosidl_typesupport_fastrtps_c__pyext[0m
[16.610s] [ 95%] [32mBuilding C object CMakeFiles/imu_msgs__rosidl_typesupport_introspection_c__pyext.dir/rosidl_generator_py/imu_msgs/_imu_msgs_s.ep.rosidl_typesupport_introspection_c.c.o[0m
[16.610s] [ 95%] [32mBuilding C object CMakeFiles/imu_msgs__rosidl_typesupport_c__pyext.dir/rosidl_generator_py/imu_msgs/_imu_msgs_s.ep.rosidl_typesupport_c.c.o[0m
[16.610s] [ 95%] [32mBuilding C object CMakeFiles/imu_msgs__rosidl_typesupport_fastrtps_c__pyext.dir/rosidl_generator_py/imu_msgs/_imu_msgs_s.ep.rosidl_typesupport_fastrtps_c.c.o[0m
[16.828s] [ 98%] [32m[1mLinking C shared library rosidl_generator_py/imu_msgs/imu_msgs_s__rosidl_typesupport_introspection_c.cpython-311-aarch64-linux-gnu.so[0m
[16.828s] [ 98%] [32m[1mLinking C shared library rosidl_generator_py/imu_msgs/imu_msgs_s__rosidl_typesupport_c.cpython-311-aarch64-linux-gnu.so[0m
[16.833s] [100%] [32m[1mLinking CXX shared library rosidl_generator_py/imu_msgs/imu_msgs_s__rosidl_typesupport_fastrtps_c.cpython-311-aarch64-linux-gnu.so[0m
[16.907s] [100%] Built target imu_msgs__rosidl_typesupport_c__pyext
[16.907s] [100%] Built target imu_msgs__rosidl_typesupport_introspection_c__pyext
[16.960s] [100%] Built target imu_msgs__rosidl_typesupport_fastrtps_c__pyext
[16.988s] Invoked command in '/home/nvidia/GoalPlanning/src/location/build/imu_msgs' returned '0': CMAKE_PREFIX_PATH=${CMAKE_PREFIX_PATH}:/home/nvidia/GoalPlanning/install/planning:/home/nvidia/GoalPlanning/install/cmd_car:/opt/ros/foxy CONDA_PROMPT_MODIFIER=(base) /usr/bin/cmake --build /home/nvidia/GoalPlanning/src/location/build/imu_msgs -- -j8 -l8
[17.252s] Invoking command in '/home/nvidia/GoalPlanning/src/location/build/imu_msgs': CMAKE_PREFIX_PATH=${CMAKE_PREFIX_PATH}:/home/nvidia/GoalPlanning/install/planning:/home/nvidia/GoalPlanning/install/cmd_car:/opt/ros/foxy CONDA_PROMPT_MODIFIER=(base) /usr/bin/cmake --install /home/nvidia/GoalPlanning/src/location/build/imu_msgs
[17.275s] -- Install configuration: ""
[17.275s] -- Installing: /home/nvidia/GoalPlanning/src/location/install/imu_msgs/share/ament_index/resource_index/rosidl_interfaces/imu_msgs
[17.276s] -- Installing: /home/nvidia/GoalPlanning/src/location/install/imu_msgs/include/imu_msgs
[17.276s] -- Installing: /home/nvidia/GoalPlanning/src/location/install/imu_msgs/include/imu_msgs/msg
[17.276s] -- Installing: /home/nvidia/GoalPlanning/src/location/install/imu_msgs/include/imu_msgs/msg/detail
[17.276s] -- Installing: /home/nvidia/GoalPlanning/src/location/install/imu_msgs/include/imu_msgs/msg/detail/ag041__type_support.h
[17.277s] -- Installing: /home/nvidia/GoalPlanning/src/location/install/imu_msgs/include/imu_msgs/msg/detail/ag041__struct.h
[17.277s] -- Installing: /home/nvidia/GoalPlanning/src/location/install/imu_msgs/include/imu_msgs/msg/detail/asensing__functions.h
[17.277s] -- Installing: /home/nvidia/GoalPlanning/src/location/install/imu_msgs/include/imu_msgs/msg/detail/asensing__struct.h
[17.277s] -- Installing: /home/nvidia/GoalPlanning/src/location/install/imu_msgs/include/imu_msgs/msg/detail/ag041__functions.h
[17.277s] -- Installing: /home/nvidia/GoalPlanning/src/location/install/imu_msgs/include/imu_msgs/msg/detail/asensing__functions.c
[17.278s] -- Installing: /home/nvidia/GoalPlanning/src/location/install/imu_msgs/include/imu_msgs/msg/detail/ag072__functions.h
[17.278s] -- Installing: /home/nvidia/GoalPlanning/src/location/install/imu_msgs/include/imu_msgs/msg/detail/asensing__type_support.h
[17.278s] -- Installing: /home/nvidia/GoalPlanning/src/location/install/imu_msgs/include/imu_msgs/msg/detail/ag041__functions.c
[17.278s] -- Installing: /home/nvidia/GoalPlanning/src/location/install/imu_msgs/include/imu_msgs/msg/detail/ag051__struct.h
[17.278s] -- Installing: /home/nvidia/GoalPlanning/src/location/install/imu_msgs/include/imu_msgs/msg/detail/imu__type_support.h
[17.279s] -- Installing: /home/nvidia/GoalPlanning/src/location/install/imu_msgs/include/imu_msgs/msg/detail/gnss__struct.h
[17.279s] -- Installing: /home/nvidia/GoalPlanning/src/location/install/imu_msgs/include/imu_msgs/msg/detail/ag072__functions.c
[17.279s] -- Installing: /home/nvidia/GoalPlanning/src/location/install/imu_msgs/include/imu_msgs/msg/detail/gnss__functions.h
[17.279s] -- Installing: /home/nvidia/GoalPlanning/src/location/install/imu_msgs/include/imu_msgs/msg/detail/gnss__functions.c
[17.279s] -- Installing: /home/nvidia/GoalPlanning/src/location/install/imu_msgs/include/imu_msgs/msg/detail/imu__struct.h
[17.280s] -- Installing: /home/nvidia/GoalPlanning/src/location/install/imu_msgs/include/imu_msgs/msg/detail/ag051__type_support.h
[17.280s] -- Installing: /home/nvidia/GoalPlanning/src/location/install/imu_msgs/include/imu_msgs/msg/detail/imu__functions.h
[17.280s] -- Installing: /home/nvidia/GoalPlanning/src/location/install/imu_msgs/include/imu_msgs/msg/detail/ag051__functions.h
[17.280s] -- Installing: /home/nvidia/GoalPlanning/src/location/install/imu_msgs/include/imu_msgs/msg/detail/ag072__type_support.h
[17.281s] -- Installing: /home/nvidia/GoalPlanning/src/location/install/imu_msgs/include/imu_msgs/msg/detail/ag072__struct.h
[17.281s] -- Installing: /home/nvidia/GoalPlanning/src/location/install/imu_msgs/include/imu_msgs/msg/detail/ag051__functions.c
[17.281s] -- Installing: /home/nvidia/GoalPlanning/src/location/install/imu_msgs/include/imu_msgs/msg/detail/imu__functions.c
[17.281s] -- Installing: /home/nvidia/GoalPlanning/src/location/install/imu_msgs/include/imu_msgs/msg/detail/gnss__type_support.h
[17.281s] -- Installing: /home/nvidia/GoalPlanning/src/location/install/imu_msgs/include/imu_msgs/msg/rosidl_generator_c__visibility_control.h
[17.282s] -- Installing: /home/nvidia/GoalPlanning/src/location/install/imu_msgs/include/imu_msgs/msg/ag041.h
[17.282s] -- Installing: /home/nvidia/GoalPlanning/src/location/install/imu_msgs/include/imu_msgs/msg/ag051.h
[17.282s] -- Installing: /home/nvidia/GoalPlanning/src/location/install/imu_msgs/include/imu_msgs/msg/asensing.h
[17.282s] -- Installing: /home/nvidia/GoalPlanning/src/location/install/imu_msgs/include/imu_msgs/msg/imu.h
[17.282s] -- Installing: /home/nvidia/GoalPlanning/src/location/install/imu_msgs/include/imu_msgs/msg/gnss.h
[17.283s] -- Installing: /home/nvidia/GoalPlanning/src/location/install/imu_msgs/include/imu_msgs/msg/ag072.h
[17.283s] -- Installing: /home/nvidia/GoalPlanning/src/location/install/imu_msgs/share/imu_msgs/environment/library_path.sh
[17.283s] -- Installing: /home/nvidia/GoalPlanning/src/location/install/imu_msgs/share/imu_msgs/environment/library_path.dsv
[17.284s] -- Installing: /home/nvidia/GoalPlanning/src/location/install/imu_msgs/lib/libimu_msgs__rosidl_generator_c.so
[17.285s] -- Set runtime path of "/home/nvidia/GoalPlanning/src/location/install/imu_msgs/lib/libimu_msgs__rosidl_generator_c.so" to ""
[17.285s] -- Up-to-date: /home/nvidia/GoalPlanning/src/location/install/imu_msgs/include/imu_msgs
[17.285s] -- Up-to-date: /home/nvidia/GoalPlanning/src/location/install/imu_msgs/include/imu_msgs/msg
[17.285s] -- Up-to-date: /home/nvidia/GoalPlanning/src/location/install/imu_msgs/include/imu_msgs/msg/detail
[17.285s] -- Installing: /home/nvidia/GoalPlanning/src/location/install/imu_msgs/include/imu_msgs/msg/detail/asensing__rosidl_typesupport_fastrtps_c.h
[17.285s] -- Installing: /home/nvidia/GoalPlanning/src/location/install/imu_msgs/include/imu_msgs/msg/detail/ag072__rosidl_typesupport_fastrtps_c.h
[17.286s] -- Installing: /home/nvidia/GoalPlanning/src/location/install/imu_msgs/include/imu_msgs/msg/detail/gnss__rosidl_typesupport_fastrtps_c.h
[17.286s] -- Installing: /home/nvidia/GoalPlanning/src/location/install/imu_msgs/include/imu_msgs/msg/detail/ag041__rosidl_typesupport_fastrtps_c.h
[17.286s] -- Installing: /home/nvidia/GoalPlanning/src/location/install/imu_msgs/include/imu_msgs/msg/detail/ag051__rosidl_typesupport_fastrtps_c.h
[17.286s] -- Installing: /home/nvidia/GoalPlanning/src/location/install/imu_msgs/include/imu_msgs/msg/detail/imu__rosidl_typesupport_fastrtps_c.h
[17.286s] -- Installing: /home/nvidia/GoalPlanning/src/location/install/imu_msgs/include/imu_msgs/msg/rosidl_typesupport_fastrtps_c__visibility_control.h
[17.287s] -- Installing: /home/nvidia/GoalPlanning/src/location/install/imu_msgs/lib/libimu_msgs__rosidl_typesupport_fastrtps_c.so
[17.287s] -- Set runtime path of "/home/nvidia/GoalPlanning/src/location/install/imu_msgs/lib/libimu_msgs__rosidl_typesupport_fastrtps_c.so" to ""
[17.288s] -- Up-to-date: /home/nvidia/GoalPlanning/src/location/install/imu_msgs/include/imu_msgs
[17.288s] -- Up-to-date: /home/nvidia/GoalPlanning/src/location/install/imu_msgs/include/imu_msgs/msg
[17.288s] -- Up-to-date: /home/nvidia/GoalPlanning/src/location/install/imu_msgs/include/imu_msgs/msg/detail
[17.288s] -- Installing: /home/nvidia/GoalPlanning/src/location/install/imu_msgs/include/imu_msgs/msg/detail/ag051__rosidl_typesupport_fastrtps_cpp.hpp
[17.288s] -- Installing: /home/nvidia/GoalPlanning/src/location/install/imu_msgs/include/imu_msgs/msg/detail/imu__rosidl_typesupport_fastrtps_cpp.hpp
[17.288s] -- Installing: /home/nvidia/GoalPlanning/src/location/install/imu_msgs/include/imu_msgs/msg/detail/ag041__rosidl_typesupport_fastrtps_cpp.hpp
[17.289s] -- Installing: /home/nvidia/GoalPlanning/src/location/install/imu_msgs/include/imu_msgs/msg/detail/gnss__rosidl_typesupport_fastrtps_cpp.hpp
[17.289s] -- Installing: /home/nvidia/GoalPlanning/src/location/install/imu_msgs/include/imu_msgs/msg/detail/asensing__rosidl_typesupport_fastrtps_cpp.hpp
[17.289s] -- Installing: /home/nvidia/GoalPlanning/src/location/install/imu_msgs/include/imu_msgs/msg/detail/dds_fastrtps
[17.289s] -- Installing: /home/nvidia/GoalPlanning/src/location/install/imu_msgs/include/imu_msgs/msg/detail/ag072__rosidl_typesupport_fastrtps_cpp.hpp
[17.289s] -- Installing: /home/nvidia/GoalPlanning/src/location/install/imu_msgs/include/imu_msgs/msg/rosidl_typesupport_fastrtps_cpp__visibility_control.h
[17.290s] -- Installing: /home/nvidia/GoalPlanning/src/location/install/imu_msgs/lib/libimu_msgs__rosidl_typesupport_fastrtps_cpp.so
[17.290s] -- Set runtime path of "/home/nvidia/GoalPlanning/src/location/install/imu_msgs/lib/libimu_msgs__rosidl_typesupport_fastrtps_cpp.so" to ""
[17.291s] -- Up-to-date: /home/nvidia/GoalPlanning/src/location/install/imu_msgs/include/imu_msgs
[17.291s] -- Up-to-date: /home/nvidia/GoalPlanning/src/location/install/imu_msgs/include/imu_msgs/msg
[17.291s] -- Up-to-date: /home/nvidia/GoalPlanning/src/location/install/imu_msgs/include/imu_msgs/msg/detail
[17.291s] -- Installing: /home/nvidia/GoalPlanning/src/location/install/imu_msgs/include/imu_msgs/msg/detail/ag041__rosidl_typesupport_introspection_c.h
[17.291s] -- Installing: /home/nvidia/GoalPlanning/src/location/install/imu_msgs/include/imu_msgs/msg/detail/ag072__type_support.c
[17.291s] -- Installing: /home/nvidia/GoalPlanning/src/location/install/imu_msgs/include/imu_msgs/msg/detail/gnss__type_support.c
[17.291s] -- Installing: /home/nvidia/GoalPlanning/src/location/install/imu_msgs/include/imu_msgs/msg/detail/imu__rosidl_typesupport_introspection_c.h
[17.292s] -- Installing: /home/nvidia/GoalPlanning/src/location/install/imu_msgs/include/imu_msgs/msg/detail/gnss__rosidl_typesupport_introspection_c.h
[17.292s] -- Installing: /home/nvidia/GoalPlanning/src/location/install/imu_msgs/include/imu_msgs/msg/detail/ag072__rosidl_typesupport_introspection_c.h
[17.292s] -- Installing: /home/nvidia/GoalPlanning/src/location/install/imu_msgs/include/imu_msgs/msg/detail/asensing__rosidl_typesupport_introspection_c.h
[17.292s] -- Installing: /home/nvidia/GoalPlanning/src/location/install/imu_msgs/include/imu_msgs/msg/detail/asensing__type_support.c
[17.293s] -- Installing: /home/nvidia/GoalPlanning/src/location/install/imu_msgs/include/imu_msgs/msg/detail/imu__type_support.c
[17.293s] -- Installing: /home/nvidia/GoalPlanning/src/location/install/imu_msgs/include/imu_msgs/msg/detail/ag051__rosidl_typesupport_introspection_c.h
[17.294s] -- Installing: /home/nvidia/GoalPlanning/src/location/install/imu_msgs/include/imu_msgs/msg/detail/ag051__type_support.c
[17.294s] -- Installing: /home/nvidia/GoalPlanning/src/location/install/imu_msgs/include/imu_msgs/msg/detail/ag041__type_support.c
[17.294s] -- Installing: /home/nvidia/GoalPlanning/src/location/install/imu_msgs/include/imu_msgs/msg/rosidl_typesupport_introspection_c__visibility_control.h
[17.294s] -- Installing: /home/nvidia/GoalPlanning/src/location/install/imu_msgs/lib/libimu_msgs__rosidl_typesupport_introspection_c.so
[17.295s] -- Set runtime path of "/home/nvidia/GoalPlanning/src/location/install/imu_msgs/lib/libimu_msgs__rosidl_typesupport_introspection_c.so" to ""
[17.295s] -- Installing: /home/nvidia/GoalPlanning/src/location/install/imu_msgs/lib/libimu_msgs__rosidl_typesupport_c.so
[17.296s] -- Set runtime path of "/home/nvidia/GoalPlanning/src/location/install/imu_msgs/lib/libimu_msgs__rosidl_typesupport_c.so" to ""
[17.296s] -- Up-to-date: /home/nvidia/GoalPlanning/src/location/install/imu_msgs/include/imu_msgs
[17.296s] -- Up-to-date: /home/nvidia/GoalPlanning/src/location/install/imu_msgs/include/imu_msgs/msg
[17.296s] -- Up-to-date: /home/nvidia/GoalPlanning/src/location/install/imu_msgs/include/imu_msgs/msg/detail
[17.297s] -- Installing: /home/nvidia/GoalPlanning/src/location/install/imu_msgs/include/imu_msgs/msg/detail/ag051__traits.hpp
[17.297s] -- Installing: /home/nvidia/GoalPlanning/src/location/install/imu_msgs/include/imu_msgs/msg/detail/ag051__type_support.hpp
[17.297s] -- Installing: /home/nvidia/GoalPlanning/src/location/install/imu_msgs/include/imu_msgs/msg/detail/imu__builder.hpp
[17.297s] -- Installing: /home/nvidia/GoalPlanning/src/location/install/imu_msgs/include/imu_msgs/msg/detail/asensing__struct.hpp
[17.297s] -- Installing: /home/nvidia/GoalPlanning/src/location/install/imu_msgs/include/imu_msgs/msg/detail/gnss__type_support.hpp
[17.297s] -- Installing: /home/nvidia/GoalPlanning/src/location/install/imu_msgs/include/imu_msgs/msg/detail/ag072__traits.hpp
[17.298s] -- Installing: /home/nvidia/GoalPlanning/src/location/install/imu_msgs/include/imu_msgs/msg/detail/ag072__builder.hpp
[17.298s] -- Installing: /home/nvidia/GoalPlanning/src/location/install/imu_msgs/include/imu_msgs/msg/detail/ag041__type_support.hpp
[17.298s] -- Installing: /home/nvidia/GoalPlanning/src/location/install/imu_msgs/include/imu_msgs/msg/detail/ag072__struct.hpp
[17.298s] -- Installing: /home/nvidia/GoalPlanning/src/location/install/imu_msgs/include/imu_msgs/msg/detail/asensing__builder.hpp
[17.299s] -- Installing: /home/nvidia/GoalPlanning/src/location/install/imu_msgs/include/imu_msgs/msg/detail/ag041__traits.hpp
[17.299s] -- Installing: /home/nvidia/GoalPlanning/src/location/install/imu_msgs/include/imu_msgs/msg/detail/ag072__type_support.hpp
[17.299s] -- Installing: /home/nvidia/GoalPlanning/src/location/install/imu_msgs/include/imu_msgs/msg/detail/ag051__struct.hpp
[17.299s] -- Installing: /home/nvidia/GoalPlanning/src/location/install/imu_msgs/include/imu_msgs/msg/detail/imu__type_support.hpp
[17.299s] -- Installing: /home/nvidia/GoalPlanning/src/location/install/imu_msgs/include/imu_msgs/msg/detail/asensing__type_support.hpp
[17.300s] -- Installing: /home/nvidia/GoalPlanning/src/location/install/imu_msgs/include/imu_msgs/msg/detail/imu__struct.hpp
[17.300s] -- Installing: /home/nvidia/GoalPlanning/src/location/install/imu_msgs/include/imu_msgs/msg/detail/ag041__struct.hpp
[17.300s] -- Installing: /home/nvidia/GoalPlanning/src/location/install/imu_msgs/include/imu_msgs/msg/detail/gnss__traits.hpp
[17.300s] -- Installing: /home/nvidia/GoalPlanning/src/location/install/imu_msgs/include/imu_msgs/msg/detail/imu__traits.hpp
[17.301s] -- Installing: /home/nvidia/GoalPlanning/src/location/install/imu_msgs/include/imu_msgs/msg/detail/ag041__builder.hpp
[17.301s] -- Installing: /home/nvidia/GoalPlanning/src/location/install/imu_msgs/include/imu_msgs/msg/detail/asensing__traits.hpp
[17.301s] -- Installing: /home/nvidia/GoalPlanning/src/location/install/imu_msgs/include/imu_msgs/msg/detail/ag051__builder.hpp
[17.301s] -- Installing: /home/nvidia/GoalPlanning/src/location/install/imu_msgs/include/imu_msgs/msg/detail/gnss__builder.hpp
[17.301s] -- Installing: /home/nvidia/GoalPlanning/src/location/install/imu_msgs/include/imu_msgs/msg/detail/gnss__struct.hpp
[17.302s] -- Installing: /home/nvidia/GoalPlanning/src/location/install/imu_msgs/include/imu_msgs/msg/rosidl_generator_cpp__visibility_control.hpp
[17.302s] -- Installing: /home/nvidia/GoalPlanning/src/location/install/imu_msgs/include/imu_msgs/msg/gnss.hpp
[17.302s] -- Installing: /home/nvidia/GoalPlanning/src/location/install/imu_msgs/include/imu_msgs/msg/ag041.hpp
[17.302s] -- Installing: /home/nvidia/GoalPlanning/src/location/install/imu_msgs/include/imu_msgs/msg/ag051.hpp
[17.303s] -- Installing: /home/nvidia/GoalPlanning/src/location/install/imu_msgs/include/imu_msgs/msg/imu.hpp
[17.303s] -- Installing: /home/nvidia/GoalPlanning/src/location/install/imu_msgs/include/imu_msgs/msg/ag072.hpp
[17.303s] -- Installing: /home/nvidia/GoalPlanning/src/location/install/imu_msgs/include/imu_msgs/msg/asensing.hpp
[17.303s] -- Up-to-date: /home/nvidia/GoalPlanning/src/location/install/imu_msgs/include/imu_msgs
[17.303s] -- Up-to-date: /home/nvidia/GoalPlanning/src/location/install/imu_msgs/include/imu_msgs/msg
[17.304s] -- Up-to-date: /home/nvidia/GoalPlanning/src/location/install/imu_msgs/include/imu_msgs/msg/detail
[17.304s] -- Installing: /home/nvidia/GoalPlanning/src/location/install/imu_msgs/include/imu_msgs/msg/detail/asensing__type_support.cpp
[17.304s] -- Installing: /home/nvidia/GoalPlanning/src/location/install/imu_msgs/include/imu_msgs/msg/detail/ag041__rosidl_typesupport_introspection_cpp.hpp
[17.304s] -- Installing: /home/nvidia/GoalPlanning/src/location/install/imu_msgs/include/imu_msgs/msg/detail/ag072__type_support.cpp
[17.304s] -- Installing: /home/nvidia/GoalPlanning/src/location/install/imu_msgs/include/imu_msgs/msg/detail/imu__type_support.cpp
[17.304s] -- Installing: /home/nvidia/GoalPlanning/src/location/install/imu_msgs/include/imu_msgs/msg/detail/gnss__type_support.cpp
[17.305s] -- Installing: /home/nvidia/GoalPlanning/src/location/install/imu_msgs/include/imu_msgs/msg/detail/ag051__rosidl_typesupport_introspection_cpp.hpp
[17.305s] -- Installing: /home/nvidia/GoalPlanning/src/location/install/imu_msgs/include/imu_msgs/msg/detail/ag072__rosidl_typesupport_introspection_cpp.hpp
[17.306s] -- Installing: /home/nvidia/GoalPlanning/src/location/install/imu_msgs/include/imu_msgs/msg/detail/ag051__type_support.cpp
[17.306s] -- Installing: /home/nvidia/GoalPlanning/src/location/install/imu_msgs/include/imu_msgs/msg/detail/gnss__rosidl_typesupport_introspection_cpp.hpp
[17.306s] -- Installing: /home/nvidia/GoalPlanning/src/location/install/imu_msgs/include/imu_msgs/msg/detail/imu__rosidl_typesupport_introspection_cpp.hpp
[17.306s] -- Installing: /home/nvidia/GoalPlanning/src/location/install/imu_msgs/include/imu_msgs/msg/detail/ag041__type_support.cpp
[17.306s] -- Installing: /home/nvidia/GoalPlanning/src/location/install/imu_msgs/include/imu_msgs/msg/detail/asensing__rosidl_typesupport_introspection_cpp.hpp
[17.307s] -- Installing: /home/nvidia/GoalPlanning/src/location/install/imu_msgs/lib/libimu_msgs__rosidl_typesupport_introspection_cpp.so
[17.307s] -- Set runtime path of "/home/nvidia/GoalPlanning/src/location/install/imu_msgs/lib/libimu_msgs__rosidl_typesupport_introspection_cpp.so" to ""
[17.307s] -- Installing: /home/nvidia/GoalPlanning/src/location/install/imu_msgs/lib/libimu_msgs__rosidl_typesupport_cpp.so
[17.308s] -- Set runtime path of "/home/nvidia/GoalPlanning/src/location/install/imu_msgs/lib/libimu_msgs__rosidl_typesupport_cpp.so" to ""
[17.308s] -- Installing: /home/nvidia/GoalPlanning/src/location/install/imu_msgs/share/imu_msgs/environment/pythonpath.sh
[17.308s] -- Installing: /home/nvidia/GoalPlanning/src/location/install/imu_msgs/share/imu_msgs/environment/pythonpath.dsv
[17.309s] -- Installing: /home/nvidia/GoalPlanning/src/location/install/imu_msgs/lib/python3.11/site-packages/imu_msgs/__init__.py
[17.398s] Compiling '/home/nvidia/GoalPlanning/src/location/install/imu_msgs/lib/python3.11/site-packages/imu_msgs/__init__.py'...
[17.414s] -- Installing: /home/nvidia/GoalPlanning/src/location/install/imu_msgs/lib/python3.11/site-packages/imu_msgs/msg
[17.414s] -- Installing: /home/nvidia/GoalPlanning/src/location/install/imu_msgs/lib/python3.11/site-packages/imu_msgs/msg/_gnss_s.c
[17.415s] -- Installing: /home/nvidia/GoalPlanning/src/location/install/imu_msgs/lib/python3.11/site-packages/imu_msgs/msg/_ag051.py
[17.415s] -- Installing: /home/nvidia/GoalPlanning/src/location/install/imu_msgs/lib/python3.11/site-packages/imu_msgs/msg/_ag072.py
[17.415s] -- Installing: /home/nvidia/GoalPlanning/src/location/install/imu_msgs/lib/python3.11/site-packages/imu_msgs/msg/_ag041.py
[17.416s] -- Installing: /home/nvidia/GoalPlanning/src/location/install/imu_msgs/lib/python3.11/site-packages/imu_msgs/msg/__init__.py
[17.416s] -- Installing: /home/nvidia/GoalPlanning/src/location/install/imu_msgs/lib/python3.11/site-packages/imu_msgs/msg/_ag051_s.c
[17.417s] -- Installing: /home/nvidia/GoalPlanning/src/location/install/imu_msgs/lib/python3.11/site-packages/imu_msgs/msg/_ag072_s.c
[17.417s] -- Installing: /home/nvidia/GoalPlanning/src/location/install/imu_msgs/lib/python3.11/site-packages/imu_msgs/msg/_ag041_s.c
[17.417s] -- Installing: /home/nvidia/GoalPlanning/src/location/install/imu_msgs/lib/python3.11/site-packages/imu_msgs/msg/_gnss.py
[17.418s] -- Installing: /home/nvidia/GoalPlanning/src/location/install/imu_msgs/lib/python3.11/site-packages/imu_msgs/msg/_asensing.py
[17.418s] -- Installing: /home/nvidia/GoalPlanning/src/location/install/imu_msgs/lib/python3.11/site-packages/imu_msgs/msg/_asensing_s.c
[17.418s] -- Installing: /home/nvidia/GoalPlanning/src/location/install/imu_msgs/lib/python3.11/site-packages/imu_msgs/msg/_imu_s.c
[17.419s] -- Installing: /home/nvidia/GoalPlanning/src/location/install/imu_msgs/lib/python3.11/site-packages/imu_msgs/msg/_imu.py
[17.419s] -- Installing: /home/nvidia/GoalPlanning/src/location/install/imu_msgs/lib/python3.11/site-packages/imu_msgs/imu_msgs_s__rosidl_typesupport_fastrtps_c.cpython-311-aarch64-linux-gnu.so
[17.419s] -- Set runtime path of "/home/nvidia/GoalPlanning/src/location/install/imu_msgs/lib/python3.11/site-packages/imu_msgs/imu_msgs_s__rosidl_typesupport_fastrtps_c.cpython-311-aarch64-linux-gnu.so" to ""
[17.419s] -- Installing: /home/nvidia/GoalPlanning/src/location/install/imu_msgs/lib/python3.11/site-packages/imu_msgs/imu_msgs_s__rosidl_typesupport_introspection_c.cpython-311-aarch64-linux-gnu.so
[17.420s] -- Set runtime path of "/home/nvidia/GoalPlanning/src/location/install/imu_msgs/lib/python3.11/site-packages/imu_msgs/imu_msgs_s__rosidl_typesupport_introspection_c.cpython-311-aarch64-linux-gnu.so" to ""
[17.420s] -- Installing: /home/nvidia/GoalPlanning/src/location/install/imu_msgs/lib/python3.11/site-packages/imu_msgs/imu_msgs_s__rosidl_typesupport_c.cpython-311-aarch64-linux-gnu.so
[17.421s] -- Set runtime path of "/home/nvidia/GoalPlanning/src/location/install/imu_msgs/lib/python3.11/site-packages/imu_msgs/imu_msgs_s__rosidl_typesupport_c.cpython-311-aarch64-linux-gnu.so" to ""
[17.422s] -- Installing: /home/nvidia/GoalPlanning/src/location/install/imu_msgs/lib/libimu_msgs__python.so
[17.422s] -- Set runtime path of "/home/nvidia/GoalPlanning/src/location/install/imu_msgs/lib/libimu_msgs__python.so" to ""
[17.422s] -- Installing: /home/nvidia/GoalPlanning/src/location/install/imu_msgs/share/imu_msgs/msg/ASENSING.idl
[17.423s] -- Installing: /home/nvidia/GoalPlanning/src/location/install/imu_msgs/share/imu_msgs/msg/Imu.idl
[17.423s] -- Installing: /home/nvidia/GoalPlanning/src/location/install/imu_msgs/share/imu_msgs/msg/Gnss.idl
[17.423s] -- Installing: /home/nvidia/GoalPlanning/src/location/install/imu_msgs/share/imu_msgs/msg/AG041.idl
[17.424s] -- Installing: /home/nvidia/GoalPlanning/src/location/install/imu_msgs/share/imu_msgs/msg/AG051.idl
[17.424s] -- Installing: /home/nvidia/GoalPlanning/src/location/install/imu_msgs/share/imu_msgs/msg/AG072.idl
[17.424s] -- Installing: /home/nvidia/GoalPlanning/src/location/install/imu_msgs/share/imu_msgs/msg/ASENSING.msg
[17.425s] -- Installing: /home/nvidia/GoalPlanning/src/location/install/imu_msgs/share/imu_msgs/msg/Imu.msg
[17.425s] -- Installing: /home/nvidia/GoalPlanning/src/location/install/imu_msgs/share/imu_msgs/msg/Gnss.msg
[17.425s] -- Installing: /home/nvidia/GoalPlanning/src/location/install/imu_msgs/share/imu_msgs/msg/AG041.msg
[17.425s] -- Installing: /home/nvidia/GoalPlanning/src/location/install/imu_msgs/share/imu_msgs/msg/AG051.msg
[17.426s] -- Installing: /home/nvidia/GoalPlanning/src/location/install/imu_msgs/share/imu_msgs/msg/AG072.msg
[17.426s] -- Installing: /home/nvidia/GoalPlanning/src/location/install/imu_msgs/share/ament_index/resource_index/package_run_dependencies/imu_msgs
[17.426s] -- Installing: /home/nvidia/GoalPlanning/src/location/install/imu_msgs/share/ament_index/resource_index/parent_prefix_path/imu_msgs
[17.427s] -- Installing: /home/nvidia/GoalPlanning/src/location/install/imu_msgs/share/imu_msgs/environment/ament_prefix_path.sh
[17.427s] -- Installing: /home/nvidia/GoalPlanning/src/location/install/imu_msgs/share/imu_msgs/environment/ament_prefix_path.dsv
[17.427s] -- Installing: /home/nvidia/GoalPlanning/src/location/install/imu_msgs/share/imu_msgs/environment/path.sh
[17.428s] -- Installing: /home/nvidia/GoalPlanning/src/location/install/imu_msgs/share/imu_msgs/environment/path.dsv
[17.428s] -- Installing: /home/nvidia/GoalPlanning/src/location/install/imu_msgs/share/imu_msgs/local_setup.bash
[17.428s] -- Installing: /home/nvidia/GoalPlanning/src/location/install/imu_msgs/share/imu_msgs/local_setup.sh
[17.429s] -- Installing: /home/nvidia/GoalPlanning/src/location/install/imu_msgs/share/imu_msgs/local_setup.zsh
[17.429s] -- Installing: /home/nvidia/GoalPlanning/src/location/install/imu_msgs/share/imu_msgs/local_setup.dsv
[17.429s] -- Installing: /home/nvidia/GoalPlanning/src/location/install/imu_msgs/share/imu_msgs/package.dsv
[17.429s] -- Installing: /home/nvidia/GoalPlanning/src/location/install/imu_msgs/share/ament_index/resource_index/packages/imu_msgs
[17.430s] -- Installing: /home/nvidia/GoalPlanning/src/location/install/imu_msgs/share/imu_msgs/cmake/imu_msgs__rosidl_generator_cExport.cmake
[17.430s] -- Installing: /home/nvidia/GoalPlanning/src/location/install/imu_msgs/share/imu_msgs/cmake/imu_msgs__rosidl_generator_cExport-noconfig.cmake
[17.431s] -- Installing: /home/nvidia/GoalPlanning/src/location/install/imu_msgs/share/imu_msgs/cmake/imu_msgs__rosidl_typesupport_introspection_cExport.cmake
[17.431s] -- Installing: /home/nvidia/GoalPlanning/src/location/install/imu_msgs/share/imu_msgs/cmake/imu_msgs__rosidl_typesupport_introspection_cExport-noconfig.cmake
[17.431s] -- Installing: /home/nvidia/GoalPlanning/src/location/install/imu_msgs/share/imu_msgs/cmake/imu_msgs__rosidl_typesupport_cExport.cmake
[17.432s] -- Installing: /home/nvidia/GoalPlanning/src/location/install/imu_msgs/share/imu_msgs/cmake/imu_msgs__rosidl_typesupport_cExport-noconfig.cmake
[17.432s] -- Installing: /home/nvidia/GoalPlanning/src/location/install/imu_msgs/share/imu_msgs/cmake/imu_msgs__rosidl_generator_cppExport.cmake
[17.432s] -- Installing: /home/nvidia/GoalPlanning/src/location/install/imu_msgs/share/imu_msgs/cmake/imu_msgs__rosidl_typesupport_introspection_cppExport.cmake
[17.433s] -- Installing: /home/nvidia/GoalPlanning/src/location/install/imu_msgs/share/imu_msgs/cmake/imu_msgs__rosidl_typesupport_introspection_cppExport-noconfig.cmake
[17.433s] -- Installing: /home/nvidia/GoalPlanning/src/location/install/imu_msgs/share/imu_msgs/cmake/imu_msgs__rosidl_typesupport_cppExport.cmake
[17.433s] -- Installing: /home/nvidia/GoalPlanning/src/location/install/imu_msgs/share/imu_msgs/cmake/imu_msgs__rosidl_typesupport_cppExport-noconfig.cmake
[17.434s] -- Installing: /home/nvidia/GoalPlanning/src/location/install/imu_msgs/share/imu_msgs/cmake/rosidl_cmake-extras.cmake
[17.434s] -- Installing: /home/nvidia/GoalPlanning/src/location/install/imu_msgs/share/imu_msgs/cmake/ament_cmake_export_dependencies-extras.cmake
[17.434s] -- Installing: /home/nvidia/GoalPlanning/src/location/install/imu_msgs/share/imu_msgs/cmake/ament_cmake_export_libraries-extras.cmake
[17.435s] -- Installing: /home/nvidia/GoalPlanning/src/location/install/imu_msgs/share/imu_msgs/cmake/ament_cmake_export_targets-extras.cmake
[17.435s] -- Installing: /home/nvidia/GoalPlanning/src/location/install/imu_msgs/share/imu_msgs/cmake/ament_cmake_export_include_directories-extras.cmake
[17.435s] -- Installing: /home/nvidia/GoalPlanning/src/location/install/imu_msgs/share/imu_msgs/cmake/rosidl_cmake_export_typesupport_libraries-extras.cmake
[17.436s] -- Installing: /home/nvidia/GoalPlanning/src/location/install/imu_msgs/share/imu_msgs/cmake/rosidl_cmake_export_typesupport_targets-extras.cmake
[17.436s] -- Installing: /home/nvidia/GoalPlanning/src/location/install/imu_msgs/share/imu_msgs/cmake/imu_msgsConfig.cmake
[17.436s] -- Installing: /home/nvidia/GoalPlanning/src/location/install/imu_msgs/share/imu_msgs/cmake/imu_msgsConfig-version.cmake
[17.436s] -- Installing: /home/nvidia/GoalPlanning/src/location/install/imu_msgs/share/imu_msgs/package.xml
[17.443s] Invoked command in '/home/nvidia/GoalPlanning/src/location/build/imu_msgs' returned '0': CMAKE_PREFIX_PATH=${CMAKE_PREFIX_PATH}:/home/nvidia/GoalPlanning/install/planning:/home/nvidia/GoalPlanning/install/cmd_car:/opt/ros/foxy CONDA_PROMPT_MODIFIER=(base) /usr/bin/cmake --install /home/nvidia/GoalPlanning/src/location/build/imu_msgs
