[0.038s] Invoking command in '/home/nvidia/GoalPlanning/src/location/build/serial': CMAKE_PREFIX_PATH=${CMAKE_PREFIX_PATH}:/home/nvidia/GoalPlanning/install/planning:/home/nvidia/GoalPlanning/install/cmd_car:/opt/ros/foxy /usr/bin/cmake --build /home/nvidia/GoalPlanning/src/location/build/serial -- -j8 -l8
[0.153s] [100%] Built target serial
[0.182s] Invoked command in '/home/nvidia/GoalPlanning/src/location/build/serial' returned '0': CMAKE_PREFIX_PATH=${CMAKE_PREFIX_PATH}:/home/nvidia/GoalPlanning/install/planning:/home/nvidia/GoalPlanning/install/cmd_car:/opt/ros/foxy /usr/bin/cmake --build /home/nvidia/GoalPlanning/src/location/build/serial -- -j8 -l8
[0.273s] Invoking command in '/home/nvidia/GoalPlanning/src/location/build/serial': CMAKE_PREFIX_PATH=${CMAKE_PREFIX_PATH}:/home/nvidia/GoalPlanning/install/planning:/home/nvidia/GoalPlanning/install/cmd_car:/opt/ros/foxy /usr/bin/cmake --install /home/nvidia/GoalPlanning/src/location/build/serial
[0.294s] -- Install configuration: ""
[0.295s] -- Up-to-date: /home/nvidia/GoalPlanning/src/location/install/serial/share/serial/environment/library_path.sh
[0.295s] -- Up-to-date: /home/nvidia/GoalPlanning/src/location/install/serial/share/serial/environment/library_path.dsv
[0.295s] -- Up-to-date: /home/nvidia/GoalPlanning/src/location/install/serial/lib/libserial.so
[0.295s] -- Up-to-date: /home/nvidia/GoalPlanning/src/location/install/serial/include/serial/serial.h
[0.296s] -- Up-to-date: /home/nvidia/GoalPlanning/src/location/install/serial/include/serial/v8stdint.h
[0.296s] -- Up-to-date: /home/nvidia/GoalPlanning/src/location/install/serial/share/ament_index/resource_index/package_run_dependencies/serial
[0.296s] -- Up-to-date: /home/nvidia/GoalPlanning/src/location/install/serial/share/ament_index/resource_index/parent_prefix_path/serial
[0.296s] -- Up-to-date: /home/nvidia/GoalPlanning/src/location/install/serial/share/serial/environment/ament_prefix_path.sh
[0.296s] -- Up-to-date: /home/nvidia/GoalPlanning/src/location/install/serial/share/serial/environment/ament_prefix_path.dsv
[0.296s] -- Up-to-date: /home/nvidia/GoalPlanning/src/location/install/serial/share/serial/environment/path.sh
[0.297s] -- Up-to-date: /home/nvidia/GoalPlanning/src/location/install/serial/share/serial/environment/path.dsv
[0.297s] -- Up-to-date: /home/nvidia/GoalPlanning/src/location/install/serial/share/serial/local_setup.bash
[0.297s] -- Up-to-date: /home/nvidia/GoalPlanning/src/location/install/serial/share/serial/local_setup.sh
[0.297s] -- Up-to-date: /home/nvidia/GoalPlanning/src/location/install/serial/share/serial/local_setup.zsh
[0.297s] -- Up-to-date: /home/nvidia/GoalPlanning/src/location/install/serial/share/serial/local_setup.dsv
[0.297s] -- Installing: /home/nvidia/GoalPlanning/src/location/install/serial/share/serial/package.dsv
[0.297s] -- Up-to-date: /home/nvidia/GoalPlanning/src/location/install/serial/share/ament_index/resource_index/packages/serial
[0.298s] -- Up-to-date: /home/nvidia/GoalPlanning/src/location/install/serial/share/serial/cmake/ament_cmake_export_include_directories-extras.cmake
[0.298s] -- Up-to-date: /home/nvidia/GoalPlanning/src/location/install/serial/share/serial/cmake/ament_cmake_export_libraries-extras.cmake
[0.298s] -- Up-to-date: /home/nvidia/GoalPlanning/src/location/install/serial/share/serial/cmake/serialConfig.cmake
[0.298s] -- Up-to-date: /home/nvidia/GoalPlanning/src/location/install/serial/share/serial/cmake/serialConfig-version.cmake
[0.298s] -- Up-to-date: /home/nvidia/GoalPlanning/src/location/install/serial/share/serial/package.xml
[0.302s] Invoked command in '/home/nvidia/GoalPlanning/src/location/build/serial' returned '0': CMAKE_PREFIX_PATH=${CMAKE_PREFIX_PATH}:/home/nvidia/GoalPlanning/install/planning:/home/nvidia/GoalPlanning/install/cmd_car:/opt/ros/foxy /usr/bin/cmake --install /home/nvidia/GoalPlanning/src/location/build/serial
