[0.474s] DEBUG:colcon:Command line arguments: ['/usr/bin/colcon', 'build']
[0.474s] DEBUG:colcon:Parsed command line arguments: Namespace(allow_overriding=[], ament_cmake_args=None, base_paths=['.'], build_base='build', catkin_cmake_args=None, catkin_skip_building_tests=False, cmake_args=None, cmake_clean_cache=False, cmake_clean_first=False, cmake_force_configure=False, cmake_target=None, cmake_target_skip_unavailable=False, continue_on_error=False, event_handlers=None, executor='parallel', ignore_user_meta=False, install_base='install', log_base=None, log_level=None, main=<bound method BuildVerb.main of <colcon_core.verb.build.BuildVerb object at 0xffffad8812b0>>, merge_install=False, metas=['./colcon.meta'], mixin=None, mixin_files=None, mixin_verb=('build',), packages_above=None, packages_above_and_dependencies=None, packages_above_depth=None, packages_end=None, packages_ignore=None, packages_ignore_regex=None, packages_select=None, packages_select_build_failed=False, packages_select_by_dep=None, packages_select_regex=None, packages_select_test_failures=False, packages_skip=None, packages_skip_build_finished=False, packages_skip_by_dep=None, packages_skip_regex=None, packages_skip_test_passed=False, packages_skip_up_to=None, packages_start=None, packages_up_to=None, packages_up_to_regex=None, parallel_workers=8, paths=None, symlink_install=False, test_result_base=None, verb_extension=<colcon_core.verb.build.BuildVerb object at 0xffffad8812b0>, verb_name='build', verb_parser=<colcon_mixin.mixin.mixin_argument.MixinArgumentDecorator object at 0xffffad881c40>)
[0.919s] Level 1:colcon.colcon_core.package_discovery:discover_packages(colcon_meta) check parameters
[0.920s] Level 1:colcon.colcon_core.package_discovery:discover_packages(recursive) check parameters
[0.920s] Level 1:colcon.colcon_core.package_discovery:discover_packages(ignore) check parameters
[0.920s] Level 1:colcon.colcon_core.package_discovery:discover_packages(path) check parameters
[0.920s] Level 1:colcon.colcon_core.package_discovery:discover_packages(colcon_meta) discover
[0.920s] Level 1:colcon.colcon_core.package_discovery:discover_packages(recursive) discover
[0.920s] INFO:colcon.colcon_core.package_discovery:Crawling recursively for packages in '/home/nvidia/GoalPlanning/src/location'
[0.920s] Level 1:colcon.colcon_core.package_identification:_identify(.) by extensions ['ignore', 'ignore_ament_install']
[0.921s] Level 1:colcon.colcon_core.package_identification:_identify(.) by extension 'ignore'
[0.921s] Level 1:colcon.colcon_core.package_identification:_identify(.) by extension 'ignore_ament_install'
[0.921s] Level 1:colcon.colcon_core.package_identification:_identify(.) by extensions ['colcon_pkg']
[0.921s] Level 1:colcon.colcon_core.package_identification:_identify(.) by extension 'colcon_pkg'
[0.921s] Level 1:colcon.colcon_core.package_identification:_identify(.) by extensions ['colcon_meta']
[0.921s] Level 1:colcon.colcon_core.package_identification:_identify(.) by extension 'colcon_meta'
[0.921s] Level 1:colcon.colcon_core.package_identification:_identify(.) by extensions ['ros']
[0.922s] Level 1:colcon.colcon_core.package_identification:_identify(.) by extension 'ros'
[0.945s] Level 1:colcon.colcon_core.package_identification:_identify(.) by extensions ['cmake', 'python']
[0.945s] Level 1:colcon.colcon_core.package_identification:_identify(.) by extension 'cmake'
[0.945s] Level 1:colcon.colcon_core.package_identification:_identify(.) by extension 'python'
[0.945s] Level 1:colcon.colcon_core.package_identification:_identify(.) by extensions ['python_setup_py']
[0.945s] Level 1:colcon.colcon_core.package_identification:_identify(.) by extension 'python_setup_py'
[0.946s] Level 1:colcon.colcon_core.package_identification:_identify(build) by extensions ['ignore', 'ignore_ament_install']
[0.946s] Level 1:colcon.colcon_core.package_identification:_identify(build) by extension 'ignore'
[0.946s] Level 1:colcon.colcon_core.package_identification:_identify(build) ignored
[0.946s] Level 1:colcon.colcon_core.package_identification:_identify(include) by extensions ['ignore', 'ignore_ament_install']
[0.946s] Level 1:colcon.colcon_core.package_identification:_identify(include) by extension 'ignore'
[0.947s] Level 1:colcon.colcon_core.package_identification:_identify(include) by extension 'ignore_ament_install'
[0.947s] Level 1:colcon.colcon_core.package_identification:_identify(include) by extensions ['colcon_pkg']
[0.947s] Level 1:colcon.colcon_core.package_identification:_identify(include) by extension 'colcon_pkg'
[0.947s] Level 1:colcon.colcon_core.package_identification:_identify(include) by extensions ['colcon_meta']
[0.947s] Level 1:colcon.colcon_core.package_identification:_identify(include) by extension 'colcon_meta'
[0.947s] Level 1:colcon.colcon_core.package_identification:_identify(include) by extensions ['ros']
[0.947s] Level 1:colcon.colcon_core.package_identification:_identify(include) by extension 'ros'
[0.947s] Level 1:colcon.colcon_core.package_identification:_identify(include) by extensions ['cmake', 'python']
[0.947s] Level 1:colcon.colcon_core.package_identification:_identify(include) by extension 'cmake'
[0.947s] Level 1:colcon.colcon_core.package_identification:_identify(include) by extension 'python'
[0.948s] Level 1:colcon.colcon_core.package_identification:_identify(include) by extensions ['python_setup_py']
[0.948s] Level 1:colcon.colcon_core.package_identification:_identify(include) by extension 'python_setup_py'
[0.948s] Level 1:colcon.colcon_core.package_identification:_identify(include/location) by extensions ['ignore', 'ignore_ament_install']
[0.948s] Level 1:colcon.colcon_core.package_identification:_identify(include/location) by extension 'ignore'
[0.948s] Level 1:colcon.colcon_core.package_identification:_identify(include/location) by extension 'ignore_ament_install'
[0.948s] Level 1:colcon.colcon_core.package_identification:_identify(include/location) by extensions ['colcon_pkg']
[0.948s] Level 1:colcon.colcon_core.package_identification:_identify(include/location) by extension 'colcon_pkg'
[0.948s] Level 1:colcon.colcon_core.package_identification:_identify(include/location) by extensions ['colcon_meta']
[0.948s] Level 1:colcon.colcon_core.package_identification:_identify(include/location) by extension 'colcon_meta'
[0.949s] Level 1:colcon.colcon_core.package_identification:_identify(include/location) by extensions ['ros']
[0.949s] Level 1:colcon.colcon_core.package_identification:_identify(include/location) by extension 'ros'
[0.949s] Level 1:colcon.colcon_core.package_identification:_identify(include/location) by extensions ['cmake', 'python']
[0.949s] Level 1:colcon.colcon_core.package_identification:_identify(include/location) by extension 'cmake'
[0.949s] Level 1:colcon.colcon_core.package_identification:_identify(include/location) by extension 'python'
[0.949s] Level 1:colcon.colcon_core.package_identification:_identify(include/location) by extensions ['python_setup_py']
[0.949s] Level 1:colcon.colcon_core.package_identification:_identify(include/location) by extension 'python_setup_py'
[0.949s] Level 1:colcon.colcon_core.package_identification:_identify(install) by extensions ['ignore', 'ignore_ament_install']
[0.950s] Level 1:colcon.colcon_core.package_identification:_identify(install) by extension 'ignore'
[0.950s] Level 1:colcon.colcon_core.package_identification:_identify(install) ignored
[0.950s] Level 1:colcon.colcon_core.package_identification:_identify(log) by extensions ['ignore', 'ignore_ament_install']
[0.950s] Level 1:colcon.colcon_core.package_identification:_identify(log) by extension 'ignore'
[0.950s] Level 1:colcon.colcon_core.package_identification:_identify(log) ignored
[0.950s] Level 1:colcon.colcon_core.package_identification:_identify(src) by extensions ['ignore', 'ignore_ament_install']
[0.950s] Level 1:colcon.colcon_core.package_identification:_identify(src) by extension 'ignore'
[0.951s] Level 1:colcon.colcon_core.package_identification:_identify(src) by extension 'ignore_ament_install'
[0.951s] Level 1:colcon.colcon_core.package_identification:_identify(src) by extensions ['colcon_pkg']
[0.951s] Level 1:colcon.colcon_core.package_identification:_identify(src) by extension 'colcon_pkg'
[0.951s] Level 1:colcon.colcon_core.package_identification:_identify(src) by extensions ['colcon_meta']
[0.951s] Level 1:colcon.colcon_core.package_identification:_identify(src) by extension 'colcon_meta'
[0.951s] Level 1:colcon.colcon_core.package_identification:_identify(src) by extensions ['ros']
[0.951s] Level 1:colcon.colcon_core.package_identification:_identify(src) by extension 'ros'
[0.951s] Level 1:colcon.colcon_core.package_identification:_identify(src) by extensions ['cmake', 'python']
[0.951s] Level 1:colcon.colcon_core.package_identification:_identify(src) by extension 'cmake'
[0.951s] Level 1:colcon.colcon_core.package_identification:_identify(src) by extension 'python'
[0.952s] Level 1:colcon.colcon_core.package_identification:_identify(src) by extensions ['python_setup_py']
[0.952s] Level 1:colcon.colcon_core.package_identification:_identify(src) by extension 'python_setup_py'
[0.952s] Level 1:colcon.colcon_core.package_identification:_identify(src/imu_msgs) by extensions ['ignore', 'ignore_ament_install']
[0.952s] Level 1:colcon.colcon_core.package_identification:_identify(src/imu_msgs) by extension 'ignore'
[0.952s] Level 1:colcon.colcon_core.package_identification:_identify(src/imu_msgs) by extension 'ignore_ament_install'
[0.952s] Level 1:colcon.colcon_core.package_identification:_identify(src/imu_msgs) by extensions ['colcon_pkg']
[0.952s] Level 1:colcon.colcon_core.package_identification:_identify(src/imu_msgs) by extension 'colcon_pkg'
[0.952s] Level 1:colcon.colcon_core.package_identification:_identify(src/imu_msgs) by extensions ['colcon_meta']
[0.952s] Level 1:colcon.colcon_core.package_identification:_identify(src/imu_msgs) by extension 'colcon_meta'
[0.953s] Level 1:colcon.colcon_core.package_identification:_identify(src/imu_msgs) by extensions ['ros']
[0.953s] Level 1:colcon.colcon_core.package_identification:_identify(src/imu_msgs) by extension 'ros'
[0.958s] DEBUG:colcon.colcon_core.package_identification:Package 'src/imu_msgs' with type 'ros.ament_cmake' and name 'imu_msgs'
[0.958s] Level 1:colcon.colcon_core.package_identification:_identify(src/imu_node) by extensions ['ignore', 'ignore_ament_install']
[0.959s] Level 1:colcon.colcon_core.package_identification:_identify(src/imu_node) by extension 'ignore'
[0.959s] Level 1:colcon.colcon_core.package_identification:_identify(src/imu_node) by extension 'ignore_ament_install'
[0.959s] Level 1:colcon.colcon_core.package_identification:_identify(src/imu_node) by extensions ['colcon_pkg']
[0.959s] Level 1:colcon.colcon_core.package_identification:_identify(src/imu_node) by extension 'colcon_pkg'
[0.959s] Level 1:colcon.colcon_core.package_identification:_identify(src/imu_node) by extensions ['colcon_meta']
[0.959s] Level 1:colcon.colcon_core.package_identification:_identify(src/imu_node) by extension 'colcon_meta'
[0.959s] Level 1:colcon.colcon_core.package_identification:_identify(src/imu_node) by extensions ['ros']
[0.959s] Level 1:colcon.colcon_core.package_identification:_identify(src/imu_node) by extension 'ros'
[0.961s] DEBUG:colcon.colcon_core.package_identification:Package 'src/imu_node' with type 'ros.ament_cmake' and name 'imu_node'
[0.961s] Level 1:colcon.colcon_core.package_identification:_identify(src/location) by extensions ['ignore', 'ignore_ament_install']
[0.961s] Level 1:colcon.colcon_core.package_identification:_identify(src/location) by extension 'ignore'
[0.961s] Level 1:colcon.colcon_core.package_identification:_identify(src/location) by extension 'ignore_ament_install'
[0.962s] Level 1:colcon.colcon_core.package_identification:_identify(src/location) by extensions ['colcon_pkg']
[0.962s] Level 1:colcon.colcon_core.package_identification:_identify(src/location) by extension 'colcon_pkg'
[0.962s] Level 1:colcon.colcon_core.package_identification:_identify(src/location) by extensions ['colcon_meta']
[0.962s] Level 1:colcon.colcon_core.package_identification:_identify(src/location) by extension 'colcon_meta'
[0.962s] Level 1:colcon.colcon_core.package_identification:_identify(src/location) by extensions ['ros']
[0.962s] Level 1:colcon.colcon_core.package_identification:_identify(src/location) by extension 'ros'
[0.963s] DEBUG:colcon.colcon_core.package_identification:Package 'src/location' with type 'ros.ament_cmake' and name 'location'
[0.963s] Level 1:colcon.colcon_core.package_identification:_identify(src/serial) by extensions ['ignore', 'ignore_ament_install']
[0.964s] Level 1:colcon.colcon_core.package_identification:_identify(src/serial) by extension 'ignore'
[0.964s] Level 1:colcon.colcon_core.package_identification:_identify(src/serial) by extension 'ignore_ament_install'
[0.964s] Level 1:colcon.colcon_core.package_identification:_identify(src/serial) by extensions ['colcon_pkg']
[0.964s] Level 1:colcon.colcon_core.package_identification:_identify(src/serial) by extension 'colcon_pkg'
[0.964s] Level 1:colcon.colcon_core.package_identification:_identify(src/serial) by extensions ['colcon_meta']
[0.964s] Level 1:colcon.colcon_core.package_identification:_identify(src/serial) by extension 'colcon_meta'
[0.964s] Level 1:colcon.colcon_core.package_identification:_identify(src/serial) by extensions ['ros']
[0.964s] Level 1:colcon.colcon_core.package_identification:_identify(src/serial) by extension 'ros'
[0.965s] DEBUG:colcon.colcon_core.package_identification:Package 'src/serial' with type 'ros.ament_cmake' and name 'serial'
[0.965s] Level 1:colcon.colcon_core.package_discovery:discover_packages(recursive) using defaults
[0.966s] Level 1:colcon.colcon_core.package_discovery:discover_packages(ignore) discover
[0.966s] Level 1:colcon.colcon_core.package_discovery:discover_packages(ignore) using defaults
[0.966s] Level 1:colcon.colcon_core.package_discovery:discover_packages(path) discover
[0.966s] Level 1:colcon.colcon_core.package_discovery:discover_packages(path) using defaults
[1.010s] Level 1:colcon.colcon_core.package_discovery:discover_packages(prefix_path) check parameters
[1.010s] Level 1:colcon.colcon_core.package_discovery:discover_packages(prefix_path) discover
[1.015s] DEBUG:colcon.colcon_installed_package_information.package_discovery:Found 4 installed packages in /home/nvidia/GoalPlanning/src/location/install
[1.017s] DEBUG:colcon.colcon_installed_package_information.package_discovery:Found 10 installed packages in /home/nvidia/GoalPlanning/install
[1.020s] DEBUG:colcon.colcon_installed_package_information.package_discovery:Found 367 installed packages in /opt/ros/foxy
[1.024s] Level 1:colcon.colcon_core.package_discovery:discover_packages(prefix_path) using defaults
[1.174s] Level 5:colcon.colcon_core.verb:set package 'imu_msgs' build argument 'cmake_args' from command line to 'None'
[1.174s] Level 5:colcon.colcon_core.verb:set package 'imu_msgs' build argument 'cmake_target' from command line to 'None'
[1.175s] Level 5:colcon.colcon_core.verb:set package 'imu_msgs' build argument 'cmake_target_skip_unavailable' from command line to 'False'
[1.175s] Level 5:colcon.colcon_core.verb:set package 'imu_msgs' build argument 'cmake_clean_cache' from command line to 'False'
[1.175s] Level 5:colcon.colcon_core.verb:set package 'imu_msgs' build argument 'cmake_clean_first' from command line to 'False'
[1.175s] Level 5:colcon.colcon_core.verb:set package 'imu_msgs' build argument 'cmake_force_configure' from command line to 'False'
[1.175s] Level 5:colcon.colcon_core.verb:set package 'imu_msgs' build argument 'ament_cmake_args' from command line to 'None'
[1.175s] Level 5:colcon.colcon_core.verb:set package 'imu_msgs' build argument 'catkin_cmake_args' from command line to 'None'
[1.175s] Level 5:colcon.colcon_core.verb:set package 'imu_msgs' build argument 'catkin_skip_building_tests' from command line to 'False'
[1.175s] DEBUG:colcon.colcon_core.verb:Building package 'imu_msgs' with the following arguments: {'ament_cmake_args': None, 'build_base': '/home/nvidia/GoalPlanning/src/location/build/imu_msgs', 'catkin_cmake_args': None, 'catkin_skip_building_tests': False, 'cmake_args': None, 'cmake_clean_cache': False, 'cmake_clean_first': False, 'cmake_force_configure': False, 'cmake_target': None, 'cmake_target_skip_unavailable': False, 'install_base': '/home/nvidia/GoalPlanning/src/location/install/imu_msgs', 'merge_install': False, 'path': '/home/nvidia/GoalPlanning/src/location/src/imu_msgs', 'symlink_install': False, 'test_result_base': None}
[1.176s] Level 5:colcon.colcon_core.verb:set package 'serial' build argument 'cmake_args' from command line to 'None'
[1.176s] Level 5:colcon.colcon_core.verb:set package 'serial' build argument 'cmake_target' from command line to 'None'
[1.176s] Level 5:colcon.colcon_core.verb:set package 'serial' build argument 'cmake_target_skip_unavailable' from command line to 'False'
[1.176s] Level 5:colcon.colcon_core.verb:set package 'serial' build argument 'cmake_clean_cache' from command line to 'False'
[1.176s] Level 5:colcon.colcon_core.verb:set package 'serial' build argument 'cmake_clean_first' from command line to 'False'
[1.176s] Level 5:colcon.colcon_core.verb:set package 'serial' build argument 'cmake_force_configure' from command line to 'False'
[1.176s] Level 5:colcon.colcon_core.verb:set package 'serial' build argument 'ament_cmake_args' from command line to 'None'
[1.176s] Level 5:colcon.colcon_core.verb:set package 'serial' build argument 'catkin_cmake_args' from command line to 'None'
[1.176s] Level 5:colcon.colcon_core.verb:set package 'serial' build argument 'catkin_skip_building_tests' from command line to 'False'
[1.176s] DEBUG:colcon.colcon_core.verb:Building package 'serial' with the following arguments: {'ament_cmake_args': None, 'build_base': '/home/nvidia/GoalPlanning/src/location/build/serial', 'catkin_cmake_args': None, 'catkin_skip_building_tests': False, 'cmake_args': None, 'cmake_clean_cache': False, 'cmake_clean_first': False, 'cmake_force_configure': False, 'cmake_target': None, 'cmake_target_skip_unavailable': False, 'install_base': '/home/nvidia/GoalPlanning/src/location/install/serial', 'merge_install': False, 'path': '/home/nvidia/GoalPlanning/src/location/src/serial', 'symlink_install': False, 'test_result_base': None}
[1.177s] Level 5:colcon.colcon_core.verb:set package 'imu_node' build argument 'cmake_args' from command line to 'None'
[1.177s] Level 5:colcon.colcon_core.verb:set package 'imu_node' build argument 'cmake_target' from command line to 'None'
[1.177s] Level 5:colcon.colcon_core.verb:set package 'imu_node' build argument 'cmake_target_skip_unavailable' from command line to 'False'
[1.177s] Level 5:colcon.colcon_core.verb:set package 'imu_node' build argument 'cmake_clean_cache' from command line to 'False'
[1.177s] Level 5:colcon.colcon_core.verb:set package 'imu_node' build argument 'cmake_clean_first' from command line to 'False'
[1.177s] Level 5:colcon.colcon_core.verb:set package 'imu_node' build argument 'cmake_force_configure' from command line to 'False'
[1.177s] Level 5:colcon.colcon_core.verb:set package 'imu_node' build argument 'ament_cmake_args' from command line to 'None'
[1.177s] Level 5:colcon.colcon_core.verb:set package 'imu_node' build argument 'catkin_cmake_args' from command line to 'None'
[1.177s] Level 5:colcon.colcon_core.verb:set package 'imu_node' build argument 'catkin_skip_building_tests' from command line to 'False'
[1.177s] DEBUG:colcon.colcon_core.verb:Building package 'imu_node' with the following arguments: {'ament_cmake_args': None, 'build_base': '/home/nvidia/GoalPlanning/src/location/build/imu_node', 'catkin_cmake_args': None, 'catkin_skip_building_tests': False, 'cmake_args': None, 'cmake_clean_cache': False, 'cmake_clean_first': False, 'cmake_force_configure': False, 'cmake_target': None, 'cmake_target_skip_unavailable': False, 'install_base': '/home/nvidia/GoalPlanning/src/location/install/imu_node', 'merge_install': False, 'path': '/home/nvidia/GoalPlanning/src/location/src/imu_node', 'symlink_install': False, 'test_result_base': None}
[1.178s] Level 5:colcon.colcon_core.verb:set package 'location' build argument 'cmake_args' from command line to 'None'
[1.178s] Level 5:colcon.colcon_core.verb:set package 'location' build argument 'cmake_target' from command line to 'None'
[1.178s] Level 5:colcon.colcon_core.verb:set package 'location' build argument 'cmake_target_skip_unavailable' from command line to 'False'
[1.178s] Level 5:colcon.colcon_core.verb:set package 'location' build argument 'cmake_clean_cache' from command line to 'False'
[1.178s] Level 5:colcon.colcon_core.verb:set package 'location' build argument 'cmake_clean_first' from command line to 'False'
[1.178s] Level 5:colcon.colcon_core.verb:set package 'location' build argument 'cmake_force_configure' from command line to 'False'
[1.178s] Level 5:colcon.colcon_core.verb:set package 'location' build argument 'ament_cmake_args' from command line to 'None'
[1.178s] Level 5:colcon.colcon_core.verb:set package 'location' build argument 'catkin_cmake_args' from command line to 'None'
[1.179s] Level 5:colcon.colcon_core.verb:set package 'location' build argument 'catkin_skip_building_tests' from command line to 'False'
[1.179s] DEBUG:colcon.colcon_core.verb:Building package 'location' with the following arguments: {'ament_cmake_args': None, 'build_base': '/home/nvidia/GoalPlanning/src/location/build/location', 'catkin_cmake_args': None, 'catkin_skip_building_tests': False, 'cmake_args': None, 'cmake_clean_cache': False, 'cmake_clean_first': False, 'cmake_force_configure': False, 'cmake_target': None, 'cmake_target_skip_unavailable': False, 'install_base': '/home/nvidia/GoalPlanning/src/location/install/location', 'merge_install': False, 'path': '/home/nvidia/GoalPlanning/src/location/src/location', 'symlink_install': False, 'test_result_base': None}
[1.179s] INFO:colcon.colcon_core.executor:Executing jobs using 'parallel' executor
[1.181s] DEBUG:colcon.colcon_parallel_executor.executor.parallel:run_until_complete
[1.182s] INFO:colcon.colcon_ros.task.ament_cmake.build:Building ROS package in '/home/nvidia/GoalPlanning/src/location/src/imu_msgs' with build type 'ament_cmake'
[1.182s] INFO:colcon.colcon_cmake.task.cmake.build:Building CMake package in '/home/nvidia/GoalPlanning/src/location/src/imu_msgs'
[1.187s] INFO:colcon.colcon_core.plugin_system:Skipping extension 'colcon_core.shell.bat': Not used on non-Windows systems
[1.187s] INFO:colcon.colcon_core.shell:Skip shell extension 'powershell' for command environment: Not usable outside of PowerShell
[1.187s] DEBUG:colcon.colcon_core.shell:Skip shell extension 'dsv' for command environment
[1.201s] INFO:colcon.colcon_ros.task.ament_cmake.build:Building ROS package in '/home/nvidia/GoalPlanning/src/location/src/serial' with build type 'ament_cmake'
[1.202s] INFO:colcon.colcon_cmake.task.cmake.build:Building CMake package in '/home/nvidia/GoalPlanning/src/location/src/serial'
[1.203s] INFO:colcon.colcon_core.shell:Skip shell extension 'powershell' for command environment: Not usable outside of PowerShell
[1.203s] DEBUG:colcon.colcon_core.shell:Skip shell extension 'dsv' for command environment
[1.226s] DEBUG:colcon.colcon_core.event_handler.log_command:Invoking command in '/home/nvidia/GoalPlanning/src/location/build/imu_msgs': CMAKE_PREFIX_PATH=${CMAKE_PREFIX_PATH}:/home/nvidia/GoalPlanning/install/planning:/home/nvidia/GoalPlanning/install/cmd_car:/opt/ros/foxy CONDA_PROMPT_MODIFIER=(base) /usr/bin/cmake --build /home/nvidia/GoalPlanning/src/location/build/imu_msgs -- -j8 -l8
[1.242s] DEBUG:colcon.colcon_core.event_handler.log_command:Invoking command in '/home/nvidia/GoalPlanning/src/location/build/serial': CMAKE_PREFIX_PATH=${CMAKE_PREFIX_PATH}:/home/nvidia/GoalPlanning/install/planning:/home/nvidia/GoalPlanning/install/cmd_car:/opt/ros/foxy CONDA_PROMPT_MODIFIER=(base) /usr/bin/cmake --build /home/nvidia/GoalPlanning/src/location/build/serial -- -j8 -l8
[1.384s] DEBUG:colcon.colcon_core.event_handler.log_command:Invoked command in '/home/nvidia/GoalPlanning/src/location/build/serial' returned '0': CMAKE_PREFIX_PATH=${CMAKE_PREFIX_PATH}:/home/nvidia/GoalPlanning/install/planning:/home/nvidia/GoalPlanning/install/cmd_car:/opt/ros/foxy CONDA_PROMPT_MODIFIER=(base) /usr/bin/cmake --build /home/nvidia/GoalPlanning/src/location/build/serial -- -j8 -l8
[1.483s] DEBUG:colcon.colcon_core.event_handler.log_command:Invoking command in '/home/nvidia/GoalPlanning/src/location/build/serial': CMAKE_PREFIX_PATH=${CMAKE_PREFIX_PATH}:/home/nvidia/GoalPlanning/install/planning:/home/nvidia/GoalPlanning/install/cmd_car:/opt/ros/foxy CONDA_PROMPT_MODIFIER=(base) /usr/bin/cmake --install /home/nvidia/GoalPlanning/src/location/build/serial
[1.510s] Level 1:colcon.colcon_core.environment:create_environment_scripts_only(serial)
[1.512s] DEBUG:colcon.colcon_core.event_handler.log_command:Invoked command in '/home/nvidia/GoalPlanning/src/location/build/serial' returned '0': CMAKE_PREFIX_PATH=${CMAKE_PREFIX_PATH}:/home/nvidia/GoalPlanning/install/planning:/home/nvidia/GoalPlanning/install/cmd_car:/opt/ros/foxy CONDA_PROMPT_MODIFIER=(base) /usr/bin/cmake --install /home/nvidia/GoalPlanning/src/location/build/serial
[1.517s] Level 1:colcon.colcon_core.environment:checking '/home/nvidia/GoalPlanning/src/location/install/serial' for CMake module files
[1.518s] Level 1:colcon.colcon_core.environment:checking '/home/nvidia/GoalPlanning/src/location/install/serial' for CMake config files
[1.519s] Level 1:colcon.colcon_core.shell:create_environment_hook('serial', 'cmake_prefix_path')
[1.519s] INFO:colcon.colcon_core.shell:Creating environment hook '/home/nvidia/GoalPlanning/src/location/install/serial/share/serial/hook/cmake_prefix_path.ps1'
[1.521s] INFO:colcon.colcon_core.shell:Creating environment descriptor '/home/nvidia/GoalPlanning/src/location/install/serial/share/serial/hook/cmake_prefix_path.dsv'
[1.522s] INFO:colcon.colcon_core.shell:Creating environment hook '/home/nvidia/GoalPlanning/src/location/install/serial/share/serial/hook/cmake_prefix_path.sh'
[1.524s] Level 1:colcon.colcon_core.environment:checking '/home/nvidia/GoalPlanning/src/location/install/serial/lib'
[1.525s] Level 1:colcon.colcon_core.shell:create_environment_hook('serial', 'ld_library_path_lib')
[1.525s] INFO:colcon.colcon_core.shell:Creating environment hook '/home/nvidia/GoalPlanning/src/location/install/serial/share/serial/hook/ld_library_path_lib.ps1'
[1.526s] INFO:colcon.colcon_core.shell:Creating environment descriptor '/home/nvidia/GoalPlanning/src/location/install/serial/share/serial/hook/ld_library_path_lib.dsv'
[1.527s] INFO:colcon.colcon_core.shell:Creating environment hook '/home/nvidia/GoalPlanning/src/location/install/serial/share/serial/hook/ld_library_path_lib.sh'
[1.527s] Level 1:colcon.colcon_core.environment:checking '/home/nvidia/GoalPlanning/src/location/install/serial/bin'
[1.528s] Level 1:colcon.colcon_core.environment:checking '/home/nvidia/GoalPlanning/src/location/install/serial/lib/pkgconfig/serial.pc'
[1.528s] Level 1:colcon.colcon_core.environment:checking '/home/nvidia/GoalPlanning/src/location/install/serial/lib/python3.8/site-packages'
[1.528s] Level 1:colcon.colcon_core.environment:checking '/home/nvidia/GoalPlanning/src/location/install/serial/bin'
[1.529s] INFO:colcon.colcon_core.shell:Creating package script '/home/nvidia/GoalPlanning/src/location/install/serial/share/serial/package.ps1'
[1.531s] INFO:colcon.colcon_core.shell:Creating package descriptor '/home/nvidia/GoalPlanning/src/location/install/serial/share/serial/package.dsv'
[1.532s] INFO:colcon.colcon_core.shell:Creating package script '/home/nvidia/GoalPlanning/src/location/install/serial/share/serial/package.sh'
[1.534s] INFO:colcon.colcon_core.shell:Creating package script '/home/nvidia/GoalPlanning/src/location/install/serial/share/serial/package.bash'
[1.535s] INFO:colcon.colcon_core.shell:Creating package script '/home/nvidia/GoalPlanning/src/location/install/serial/share/serial/package.zsh'
[1.537s] Level 1:colcon.colcon_core.environment:create_file_with_runtime_dependencies(/home/nvidia/GoalPlanning/src/location/install/serial/share/colcon-core/packages/serial)
[1.600s] Level 1:colcon.colcon_core.environment:create_environment_scripts_only(serial)
[1.601s] Level 1:colcon.colcon_core.environment:checking '/home/nvidia/GoalPlanning/src/location/install/serial' for CMake module files
[1.602s] Level 1:colcon.colcon_core.environment:checking '/home/nvidia/GoalPlanning/src/location/install/serial' for CMake config files
[1.603s] Level 1:colcon.colcon_core.shell:create_environment_hook('serial', 'cmake_prefix_path')
[1.603s] INFO:colcon.colcon_core.shell:Creating environment hook '/home/nvidia/GoalPlanning/src/location/install/serial/share/serial/hook/cmake_prefix_path.ps1'
[1.604s] INFO:colcon.colcon_core.shell:Creating environment descriptor '/home/nvidia/GoalPlanning/src/location/install/serial/share/serial/hook/cmake_prefix_path.dsv'
[1.605s] INFO:colcon.colcon_core.shell:Creating environment hook '/home/nvidia/GoalPlanning/src/location/install/serial/share/serial/hook/cmake_prefix_path.sh'
[1.607s] Level 1:colcon.colcon_core.environment:checking '/home/nvidia/GoalPlanning/src/location/install/serial/lib'
[1.607s] Level 1:colcon.colcon_core.shell:create_environment_hook('serial', 'ld_library_path_lib')
[1.607s] INFO:colcon.colcon_core.shell:Creating environment hook '/home/nvidia/GoalPlanning/src/location/install/serial/share/serial/hook/ld_library_path_lib.ps1'
[1.608s] INFO:colcon.colcon_core.shell:Creating environment descriptor '/home/nvidia/GoalPlanning/src/location/install/serial/share/serial/hook/ld_library_path_lib.dsv'
[1.609s] INFO:colcon.colcon_core.shell:Creating environment hook '/home/nvidia/GoalPlanning/src/location/install/serial/share/serial/hook/ld_library_path_lib.sh'
[1.610s] Level 1:colcon.colcon_core.environment:checking '/home/nvidia/GoalPlanning/src/location/install/serial/bin'
[1.610s] Level 1:colcon.colcon_core.environment:checking '/home/nvidia/GoalPlanning/src/location/install/serial/lib/pkgconfig/serial.pc'
[1.610s] Level 1:colcon.colcon_core.environment:checking '/home/nvidia/GoalPlanning/src/location/install/serial/lib/python3.8/site-packages'
[1.611s] Level 1:colcon.colcon_core.environment:checking '/home/nvidia/GoalPlanning/src/location/install/serial/bin'
[1.611s] INFO:colcon.colcon_core.shell:Creating package script '/home/nvidia/GoalPlanning/src/location/install/serial/share/serial/package.ps1'
[1.612s] INFO:colcon.colcon_core.shell:Creating package descriptor '/home/nvidia/GoalPlanning/src/location/install/serial/share/serial/package.dsv'
[1.613s] INFO:colcon.colcon_core.shell:Creating package script '/home/nvidia/GoalPlanning/src/location/install/serial/share/serial/package.sh'
[1.614s] INFO:colcon.colcon_core.shell:Creating package script '/home/nvidia/GoalPlanning/src/location/install/serial/share/serial/package.bash'
[1.615s] INFO:colcon.colcon_core.shell:Creating package script '/home/nvidia/GoalPlanning/src/location/install/serial/share/serial/package.zsh'
[1.616s] Level 1:colcon.colcon_core.environment:create_file_with_runtime_dependencies(/home/nvidia/GoalPlanning/src/location/install/serial/share/colcon-core/packages/serial)
[1.749s] DEBUG:colcon.colcon_core.event_handler.log_command:Invoked command in '/home/nvidia/GoalPlanning/src/location/build/imu_msgs' returned '0': CMAKE_PREFIX_PATH=${CMAKE_PREFIX_PATH}:/home/nvidia/GoalPlanning/install/planning:/home/nvidia/GoalPlanning/install/cmd_car:/opt/ros/foxy CONDA_PROMPT_MODIFIER=(base) /usr/bin/cmake --build /home/nvidia/GoalPlanning/src/location/build/imu_msgs -- -j8 -l8
[2.005s] DEBUG:colcon.colcon_core.event_handler.log_command:Invoking command in '/home/nvidia/GoalPlanning/src/location/build/imu_msgs': CMAKE_PREFIX_PATH=${CMAKE_PREFIX_PATH}:/home/nvidia/GoalPlanning/install/planning:/home/nvidia/GoalPlanning/install/cmd_car:/opt/ros/foxy CONDA_PROMPT_MODIFIER=(base) /usr/bin/cmake --install /home/nvidia/GoalPlanning/src/location/build/imu_msgs
[2.151s] Level 1:colcon.colcon_core.environment:create_environment_scripts_only(imu_msgs)
[2.152s] Level 1:colcon.colcon_core.environment:checking '/home/nvidia/GoalPlanning/src/location/install/imu_msgs' for CMake module files
[2.153s] DEBUG:colcon.colcon_core.event_handler.log_command:Invoked command in '/home/nvidia/GoalPlanning/src/location/build/imu_msgs' returned '0': CMAKE_PREFIX_PATH=${CMAKE_PREFIX_PATH}:/home/nvidia/GoalPlanning/install/planning:/home/nvidia/GoalPlanning/install/cmd_car:/opt/ros/foxy CONDA_PROMPT_MODIFIER=(base) /usr/bin/cmake --install /home/nvidia/GoalPlanning/src/location/build/imu_msgs
[2.155s] Level 1:colcon.colcon_core.environment:checking '/home/nvidia/GoalPlanning/src/location/install/imu_msgs' for CMake config files
[2.157s] Level 1:colcon.colcon_core.shell:create_environment_hook('imu_msgs', 'cmake_prefix_path')
[2.158s] INFO:colcon.colcon_core.shell:Creating environment hook '/home/nvidia/GoalPlanning/src/location/install/imu_msgs/share/imu_msgs/hook/cmake_prefix_path.ps1'
[2.160s] INFO:colcon.colcon_core.shell:Creating environment descriptor '/home/nvidia/GoalPlanning/src/location/install/imu_msgs/share/imu_msgs/hook/cmake_prefix_path.dsv'
[2.161s] INFO:colcon.colcon_core.shell:Creating environment hook '/home/nvidia/GoalPlanning/src/location/install/imu_msgs/share/imu_msgs/hook/cmake_prefix_path.sh'
[2.163s] Level 1:colcon.colcon_core.environment:checking '/home/nvidia/GoalPlanning/src/location/install/imu_msgs/lib'
[2.163s] Level 1:colcon.colcon_core.shell:create_environment_hook('imu_msgs', 'ld_library_path_lib')
[2.164s] INFO:colcon.colcon_core.shell:Creating environment hook '/home/nvidia/GoalPlanning/src/location/install/imu_msgs/share/imu_msgs/hook/ld_library_path_lib.ps1'
[2.165s] INFO:colcon.colcon_core.shell:Creating environment descriptor '/home/nvidia/GoalPlanning/src/location/install/imu_msgs/share/imu_msgs/hook/ld_library_path_lib.dsv'
[2.166s] INFO:colcon.colcon_core.shell:Creating environment hook '/home/nvidia/GoalPlanning/src/location/install/imu_msgs/share/imu_msgs/hook/ld_library_path_lib.sh'
[2.168s] Level 1:colcon.colcon_core.environment:checking '/home/nvidia/GoalPlanning/src/location/install/imu_msgs/bin'
[2.168s] Level 1:colcon.colcon_core.environment:checking '/home/nvidia/GoalPlanning/src/location/install/imu_msgs/lib/pkgconfig/imu_msgs.pc'
[2.169s] Level 1:colcon.colcon_core.environment:checking '/home/nvidia/GoalPlanning/src/location/install/imu_msgs/lib/python3.8/site-packages'
[2.169s] Level 1:colcon.colcon_core.environment:checking '/home/nvidia/GoalPlanning/src/location/install/imu_msgs/bin'
[2.170s] INFO:colcon.colcon_core.shell:Creating package script '/home/nvidia/GoalPlanning/src/location/install/imu_msgs/share/imu_msgs/package.ps1'
[2.172s] INFO:colcon.colcon_core.shell:Creating package descriptor '/home/nvidia/GoalPlanning/src/location/install/imu_msgs/share/imu_msgs/package.dsv'
[2.174s] INFO:colcon.colcon_core.shell:Creating package script '/home/nvidia/GoalPlanning/src/location/install/imu_msgs/share/imu_msgs/package.sh'
[2.175s] INFO:colcon.colcon_core.shell:Creating package script '/home/nvidia/GoalPlanning/src/location/install/imu_msgs/share/imu_msgs/package.bash'
[2.176s] INFO:colcon.colcon_core.shell:Creating package script '/home/nvidia/GoalPlanning/src/location/install/imu_msgs/share/imu_msgs/package.zsh'
[2.178s] Level 1:colcon.colcon_core.environment:create_file_with_runtime_dependencies(/home/nvidia/GoalPlanning/src/location/install/imu_msgs/share/colcon-core/packages/imu_msgs)
[2.440s] Level 1:colcon.colcon_core.environment:create_environment_scripts_only(imu_msgs)
[2.441s] Level 1:colcon.colcon_core.environment:checking '/home/nvidia/GoalPlanning/src/location/install/imu_msgs' for CMake module files
[2.443s] Level 1:colcon.colcon_core.environment:checking '/home/nvidia/GoalPlanning/src/location/install/imu_msgs' for CMake config files
[2.445s] Level 1:colcon.colcon_core.shell:create_environment_hook('imu_msgs', 'cmake_prefix_path')
[2.446s] INFO:colcon.colcon_core.shell:Creating environment hook '/home/nvidia/GoalPlanning/src/location/install/imu_msgs/share/imu_msgs/hook/cmake_prefix_path.ps1'
[2.447s] INFO:colcon.colcon_core.shell:Creating environment descriptor '/home/nvidia/GoalPlanning/src/location/install/imu_msgs/share/imu_msgs/hook/cmake_prefix_path.dsv'
[2.448s] INFO:colcon.colcon_core.shell:Creating environment hook '/home/nvidia/GoalPlanning/src/location/install/imu_msgs/share/imu_msgs/hook/cmake_prefix_path.sh'
[2.450s] Level 1:colcon.colcon_core.environment:checking '/home/nvidia/GoalPlanning/src/location/install/imu_msgs/lib'
[2.450s] Level 1:colcon.colcon_core.shell:create_environment_hook('imu_msgs', 'ld_library_path_lib')
[2.451s] INFO:colcon.colcon_core.shell:Creating environment hook '/home/nvidia/GoalPlanning/src/location/install/imu_msgs/share/imu_msgs/hook/ld_library_path_lib.ps1'
[2.452s] INFO:colcon.colcon_core.shell:Creating environment descriptor '/home/nvidia/GoalPlanning/src/location/install/imu_msgs/share/imu_msgs/hook/ld_library_path_lib.dsv'
[2.452s] INFO:colcon.colcon_core.shell:Creating environment hook '/home/nvidia/GoalPlanning/src/location/install/imu_msgs/share/imu_msgs/hook/ld_library_path_lib.sh'
[2.453s] Level 1:colcon.colcon_core.environment:checking '/home/nvidia/GoalPlanning/src/location/install/imu_msgs/bin'
[2.453s] Level 1:colcon.colcon_core.environment:checking '/home/nvidia/GoalPlanning/src/location/install/imu_msgs/lib/pkgconfig/imu_msgs.pc'
[2.454s] Level 1:colcon.colcon_core.environment:checking '/home/nvidia/GoalPlanning/src/location/install/imu_msgs/lib/python3.8/site-packages'
[2.454s] Level 1:colcon.colcon_core.environment:checking '/home/nvidia/GoalPlanning/src/location/install/imu_msgs/bin'
[2.455s] INFO:colcon.colcon_core.shell:Creating package script '/home/nvidia/GoalPlanning/src/location/install/imu_msgs/share/imu_msgs/package.ps1'
[2.456s] INFO:colcon.colcon_core.shell:Creating package descriptor '/home/nvidia/GoalPlanning/src/location/install/imu_msgs/share/imu_msgs/package.dsv'
[2.457s] INFO:colcon.colcon_core.shell:Creating package script '/home/nvidia/GoalPlanning/src/location/install/imu_msgs/share/imu_msgs/package.sh'
[2.458s] INFO:colcon.colcon_core.shell:Creating package script '/home/nvidia/GoalPlanning/src/location/install/imu_msgs/share/imu_msgs/package.bash'
[2.459s] INFO:colcon.colcon_core.shell:Creating package script '/home/nvidia/GoalPlanning/src/location/install/imu_msgs/share/imu_msgs/package.zsh'
[2.460s] Level 1:colcon.colcon_core.environment:create_file_with_runtime_dependencies(/home/nvidia/GoalPlanning/src/location/install/imu_msgs/share/colcon-core/packages/imu_msgs)
[2.461s] INFO:colcon.colcon_ros.task.ament_cmake.build:Building ROS package in '/home/nvidia/GoalPlanning/src/location/src/imu_node' with build type 'ament_cmake'
[2.462s] INFO:colcon.colcon_cmake.task.cmake.build:Building CMake package in '/home/nvidia/GoalPlanning/src/location/src/imu_node'
[2.463s] INFO:colcon.colcon_core.shell:Skip shell extension 'powershell' for command environment: Not usable outside of PowerShell
[2.463s] DEBUG:colcon.colcon_core.shell:Skip shell extension 'dsv' for command environment
[2.480s] INFO:colcon.colcon_ros.task.ament_cmake.build:Building ROS package in '/home/nvidia/GoalPlanning/src/location/src/location' with build type 'ament_cmake'
[2.480s] INFO:colcon.colcon_cmake.task.cmake.build:Building CMake package in '/home/nvidia/GoalPlanning/src/location/src/location'
[2.481s] INFO:colcon.colcon_core.shell:Skip shell extension 'powershell' for command environment: Not usable outside of PowerShell
[2.482s] DEBUG:colcon.colcon_core.shell:Skip shell extension 'dsv' for command environment
[2.507s] DEBUG:colcon.colcon_core.event_handler.log_command:Invoking command in '/home/nvidia/GoalPlanning/src/location/build/imu_node': CMAKE_PREFIX_PATH=/home/nvidia/GoalPlanning/src/location/install/serial:/home/nvidia/GoalPlanning/src/location/install/imu_msgs:/home/nvidia/GoalPlanning/install/serial:/home/nvidia/GoalPlanning/install/rslidar_sdk:/home/nvidia/GoalPlanning/install/rslidar_msg:/home/nvidia/GoalPlanning/install/location:/home/nvidia/GoalPlanning/install/imu_node:/home/nvidia/GoalPlanning/install/imu_msgs:/home/nvidia/GoalPlanning/install/cmd_car_cpp:/home/nvidia/GoalPlanning/install/car_msg:/home/nvidia/GoalPlanning/src/location/install/location:/home/nvidia/GoalPlanning/src/location/install/imu_node:/home/nvidia/GoalPlanning/install/planning:/home/nvidia/GoalPlanning/install/cmd_car:/opt/ros/foxy CONDA_PROMPT_MODIFIER=(base) LD_LIBRARY_PATH=/home/nvidia/GoalPlanning/src/location/install/serial/lib:/home/nvidia/GoalPlanning/src/location/install/imu_msgs/lib:/usr/local/cuda-11.4/lib64:/home/nvidia/GoalPlanning/install/serial/lib:/home/nvidia/GoalPlanning/install/rslidar_msg/lib:/home/nvidia/GoalPlanning/install/imu_msgs/lib:/home/nvidia/GoalPlanning/install/car_msg/lib:/usr/lib/aarch64-linux-gnu/gazebo-11/plugins:/opt/ros/foxy/opt/yaml_cpp_vendor/lib:/opt/ros/foxy/opt/rviz_ogre_vendor/lib:/opt/ros/foxy/lib/aarch64-linux-gnu:/opt/ros/foxy/lib /usr/bin/cmake --build /home/nvidia/GoalPlanning/src/location/build/imu_node -- -j8 -l8
[2.519s] DEBUG:colcon.colcon_core.event_handler.log_command:Invoking command in '/home/nvidia/GoalPlanning/src/location/build/location': CMAKE_PREFIX_PATH=/home/nvidia/GoalPlanning/src/location/install/imu_msgs:/home/nvidia/GoalPlanning/install/serial:/home/nvidia/GoalPlanning/install/rslidar_sdk:/home/nvidia/GoalPlanning/install/rslidar_msg:/home/nvidia/GoalPlanning/install/location:/home/nvidia/GoalPlanning/install/imu_node:/home/nvidia/GoalPlanning/install/imu_msgs:/home/nvidia/GoalPlanning/install/cmd_car_cpp:/home/nvidia/GoalPlanning/install/car_msg:/home/nvidia/GoalPlanning/src/location/install/serial:/home/nvidia/GoalPlanning/src/location/install/location:/home/nvidia/GoalPlanning/src/location/install/imu_node:/home/nvidia/GoalPlanning/install/planning:/home/nvidia/GoalPlanning/install/cmd_car:/opt/ros/foxy CONDA_PROMPT_MODIFIER=(base) LD_LIBRARY_PATH=/home/nvidia/GoalPlanning/src/location/install/imu_msgs/lib:/usr/local/cuda-11.4/lib64:/home/nvidia/GoalPlanning/install/serial/lib:/home/nvidia/GoalPlanning/install/rslidar_msg/lib:/home/nvidia/GoalPlanning/install/imu_msgs/lib:/home/nvidia/GoalPlanning/install/car_msg/lib:/home/nvidia/GoalPlanning/src/location/install/serial/lib:/usr/lib/aarch64-linux-gnu/gazebo-11/plugins:/opt/ros/foxy/opt/yaml_cpp_vendor/lib:/opt/ros/foxy/opt/rviz_ogre_vendor/lib:/opt/ros/foxy/lib/aarch64-linux-gnu:/opt/ros/foxy/lib /usr/bin/cmake --build /home/nvidia/GoalPlanning/src/location/build/location -- -j8 -l8
[2.666s] DEBUG:colcon.colcon_core.event_handler.log_command:Invoked command in '/home/nvidia/GoalPlanning/src/location/build/imu_node' returned '0': CMAKE_PREFIX_PATH=/home/nvidia/GoalPlanning/src/location/install/serial:/home/nvidia/GoalPlanning/src/location/install/imu_msgs:/home/nvidia/GoalPlanning/install/serial:/home/nvidia/GoalPlanning/install/rslidar_sdk:/home/nvidia/GoalPlanning/install/rslidar_msg:/home/nvidia/GoalPlanning/install/location:/home/nvidia/GoalPlanning/install/imu_node:/home/nvidia/GoalPlanning/install/imu_msgs:/home/nvidia/GoalPlanning/install/cmd_car_cpp:/home/nvidia/GoalPlanning/install/car_msg:/home/nvidia/GoalPlanning/src/location/install/location:/home/nvidia/GoalPlanning/src/location/install/imu_node:/home/nvidia/GoalPlanning/install/planning:/home/nvidia/GoalPlanning/install/cmd_car:/opt/ros/foxy CONDA_PROMPT_MODIFIER=(base) LD_LIBRARY_PATH=/home/nvidia/GoalPlanning/src/location/install/serial/lib:/home/nvidia/GoalPlanning/src/location/install/imu_msgs/lib:/usr/local/cuda-11.4/lib64:/home/nvidia/GoalPlanning/install/serial/lib:/home/nvidia/GoalPlanning/install/rslidar_msg/lib:/home/nvidia/GoalPlanning/install/imu_msgs/lib:/home/nvidia/GoalPlanning/install/car_msg/lib:/usr/lib/aarch64-linux-gnu/gazebo-11/plugins:/opt/ros/foxy/opt/yaml_cpp_vendor/lib:/opt/ros/foxy/opt/rviz_ogre_vendor/lib:/opt/ros/foxy/lib/aarch64-linux-gnu:/opt/ros/foxy/lib /usr/bin/cmake --build /home/nvidia/GoalPlanning/src/location/build/imu_node -- -j8 -l8
[2.677s] DEBUG:colcon.colcon_core.event_handler.log_command:Invoked command in '/home/nvidia/GoalPlanning/src/location/build/location' returned '0': CMAKE_PREFIX_PATH=/home/nvidia/GoalPlanning/src/location/install/imu_msgs:/home/nvidia/GoalPlanning/install/serial:/home/nvidia/GoalPlanning/install/rslidar_sdk:/home/nvidia/GoalPlanning/install/rslidar_msg:/home/nvidia/GoalPlanning/install/location:/home/nvidia/GoalPlanning/install/imu_node:/home/nvidia/GoalPlanning/install/imu_msgs:/home/nvidia/GoalPlanning/install/cmd_car_cpp:/home/nvidia/GoalPlanning/install/car_msg:/home/nvidia/GoalPlanning/src/location/install/serial:/home/nvidia/GoalPlanning/src/location/install/location:/home/nvidia/GoalPlanning/src/location/install/imu_node:/home/nvidia/GoalPlanning/install/planning:/home/nvidia/GoalPlanning/install/cmd_car:/opt/ros/foxy CONDA_PROMPT_MODIFIER=(base) LD_LIBRARY_PATH=/home/nvidia/GoalPlanning/src/location/install/imu_msgs/lib:/usr/local/cuda-11.4/lib64:/home/nvidia/GoalPlanning/install/serial/lib:/home/nvidia/GoalPlanning/install/rslidar_msg/lib:/home/nvidia/GoalPlanning/install/imu_msgs/lib:/home/nvidia/GoalPlanning/install/car_msg/lib:/home/nvidia/GoalPlanning/src/location/install/serial/lib:/usr/lib/aarch64-linux-gnu/gazebo-11/plugins:/opt/ros/foxy/opt/yaml_cpp_vendor/lib:/opt/ros/foxy/opt/rviz_ogre_vendor/lib:/opt/ros/foxy/lib/aarch64-linux-gnu:/opt/ros/foxy/lib /usr/bin/cmake --build /home/nvidia/GoalPlanning/src/location/build/location -- -j8 -l8
[2.738s] DEBUG:colcon.colcon_core.event_handler.log_command:Invoking command in '/home/nvidia/GoalPlanning/src/location/build/location': CMAKE_PREFIX_PATH=/home/nvidia/GoalPlanning/src/location/install/imu_msgs:/home/nvidia/GoalPlanning/install/serial:/home/nvidia/GoalPlanning/install/rslidar_sdk:/home/nvidia/GoalPlanning/install/rslidar_msg:/home/nvidia/GoalPlanning/install/location:/home/nvidia/GoalPlanning/install/imu_node:/home/nvidia/GoalPlanning/install/imu_msgs:/home/nvidia/GoalPlanning/install/cmd_car_cpp:/home/nvidia/GoalPlanning/install/car_msg:/home/nvidia/GoalPlanning/src/location/install/serial:/home/nvidia/GoalPlanning/src/location/install/location:/home/nvidia/GoalPlanning/src/location/install/imu_node:/home/nvidia/GoalPlanning/install/planning:/home/nvidia/GoalPlanning/install/cmd_car:/opt/ros/foxy CONDA_PROMPT_MODIFIER=(base) LD_LIBRARY_PATH=/home/nvidia/GoalPlanning/src/location/install/imu_msgs/lib:/usr/local/cuda-11.4/lib64:/home/nvidia/GoalPlanning/install/serial/lib:/home/nvidia/GoalPlanning/install/rslidar_msg/lib:/home/nvidia/GoalPlanning/install/imu_msgs/lib:/home/nvidia/GoalPlanning/install/car_msg/lib:/home/nvidia/GoalPlanning/src/location/install/serial/lib:/usr/lib/aarch64-linux-gnu/gazebo-11/plugins:/opt/ros/foxy/opt/yaml_cpp_vendor/lib:/opt/ros/foxy/opt/rviz_ogre_vendor/lib:/opt/ros/foxy/lib/aarch64-linux-gnu:/opt/ros/foxy/lib /usr/bin/cmake --install /home/nvidia/GoalPlanning/src/location/build/location
[2.746s] DEBUG:colcon.colcon_core.event_handler.log_command:Invoking command in '/home/nvidia/GoalPlanning/src/location/build/imu_node': CMAKE_PREFIX_PATH=/home/nvidia/GoalPlanning/src/location/install/serial:/home/nvidia/GoalPlanning/src/location/install/imu_msgs:/home/nvidia/GoalPlanning/install/serial:/home/nvidia/GoalPlanning/install/rslidar_sdk:/home/nvidia/GoalPlanning/install/rslidar_msg:/home/nvidia/GoalPlanning/install/location:/home/nvidia/GoalPlanning/install/imu_node:/home/nvidia/GoalPlanning/install/imu_msgs:/home/nvidia/GoalPlanning/install/cmd_car_cpp:/home/nvidia/GoalPlanning/install/car_msg:/home/nvidia/GoalPlanning/src/location/install/location:/home/nvidia/GoalPlanning/src/location/install/imu_node:/home/nvidia/GoalPlanning/install/planning:/home/nvidia/GoalPlanning/install/cmd_car:/opt/ros/foxy CONDA_PROMPT_MODIFIER=(base) LD_LIBRARY_PATH=/home/nvidia/GoalPlanning/src/location/install/serial/lib:/home/nvidia/GoalPlanning/src/location/install/imu_msgs/lib:/usr/local/cuda-11.4/lib64:/home/nvidia/GoalPlanning/install/serial/lib:/home/nvidia/GoalPlanning/install/rslidar_msg/lib:/home/nvidia/GoalPlanning/install/imu_msgs/lib:/home/nvidia/GoalPlanning/install/car_msg/lib:/usr/lib/aarch64-linux-gnu/gazebo-11/plugins:/opt/ros/foxy/opt/yaml_cpp_vendor/lib:/opt/ros/foxy/opt/rviz_ogre_vendor/lib:/opt/ros/foxy/lib/aarch64-linux-gnu:/opt/ros/foxy/lib /usr/bin/cmake --install /home/nvidia/GoalPlanning/src/location/build/imu_node
[2.764s] Level 1:colcon.colcon_core.environment:create_environment_scripts_only(location)
[2.765s] Level 1:colcon.colcon_core.environment:checking '/home/nvidia/GoalPlanning/src/location/install/location' for CMake module files
[2.766s] DEBUG:colcon.colcon_core.event_handler.log_command:Invoked command in '/home/nvidia/GoalPlanning/src/location/build/location' returned '0': CMAKE_PREFIX_PATH=/home/nvidia/GoalPlanning/src/location/install/imu_msgs:/home/nvidia/GoalPlanning/install/serial:/home/nvidia/GoalPlanning/install/rslidar_sdk:/home/nvidia/GoalPlanning/install/rslidar_msg:/home/nvidia/GoalPlanning/install/location:/home/nvidia/GoalPlanning/install/imu_node:/home/nvidia/GoalPlanning/install/imu_msgs:/home/nvidia/GoalPlanning/install/cmd_car_cpp:/home/nvidia/GoalPlanning/install/car_msg:/home/nvidia/GoalPlanning/src/location/install/serial:/home/nvidia/GoalPlanning/src/location/install/location:/home/nvidia/GoalPlanning/src/location/install/imu_node:/home/nvidia/GoalPlanning/install/planning:/home/nvidia/GoalPlanning/install/cmd_car:/opt/ros/foxy CONDA_PROMPT_MODIFIER=(base) LD_LIBRARY_PATH=/home/nvidia/GoalPlanning/src/location/install/imu_msgs/lib:/usr/local/cuda-11.4/lib64:/home/nvidia/GoalPlanning/install/serial/lib:/home/nvidia/GoalPlanning/install/rslidar_msg/lib:/home/nvidia/GoalPlanning/install/imu_msgs/lib:/home/nvidia/GoalPlanning/install/car_msg/lib:/home/nvidia/GoalPlanning/src/location/install/serial/lib:/usr/lib/aarch64-linux-gnu/gazebo-11/plugins:/opt/ros/foxy/opt/yaml_cpp_vendor/lib:/opt/ros/foxy/opt/rviz_ogre_vendor/lib:/opt/ros/foxy/lib/aarch64-linux-gnu:/opt/ros/foxy/lib /usr/bin/cmake --install /home/nvidia/GoalPlanning/src/location/build/location
[2.769s] Level 1:colcon.colcon_core.environment:checking '/home/nvidia/GoalPlanning/src/location/install/location' for CMake config files
[2.772s] Level 1:colcon.colcon_core.shell:create_environment_hook('location', 'cmake_prefix_path')
[2.772s] INFO:colcon.colcon_core.shell:Creating environment hook '/home/nvidia/GoalPlanning/src/location/install/location/share/location/hook/cmake_prefix_path.ps1'
[2.774s] INFO:colcon.colcon_core.shell:Creating environment descriptor '/home/nvidia/GoalPlanning/src/location/install/location/share/location/hook/cmake_prefix_path.dsv'
[2.775s] INFO:colcon.colcon_core.shell:Creating environment hook '/home/nvidia/GoalPlanning/src/location/install/location/share/location/hook/cmake_prefix_path.sh'
[2.777s] Level 1:colcon.colcon_core.environment:checking '/home/nvidia/GoalPlanning/src/location/install/location/lib'
[2.777s] Level 1:colcon.colcon_core.environment:checking '/home/nvidia/GoalPlanning/src/location/install/location/bin'
[2.777s] Level 1:colcon.colcon_core.environment:checking '/home/nvidia/GoalPlanning/src/location/install/location/lib/pkgconfig/location.pc'
[2.778s] Level 1:colcon.colcon_core.environment:checking '/home/nvidia/GoalPlanning/src/location/install/location/lib/python3.8/site-packages'
[2.778s] Level 1:colcon.colcon_core.environment:checking '/home/nvidia/GoalPlanning/src/location/install/location/bin'
[2.779s] INFO:colcon.colcon_core.shell:Creating package script '/home/nvidia/GoalPlanning/src/location/install/location/share/location/package.ps1'
[2.780s] INFO:colcon.colcon_core.shell:Creating package descriptor '/home/nvidia/GoalPlanning/src/location/install/location/share/location/package.dsv'
[2.781s] INFO:colcon.colcon_core.shell:Creating package script '/home/nvidia/GoalPlanning/src/location/install/location/share/location/package.sh'
[2.782s] INFO:colcon.colcon_core.shell:Creating package script '/home/nvidia/GoalPlanning/src/location/install/location/share/location/package.bash'
[2.783s] INFO:colcon.colcon_core.shell:Creating package script '/home/nvidia/GoalPlanning/src/location/install/location/share/location/package.zsh'
[2.783s] Level 1:colcon.colcon_core.environment:create_file_with_runtime_dependencies(/home/nvidia/GoalPlanning/src/location/install/location/share/colcon-core/packages/location)
[2.792s] Level 1:colcon.colcon_core.environment:create_environment_scripts_only(imu_node)
[2.793s] Level 1:colcon.colcon_core.environment:checking '/home/nvidia/GoalPlanning/src/location/install/imu_node' for CMake module files
[2.794s] DEBUG:colcon.colcon_core.event_handler.log_command:Invoked command in '/home/nvidia/GoalPlanning/src/location/build/imu_node' returned '0': CMAKE_PREFIX_PATH=/home/nvidia/GoalPlanning/src/location/install/serial:/home/nvidia/GoalPlanning/src/location/install/imu_msgs:/home/nvidia/GoalPlanning/install/serial:/home/nvidia/GoalPlanning/install/rslidar_sdk:/home/nvidia/GoalPlanning/install/rslidar_msg:/home/nvidia/GoalPlanning/install/location:/home/nvidia/GoalPlanning/install/imu_node:/home/nvidia/GoalPlanning/install/imu_msgs:/home/nvidia/GoalPlanning/install/cmd_car_cpp:/home/nvidia/GoalPlanning/install/car_msg:/home/nvidia/GoalPlanning/src/location/install/location:/home/nvidia/GoalPlanning/src/location/install/imu_node:/home/nvidia/GoalPlanning/install/planning:/home/nvidia/GoalPlanning/install/cmd_car:/opt/ros/foxy CONDA_PROMPT_MODIFIER=(base) LD_LIBRARY_PATH=/home/nvidia/GoalPlanning/src/location/install/serial/lib:/home/nvidia/GoalPlanning/src/location/install/imu_msgs/lib:/usr/local/cuda-11.4/lib64:/home/nvidia/GoalPlanning/install/serial/lib:/home/nvidia/GoalPlanning/install/rslidar_msg/lib:/home/nvidia/GoalPlanning/install/imu_msgs/lib:/home/nvidia/GoalPlanning/install/car_msg/lib:/usr/lib/aarch64-linux-gnu/gazebo-11/plugins:/opt/ros/foxy/opt/yaml_cpp_vendor/lib:/opt/ros/foxy/opt/rviz_ogre_vendor/lib:/opt/ros/foxy/lib/aarch64-linux-gnu:/opt/ros/foxy/lib /usr/bin/cmake --install /home/nvidia/GoalPlanning/src/location/build/imu_node
[2.795s] Level 1:colcon.colcon_core.environment:checking '/home/nvidia/GoalPlanning/src/location/install/imu_node' for CMake config files
[2.796s] Level 1:colcon.colcon_core.shell:create_environment_hook('imu_node', 'cmake_prefix_path')
[2.796s] INFO:colcon.colcon_core.shell:Creating environment hook '/home/nvidia/GoalPlanning/src/location/install/imu_node/share/imu_node/hook/cmake_prefix_path.ps1'
[2.797s] INFO:colcon.colcon_core.shell:Creating environment descriptor '/home/nvidia/GoalPlanning/src/location/install/imu_node/share/imu_node/hook/cmake_prefix_path.dsv'
[2.798s] INFO:colcon.colcon_core.shell:Creating environment hook '/home/nvidia/GoalPlanning/src/location/install/imu_node/share/imu_node/hook/cmake_prefix_path.sh'
[2.799s] Level 1:colcon.colcon_core.environment:checking '/home/nvidia/GoalPlanning/src/location/install/imu_node/lib'
[2.800s] Level 1:colcon.colcon_core.environment:checking '/home/nvidia/GoalPlanning/src/location/install/imu_node/bin'
[2.800s] Level 1:colcon.colcon_core.environment:checking '/home/nvidia/GoalPlanning/src/location/install/imu_node/lib/pkgconfig/imu_node.pc'
[2.800s] Level 1:colcon.colcon_core.environment:checking '/home/nvidia/GoalPlanning/src/location/install/imu_node/lib/python3.8/site-packages'
[2.800s] Level 1:colcon.colcon_core.environment:checking '/home/nvidia/GoalPlanning/src/location/install/imu_node/bin'
[2.801s] INFO:colcon.colcon_core.shell:Creating package script '/home/nvidia/GoalPlanning/src/location/install/imu_node/share/imu_node/package.ps1'
[2.802s] INFO:colcon.colcon_core.shell:Creating package descriptor '/home/nvidia/GoalPlanning/src/location/install/imu_node/share/imu_node/package.dsv'
[2.803s] INFO:colcon.colcon_core.shell:Creating package script '/home/nvidia/GoalPlanning/src/location/install/imu_node/share/imu_node/package.sh'
[2.804s] INFO:colcon.colcon_core.shell:Creating package script '/home/nvidia/GoalPlanning/src/location/install/imu_node/share/imu_node/package.bash'
[2.804s] INFO:colcon.colcon_core.shell:Creating package script '/home/nvidia/GoalPlanning/src/location/install/imu_node/share/imu_node/package.zsh'
[2.805s] Level 1:colcon.colcon_core.environment:create_file_with_runtime_dependencies(/home/nvidia/GoalPlanning/src/location/install/imu_node/share/colcon-core/packages/imu_node)
[2.838s] Level 1:colcon.colcon_core.environment:create_environment_scripts_only(location)
[2.839s] Level 1:colcon.colcon_core.environment:checking '/home/nvidia/GoalPlanning/src/location/install/location' for CMake module files
[2.840s] Level 1:colcon.colcon_core.environment:checking '/home/nvidia/GoalPlanning/src/location/install/location' for CMake config files
[2.840s] Level 1:colcon.colcon_core.shell:create_environment_hook('location', 'cmake_prefix_path')
[2.841s] INFO:colcon.colcon_core.shell:Creating environment hook '/home/nvidia/GoalPlanning/src/location/install/location/share/location/hook/cmake_prefix_path.ps1'
[2.842s] INFO:colcon.colcon_core.shell:Creating environment descriptor '/home/nvidia/GoalPlanning/src/location/install/location/share/location/hook/cmake_prefix_path.dsv'
[2.843s] INFO:colcon.colcon_core.shell:Creating environment hook '/home/nvidia/GoalPlanning/src/location/install/location/share/location/hook/cmake_prefix_path.sh'
[2.844s] Level 1:colcon.colcon_core.environment:checking '/home/nvidia/GoalPlanning/src/location/install/location/lib'
[2.844s] Level 1:colcon.colcon_core.environment:checking '/home/nvidia/GoalPlanning/src/location/install/location/bin'
[2.844s] Level 1:colcon.colcon_core.environment:checking '/home/nvidia/GoalPlanning/src/location/install/location/lib/pkgconfig/location.pc'
[2.845s] Level 1:colcon.colcon_core.environment:checking '/home/nvidia/GoalPlanning/src/location/install/location/lib/python3.8/site-packages'
[2.845s] Level 1:colcon.colcon_core.environment:checking '/home/nvidia/GoalPlanning/src/location/install/location/bin'
[2.846s] INFO:colcon.colcon_core.shell:Creating package script '/home/nvidia/GoalPlanning/src/location/install/location/share/location/package.ps1'
[2.847s] INFO:colcon.colcon_core.shell:Creating package descriptor '/home/nvidia/GoalPlanning/src/location/install/location/share/location/package.dsv'
[2.848s] INFO:colcon.colcon_core.shell:Creating package script '/home/nvidia/GoalPlanning/src/location/install/location/share/location/package.sh'
[2.849s] INFO:colcon.colcon_core.shell:Creating package script '/home/nvidia/GoalPlanning/src/location/install/location/share/location/package.bash'
[2.849s] INFO:colcon.colcon_core.shell:Creating package script '/home/nvidia/GoalPlanning/src/location/install/location/share/location/package.zsh'
[2.850s] Level 1:colcon.colcon_core.environment:create_file_with_runtime_dependencies(/home/nvidia/GoalPlanning/src/location/install/location/share/colcon-core/packages/location)
[2.871s] Level 1:colcon.colcon_core.environment:create_environment_scripts_only(imu_node)
[2.872s] Level 1:colcon.colcon_core.environment:checking '/home/nvidia/GoalPlanning/src/location/install/imu_node' for CMake module files
[2.873s] Level 1:colcon.colcon_core.environment:checking '/home/nvidia/GoalPlanning/src/location/install/imu_node' for CMake config files
[2.874s] Level 1:colcon.colcon_core.shell:create_environment_hook('imu_node', 'cmake_prefix_path')
[2.874s] INFO:colcon.colcon_core.shell:Creating environment hook '/home/nvidia/GoalPlanning/src/location/install/imu_node/share/imu_node/hook/cmake_prefix_path.ps1'
[2.875s] INFO:colcon.colcon_core.shell:Creating environment descriptor '/home/nvidia/GoalPlanning/src/location/install/imu_node/share/imu_node/hook/cmake_prefix_path.dsv'
[2.876s] INFO:colcon.colcon_core.shell:Creating environment hook '/home/nvidia/GoalPlanning/src/location/install/imu_node/share/imu_node/hook/cmake_prefix_path.sh'
[2.877s] Level 1:colcon.colcon_core.environment:checking '/home/nvidia/GoalPlanning/src/location/install/imu_node/lib'
[2.877s] Level 1:colcon.colcon_core.environment:checking '/home/nvidia/GoalPlanning/src/location/install/imu_node/bin'
[2.877s] Level 1:colcon.colcon_core.environment:checking '/home/nvidia/GoalPlanning/src/location/install/imu_node/lib/pkgconfig/imu_node.pc'
[2.878s] Level 1:colcon.colcon_core.environment:checking '/home/nvidia/GoalPlanning/src/location/install/imu_node/lib/python3.8/site-packages'
[2.878s] Level 1:colcon.colcon_core.environment:checking '/home/nvidia/GoalPlanning/src/location/install/imu_node/bin'
[2.879s] INFO:colcon.colcon_core.shell:Creating package script '/home/nvidia/GoalPlanning/src/location/install/imu_node/share/imu_node/package.ps1'
[2.880s] INFO:colcon.colcon_core.shell:Creating package descriptor '/home/nvidia/GoalPlanning/src/location/install/imu_node/share/imu_node/package.dsv'
[2.881s] INFO:colcon.colcon_core.shell:Creating package script '/home/nvidia/GoalPlanning/src/location/install/imu_node/share/imu_node/package.sh'
[2.881s] INFO:colcon.colcon_core.shell:Creating package script '/home/nvidia/GoalPlanning/src/location/install/imu_node/share/imu_node/package.bash'
[2.882s] INFO:colcon.colcon_core.shell:Creating package script '/home/nvidia/GoalPlanning/src/location/install/imu_node/share/imu_node/package.zsh'
[2.883s] Level 1:colcon.colcon_core.environment:create_file_with_runtime_dependencies(/home/nvidia/GoalPlanning/src/location/install/imu_node/share/colcon-core/packages/imu_node)
[2.884s] DEBUG:colcon.colcon_parallel_executor.executor.parallel:closing loop
[2.884s] DEBUG:colcon.colcon_parallel_executor.executor.parallel:loop closed
[2.885s] DEBUG:colcon.colcon_parallel_executor.executor.parallel:run_until_complete finished with '0'
[2.885s] DEBUG:colcon.colcon_core.event_reactor:joining thread
[2.898s] INFO:colcon.colcon_core.plugin_system:Skipping extension 'colcon_notification.desktop_notification.terminal_notifier': Not used on non-Darwin systems
[2.898s] INFO:colcon.colcon_core.plugin_system:Skipping extension 'colcon_notification.desktop_notification.win32': Not used on non-Windows systems
[2.898s] INFO:colcon.colcon_notification.desktop_notification:Sending desktop notification using 'notify2'
[2.898s] DEBUG:colcon.colcon_notification.desktop_notification.notify2:Failed to initialize notify2: org.freedesktop.DBus.Error.NotSupported: Unable to autolaunch a dbus-daemon without a $DISPLAY for X11
[2.898s] DEBUG:colcon.colcon_core.event_reactor:joined thread
[2.899s] INFO:colcon.colcon_core.shell:Creating prefix script '/home/nvidia/GoalPlanning/src/location/install/local_setup.ps1'
[2.901s] INFO:colcon.colcon_core.shell:Creating prefix util module '/home/nvidia/GoalPlanning/src/location/install/_local_setup_util_ps1.py'
[2.903s] INFO:colcon.colcon_core.shell:Creating prefix chain script '/home/nvidia/GoalPlanning/src/location/install/setup.ps1'
[2.907s] INFO:colcon.colcon_core.shell:Creating prefix script '/home/nvidia/GoalPlanning/src/location/install/local_setup.sh'
[2.908s] INFO:colcon.colcon_core.shell:Creating prefix util module '/home/nvidia/GoalPlanning/src/location/install/_local_setup_util_sh.py'
[2.909s] INFO:colcon.colcon_core.shell:Creating prefix chain script '/home/nvidia/GoalPlanning/src/location/install/setup.sh'
[2.912s] INFO:colcon.colcon_core.shell:Creating prefix script '/home/nvidia/GoalPlanning/src/location/install/local_setup.bash'
[2.913s] INFO:colcon.colcon_core.shell:Creating prefix chain script '/home/nvidia/GoalPlanning/src/location/install/setup.bash'
[2.916s] INFO:colcon.colcon_core.shell:Creating prefix script '/home/nvidia/GoalPlanning/src/location/install/local_setup.zsh'
[2.917s] INFO:colcon.colcon_core.shell:Creating prefix chain script '/home/nvidia/GoalPlanning/src/location/install/setup.zsh'
