[0.043s] Invoking command in '/home/nvidia/GoalPlanning/src/location/build/imu_msgs': CMAKE_PREFIX_PATH=${CMAKE_PREFIX_PATH}:/home/nvidia/GoalPlanning/install/planning:/home/nvidia/GoalPlanning/install/cmd_car:/opt/ros/foxy CONDA_PROMPT_MODIFIER=(base) /usr/bin/cmake --build /home/nvidia/GoalPlanning/src/location/build/imu_msgs -- -j8 -l8
[0.174s] [  1%] Built target imu_msgs__cpp
[0.179s] [ 12%] Built target imu_msgs__rosidl_generator_c
[0.229s] [ 29%] Built target imu_msgs__rosidl_typesupport_introspection_cpp
[0.230s] [ 35%] Built target imu_msgs__rosidl_typesupport_cpp
[0.235s] [ 57%] Built target imu_msgs__rosidl_typesupport_introspection_c
[0.235s] [ 57%] Built target imu_msgs__rosidl_typesupport_c
[0.242s] [ 69%] Built target imu_msgs__rosidl_typesupport_fastrtps_cpp
[0.306s] [ 80%] Built target imu_msgs__rosidl_typesupport_fastrtps_c
[0.360s] [ 80%] Built target imu_msgs
[0.408s] [ 81%] Built target imu_msgs__py
[0.472s] [ 91%] Built target imu_msgs__python
[0.530s] [ 97%] Built target imu_msgs__rosidl_typesupport_c__pyext
[0.531s] [ 97%] Built target imu_msgs__rosidl_typesupport_introspection_c__pyext
[0.537s] [100%] Built target imu_msgs__rosidl_typesupport_fastrtps_c__pyext
[0.566s] Invoked command in '/home/nvidia/GoalPlanning/src/location/build/imu_msgs' returned '0': CMAKE_PREFIX_PATH=${CMAKE_PREFIX_PATH}:/home/nvidia/GoalPlanning/install/planning:/home/nvidia/GoalPlanning/install/cmd_car:/opt/ros/foxy CONDA_PROMPT_MODIFIER=(base) /usr/bin/cmake --build /home/nvidia/GoalPlanning/src/location/build/imu_msgs -- -j8 -l8
[0.821s] Invoking command in '/home/nvidia/GoalPlanning/src/location/build/imu_msgs': CMAKE_PREFIX_PATH=${CMAKE_PREFIX_PATH}:/home/nvidia/GoalPlanning/install/planning:/home/nvidia/GoalPlanning/install/cmd_car:/opt/ros/foxy CONDA_PROMPT_MODIFIER=(base) /usr/bin/cmake --install /home/nvidia/GoalPlanning/src/location/build/imu_msgs
[0.845s] -- Install configuration: ""
[0.845s] -- Up-to-date: /home/nvidia/GoalPlanning/src/location/install/imu_msgs/share/ament_index/resource_index/rosidl_interfaces/imu_msgs
[0.846s] -- Up-to-date: /home/nvidia/GoalPlanning/src/location/install/imu_msgs/include/imu_msgs
[0.846s] -- Up-to-date: /home/nvidia/GoalPlanning/src/location/install/imu_msgs/include/imu_msgs/msg
[0.846s] -- Up-to-date: /home/nvidia/GoalPlanning/src/location/install/imu_msgs/include/imu_msgs/msg/detail
[0.846s] -- Up-to-date: /home/nvidia/GoalPlanning/src/location/install/imu_msgs/include/imu_msgs/msg/detail/ag041__type_support.h
[0.846s] -- Up-to-date: /home/nvidia/GoalPlanning/src/location/install/imu_msgs/include/imu_msgs/msg/detail/ag041__struct.h
[0.846s] -- Up-to-date: /home/nvidia/GoalPlanning/src/location/install/imu_msgs/include/imu_msgs/msg/detail/asensing__functions.h
[0.847s] -- Up-to-date: /home/nvidia/GoalPlanning/src/location/install/imu_msgs/include/imu_msgs/msg/detail/asensing__struct.h
[0.847s] -- Up-to-date: /home/nvidia/GoalPlanning/src/location/install/imu_msgs/include/imu_msgs/msg/detail/ag041__functions.h
[0.847s] -- Up-to-date: /home/nvidia/GoalPlanning/src/location/install/imu_msgs/include/imu_msgs/msg/detail/asensing__functions.c
[0.847s] -- Up-to-date: /home/nvidia/GoalPlanning/src/location/install/imu_msgs/include/imu_msgs/msg/detail/ag072__functions.h
[0.847s] -- Up-to-date: /home/nvidia/GoalPlanning/src/location/install/imu_msgs/include/imu_msgs/msg/detail/asensing__type_support.h
[0.848s] -- Up-to-date: /home/nvidia/GoalPlanning/src/location/install/imu_msgs/include/imu_msgs/msg/detail/ag041__functions.c
[0.848s] -- Up-to-date: /home/nvidia/GoalPlanning/src/location/install/imu_msgs/include/imu_msgs/msg/detail/ag051__struct.h
[0.848s] -- Up-to-date: /home/nvidia/GoalPlanning/src/location/install/imu_msgs/include/imu_msgs/msg/detail/imu__type_support.h
[0.848s] -- Up-to-date: /home/nvidia/GoalPlanning/src/location/install/imu_msgs/include/imu_msgs/msg/detail/gnss__struct.h
[0.848s] -- Up-to-date: /home/nvidia/GoalPlanning/src/location/install/imu_msgs/include/imu_msgs/msg/detail/ag072__functions.c
[0.848s] -- Up-to-date: /home/nvidia/GoalPlanning/src/location/install/imu_msgs/include/imu_msgs/msg/detail/gnss__functions.h
[0.848s] -- Up-to-date: /home/nvidia/GoalPlanning/src/location/install/imu_msgs/include/imu_msgs/msg/detail/gnss__functions.c
[0.849s] -- Up-to-date: /home/nvidia/GoalPlanning/src/location/install/imu_msgs/include/imu_msgs/msg/detail/imu__struct.h
[0.849s] -- Up-to-date: /home/nvidia/GoalPlanning/src/location/install/imu_msgs/include/imu_msgs/msg/detail/ag051__type_support.h
[0.849s] -- Up-to-date: /home/nvidia/GoalPlanning/src/location/install/imu_msgs/include/imu_msgs/msg/detail/imu__functions.h
[0.849s] -- Up-to-date: /home/nvidia/GoalPlanning/src/location/install/imu_msgs/include/imu_msgs/msg/detail/ag051__functions.h
[0.849s] -- Up-to-date: /home/nvidia/GoalPlanning/src/location/install/imu_msgs/include/imu_msgs/msg/detail/ag072__type_support.h
[0.849s] -- Up-to-date: /home/nvidia/GoalPlanning/src/location/install/imu_msgs/include/imu_msgs/msg/detail/ag072__struct.h
[0.850s] -- Up-to-date: /home/nvidia/GoalPlanning/src/location/install/imu_msgs/include/imu_msgs/msg/detail/ag051__functions.c
[0.850s] -- Up-to-date: /home/nvidia/GoalPlanning/src/location/install/imu_msgs/include/imu_msgs/msg/detail/imu__functions.c
[0.850s] -- Up-to-date: /home/nvidia/GoalPlanning/src/location/install/imu_msgs/include/imu_msgs/msg/detail/gnss__type_support.h
[0.850s] -- Up-to-date: /home/nvidia/GoalPlanning/src/location/install/imu_msgs/include/imu_msgs/msg/rosidl_generator_c__visibility_control.h
[0.850s] -- Up-to-date: /home/nvidia/GoalPlanning/src/location/install/imu_msgs/include/imu_msgs/msg/ag041.h
[0.851s] -- Up-to-date: /home/nvidia/GoalPlanning/src/location/install/imu_msgs/include/imu_msgs/msg/ag051.h
[0.851s] -- Up-to-date: /home/nvidia/GoalPlanning/src/location/install/imu_msgs/include/imu_msgs/msg/asensing.h
[0.851s] -- Up-to-date: /home/nvidia/GoalPlanning/src/location/install/imu_msgs/include/imu_msgs/msg/imu.h
[0.851s] -- Up-to-date: /home/nvidia/GoalPlanning/src/location/install/imu_msgs/include/imu_msgs/msg/gnss.h
[0.851s] -- Up-to-date: /home/nvidia/GoalPlanning/src/location/install/imu_msgs/include/imu_msgs/msg/ag072.h
[0.851s] -- Up-to-date: /home/nvidia/GoalPlanning/src/location/install/imu_msgs/share/imu_msgs/environment/library_path.sh
[0.851s] -- Up-to-date: /home/nvidia/GoalPlanning/src/location/install/imu_msgs/share/imu_msgs/environment/library_path.dsv
[0.852s] -- Up-to-date: /home/nvidia/GoalPlanning/src/location/install/imu_msgs/lib/libimu_msgs__rosidl_generator_c.so
[0.852s] -- Up-to-date: /home/nvidia/GoalPlanning/src/location/install/imu_msgs/include/imu_msgs
[0.852s] -- Up-to-date: /home/nvidia/GoalPlanning/src/location/install/imu_msgs/include/imu_msgs/msg
[0.852s] -- Up-to-date: /home/nvidia/GoalPlanning/src/location/install/imu_msgs/include/imu_msgs/msg/detail
[0.852s] -- Up-to-date: /home/nvidia/GoalPlanning/src/location/install/imu_msgs/include/imu_msgs/msg/detail/asensing__rosidl_typesupport_fastrtps_c.h
[0.852s] -- Up-to-date: /home/nvidia/GoalPlanning/src/location/install/imu_msgs/include/imu_msgs/msg/detail/ag072__rosidl_typesupport_fastrtps_c.h
[0.853s] -- Up-to-date: /home/nvidia/GoalPlanning/src/location/install/imu_msgs/include/imu_msgs/msg/detail/gnss__rosidl_typesupport_fastrtps_c.h
[0.853s] -- Up-to-date: /home/nvidia/GoalPlanning/src/location/install/imu_msgs/include/imu_msgs/msg/detail/ag041__rosidl_typesupport_fastrtps_c.h
[0.853s] -- Up-to-date: /home/nvidia/GoalPlanning/src/location/install/imu_msgs/include/imu_msgs/msg/detail/ag051__rosidl_typesupport_fastrtps_c.h
[0.853s] -- Up-to-date: /home/nvidia/GoalPlanning/src/location/install/imu_msgs/include/imu_msgs/msg/detail/imu__rosidl_typesupport_fastrtps_c.h
[0.854s] -- Up-to-date: /home/nvidia/GoalPlanning/src/location/install/imu_msgs/include/imu_msgs/msg/rosidl_typesupport_fastrtps_c__visibility_control.h
[0.854s] -- Up-to-date: /home/nvidia/GoalPlanning/src/location/install/imu_msgs/lib/libimu_msgs__rosidl_typesupport_fastrtps_c.so
[0.854s] -- Up-to-date: /home/nvidia/GoalPlanning/src/location/install/imu_msgs/include/imu_msgs
[0.854s] -- Up-to-date: /home/nvidia/GoalPlanning/src/location/install/imu_msgs/include/imu_msgs/msg
[0.854s] -- Up-to-date: /home/nvidia/GoalPlanning/src/location/install/imu_msgs/include/imu_msgs/msg/detail
[0.855s] -- Up-to-date: /home/nvidia/GoalPlanning/src/location/install/imu_msgs/include/imu_msgs/msg/detail/ag051__rosidl_typesupport_fastrtps_cpp.hpp
[0.855s] -- Up-to-date: /home/nvidia/GoalPlanning/src/location/install/imu_msgs/include/imu_msgs/msg/detail/imu__rosidl_typesupport_fastrtps_cpp.hpp
[0.855s] -- Up-to-date: /home/nvidia/GoalPlanning/src/location/install/imu_msgs/include/imu_msgs/msg/detail/ag041__rosidl_typesupport_fastrtps_cpp.hpp
[0.855s] -- Up-to-date: /home/nvidia/GoalPlanning/src/location/install/imu_msgs/include/imu_msgs/msg/detail/gnss__rosidl_typesupport_fastrtps_cpp.hpp
[0.855s] -- Up-to-date: /home/nvidia/GoalPlanning/src/location/install/imu_msgs/include/imu_msgs/msg/detail/asensing__rosidl_typesupport_fastrtps_cpp.hpp
[0.855s] -- Up-to-date: /home/nvidia/GoalPlanning/src/location/install/imu_msgs/include/imu_msgs/msg/detail/dds_fastrtps
[0.855s] -- Up-to-date: /home/nvidia/GoalPlanning/src/location/install/imu_msgs/include/imu_msgs/msg/detail/ag072__rosidl_typesupport_fastrtps_cpp.hpp
[0.856s] -- Up-to-date: /home/nvidia/GoalPlanning/src/location/install/imu_msgs/include/imu_msgs/msg/rosidl_typesupport_fastrtps_cpp__visibility_control.h
[0.856s] -- Up-to-date: /home/nvidia/GoalPlanning/src/location/install/imu_msgs/lib/libimu_msgs__rosidl_typesupport_fastrtps_cpp.so
[0.856s] -- Up-to-date: /home/nvidia/GoalPlanning/src/location/install/imu_msgs/include/imu_msgs
[0.856s] -- Up-to-date: /home/nvidia/GoalPlanning/src/location/install/imu_msgs/include/imu_msgs/msg
[0.856s] -- Up-to-date: /home/nvidia/GoalPlanning/src/location/install/imu_msgs/include/imu_msgs/msg/detail
[0.856s] -- Up-to-date: /home/nvidia/GoalPlanning/src/location/install/imu_msgs/include/imu_msgs/msg/detail/ag041__rosidl_typesupport_introspection_c.h
[0.856s] -- Up-to-date: /home/nvidia/GoalPlanning/src/location/install/imu_msgs/include/imu_msgs/msg/detail/ag072__type_support.c
[0.856s] -- Up-to-date: /home/nvidia/GoalPlanning/src/location/install/imu_msgs/include/imu_msgs/msg/detail/gnss__type_support.c
[0.857s] -- Up-to-date: /home/nvidia/GoalPlanning/src/location/install/imu_msgs/include/imu_msgs/msg/detail/imu__rosidl_typesupport_introspection_c.h
[0.857s] -- Up-to-date: /home/nvidia/GoalPlanning/src/location/install/imu_msgs/include/imu_msgs/msg/detail/gnss__rosidl_typesupport_introspection_c.h
[0.857s] -- Up-to-date: /home/nvidia/GoalPlanning/src/location/install/imu_msgs/include/imu_msgs/msg/detail/ag072__rosidl_typesupport_introspection_c.h
[0.857s] -- Up-to-date: /home/nvidia/GoalPlanning/src/location/install/imu_msgs/include/imu_msgs/msg/detail/asensing__rosidl_typesupport_introspection_c.h
[0.857s] -- Up-to-date: /home/nvidia/GoalPlanning/src/location/install/imu_msgs/include/imu_msgs/msg/detail/asensing__type_support.c
[0.857s] -- Up-to-date: /home/nvidia/GoalPlanning/src/location/install/imu_msgs/include/imu_msgs/msg/detail/imu__type_support.c
[0.857s] -- Up-to-date: /home/nvidia/GoalPlanning/src/location/install/imu_msgs/include/imu_msgs/msg/detail/ag051__rosidl_typesupport_introspection_c.h
[0.857s] -- Up-to-date: /home/nvidia/GoalPlanning/src/location/install/imu_msgs/include/imu_msgs/msg/detail/ag051__type_support.c
[0.858s] -- Up-to-date: /home/nvidia/GoalPlanning/src/location/install/imu_msgs/include/imu_msgs/msg/detail/ag041__type_support.c
[0.858s] -- Up-to-date: /home/nvidia/GoalPlanning/src/location/install/imu_msgs/include/imu_msgs/msg/rosidl_typesupport_introspection_c__visibility_control.h
[0.858s] -- Up-to-date: /home/nvidia/GoalPlanning/src/location/install/imu_msgs/lib/libimu_msgs__rosidl_typesupport_introspection_c.so
[0.858s] -- Up-to-date: /home/nvidia/GoalPlanning/src/location/install/imu_msgs/lib/libimu_msgs__rosidl_typesupport_c.so
[0.858s] -- Up-to-date: /home/nvidia/GoalPlanning/src/location/install/imu_msgs/include/imu_msgs
[0.858s] -- Up-to-date: /home/nvidia/GoalPlanning/src/location/install/imu_msgs/include/imu_msgs/msg
[0.858s] -- Up-to-date: /home/nvidia/GoalPlanning/src/location/install/imu_msgs/include/imu_msgs/msg/detail
[0.858s] -- Up-to-date: /home/nvidia/GoalPlanning/src/location/install/imu_msgs/include/imu_msgs/msg/detail/ag051__traits.hpp
[0.859s] -- Up-to-date: /home/nvidia/GoalPlanning/src/location/install/imu_msgs/include/imu_msgs/msg/detail/ag051__type_support.hpp
[0.859s] -- Up-to-date: /home/nvidia/GoalPlanning/src/location/install/imu_msgs/include/imu_msgs/msg/detail/imu__builder.hpp
[0.859s] -- Up-to-date: /home/nvidia/GoalPlanning/src/location/install/imu_msgs/include/imu_msgs/msg/detail/asensing__struct.hpp
[0.859s] -- Up-to-date: /home/nvidia/GoalPlanning/src/location/install/imu_msgs/include/imu_msgs/msg/detail/gnss__type_support.hpp
[0.859s] -- Up-to-date: /home/nvidia/GoalPlanning/src/location/install/imu_msgs/include/imu_msgs/msg/detail/ag072__traits.hpp
[0.859s] -- Up-to-date: /home/nvidia/GoalPlanning/src/location/install/imu_msgs/include/imu_msgs/msg/detail/ag072__builder.hpp
[0.859s] -- Up-to-date: /home/nvidia/GoalPlanning/src/location/install/imu_msgs/include/imu_msgs/msg/detail/ag041__type_support.hpp
[0.859s] -- Up-to-date: /home/nvidia/GoalPlanning/src/location/install/imu_msgs/include/imu_msgs/msg/detail/ag072__struct.hpp
[0.860s] -- Up-to-date: /home/nvidia/GoalPlanning/src/location/install/imu_msgs/include/imu_msgs/msg/detail/asensing__builder.hpp
[0.860s] -- Up-to-date: /home/nvidia/GoalPlanning/src/location/install/imu_msgs/include/imu_msgs/msg/detail/ag041__traits.hpp
[0.860s] -- Up-to-date: /home/nvidia/GoalPlanning/src/location/install/imu_msgs/include/imu_msgs/msg/detail/ag072__type_support.hpp
[0.860s] -- Up-to-date: /home/nvidia/GoalPlanning/src/location/install/imu_msgs/include/imu_msgs/msg/detail/ag051__struct.hpp
[0.860s] -- Up-to-date: /home/nvidia/GoalPlanning/src/location/install/imu_msgs/include/imu_msgs/msg/detail/imu__type_support.hpp
[0.860s] -- Up-to-date: /home/nvidia/GoalPlanning/src/location/install/imu_msgs/include/imu_msgs/msg/detail/asensing__type_support.hpp
[0.860s] -- Up-to-date: /home/nvidia/GoalPlanning/src/location/install/imu_msgs/include/imu_msgs/msg/detail/imu__struct.hpp
[0.860s] -- Up-to-date: /home/nvidia/GoalPlanning/src/location/install/imu_msgs/include/imu_msgs/msg/detail/ag041__struct.hpp
[0.860s] -- Up-to-date: /home/nvidia/GoalPlanning/src/location/install/imu_msgs/include/imu_msgs/msg/detail/gnss__traits.hpp
[0.861s] -- Up-to-date: /home/nvidia/GoalPlanning/src/location/install/imu_msgs/include/imu_msgs/msg/detail/imu__traits.hpp
[0.861s] -- Up-to-date: /home/nvidia/GoalPlanning/src/location/install/imu_msgs/include/imu_msgs/msg/detail/ag041__builder.hpp
[0.861s] -- Up-to-date: /home/nvidia/GoalPlanning/src/location/install/imu_msgs/include/imu_msgs/msg/detail/asensing__traits.hpp
[0.861s] -- Up-to-date: /home/nvidia/GoalPlanning/src/location/install/imu_msgs/include/imu_msgs/msg/detail/ag051__builder.hpp
[0.861s] -- Up-to-date: /home/nvidia/GoalPlanning/src/location/install/imu_msgs/include/imu_msgs/msg/detail/gnss__builder.hpp
[0.861s] -- Up-to-date: /home/nvidia/GoalPlanning/src/location/install/imu_msgs/include/imu_msgs/msg/detail/gnss__struct.hpp
[0.861s] -- Up-to-date: /home/nvidia/GoalPlanning/src/location/install/imu_msgs/include/imu_msgs/msg/rosidl_generator_cpp__visibility_control.hpp
[0.861s] -- Up-to-date: /home/nvidia/GoalPlanning/src/location/install/imu_msgs/include/imu_msgs/msg/gnss.hpp
[0.862s] -- Up-to-date: /home/nvidia/GoalPlanning/src/location/install/imu_msgs/include/imu_msgs/msg/ag041.hpp
[0.862s] -- Up-to-date: /home/nvidia/GoalPlanning/src/location/install/imu_msgs/include/imu_msgs/msg/ag051.hpp
[0.862s] -- Up-to-date: /home/nvidia/GoalPlanning/src/location/install/imu_msgs/include/imu_msgs/msg/imu.hpp
[0.862s] -- Up-to-date: /home/nvidia/GoalPlanning/src/location/install/imu_msgs/include/imu_msgs/msg/ag072.hpp
[0.862s] -- Up-to-date: /home/nvidia/GoalPlanning/src/location/install/imu_msgs/include/imu_msgs/msg/asensing.hpp
[0.862s] -- Up-to-date: /home/nvidia/GoalPlanning/src/location/install/imu_msgs/include/imu_msgs
[0.862s] -- Up-to-date: /home/nvidia/GoalPlanning/src/location/install/imu_msgs/include/imu_msgs/msg
[0.862s] -- Up-to-date: /home/nvidia/GoalPlanning/src/location/install/imu_msgs/include/imu_msgs/msg/detail
[0.863s] -- Up-to-date: /home/nvidia/GoalPlanning/src/location/install/imu_msgs/include/imu_msgs/msg/detail/asensing__type_support.cpp
[0.863s] -- Up-to-date: /home/nvidia/GoalPlanning/src/location/install/imu_msgs/include/imu_msgs/msg/detail/ag041__rosidl_typesupport_introspection_cpp.hpp
[0.863s] -- Up-to-date: /home/nvidia/GoalPlanning/src/location/install/imu_msgs/include/imu_msgs/msg/detail/ag072__type_support.cpp
[0.863s] -- Up-to-date: /home/nvidia/GoalPlanning/src/location/install/imu_msgs/include/imu_msgs/msg/detail/imu__type_support.cpp
[0.863s] -- Up-to-date: /home/nvidia/GoalPlanning/src/location/install/imu_msgs/include/imu_msgs/msg/detail/gnss__type_support.cpp
[0.863s] -- Up-to-date: /home/nvidia/GoalPlanning/src/location/install/imu_msgs/include/imu_msgs/msg/detail/ag051__rosidl_typesupport_introspection_cpp.hpp
[0.863s] -- Up-to-date: /home/nvidia/GoalPlanning/src/location/install/imu_msgs/include/imu_msgs/msg/detail/ag072__rosidl_typesupport_introspection_cpp.hpp
[0.863s] -- Up-to-date: /home/nvidia/GoalPlanning/src/location/install/imu_msgs/include/imu_msgs/msg/detail/ag051__type_support.cpp
[0.864s] -- Up-to-date: /home/nvidia/GoalPlanning/src/location/install/imu_msgs/include/imu_msgs/msg/detail/gnss__rosidl_typesupport_introspection_cpp.hpp
[0.864s] -- Up-to-date: /home/nvidia/GoalPlanning/src/location/install/imu_msgs/include/imu_msgs/msg/detail/imu__rosidl_typesupport_introspection_cpp.hpp
[0.864s] -- Up-to-date: /home/nvidia/GoalPlanning/src/location/install/imu_msgs/include/imu_msgs/msg/detail/ag041__type_support.cpp
[0.864s] -- Up-to-date: /home/nvidia/GoalPlanning/src/location/install/imu_msgs/include/imu_msgs/msg/detail/asensing__rosidl_typesupport_introspection_cpp.hpp
[0.864s] -- Up-to-date: /home/nvidia/GoalPlanning/src/location/install/imu_msgs/lib/libimu_msgs__rosidl_typesupport_introspection_cpp.so
[0.864s] -- Up-to-date: /home/nvidia/GoalPlanning/src/location/install/imu_msgs/lib/libimu_msgs__rosidl_typesupport_cpp.so
[0.864s] -- Up-to-date: /home/nvidia/GoalPlanning/src/location/install/imu_msgs/share/imu_msgs/environment/pythonpath.sh
[0.864s] -- Up-to-date: /home/nvidia/GoalPlanning/src/location/install/imu_msgs/share/imu_msgs/environment/pythonpath.dsv
[0.864s] -- Up-to-date: /home/nvidia/GoalPlanning/src/location/install/imu_msgs/lib/python3.11/site-packages/imu_msgs/__init__.py
[0.952s] -- Up-to-date: /home/nvidia/GoalPlanning/src/location/install/imu_msgs/lib/python3.11/site-packages/imu_msgs/msg
[0.952s] -- Up-to-date: /home/nvidia/GoalPlanning/src/location/install/imu_msgs/lib/python3.11/site-packages/imu_msgs/msg/_gnss_s.c
[0.952s] -- Up-to-date: /home/nvidia/GoalPlanning/src/location/install/imu_msgs/lib/python3.11/site-packages/imu_msgs/msg/_ag051.py
[0.952s] -- Up-to-date: /home/nvidia/GoalPlanning/src/location/install/imu_msgs/lib/python3.11/site-packages/imu_msgs/msg/_ag072.py
[0.953s] -- Up-to-date: /home/nvidia/GoalPlanning/src/location/install/imu_msgs/lib/python3.11/site-packages/imu_msgs/msg/_ag041.py
[0.953s] -- Up-to-date: /home/nvidia/GoalPlanning/src/location/install/imu_msgs/lib/python3.11/site-packages/imu_msgs/msg/__init__.py
[0.953s] -- Up-to-date: /home/nvidia/GoalPlanning/src/location/install/imu_msgs/lib/python3.11/site-packages/imu_msgs/msg/_ag051_s.c
[0.953s] -- Up-to-date: /home/nvidia/GoalPlanning/src/location/install/imu_msgs/lib/python3.11/site-packages/imu_msgs/msg/_ag072_s.c
[0.953s] -- Up-to-date: /home/nvidia/GoalPlanning/src/location/install/imu_msgs/lib/python3.11/site-packages/imu_msgs/msg/_ag041_s.c
[0.953s] -- Up-to-date: /home/nvidia/GoalPlanning/src/location/install/imu_msgs/lib/python3.11/site-packages/imu_msgs/msg/_gnss.py
[0.953s] -- Up-to-date: /home/nvidia/GoalPlanning/src/location/install/imu_msgs/lib/python3.11/site-packages/imu_msgs/msg/_asensing.py
[0.954s] -- Up-to-date: /home/nvidia/GoalPlanning/src/location/install/imu_msgs/lib/python3.11/site-packages/imu_msgs/msg/_asensing_s.c
[0.954s] -- Up-to-date: /home/nvidia/GoalPlanning/src/location/install/imu_msgs/lib/python3.11/site-packages/imu_msgs/msg/_imu_s.c
[0.954s] -- Up-to-date: /home/nvidia/GoalPlanning/src/location/install/imu_msgs/lib/python3.11/site-packages/imu_msgs/msg/_imu.py
[0.954s] -- Up-to-date: /home/nvidia/GoalPlanning/src/location/install/imu_msgs/lib/python3.11/site-packages/imu_msgs/imu_msgs_s__rosidl_typesupport_fastrtps_c.cpython-311-aarch64-linux-gnu.so
[0.954s] -- Up-to-date: /home/nvidia/GoalPlanning/src/location/install/imu_msgs/lib/python3.11/site-packages/imu_msgs/imu_msgs_s__rosidl_typesupport_introspection_c.cpython-311-aarch64-linux-gnu.so
[0.955s] -- Up-to-date: /home/nvidia/GoalPlanning/src/location/install/imu_msgs/lib/python3.11/site-packages/imu_msgs/imu_msgs_s__rosidl_typesupport_c.cpython-311-aarch64-linux-gnu.so
[0.956s] -- Up-to-date: /home/nvidia/GoalPlanning/src/location/install/imu_msgs/lib/libimu_msgs__python.so
[0.956s] -- Up-to-date: /home/nvidia/GoalPlanning/src/location/install/imu_msgs/share/imu_msgs/msg/ASENSING.idl
[0.956s] -- Up-to-date: /home/nvidia/GoalPlanning/src/location/install/imu_msgs/share/imu_msgs/msg/Imu.idl
[0.957s] -- Up-to-date: /home/nvidia/GoalPlanning/src/location/install/imu_msgs/share/imu_msgs/msg/Gnss.idl
[0.957s] -- Up-to-date: /home/nvidia/GoalPlanning/src/location/install/imu_msgs/share/imu_msgs/msg/AG041.idl
[0.957s] -- Up-to-date: /home/nvidia/GoalPlanning/src/location/install/imu_msgs/share/imu_msgs/msg/AG051.idl
[0.957s] -- Up-to-date: /home/nvidia/GoalPlanning/src/location/install/imu_msgs/share/imu_msgs/msg/AG072.idl
[0.957s] -- Up-to-date: /home/nvidia/GoalPlanning/src/location/install/imu_msgs/share/imu_msgs/msg/ASENSING.msg
[0.957s] -- Up-to-date: /home/nvidia/GoalPlanning/src/location/install/imu_msgs/share/imu_msgs/msg/Imu.msg
[0.958s] -- Up-to-date: /home/nvidia/GoalPlanning/src/location/install/imu_msgs/share/imu_msgs/msg/Gnss.msg
[0.958s] -- Up-to-date: /home/nvidia/GoalPlanning/src/location/install/imu_msgs/share/imu_msgs/msg/AG041.msg
[0.958s] -- Up-to-date: /home/nvidia/GoalPlanning/src/location/install/imu_msgs/share/imu_msgs/msg/AG051.msg
[0.958s] -- Up-to-date: /home/nvidia/GoalPlanning/src/location/install/imu_msgs/share/imu_msgs/msg/AG072.msg
[0.958s] -- Up-to-date: /home/nvidia/GoalPlanning/src/location/install/imu_msgs/share/ament_index/resource_index/package_run_dependencies/imu_msgs
[0.959s] -- Up-to-date: /home/nvidia/GoalPlanning/src/location/install/imu_msgs/share/ament_index/resource_index/parent_prefix_path/imu_msgs
[0.959s] -- Up-to-date: /home/nvidia/GoalPlanning/src/location/install/imu_msgs/share/imu_msgs/environment/ament_prefix_path.sh
[0.959s] -- Up-to-date: /home/nvidia/GoalPlanning/src/location/install/imu_msgs/share/imu_msgs/environment/ament_prefix_path.dsv
[0.959s] -- Up-to-date: /home/nvidia/GoalPlanning/src/location/install/imu_msgs/share/imu_msgs/environment/path.sh
[0.959s] -- Up-to-date: /home/nvidia/GoalPlanning/src/location/install/imu_msgs/share/imu_msgs/environment/path.dsv
[0.959s] -- Up-to-date: /home/nvidia/GoalPlanning/src/location/install/imu_msgs/share/imu_msgs/local_setup.bash
[0.959s] -- Up-to-date: /home/nvidia/GoalPlanning/src/location/install/imu_msgs/share/imu_msgs/local_setup.sh
[0.959s] -- Up-to-date: /home/nvidia/GoalPlanning/src/location/install/imu_msgs/share/imu_msgs/local_setup.zsh
[0.960s] -- Up-to-date: /home/nvidia/GoalPlanning/src/location/install/imu_msgs/share/imu_msgs/local_setup.dsv
[0.960s] -- Installing: /home/nvidia/GoalPlanning/src/location/install/imu_msgs/share/imu_msgs/package.dsv
[0.960s] -- Up-to-date: /home/nvidia/GoalPlanning/src/location/install/imu_msgs/share/ament_index/resource_index/packages/imu_msgs
[0.960s] -- Up-to-date: /home/nvidia/GoalPlanning/src/location/install/imu_msgs/share/imu_msgs/cmake/imu_msgs__rosidl_generator_cExport.cmake
[0.960s] -- Up-to-date: /home/nvidia/GoalPlanning/src/location/install/imu_msgs/share/imu_msgs/cmake/imu_msgs__rosidl_generator_cExport-noconfig.cmake
[0.960s] -- Up-to-date: /home/nvidia/GoalPlanning/src/location/install/imu_msgs/share/imu_msgs/cmake/imu_msgs__rosidl_typesupport_introspection_cExport.cmake
[0.961s] -- Up-to-date: /home/nvidia/GoalPlanning/src/location/install/imu_msgs/share/imu_msgs/cmake/imu_msgs__rosidl_typesupport_introspection_cExport-noconfig.cmake
[0.961s] -- Up-to-date: /home/nvidia/GoalPlanning/src/location/install/imu_msgs/share/imu_msgs/cmake/imu_msgs__rosidl_typesupport_cExport.cmake
[0.961s] -- Up-to-date: /home/nvidia/GoalPlanning/src/location/install/imu_msgs/share/imu_msgs/cmake/imu_msgs__rosidl_typesupport_cExport-noconfig.cmake
[0.961s] -- Up-to-date: /home/nvidia/GoalPlanning/src/location/install/imu_msgs/share/imu_msgs/cmake/imu_msgs__rosidl_generator_cppExport.cmake
[0.961s] -- Up-to-date: /home/nvidia/GoalPlanning/src/location/install/imu_msgs/share/imu_msgs/cmake/imu_msgs__rosidl_typesupport_introspection_cppExport.cmake
[0.962s] -- Up-to-date: /home/nvidia/GoalPlanning/src/location/install/imu_msgs/share/imu_msgs/cmake/imu_msgs__rosidl_typesupport_introspection_cppExport-noconfig.cmake
[0.962s] -- Up-to-date: /home/nvidia/GoalPlanning/src/location/install/imu_msgs/share/imu_msgs/cmake/imu_msgs__rosidl_typesupport_cppExport.cmake
[0.962s] -- Up-to-date: /home/nvidia/GoalPlanning/src/location/install/imu_msgs/share/imu_msgs/cmake/imu_msgs__rosidl_typesupport_cppExport-noconfig.cmake
[0.962s] -- Up-to-date: /home/nvidia/GoalPlanning/src/location/install/imu_msgs/share/imu_msgs/cmake/rosidl_cmake-extras.cmake
[0.962s] -- Up-to-date: /home/nvidia/GoalPlanning/src/location/install/imu_msgs/share/imu_msgs/cmake/ament_cmake_export_dependencies-extras.cmake
[0.963s] -- Up-to-date: /home/nvidia/GoalPlanning/src/location/install/imu_msgs/share/imu_msgs/cmake/ament_cmake_export_libraries-extras.cmake
[0.963s] -- Up-to-date: /home/nvidia/GoalPlanning/src/location/install/imu_msgs/share/imu_msgs/cmake/ament_cmake_export_targets-extras.cmake
[0.963s] -- Up-to-date: /home/nvidia/GoalPlanning/src/location/install/imu_msgs/share/imu_msgs/cmake/ament_cmake_export_include_directories-extras.cmake
[0.963s] -- Up-to-date: /home/nvidia/GoalPlanning/src/location/install/imu_msgs/share/imu_msgs/cmake/rosidl_cmake_export_typesupport_libraries-extras.cmake
[0.963s] -- Up-to-date: /home/nvidia/GoalPlanning/src/location/install/imu_msgs/share/imu_msgs/cmake/rosidl_cmake_export_typesupport_targets-extras.cmake
[0.963s] -- Up-to-date: /home/nvidia/GoalPlanning/src/location/install/imu_msgs/share/imu_msgs/cmake/imu_msgsConfig.cmake
[0.963s] -- Up-to-date: /home/nvidia/GoalPlanning/src/location/install/imu_msgs/share/imu_msgs/cmake/imu_msgsConfig-version.cmake
[0.964s] -- Up-to-date: /home/nvidia/GoalPlanning/src/location/install/imu_msgs/share/imu_msgs/package.xml
[0.970s] Invoked command in '/home/nvidia/GoalPlanning/src/location/build/imu_msgs' returned '0': CMAKE_PREFIX_PATH=${CMAKE_PREFIX_PATH}:/home/nvidia/GoalPlanning/install/planning:/home/nvidia/GoalPlanning/install/cmd_car:/opt/ros/foxy CONDA_PROMPT_MODIFIER=(base) /usr/bin/cmake --install /home/nvidia/GoalPlanning/src/location/build/imu_msgs
