[0.044s] Invoking command in '/home/nvidia/GoalPlanning/build/imu_node': AMENT_PREFIX_PATH=/home/nvidia/GoalPlanning/install/serial:/home/nvidia/GoalPlanning/install/imu_msgs:${AMENT_PREFIX_PATH} CMAKE_PREFIX_PATH=/home/nvidia/GoalPlanning/install/serial:/home/nvidia/GoalPlanning/install/imu_msgs:/opt/ros/foxy CONDA_PROMPT_MODIFIER=(base) LD_LIBRARY_PATH=/home/nvidia/GoalPlanning/install/serial/lib:/home/nvidia/GoalPlanning/install/imu_msgs/lib:/usr/local/cuda-11.4/lib64:/usr/lib/aarch64-linux-gnu/gazebo-11/plugins:/opt/ros/foxy/opt/yaml_cpp_vendor/lib:/opt/ros/foxy/opt/rviz_ogre_vendor/lib:/opt/ros/foxy/lib/aarch64-linux-gnu:/opt/ros/foxy/lib:/usr/local/cuda-11.4/lib64 PYTHONPATH=/home/nvidia/GoalPlanning/install/imu_msgs/lib/python3.8/site-packages:${PYTHONPATH} /usr/bin/cmake --build /home/nvidia/GoalPlanning/build/imu_node -- -j8 -l8
[0.239s] [100%] Built target imu_pub
[0.302s] Invoked command in '/home/nvidia/GoalPlanning/build/imu_node' returned '0': AMENT_PREFIX_PATH=/home/nvidia/GoalPlanning/install/serial:/home/nvidia/GoalPlanning/install/imu_msgs:${AMENT_PREFIX_PATH} CMAKE_PREFIX_PATH=/home/nvidia/GoalPlanning/install/serial:/home/nvidia/GoalPlanning/install/imu_msgs:/opt/ros/foxy CONDA_PROMPT_MODIFIER=(base) LD_LIBRARY_PATH=/home/nvidia/GoalPlanning/install/serial/lib:/home/nvidia/GoalPlanning/install/imu_msgs/lib:/usr/local/cuda-11.4/lib64:/usr/lib/aarch64-linux-gnu/gazebo-11/plugins:/opt/ros/foxy/opt/yaml_cpp_vendor/lib:/opt/ros/foxy/opt/rviz_ogre_vendor/lib:/opt/ros/foxy/lib/aarch64-linux-gnu:/opt/ros/foxy/lib:/usr/local/cuda-11.4/lib64 PYTHONPATH=/home/nvidia/GoalPlanning/install/imu_msgs/lib/python3.8/site-packages:${PYTHONPATH} /usr/bin/cmake --build /home/nvidia/GoalPlanning/build/imu_node -- -j8 -l8
[0.415s] Invoking command in '/home/nvidia/GoalPlanning/build/imu_node': AMENT_PREFIX_PATH=/home/nvidia/GoalPlanning/install/serial:/home/nvidia/GoalPlanning/install/imu_msgs:${AMENT_PREFIX_PATH} CMAKE_PREFIX_PATH=/home/nvidia/GoalPlanning/install/serial:/home/nvidia/GoalPlanning/install/imu_msgs:/opt/ros/foxy CONDA_PROMPT_MODIFIER=(base) LD_LIBRARY_PATH=/home/nvidia/GoalPlanning/install/serial/lib:/home/nvidia/GoalPlanning/install/imu_msgs/lib:/usr/local/cuda-11.4/lib64:/usr/lib/aarch64-linux-gnu/gazebo-11/plugins:/opt/ros/foxy/opt/yaml_cpp_vendor/lib:/opt/ros/foxy/opt/rviz_ogre_vendor/lib:/opt/ros/foxy/lib/aarch64-linux-gnu:/opt/ros/foxy/lib:/usr/local/cuda-11.4/lib64 PYTHONPATH=/home/nvidia/GoalPlanning/install/imu_msgs/lib/python3.8/site-packages:${PYTHONPATH} /usr/bin/cmake --install /home/nvidia/GoalPlanning/build/imu_node
[0.442s] -- Install configuration: ""
[0.443s] -- Up-to-date: /home/nvidia/GoalPlanning/install/imu_node/share/imu_node/launch
[0.443s] -- Up-to-date: /home/nvidia/GoalPlanning/install/imu_node/share/imu_node/launch/__pycache__
[0.443s] -- Up-to-date: /home/nvidia/GoalPlanning/install/imu_node/share/imu_node/launch/__pycache__/imu_node.launch.cpython-310.pyc
[0.443s] -- Up-to-date: /home/nvidia/GoalPlanning/install/imu_node/share/imu_node/launch/imu_node.launch.py
[0.444s] -- Up-to-date: /home/nvidia/GoalPlanning/install/imu_node/lib/imu_node/imu_pub
[0.444s] -- Up-to-date: /home/nvidia/GoalPlanning/install/imu_node/share/ament_index/resource_index/package_run_dependencies/imu_node
[0.444s] -- Up-to-date: /home/nvidia/GoalPlanning/install/imu_node/share/ament_index/resource_index/parent_prefix_path/imu_node
[0.444s] -- Up-to-date: /home/nvidia/GoalPlanning/install/imu_node/share/imu_node/environment/ament_prefix_path.sh
[0.445s] -- Up-to-date: /home/nvidia/GoalPlanning/install/imu_node/share/imu_node/environment/ament_prefix_path.dsv
[0.445s] -- Up-to-date: /home/nvidia/GoalPlanning/install/imu_node/share/imu_node/environment/path.sh
[0.445s] -- Up-to-date: /home/nvidia/GoalPlanning/install/imu_node/share/imu_node/environment/path.dsv
[0.445s] -- Up-to-date: /home/nvidia/GoalPlanning/install/imu_node/share/imu_node/local_setup.bash
[0.445s] -- Up-to-date: /home/nvidia/GoalPlanning/install/imu_node/share/imu_node/local_setup.sh
[0.446s] -- Up-to-date: /home/nvidia/GoalPlanning/install/imu_node/share/imu_node/local_setup.zsh
[0.446s] -- Up-to-date: /home/nvidia/GoalPlanning/install/imu_node/share/imu_node/local_setup.dsv
[0.446s] -- Installing: /home/nvidia/GoalPlanning/install/imu_node/share/imu_node/package.dsv
[0.446s] -- Up-to-date: /home/nvidia/GoalPlanning/install/imu_node/share/ament_index/resource_index/packages/imu_node
[0.446s] -- Up-to-date: /home/nvidia/GoalPlanning/install/imu_node/share/imu_node/cmake/imu_nodeConfig.cmake
[0.446s] -- Up-to-date: /home/nvidia/GoalPlanning/install/imu_node/share/imu_node/cmake/imu_nodeConfig-version.cmake
[0.446s] -- Up-to-date: /home/nvidia/GoalPlanning/install/imu_node/share/imu_node/package.xml
[0.454s] Invoked command in '/home/nvidia/GoalPlanning/build/imu_node' returned '0': AMENT_PREFIX_PATH=/home/nvidia/GoalPlanning/install/serial:/home/nvidia/GoalPlanning/install/imu_msgs:${AMENT_PREFIX_PATH} CMAKE_PREFIX_PATH=/home/nvidia/GoalPlanning/install/serial:/home/nvidia/GoalPlanning/install/imu_msgs:/opt/ros/foxy CONDA_PROMPT_MODIFIER=(base) LD_LIBRARY_PATH=/home/nvidia/GoalPlanning/install/serial/lib:/home/nvidia/GoalPlanning/install/imu_msgs/lib:/usr/local/cuda-11.4/lib64:/usr/lib/aarch64-linux-gnu/gazebo-11/plugins:/opt/ros/foxy/opt/yaml_cpp_vendor/lib:/opt/ros/foxy/opt/rviz_ogre_vendor/lib:/opt/ros/foxy/lib/aarch64-linux-gnu:/opt/ros/foxy/lib:/usr/local/cuda-11.4/lib64 PYTHONPATH=/home/nvidia/GoalPlanning/install/imu_msgs/lib/python3.8/site-packages:${PYTHONPATH} /usr/bin/cmake --install /home/nvidia/GoalPlanning/build/imu_node
