[100%] Built target imu_pub
-- Install configuration: ""
-- Up-to-date: /home/nvidia/GoalPlanning/install/imu_node/share/imu_node/launch
-- Up-to-date: /home/nvidia/GoalPlanning/install/imu_node/share/imu_node/launch/__pycache__
-- Up-to-date: /home/nvidia/GoalPlanning/install/imu_node/share/imu_node/launch/__pycache__/imu_node.launch.cpython-310.pyc
-- Up-to-date: /home/nvidia/GoalPlanning/install/imu_node/share/imu_node/launch/imu_node.launch.py
-- Up-to-date: /home/nvidia/GoalPlanning/install/imu_node/lib/imu_node/imu_pub
-- Up-to-date: /home/nvidia/GoalPlanning/install/imu_node/share/ament_index/resource_index/package_run_dependencies/imu_node
-- Up-to-date: /home/nvidia/GoalPlanning/install/imu_node/share/ament_index/resource_index/parent_prefix_path/imu_node
-- Up-to-date: /home/nvidia/GoalPlanning/install/imu_node/share/imu_node/environment/ament_prefix_path.sh
-- Up-to-date: /home/nvidia/GoalPlanning/install/imu_node/share/imu_node/environment/ament_prefix_path.dsv
-- Up-to-date: /home/nvidia/GoalPlanning/install/imu_node/share/imu_node/environment/path.sh
-- Up-to-date: /home/nvidia/GoalPlanning/install/imu_node/share/imu_node/environment/path.dsv
-- Up-to-date: /home/nvidia/GoalPlanning/install/imu_node/share/imu_node/local_setup.bash
-- Up-to-date: /home/nvidia/GoalPlanning/install/imu_node/share/imu_node/local_setup.sh
-- Up-to-date: /home/nvidia/GoalPlanning/install/imu_node/share/imu_node/local_setup.zsh
-- Up-to-date: /home/nvidia/GoalPlanning/install/imu_node/share/imu_node/local_setup.dsv
-- Installing: /home/nvidia/GoalPlanning/install/imu_node/share/imu_node/package.dsv
-- Up-to-date: /home/nvidia/GoalPlanning/install/imu_node/share/ament_index/resource_index/packages/imu_node
-- Up-to-date: /home/nvidia/GoalPlanning/install/imu_node/share/imu_node/cmake/imu_nodeConfig.cmake
-- Up-to-date: /home/nvidia/GoalPlanning/install/imu_node/share/imu_node/cmake/imu_nodeConfig-version.cmake
-- Up-to-date: /home/nvidia/GoalPlanning/install/imu_node/share/imu_node/package.xml
