-- The C compiler identification is GNU 9.4.0
-- The CXX compiler identification is GNU 9.4.0
-- Check for working C compiler: /usr/bin/cc
-- Check for working C compiler: /usr/bin/cc -- works
-- Detecting C compiler ABI info
-- Detecting C compiler ABI info - done
-- Detecting C compile features
-- Detecting C compile features - done
-- Check for working CXX compiler: /usr/bin/c++
-- Check for working CXX compiler: /usr/bin/c++ -- works
-- Detecting CXX compiler ABI info
-- Detecting CXX compiler ABI info - done
-- Detecting CXX compile features
-- Detecting CXX compile features - done
-- Found ament_cmake: 0.9.12 (/opt/ros/foxy/share/ament_cmake/cmake)
-- Found PythonInterp: /home/nvidia/anaconda3/bin/python3 (found suitable version "3.11.7", minimum required is "3") 
-- Using PYTHON_EXECUTABLE: /home/nvidia/anaconda3/bin/python3
-- Found rclcpp: 2.4.3 (/opt/ros/foxy/share/rclcpp/cmake)
-- Using all available rosidl_typesupport_c: rosidl_typesupport_fastrtps_c;rosidl_typesupport_introspection_c
-- Found rosidl_adapter: 1.3.1 (/opt/ros/foxy/share/rosidl_adapter/cmake)
-- Found OpenSSL: /usr/lib/aarch64-linux-gnu/libcrypto.so (found version "1.1.1f")  
-- Found FastRTPS: /opt/ros/foxy/include  
-- Using all available rosidl_typesupport_cpp: rosidl_typesupport_fastrtps_cpp;rosidl_typesupport_introspection_cpp
-- Found rmw_implementation_cmake: 1.0.4 (/opt/ros/foxy/share/rmw_implementation_cmake/cmake)
-- Using RMW implementation 'rmw_fastrtps_cpp' as default
-- Looking for pthread.h
-- Looking for pthread.h - found
-- Performing Test CMAKE_HAVE_LIBC_PTHREAD
-- Performing Test CMAKE_HAVE_LIBC_PTHREAD - Failed
-- Looking for pthread_create in pthreads
-- Looking for pthread_create in pthreads - not found
-- Looking for pthread_create in pthread
-- Looking for pthread_create in pthread - found
-- Found Threads: TRUE  
-- Found serial: 1.2.1 (/home/nvidia/GoalPlanning/src/location/install/serial/share/serial/cmake)
-- Found imu_msgs: 0.0.0 (/home/nvidia/GoalPlanning/src/location/install/imu_msgs/share/imu_msgs/cmake)
-- Found ament_lint_auto: 0.9.8 (/opt/ros/foxy/share/ament_lint_auto/cmake)
-- Added test 'copyright' to check source files copyright and LICENSE
-- Added test 'cppcheck' to perform static code analysis on C / C++ code
-- Configured cppcheck include dirs: /home/nvidia/GoalPlanning/src/location/src/imu_node/include
-- Configured cppcheck exclude dirs and/or files: 
-- Added test 'cpplint' to check C / C++ code against the Google style
-- Configured cpplint exclude dirs and/or files: 
-- Added test 'flake8' to check Python code syntax and style conventions
-- Added test 'lint_cmake' to check CMake code style
-- Added test 'pep257' to check Python code against some of the style conventions in PEP 257
-- Added test 'uncrustify' to check C / C++ code style
-- Configured uncrustify additional arguments: 
-- Added test 'xmllint' to check XML markup files
-- Configuring done
-- Generating done
-- Build files have been written to: /home/nvidia/GoalPlanning/src/location/build/imu_node
[35m[1mScanning dependencies of target imu_pub[0m
[ 60%] [32mBuilding CXX object CMakeFiles/imu_pub.dir/src/imu_pub.cpp.o[0m
[ 60%] [32mBuilding CXX object CMakeFiles/imu_pub.dir/src/TinyLog.cpp.o[0m
[ 80%] [32mBuilding CXX object CMakeFiles/imu_pub.dir/src/protocol_asensing.cpp.o[0m
[ 80%] [32mBuilding CXX object CMakeFiles/imu_pub.dir/src/common.cpp.o[0m
[100%] [32m[1mLinking CXX executable imu_pub[0m
[100%] Built target imu_pub
-- Install configuration: ""
-- Installing: /home/nvidia/GoalPlanning/src/location/install/imu_node/share/imu_node/launch
-- Installing: /home/nvidia/GoalPlanning/src/location/install/imu_node/share/imu_node/launch/__pycache__
-- Installing: /home/nvidia/GoalPlanning/src/location/install/imu_node/share/imu_node/launch/__pycache__/imu_node.launch.cpython-310.pyc
-- Installing: /home/nvidia/GoalPlanning/src/location/install/imu_node/share/imu_node/launch/imu_node.launch.py
-- Installing: /home/nvidia/GoalPlanning/src/location/install/imu_node/lib/imu_node/imu_pub
-- Set runtime path of "/home/nvidia/GoalPlanning/src/location/install/imu_node/lib/imu_node/imu_pub" to ""
-- Installing: /home/nvidia/GoalPlanning/src/location/install/imu_node/share/ament_index/resource_index/package_run_dependencies/imu_node
-- Installing: /home/nvidia/GoalPlanning/src/location/install/imu_node/share/ament_index/resource_index/parent_prefix_path/imu_node
-- Installing: /home/nvidia/GoalPlanning/src/location/install/imu_node/share/imu_node/environment/ament_prefix_path.sh
-- Installing: /home/nvidia/GoalPlanning/src/location/install/imu_node/share/imu_node/environment/ament_prefix_path.dsv
-- Installing: /home/nvidia/GoalPlanning/src/location/install/imu_node/share/imu_node/environment/path.sh
-- Installing: /home/nvidia/GoalPlanning/src/location/install/imu_node/share/imu_node/environment/path.dsv
-- Installing: /home/nvidia/GoalPlanning/src/location/install/imu_node/share/imu_node/local_setup.bash
-- Installing: /home/nvidia/GoalPlanning/src/location/install/imu_node/share/imu_node/local_setup.sh
-- Installing: /home/nvidia/GoalPlanning/src/location/install/imu_node/share/imu_node/local_setup.zsh
-- Installing: /home/nvidia/GoalPlanning/src/location/install/imu_node/share/imu_node/local_setup.dsv
-- Installing: /home/nvidia/GoalPlanning/src/location/install/imu_node/share/imu_node/package.dsv
-- Installing: /home/nvidia/GoalPlanning/src/location/install/imu_node/share/ament_index/resource_index/packages/imu_node
-- Installing: /home/nvidia/GoalPlanning/src/location/install/imu_node/share/imu_node/cmake/imu_nodeConfig.cmake
-- Installing: /home/nvidia/GoalPlanning/src/location/install/imu_node/share/imu_node/cmake/imu_nodeConfig-version.cmake
-- Installing: /home/nvidia/GoalPlanning/src/location/install/imu_node/share/imu_node/package.xml
