[0.117s] Invoking command in '/home/nvidia/GoalPlanning/build/rslidar_msg': CMAKE_PREFIX_PATH=${CMAKE_PREFIX_PATH}:/home/nvidia/GoalPlanning/install/planning:/home/nvidia/GoalPlanning/install/cmd_car:/opt/ros/foxy CONDA_PROMPT_MODIFIER=(base) /usr/bin/cmake --build /home/nvidia/GoalPlanning/build/rslidar_msg -- -j8 -l8
[1.446s] [  3%] Built target rslidar_msg__cpp
[1.447s] [ 12%] Built target rslidar_msg__rosidl_generator_c
[1.448s] [ 22%] Built target rslidar_msg__rosidl_typesupport_c
[1.449s] [ 32%] Built target rslidar_msg__rosidl_typesupport_introspection_c
[1.451s] [ 41%] Built target rslidar_msg__rosidl_typesupport_fastrtps_cpp
[1.452s] [ 51%] Built target rslidar_msg__rosidl_typesupport_introspection_cpp
[1.453s] [ 61%] Built target rslidar_msg__rosidl_typesupport_cpp
[1.453s] [ 70%] Built target rslidar_msg__rosidl_typesupport_fastrtps_c
[1.453s] [ 70%] Built target rslidar_msg
[1.453s] [ 74%] Built target rslidar_msg__py
[1.453s] [ 80%] Built target rslidar_msg__python
[1.453s] [ 87%] Built target rslidar_msg__rosidl_typesupport_c__pyext
[1.454s] [ 93%] Built target rslidar_msg__rosidl_typesupport_introspection_c__pyext
[1.455s] [100%] Built target rslidar_msg__rosidl_typesupport_fastrtps_c__pyext
[1.470s] Invoked command in '/home/nvidia/GoalPlanning/build/rslidar_msg' returned '0': CMAKE_PREFIX_PATH=${CMAKE_PREFIX_PATH}:/home/nvidia/GoalPlanning/install/planning:/home/nvidia/GoalPlanning/install/cmd_car:/opt/ros/foxy CONDA_PROMPT_MODIFIER=(base) /usr/bin/cmake --build /home/nvidia/GoalPlanning/build/rslidar_msg -- -j8 -l8
[1.594s] Invoking command in '/home/nvidia/GoalPlanning/build/rslidar_msg': CMAKE_PREFIX_PATH=${CMAKE_PREFIX_PATH}:/home/nvidia/GoalPlanning/install/planning:/home/nvidia/GoalPlanning/install/cmd_car:/opt/ros/foxy CONDA_PROMPT_MODIFIER=(base) /usr/bin/cmake --install /home/nvidia/GoalPlanning/build/rslidar_msg
[1.628s] -- Install configuration: ""
[1.628s] -- Up-to-date: /home/nvidia/GoalPlanning/install/rslidar_msg/share/ament_index/resource_index/rosidl_interfaces/rslidar_msg
[1.632s] -- Up-to-date: /home/nvidia/GoalPlanning/install/rslidar_msg/include/rslidar_msg
[1.633s] -- Up-to-date: /home/nvidia/GoalPlanning/install/rslidar_msg/include/rslidar_msg/msg
[1.633s] -- Up-to-date: /home/nvidia/GoalPlanning/install/rslidar_msg/include/rslidar_msg/msg/detail
[1.633s] -- Up-to-date: /home/nvidia/GoalPlanning/install/rslidar_msg/include/rslidar_msg/msg/detail/rslidar_packet__functions.c
[1.633s] -- Up-to-date: /home/nvidia/GoalPlanning/install/rslidar_msg/include/rslidar_msg/msg/detail/rslidar_packet__struct.h
[1.633s] -- Up-to-date: /home/nvidia/GoalPlanning/install/rslidar_msg/include/rslidar_msg/msg/detail/rslidar_packet__type_support.h
[1.634s] -- Up-to-date: /home/nvidia/GoalPlanning/install/rslidar_msg/include/rslidar_msg/msg/detail/rslidar_packet__functions.h
[1.634s] -- Up-to-date: /home/nvidia/GoalPlanning/install/rslidar_msg/include/rslidar_msg/msg/rosidl_generator_c__visibility_control.h
[1.634s] -- Up-to-date: /home/nvidia/GoalPlanning/install/rslidar_msg/include/rslidar_msg/msg/rslidar_packet.h
[1.634s] -- Up-to-date: /home/nvidia/GoalPlanning/install/rslidar_msg/share/rslidar_msg/environment/library_path.sh
[1.634s] -- Up-to-date: /home/nvidia/GoalPlanning/install/rslidar_msg/share/rslidar_msg/environment/library_path.dsv
[1.634s] -- Up-to-date: /home/nvidia/GoalPlanning/install/rslidar_msg/lib/librslidar_msg__rosidl_generator_c.so
[1.635s] -- Up-to-date: /home/nvidia/GoalPlanning/install/rslidar_msg/include/rslidar_msg
[1.635s] -- Up-to-date: /home/nvidia/GoalPlanning/install/rslidar_msg/include/rslidar_msg/msg
[1.635s] -- Up-to-date: /home/nvidia/GoalPlanning/install/rslidar_msg/include/rslidar_msg/msg/detail
[1.635s] -- Up-to-date: /home/nvidia/GoalPlanning/install/rslidar_msg/include/rslidar_msg/msg/detail/rslidar_packet__rosidl_typesupport_fastrtps_c.h
[1.635s] -- Up-to-date: /home/nvidia/GoalPlanning/install/rslidar_msg/include/rslidar_msg/msg/rosidl_typesupport_fastrtps_c__visibility_control.h
[1.635s] -- Up-to-date: /home/nvidia/GoalPlanning/install/rslidar_msg/lib/librslidar_msg__rosidl_typesupport_fastrtps_c.so
[1.635s] -- Up-to-date: /home/nvidia/GoalPlanning/install/rslidar_msg/include/rslidar_msg
[1.636s] -- Up-to-date: /home/nvidia/GoalPlanning/install/rslidar_msg/include/rslidar_msg/msg
[1.636s] -- Up-to-date: /home/nvidia/GoalPlanning/install/rslidar_msg/include/rslidar_msg/msg/detail
[1.636s] -- Up-to-date: /home/nvidia/GoalPlanning/install/rslidar_msg/include/rslidar_msg/msg/detail/rslidar_packet__rosidl_typesupport_fastrtps_cpp.hpp
[1.637s] -- Up-to-date: /home/nvidia/GoalPlanning/install/rslidar_msg/include/rslidar_msg/msg/detail/dds_fastrtps
[1.637s] -- Up-to-date: /home/nvidia/GoalPlanning/install/rslidar_msg/include/rslidar_msg/msg/rosidl_typesupport_fastrtps_cpp__visibility_control.h
[1.637s] -- Up-to-date: /home/nvidia/GoalPlanning/install/rslidar_msg/lib/librslidar_msg__rosidl_typesupport_fastrtps_cpp.so
[1.637s] -- Up-to-date: /home/nvidia/GoalPlanning/install/rslidar_msg/include/rslidar_msg
[1.637s] -- Up-to-date: /home/nvidia/GoalPlanning/install/rslidar_msg/include/rslidar_msg/msg
[1.637s] -- Up-to-date: /home/nvidia/GoalPlanning/install/rslidar_msg/include/rslidar_msg/msg/detail
[1.637s] -- Up-to-date: /home/nvidia/GoalPlanning/install/rslidar_msg/include/rslidar_msg/msg/detail/rslidar_packet__type_support.c
[1.638s] -- Up-to-date: /home/nvidia/GoalPlanning/install/rslidar_msg/include/rslidar_msg/msg/detail/rslidar_packet__rosidl_typesupport_introspection_c.h
[1.638s] -- Up-to-date: /home/nvidia/GoalPlanning/install/rslidar_msg/include/rslidar_msg/msg/rosidl_typesupport_introspection_c__visibility_control.h
[1.638s] -- Up-to-date: /home/nvidia/GoalPlanning/install/rslidar_msg/lib/librslidar_msg__rosidl_typesupport_introspection_c.so
[1.638s] -- Up-to-date: /home/nvidia/GoalPlanning/install/rslidar_msg/lib/librslidar_msg__rosidl_typesupport_c.so
[1.638s] -- Up-to-date: /home/nvidia/GoalPlanning/install/rslidar_msg/include/rslidar_msg
[1.638s] -- Up-to-date: /home/nvidia/GoalPlanning/install/rslidar_msg/include/rslidar_msg/msg
[1.638s] -- Up-to-date: /home/nvidia/GoalPlanning/install/rslidar_msg/include/rslidar_msg/msg/detail
[1.639s] -- Up-to-date: /home/nvidia/GoalPlanning/install/rslidar_msg/include/rslidar_msg/msg/detail/rslidar_packet__struct.hpp
[1.639s] -- Up-to-date: /home/nvidia/GoalPlanning/install/rslidar_msg/include/rslidar_msg/msg/detail/rslidar_packet__type_support.hpp
[1.639s] -- Up-to-date: /home/nvidia/GoalPlanning/install/rslidar_msg/include/rslidar_msg/msg/detail/rslidar_packet__builder.hpp
[1.639s] -- Up-to-date: /home/nvidia/GoalPlanning/install/rslidar_msg/include/rslidar_msg/msg/detail/rslidar_packet__traits.hpp
[1.639s] -- Up-to-date: /home/nvidia/GoalPlanning/install/rslidar_msg/include/rslidar_msg/msg/rosidl_generator_cpp__visibility_control.hpp
[1.639s] -- Up-to-date: /home/nvidia/GoalPlanning/install/rslidar_msg/include/rslidar_msg/msg/rslidar_packet.hpp
[1.639s] -- Up-to-date: /home/nvidia/GoalPlanning/install/rslidar_msg/include/rslidar_msg
[1.640s] -- Up-to-date: /home/nvidia/GoalPlanning/install/rslidar_msg/include/rslidar_msg/msg
[1.640s] -- Up-to-date: /home/nvidia/GoalPlanning/install/rslidar_msg/include/rslidar_msg/msg/detail
[1.640s] -- Up-to-date: /home/nvidia/GoalPlanning/install/rslidar_msg/include/rslidar_msg/msg/detail/rslidar_packet__type_support.cpp
[1.640s] -- Up-to-date: /home/nvidia/GoalPlanning/install/rslidar_msg/include/rslidar_msg/msg/detail/rslidar_packet__rosidl_typesupport_introspection_cpp.hpp
[1.640s] -- Up-to-date: /home/nvidia/GoalPlanning/install/rslidar_msg/lib/librslidar_msg__rosidl_typesupport_introspection_cpp.so
[1.640s] -- Up-to-date: /home/nvidia/GoalPlanning/install/rslidar_msg/lib/librslidar_msg__rosidl_typesupport_cpp.so
[1.640s] -- Up-to-date: /home/nvidia/GoalPlanning/install/rslidar_msg/share/rslidar_msg/environment/pythonpath.sh
[1.641s] -- Up-to-date: /home/nvidia/GoalPlanning/install/rslidar_msg/share/rslidar_msg/environment/pythonpath.dsv
[1.641s] -- Up-to-date: /home/nvidia/GoalPlanning/install/rslidar_msg/lib/python3.8/site-packages/rslidar_msg/__init__.py
[1.717s] -- Up-to-date: /home/nvidia/GoalPlanning/install/rslidar_msg/lib/python3.8/site-packages/rslidar_msg/msg
[1.717s] -- Up-to-date: /home/nvidia/GoalPlanning/install/rslidar_msg/lib/python3.8/site-packages/rslidar_msg/msg/__init__.py
[1.718s] -- Up-to-date: /home/nvidia/GoalPlanning/install/rslidar_msg/lib/python3.8/site-packages/rslidar_msg/msg/_rslidar_packet.py
[1.718s] -- Up-to-date: /home/nvidia/GoalPlanning/install/rslidar_msg/lib/python3.8/site-packages/rslidar_msg/msg/_rslidar_packet_s.c
[1.718s] -- Up-to-date: /home/nvidia/GoalPlanning/install/rslidar_msg/lib/python3.8/site-packages/rslidar_msg/rslidar_msg_s__rosidl_typesupport_fastrtps_c.cpython-38-aarch64-linux-gnu.so
[1.719s] -- Up-to-date: /home/nvidia/GoalPlanning/install/rslidar_msg/lib/python3.8/site-packages/rslidar_msg/rslidar_msg_s__rosidl_typesupport_introspection_c.cpython-38-aarch64-linux-gnu.so
[1.720s] -- Up-to-date: /home/nvidia/GoalPlanning/install/rslidar_msg/lib/python3.8/site-packages/rslidar_msg/rslidar_msg_s__rosidl_typesupport_c.cpython-38-aarch64-linux-gnu.so
[1.721s] -- Up-to-date: /home/nvidia/GoalPlanning/install/rslidar_msg/lib/librslidar_msg__python.so
[1.726s] -- Up-to-date: /home/nvidia/GoalPlanning/install/rslidar_msg/share/rslidar_msg/msg/RslidarPacket.idl
[1.727s] -- Up-to-date: /home/nvidia/GoalPlanning/install/rslidar_msg/share/rslidar_msg/msg/RslidarPacket.msg
[1.727s] -- Up-to-date: /home/nvidia/GoalPlanning/install/rslidar_msg/share/ament_index/resource_index/package_run_dependencies/rslidar_msg
[1.728s] -- Up-to-date: /home/nvidia/GoalPlanning/install/rslidar_msg/share/ament_index/resource_index/parent_prefix_path/rslidar_msg
[1.729s] -- Up-to-date: /home/nvidia/GoalPlanning/install/rslidar_msg/share/rslidar_msg/environment/ament_prefix_path.sh
[1.729s] -- Up-to-date: /home/nvidia/GoalPlanning/install/rslidar_msg/share/rslidar_msg/environment/ament_prefix_path.dsv
[1.741s] -- Up-to-date: /home/nvidia/GoalPlanning/install/rslidar_msg/share/rslidar_msg/environment/path.sh
[1.742s] -- Up-to-date: /home/nvidia/GoalPlanning/install/rslidar_msg/share/rslidar_msg/environment/path.dsv
[1.743s] -- Up-to-date: /home/nvidia/GoalPlanning/install/rslidar_msg/share/rslidar_msg/local_setup.bash
[1.744s] -- Up-to-date: /home/nvidia/GoalPlanning/install/rslidar_msg/share/rslidar_msg/local_setup.sh
[1.744s] -- Up-to-date: /home/nvidia/GoalPlanning/install/rslidar_msg/share/rslidar_msg/local_setup.zsh
[1.744s] -- Up-to-date: /home/nvidia/GoalPlanning/install/rslidar_msg/share/rslidar_msg/local_setup.dsv
[1.745s] -- Installing: /home/nvidia/GoalPlanning/install/rslidar_msg/share/rslidar_msg/package.dsv
[1.745s] -- Up-to-date: /home/nvidia/GoalPlanning/install/rslidar_msg/share/ament_index/resource_index/packages/rslidar_msg
[1.746s] -- Up-to-date: /home/nvidia/GoalPlanning/install/rslidar_msg/share/rslidar_msg/cmake/rslidar_msg__rosidl_generator_cExport.cmake
[1.746s] -- Up-to-date: /home/nvidia/GoalPlanning/install/rslidar_msg/share/rslidar_msg/cmake/rslidar_msg__rosidl_generator_cExport-noconfig.cmake
[1.751s] -- Up-to-date: /home/nvidia/GoalPlanning/install/rslidar_msg/share/rslidar_msg/cmake/rslidar_msg__rosidl_typesupport_introspection_cExport.cmake
[1.751s] -- Up-to-date: /home/nvidia/GoalPlanning/install/rslidar_msg/share/rslidar_msg/cmake/rslidar_msg__rosidl_typesupport_introspection_cExport-noconfig.cmake
[1.754s] -- Up-to-date: /home/nvidia/GoalPlanning/install/rslidar_msg/share/rslidar_msg/cmake/rslidar_msg__rosidl_typesupport_cExport.cmake
[1.754s] -- Up-to-date: /home/nvidia/GoalPlanning/install/rslidar_msg/share/rslidar_msg/cmake/rslidar_msg__rosidl_typesupport_cExport-noconfig.cmake
[1.757s] -- Up-to-date: /home/nvidia/GoalPlanning/install/rslidar_msg/share/rslidar_msg/cmake/rslidar_msg__rosidl_generator_cppExport.cmake
[1.758s] -- Up-to-date: /home/nvidia/GoalPlanning/install/rslidar_msg/share/rslidar_msg/cmake/rslidar_msg__rosidl_typesupport_introspection_cppExport.cmake
[1.758s] -- Up-to-date: /home/nvidia/GoalPlanning/install/rslidar_msg/share/rslidar_msg/cmake/rslidar_msg__rosidl_typesupport_introspection_cppExport-noconfig.cmake
[1.762s] -- Up-to-date: /home/nvidia/GoalPlanning/install/rslidar_msg/share/rslidar_msg/cmake/rslidar_msg__rosidl_typesupport_cppExport.cmake
[1.763s] -- Up-to-date: /home/nvidia/GoalPlanning/install/rslidar_msg/share/rslidar_msg/cmake/rslidar_msg__rosidl_typesupport_cppExport-noconfig.cmake
[1.763s] -- Up-to-date: /home/nvidia/GoalPlanning/install/rslidar_msg/share/rslidar_msg/cmake/rosidl_cmake-extras.cmake
[1.764s] -- Up-to-date: /home/nvidia/GoalPlanning/install/rslidar_msg/share/rslidar_msg/cmake/ament_cmake_export_dependencies-extras.cmake
[1.764s] -- Up-to-date: /home/nvidia/GoalPlanning/install/rslidar_msg/share/rslidar_msg/cmake/ament_cmake_export_libraries-extras.cmake
[1.765s] -- Up-to-date: /home/nvidia/GoalPlanning/install/rslidar_msg/share/rslidar_msg/cmake/ament_cmake_export_targets-extras.cmake
[1.765s] -- Up-to-date: /home/nvidia/GoalPlanning/install/rslidar_msg/share/rslidar_msg/cmake/ament_cmake_export_include_directories-extras.cmake
[1.766s] -- Up-to-date: /home/nvidia/GoalPlanning/install/rslidar_msg/share/rslidar_msg/cmake/rosidl_cmake_export_typesupport_libraries-extras.cmake
[1.766s] -- Up-to-date: /home/nvidia/GoalPlanning/install/rslidar_msg/share/rslidar_msg/cmake/rosidl_cmake_export_typesupport_targets-extras.cmake
[1.766s] -- Up-to-date: /home/nvidia/GoalPlanning/install/rslidar_msg/share/rslidar_msg/cmake/rslidar_msgConfig.cmake
[1.770s] -- Up-to-date: /home/nvidia/GoalPlanning/install/rslidar_msg/share/rslidar_msg/cmake/rslidar_msgConfig-version.cmake
[1.771s] -- Up-to-date: /home/nvidia/GoalPlanning/install/rslidar_msg/share/rslidar_msg/package.xml
[1.786s] Invoked command in '/home/nvidia/GoalPlanning/build/rslidar_msg' returned '0': CMAKE_PREFIX_PATH=${CMAKE_PREFIX_PATH}:/home/nvidia/GoalPlanning/install/planning:/home/nvidia/GoalPlanning/install/cmd_car:/opt/ros/foxy CONDA_PROMPT_MODIFIER=(base) /usr/bin/cmake --install /home/nvidia/GoalPlanning/build/rslidar_msg
