[0.098s] Invoking command in '/home/nvidia/GoalPlanning/build/car_msg': CMAKE_PREFIX_PATH=/opt/ros/foxy CONDA_PROMPT_MODIFIER=(base) /usr/bin/cmake --build /home/nvidia/GoalPlanning/build/car_msg -- -j8 -l8
[1.385s] [  7%] Built target car_msg__cpp
[1.385s] [ 12%] Built target car_msg__rosidl_generator_c
[1.386s] [ 33%] Built target car_msg__rosidl_typesupport_introspection_cpp
[1.387s] [ 33%] Built target car_msg__rosidl_typesupport_introspection_c
[1.387s] [ 51%] Built target car_msg__rosidl_typesupport_c
[1.388s] [ 53%] Built target car_msg__rosidl_typesupport_fastrtps_cpp
[1.390s] [ 64%] Built target car_msg__rosidl_typesupport_cpp
[1.391s] [ 74%] Built target car_msg__rosidl_typesupport_fastrtps_c
[1.391s] [ 74%] Built target car_msg
[1.391s] [ 76%] Built target car_msg__py
[1.391s] [ 84%] Built target car_msg__python
[1.392s] [ 89%] Built target car_msg__rosidl_typesupport_c__pyext
[1.392s] [ 94%] Built target car_msg__rosidl_typesupport_fastrtps_c__pyext
[1.392s] [100%] Built target car_msg__rosidl_typesupport_introspection_c__pyext
[1.395s] Invoked command in '/home/nvidia/GoalPlanning/build/car_msg' returned '0': CMAKE_PREFIX_PATH=/opt/ros/foxy CONDA_PROMPT_MODIFIER=(base) /usr/bin/cmake --build /home/nvidia/GoalPlanning/build/car_msg -- -j8 -l8
[1.591s] Invoking command in '/home/nvidia/GoalPlanning/build/car_msg': CMAKE_PREFIX_PATH=/opt/ros/foxy CONDA_PROMPT_MODIFIER=(base) /usr/bin/cmake --install /home/nvidia/GoalPlanning/build/car_msg
[1.620s] -- Install configuration: ""
[1.620s] -- Up-to-date: /home/nvidia/GoalPlanning/install/car_msg/share/ament_index/resource_index/rosidl_interfaces/car_msg
[1.621s] -- Up-to-date: /home/nvidia/GoalPlanning/install/car_msg/include/car_msg
[1.621s] -- Up-to-date: /home/nvidia/GoalPlanning/install/car_msg/include/car_msg/msg
[1.621s] -- Up-to-date: /home/nvidia/GoalPlanning/install/car_msg/include/car_msg/msg/detail
[1.621s] -- Up-to-date: /home/nvidia/GoalPlanning/install/car_msg/include/car_msg/msg/detail/car_state__functions.c
[1.622s] -- Up-to-date: /home/nvidia/GoalPlanning/install/car_msg/include/car_msg/msg/detail/car_state__functions.h
[1.622s] -- Up-to-date: /home/nvidia/GoalPlanning/install/car_msg/include/car_msg/msg/detail/car_state__type_support.h
[1.622s] -- Up-to-date: /home/nvidia/GoalPlanning/install/car_msg/include/car_msg/msg/detail/car_state__struct.h
[1.623s] -- Up-to-date: /home/nvidia/GoalPlanning/install/car_msg/include/car_msg/msg/detail/cmd_msg__type_support.h
[1.624s] -- Up-to-date: /home/nvidia/GoalPlanning/install/car_msg/include/car_msg/msg/detail/cmd_msg__functions.h
[1.624s] -- Up-to-date: /home/nvidia/GoalPlanning/install/car_msg/include/car_msg/msg/detail/cmd_msg__struct.h
[1.625s] -- Up-to-date: /home/nvidia/GoalPlanning/install/car_msg/include/car_msg/msg/detail/cmd_msg__functions.c
[1.625s] -- Up-to-date: /home/nvidia/GoalPlanning/install/car_msg/include/car_msg/msg/rosidl_generator_c__visibility_control.h
[1.625s] -- Up-to-date: /home/nvidia/GoalPlanning/install/car_msg/include/car_msg/msg/cmd_msg.h
[1.626s] -- Up-to-date: /home/nvidia/GoalPlanning/install/car_msg/include/car_msg/msg/car_state.h
[1.626s] -- Up-to-date: /home/nvidia/GoalPlanning/install/car_msg/share/car_msg/environment/library_path.sh
[1.627s] -- Up-to-date: /home/nvidia/GoalPlanning/install/car_msg/share/car_msg/environment/library_path.dsv
[1.628s] -- Up-to-date: /home/nvidia/GoalPlanning/install/car_msg/lib/libcar_msg__rosidl_generator_c.so
[1.628s] -- Up-to-date: /home/nvidia/GoalPlanning/install/car_msg/include/car_msg
[1.628s] -- Up-to-date: /home/nvidia/GoalPlanning/install/car_msg/include/car_msg/msg
[1.629s] -- Up-to-date: /home/nvidia/GoalPlanning/install/car_msg/include/car_msg/msg/detail
[1.629s] -- Up-to-date: /home/nvidia/GoalPlanning/install/car_msg/include/car_msg/msg/detail/car_state__rosidl_typesupport_fastrtps_c.h
[1.629s] -- Up-to-date: /home/nvidia/GoalPlanning/install/car_msg/include/car_msg/msg/detail/cmd_msg__rosidl_typesupport_fastrtps_c.h
[1.630s] -- Up-to-date: /home/nvidia/GoalPlanning/install/car_msg/include/car_msg/msg/rosidl_typesupport_fastrtps_c__visibility_control.h
[1.630s] -- Up-to-date: /home/nvidia/GoalPlanning/install/car_msg/lib/libcar_msg__rosidl_typesupport_fastrtps_c.so
[1.630s] -- Up-to-date: /home/nvidia/GoalPlanning/install/car_msg/include/car_msg
[1.630s] -- Up-to-date: /home/nvidia/GoalPlanning/install/car_msg/include/car_msg/msg
[1.630s] -- Up-to-date: /home/nvidia/GoalPlanning/install/car_msg/include/car_msg/msg/detail
[1.631s] -- Up-to-date: /home/nvidia/GoalPlanning/install/car_msg/include/car_msg/msg/detail/cmd_msg__rosidl_typesupport_fastrtps_cpp.hpp
[1.631s] -- Up-to-date: /home/nvidia/GoalPlanning/install/car_msg/include/car_msg/msg/detail/car_state__rosidl_typesupport_fastrtps_cpp.hpp
[1.631s] -- Up-to-date: /home/nvidia/GoalPlanning/install/car_msg/include/car_msg/msg/detail/dds_fastrtps
[1.631s] -- Up-to-date: /home/nvidia/GoalPlanning/install/car_msg/include/car_msg/msg/rosidl_typesupport_fastrtps_cpp__visibility_control.h
[1.632s] -- Up-to-date: /home/nvidia/GoalPlanning/install/car_msg/lib/libcar_msg__rosidl_typesupport_fastrtps_cpp.so
[1.632s] -- Up-to-date: /home/nvidia/GoalPlanning/install/car_msg/include/car_msg
[1.632s] -- Up-to-date: /home/nvidia/GoalPlanning/install/car_msg/include/car_msg/msg
[1.632s] -- Up-to-date: /home/nvidia/GoalPlanning/install/car_msg/include/car_msg/msg/detail
[1.632s] -- Up-to-date: /home/nvidia/GoalPlanning/install/car_msg/include/car_msg/msg/detail/car_state__type_support.c
[1.632s] -- Up-to-date: /home/nvidia/GoalPlanning/install/car_msg/include/car_msg/msg/detail/cmd_msg__rosidl_typesupport_introspection_c.h
[1.632s] -- Up-to-date: /home/nvidia/GoalPlanning/install/car_msg/include/car_msg/msg/detail/cmd_msg__type_support.c
[1.633s] -- Up-to-date: /home/nvidia/GoalPlanning/install/car_msg/include/car_msg/msg/detail/car_state__rosidl_typesupport_introspection_c.h
[1.633s] -- Up-to-date: /home/nvidia/GoalPlanning/install/car_msg/include/car_msg/msg/rosidl_typesupport_introspection_c__visibility_control.h
[1.633s] -- Up-to-date: /home/nvidia/GoalPlanning/install/car_msg/lib/libcar_msg__rosidl_typesupport_introspection_c.so
[1.633s] -- Up-to-date: /home/nvidia/GoalPlanning/install/car_msg/lib/libcar_msg__rosidl_typesupport_c.so
[1.633s] -- Up-to-date: /home/nvidia/GoalPlanning/install/car_msg/include/car_msg
[1.633s] -- Up-to-date: /home/nvidia/GoalPlanning/install/car_msg/include/car_msg/msg
[1.633s] -- Up-to-date: /home/nvidia/GoalPlanning/install/car_msg/include/car_msg/msg/detail
[1.634s] -- Up-to-date: /home/nvidia/GoalPlanning/install/car_msg/include/car_msg/msg/detail/cmd_msg__type_support.hpp
[1.634s] -- Up-to-date: /home/nvidia/GoalPlanning/install/car_msg/include/car_msg/msg/detail/car_state__builder.hpp
[1.634s] -- Up-to-date: /home/nvidia/GoalPlanning/install/car_msg/include/car_msg/msg/detail/cmd_msg__struct.hpp
[1.634s] -- Up-to-date: /home/nvidia/GoalPlanning/install/car_msg/include/car_msg/msg/detail/car_state__type_support.hpp
[1.634s] -- Up-to-date: /home/nvidia/GoalPlanning/install/car_msg/include/car_msg/msg/detail/cmd_msg__traits.hpp
[1.634s] -- Up-to-date: /home/nvidia/GoalPlanning/install/car_msg/include/car_msg/msg/detail/car_state__traits.hpp
[1.634s] -- Up-to-date: /home/nvidia/GoalPlanning/install/car_msg/include/car_msg/msg/detail/car_state__struct.hpp
[1.635s] -- Up-to-date: /home/nvidia/GoalPlanning/install/car_msg/include/car_msg/msg/detail/cmd_msg__builder.hpp
[1.635s] -- Up-to-date: /home/nvidia/GoalPlanning/install/car_msg/include/car_msg/msg/rosidl_generator_cpp__visibility_control.hpp
[1.635s] -- Up-to-date: /home/nvidia/GoalPlanning/install/car_msg/include/car_msg/msg/car_state.hpp
[1.635s] -- Up-to-date: /home/nvidia/GoalPlanning/install/car_msg/include/car_msg/msg/cmd_msg.hpp
[1.635s] -- Up-to-date: /home/nvidia/GoalPlanning/install/car_msg/include/car_msg
[1.635s] -- Up-to-date: /home/nvidia/GoalPlanning/install/car_msg/include/car_msg/msg
[1.635s] -- Up-to-date: /home/nvidia/GoalPlanning/install/car_msg/include/car_msg/msg/detail
[1.635s] -- Up-to-date: /home/nvidia/GoalPlanning/install/car_msg/include/car_msg/msg/detail/cmd_msg__rosidl_typesupport_introspection_cpp.hpp
[1.636s] -- Up-to-date: /home/nvidia/GoalPlanning/install/car_msg/include/car_msg/msg/detail/cmd_msg__type_support.cpp
[1.636s] -- Up-to-date: /home/nvidia/GoalPlanning/install/car_msg/include/car_msg/msg/detail/car_state__rosidl_typesupport_introspection_cpp.hpp
[1.636s] -- Up-to-date: /home/nvidia/GoalPlanning/install/car_msg/include/car_msg/msg/detail/car_state__type_support.cpp
[1.636s] -- Up-to-date: /home/nvidia/GoalPlanning/install/car_msg/lib/libcar_msg__rosidl_typesupport_introspection_cpp.so
[1.636s] -- Up-to-date: /home/nvidia/GoalPlanning/install/car_msg/lib/libcar_msg__rosidl_typesupport_cpp.so
[1.636s] -- Up-to-date: /home/nvidia/GoalPlanning/install/car_msg/share/car_msg/environment/pythonpath.sh
[1.636s] -- Up-to-date: /home/nvidia/GoalPlanning/install/car_msg/share/car_msg/environment/pythonpath.dsv
[1.637s] -- Up-to-date: /home/nvidia/GoalPlanning/install/car_msg/lib/python3.8/site-packages/car_msg/__init__.py
[1.709s] -- Up-to-date: /home/nvidia/GoalPlanning/install/car_msg/lib/python3.8/site-packages/car_msg/msg
[1.709s] -- Up-to-date: /home/nvidia/GoalPlanning/install/car_msg/lib/python3.8/site-packages/car_msg/msg/_cmd_msg_s.c
[1.709s] -- Up-to-date: /home/nvidia/GoalPlanning/install/car_msg/lib/python3.8/site-packages/car_msg/msg/__init__.py
[1.710s] -- Up-to-date: /home/nvidia/GoalPlanning/install/car_msg/lib/python3.8/site-packages/car_msg/msg/_car_state.py
[1.710s] -- Up-to-date: /home/nvidia/GoalPlanning/install/car_msg/lib/python3.8/site-packages/car_msg/msg/_cmd_msg.py
[1.713s] -- Up-to-date: /home/nvidia/GoalPlanning/install/car_msg/lib/python3.8/site-packages/car_msg/msg/_car_state_s.c
[1.714s] -- Up-to-date: /home/nvidia/GoalPlanning/install/car_msg/lib/python3.8/site-packages/car_msg/car_msg_s__rosidl_typesupport_fastrtps_c.cpython-38-aarch64-linux-gnu.so
[1.714s] -- Up-to-date: /home/nvidia/GoalPlanning/install/car_msg/lib/python3.8/site-packages/car_msg/car_msg_s__rosidl_typesupport_introspection_c.cpython-38-aarch64-linux-gnu.so
[1.714s] -- Up-to-date: /home/nvidia/GoalPlanning/install/car_msg/lib/python3.8/site-packages/car_msg/car_msg_s__rosidl_typesupport_c.cpython-38-aarch64-linux-gnu.so
[1.714s] -- Up-to-date: /home/nvidia/GoalPlanning/install/car_msg/lib/libcar_msg__python.so
[1.714s] -- Up-to-date: /home/nvidia/GoalPlanning/install/car_msg/share/car_msg/msg/CmdMsg.idl
[1.714s] -- Up-to-date: /home/nvidia/GoalPlanning/install/car_msg/share/car_msg/msg/CarState.idl
[1.715s] -- Up-to-date: /home/nvidia/GoalPlanning/install/car_msg/share/car_msg/msg/CmdMsg.msg
[1.715s] -- Up-to-date: /home/nvidia/GoalPlanning/install/car_msg/share/car_msg/msg/CarState.msg
[1.715s] -- Up-to-date: /home/nvidia/GoalPlanning/install/car_msg/share/ament_index/resource_index/package_run_dependencies/car_msg
[1.715s] -- Up-to-date: /home/nvidia/GoalPlanning/install/car_msg/share/ament_index/resource_index/parent_prefix_path/car_msg
[1.715s] -- Up-to-date: /home/nvidia/GoalPlanning/install/car_msg/share/car_msg/environment/ament_prefix_path.sh
[1.715s] -- Up-to-date: /home/nvidia/GoalPlanning/install/car_msg/share/car_msg/environment/ament_prefix_path.dsv
[1.715s] -- Up-to-date: /home/nvidia/GoalPlanning/install/car_msg/share/car_msg/environment/path.sh
[1.715s] -- Up-to-date: /home/nvidia/GoalPlanning/install/car_msg/share/car_msg/environment/path.dsv
[1.716s] -- Up-to-date: /home/nvidia/GoalPlanning/install/car_msg/share/car_msg/local_setup.bash
[1.716s] -- Up-to-date: /home/nvidia/GoalPlanning/install/car_msg/share/car_msg/local_setup.sh
[1.716s] -- Up-to-date: /home/nvidia/GoalPlanning/install/car_msg/share/car_msg/local_setup.zsh
[1.716s] -- Up-to-date: /home/nvidia/GoalPlanning/install/car_msg/share/car_msg/local_setup.dsv
[1.716s] -- Installing: /home/nvidia/GoalPlanning/install/car_msg/share/car_msg/package.dsv
[1.716s] -- Up-to-date: /home/nvidia/GoalPlanning/install/car_msg/share/ament_index/resource_index/packages/car_msg
[1.717s] -- Up-to-date: /home/nvidia/GoalPlanning/install/car_msg/share/car_msg/cmake/car_msg__rosidl_generator_cExport.cmake
[1.718s] -- Up-to-date: /home/nvidia/GoalPlanning/install/car_msg/share/car_msg/cmake/car_msg__rosidl_generator_cExport-noconfig.cmake
[1.718s] -- Up-to-date: /home/nvidia/GoalPlanning/install/car_msg/share/car_msg/cmake/car_msg__rosidl_typesupport_introspection_cExport.cmake
[1.718s] -- Up-to-date: /home/nvidia/GoalPlanning/install/car_msg/share/car_msg/cmake/car_msg__rosidl_typesupport_introspection_cExport-noconfig.cmake
[1.718s] -- Up-to-date: /home/nvidia/GoalPlanning/install/car_msg/share/car_msg/cmake/car_msg__rosidl_typesupport_cExport.cmake
[1.718s] -- Up-to-date: /home/nvidia/GoalPlanning/install/car_msg/share/car_msg/cmake/car_msg__rosidl_typesupport_cExport-noconfig.cmake
[1.719s] -- Up-to-date: /home/nvidia/GoalPlanning/install/car_msg/share/car_msg/cmake/car_msg__rosidl_generator_cppExport.cmake
[1.719s] -- Up-to-date: /home/nvidia/GoalPlanning/install/car_msg/share/car_msg/cmake/car_msg__rosidl_typesupport_introspection_cppExport.cmake
[1.719s] -- Up-to-date: /home/nvidia/GoalPlanning/install/car_msg/share/car_msg/cmake/car_msg__rosidl_typesupport_introspection_cppExport-noconfig.cmake
[1.719s] -- Up-to-date: /home/nvidia/GoalPlanning/install/car_msg/share/car_msg/cmake/car_msg__rosidl_typesupport_cppExport.cmake
[1.719s] -- Up-to-date: /home/nvidia/GoalPlanning/install/car_msg/share/car_msg/cmake/car_msg__rosidl_typesupport_cppExport-noconfig.cmake
[1.719s] -- Up-to-date: /home/nvidia/GoalPlanning/install/car_msg/share/car_msg/cmake/rosidl_cmake-extras.cmake
[1.719s] -- Up-to-date: /home/nvidia/GoalPlanning/install/car_msg/share/car_msg/cmake/ament_cmake_export_dependencies-extras.cmake
[1.720s] -- Up-to-date: /home/nvidia/GoalPlanning/install/car_msg/share/car_msg/cmake/ament_cmake_export_libraries-extras.cmake
[1.720s] -- Up-to-date: /home/nvidia/GoalPlanning/install/car_msg/share/car_msg/cmake/ament_cmake_export_targets-extras.cmake
[1.720s] -- Up-to-date: /home/nvidia/GoalPlanning/install/car_msg/share/car_msg/cmake/ament_cmake_export_include_directories-extras.cmake
[1.720s] -- Up-to-date: /home/nvidia/GoalPlanning/install/car_msg/share/car_msg/cmake/rosidl_cmake_export_typesupport_libraries-extras.cmake
[1.720s] -- Up-to-date: /home/nvidia/GoalPlanning/install/car_msg/share/car_msg/cmake/rosidl_cmake_export_typesupport_targets-extras.cmake
[1.721s] -- Up-to-date: /home/nvidia/GoalPlanning/install/car_msg/share/car_msg/cmake/car_msgConfig.cmake
[1.730s] -- Up-to-date: /home/nvidia/GoalPlanning/install/car_msg/share/car_msg/cmake/car_msgConfig-version.cmake
[1.730s] -- Up-to-date: /home/nvidia/GoalPlanning/install/car_msg/share/car_msg/package.xml
[1.731s] Invoked command in '/home/nvidia/GoalPlanning/build/car_msg' returned '0': CMAKE_PREFIX_PATH=/opt/ros/foxy CONDA_PROMPT_MODIFIER=(base) /usr/bin/cmake --install /home/nvidia/GoalPlanning/build/car_msg
