Performing C SOURCE FILE Test CMAKE_HAVE_LIBC_PTHREAD failed with the following output:
Change Dir: /home/nvidia/GoalPlanning/src/location/build/location/CMakeFiles/CMakeTmp

Run Build Command(s):/usr/bin/make cmTC_8f069/fast && /usr/bin/make -f CMakeFiles/cmTC_8f069.dir/build.make CMakeFiles/cmTC_8f069.dir/build
make[1]: 进入目录“/home/nvidia/GoalPlanning/src/location/build/location/CMakeFiles/CMakeTmp”
Building C object CMakeFiles/cmTC_8f069.dir/src.c.o
/usr/bin/cc   -DCMAKE_HAVE_LIBC_PTHREAD   -o CMakeFiles/cmTC_8f069.dir/src.c.o   -c /home/nvidia/GoalPlanning/src/location/build/location/CMakeFiles/CMakeTmp/src.c
Linking C executable cmTC_8f069
/usr/bin/cmake -E cmake_link_script CMakeFiles/cmTC_8f069.dir/link.txt --verbose=1
/usr/bin/cc  -DCMAKE_HAVE_LIBC_PTHREAD    CMakeFiles/cmTC_8f069.dir/src.c.o  -o cmTC_8f069 
/usr/bin/ld: CMakeFiles/cmTC_8f069.dir/src.c.o: in function `main':
src.c:(.text+0x48): undefined reference to `pthread_create'
/usr/bin/ld: src.c:(.text+0x50): undefined reference to `pthread_detach'
/usr/bin/ld: src.c:(.text+0x5c): undefined reference to `pthread_join'
collect2: error: ld returned 1 exit status
make[1]: *** [CMakeFiles/cmTC_8f069.dir/build.make:87：cmTC_8f069] 错误 1
make[1]: 离开目录“/home/nvidia/GoalPlanning/src/location/build/location/CMakeFiles/CMakeTmp”
make: *** [Makefile:121：cmTC_8f069/fast] 错误 2


Source file was:
#include <pthread.h>

void* test_func(void* data)
{
  return data;
}

int main(void)
{
  pthread_t thread;
  pthread_create(&thread, NULL, test_func, NULL);
  pthread_detach(thread);
  pthread_join(thread, NULL);
  pthread_atfork(NULL, NULL, NULL);
  pthread_exit(NULL);

  return 0;
}

Determining if the function pthread_create exists in the pthreads failed with the following output:
Change Dir: /home/nvidia/GoalPlanning/src/location/build/location/CMakeFiles/CMakeTmp

Run Build Command(s):/usr/bin/make cmTC_a05b5/fast && /usr/bin/make -f CMakeFiles/cmTC_a05b5.dir/build.make CMakeFiles/cmTC_a05b5.dir/build
make[1]: 进入目录“/home/nvidia/GoalPlanning/src/location/build/location/CMakeFiles/CMakeTmp”
Building C object CMakeFiles/cmTC_a05b5.dir/CheckFunctionExists.c.o
/usr/bin/cc   -DCHECK_FUNCTION_EXISTS=pthread_create   -o CMakeFiles/cmTC_a05b5.dir/CheckFunctionExists.c.o   -c /usr/share/cmake-3.16/Modules/CheckFunctionExists.c
Linking C executable cmTC_a05b5
/usr/bin/cmake -E cmake_link_script CMakeFiles/cmTC_a05b5.dir/link.txt --verbose=1
/usr/bin/cc  -DCHECK_FUNCTION_EXISTS=pthread_create    CMakeFiles/cmTC_a05b5.dir/CheckFunctionExists.c.o  -o cmTC_a05b5  -lpthreads 
/usr/bin/ld: 找不到 -lpthreads
collect2: error: ld returned 1 exit status
make[1]: *** [CMakeFiles/cmTC_a05b5.dir/build.make:87：cmTC_a05b5] 错误 1
make[1]: 离开目录“/home/nvidia/GoalPlanning/src/location/build/location/CMakeFiles/CMakeTmp”
make: *** [Makefile:121：cmTC_a05b5/fast] 错误 2



