[ 10%] Built target car_msg__rosidl_generator_c
[ 12%] Built target car_msg__cpp
[ 23%] Built target car_msg__rosidl_typesupport_c
[ 33%] Built target car_msg__rosidl_typesupport_introspection_c
[ 43%] Built target car_msg__rosidl_typesupport_cpp
[ 64%] Built target car_msg__rosidl_typesupport_introspection_cpp
[ 64%] Built target car_msg__rosidl_typesupport_fastrtps_cpp
[ 74%] Built target car_msg__rosidl_typesupport_fastrtps_c
[ 74%] Built target car_msg
[ 76%] Built target car_msg__py
[ 84%] Built target car_msg__python
[ 89%] Built target car_msg__rosidl_typesupport_c__pyext
[ 94%] Built target car_msg__rosidl_typesupport_introspection_c__pyext
[100%] Built target car_msg__rosidl_typesupport_fastrtps_c__pyext
-- Install configuration: ""
-- Up-to-date: /home/nvidia/GoalPlanning/install/car_msg/share/ament_index/resource_index/rosidl_interfaces/car_msg
-- Up-to-date: /home/nvidia/GoalPlanning/install/car_msg/include/car_msg
-- Up-to-date: /home/nvidia/GoalPlanning/install/car_msg/include/car_msg/msg
-- Up-to-date: /home/nvidia/GoalPlanning/install/car_msg/include/car_msg/msg/detail
-- Up-to-date: /home/nvidia/GoalPlanning/install/car_msg/include/car_msg/msg/detail/car_state__functions.c
-- Up-to-date: /home/nvidia/GoalPlanning/install/car_msg/include/car_msg/msg/detail/car_state__functions.h
-- Up-to-date: /home/nvidia/GoalPlanning/install/car_msg/include/car_msg/msg/detail/car_state__type_support.h
-- Up-to-date: /home/nvidia/GoalPlanning/install/car_msg/include/car_msg/msg/detail/car_state__struct.h
-- Up-to-date: /home/nvidia/GoalPlanning/install/car_msg/include/car_msg/msg/detail/cmd_msg__type_support.h
-- Up-to-date: /home/nvidia/GoalPlanning/install/car_msg/include/car_msg/msg/detail/cmd_msg__functions.h
-- Up-to-date: /home/nvidia/GoalPlanning/install/car_msg/include/car_msg/msg/detail/cmd_msg__struct.h
-- Up-to-date: /home/nvidia/GoalPlanning/install/car_msg/include/car_msg/msg/detail/cmd_msg__functions.c
-- Up-to-date: /home/nvidia/GoalPlanning/install/car_msg/include/car_msg/msg/rosidl_generator_c__visibility_control.h
-- Up-to-date: /home/nvidia/GoalPlanning/install/car_msg/include/car_msg/msg/cmd_msg.h
-- Up-to-date: /home/nvidia/GoalPlanning/install/car_msg/include/car_msg/msg/car_state.h
-- Up-to-date: /home/nvidia/GoalPlanning/install/car_msg/share/car_msg/environment/library_path.sh
-- Up-to-date: /home/nvidia/GoalPlanning/install/car_msg/share/car_msg/environment/library_path.dsv
-- Up-to-date: /home/nvidia/GoalPlanning/install/car_msg/lib/libcar_msg__rosidl_generator_c.so
-- Up-to-date: /home/nvidia/GoalPlanning/install/car_msg/include/car_msg
-- Up-to-date: /home/nvidia/GoalPlanning/install/car_msg/include/car_msg/msg
-- Up-to-date: /home/nvidia/GoalPlanning/install/car_msg/include/car_msg/msg/detail
-- Up-to-date: /home/nvidia/GoalPlanning/install/car_msg/include/car_msg/msg/detail/car_state__rosidl_typesupport_fastrtps_c.h
-- Up-to-date: /home/nvidia/GoalPlanning/install/car_msg/include/car_msg/msg/detail/cmd_msg__rosidl_typesupport_fastrtps_c.h
-- Up-to-date: /home/nvidia/GoalPlanning/install/car_msg/include/car_msg/msg/rosidl_typesupport_fastrtps_c__visibility_control.h
-- Up-to-date: /home/nvidia/GoalPlanning/install/car_msg/lib/libcar_msg__rosidl_typesupport_fastrtps_c.so
-- Up-to-date: /home/nvidia/GoalPlanning/install/car_msg/include/car_msg
-- Up-to-date: /home/nvidia/GoalPlanning/install/car_msg/include/car_msg/msg
-- Up-to-date: /home/nvidia/GoalPlanning/install/car_msg/include/car_msg/msg/detail
-- Up-to-date: /home/nvidia/GoalPlanning/install/car_msg/include/car_msg/msg/detail/cmd_msg__rosidl_typesupport_fastrtps_cpp.hpp
-- Up-to-date: /home/nvidia/GoalPlanning/install/car_msg/include/car_msg/msg/detail/car_state__rosidl_typesupport_fastrtps_cpp.hpp
-- Up-to-date: /home/nvidia/GoalPlanning/install/car_msg/include/car_msg/msg/detail/dds_fastrtps
-- Up-to-date: /home/nvidia/GoalPlanning/install/car_msg/include/car_msg/msg/rosidl_typesupport_fastrtps_cpp__visibility_control.h
-- Up-to-date: /home/nvidia/GoalPlanning/install/car_msg/lib/libcar_msg__rosidl_typesupport_fastrtps_cpp.so
-- Up-to-date: /home/nvidia/GoalPlanning/install/car_msg/include/car_msg
-- Up-to-date: /home/nvidia/GoalPlanning/install/car_msg/include/car_msg/msg
-- Up-to-date: /home/nvidia/GoalPlanning/install/car_msg/include/car_msg/msg/detail
-- Up-to-date: /home/nvidia/GoalPlanning/install/car_msg/include/car_msg/msg/detail/car_state__type_support.c
-- Up-to-date: /home/nvidia/GoalPlanning/install/car_msg/include/car_msg/msg/detail/cmd_msg__rosidl_typesupport_introspection_c.h
-- Up-to-date: /home/nvidia/GoalPlanning/install/car_msg/include/car_msg/msg/detail/cmd_msg__type_support.c
-- Up-to-date: /home/nvidia/GoalPlanning/install/car_msg/include/car_msg/msg/detail/car_state__rosidl_typesupport_introspection_c.h
-- Up-to-date: /home/nvidia/GoalPlanning/install/car_msg/include/car_msg/msg/rosidl_typesupport_introspection_c__visibility_control.h
-- Up-to-date: /home/nvidia/GoalPlanning/install/car_msg/lib/libcar_msg__rosidl_typesupport_introspection_c.so
-- Up-to-date: /home/nvidia/GoalPlanning/install/car_msg/lib/libcar_msg__rosidl_typesupport_c.so
-- Up-to-date: /home/nvidia/GoalPlanning/install/car_msg/include/car_msg
-- Up-to-date: /home/nvidia/GoalPlanning/install/car_msg/include/car_msg/msg
-- Up-to-date: /home/nvidia/GoalPlanning/install/car_msg/include/car_msg/msg/detail
-- Up-to-date: /home/nvidia/GoalPlanning/install/car_msg/include/car_msg/msg/detail/cmd_msg__type_support.hpp
-- Up-to-date: /home/nvidia/GoalPlanning/install/car_msg/include/car_msg/msg/detail/car_state__builder.hpp
-- Up-to-date: /home/nvidia/GoalPlanning/install/car_msg/include/car_msg/msg/detail/cmd_msg__struct.hpp
-- Up-to-date: /home/nvidia/GoalPlanning/install/car_msg/include/car_msg/msg/detail/car_state__type_support.hpp
-- Up-to-date: /home/nvidia/GoalPlanning/install/car_msg/include/car_msg/msg/detail/cmd_msg__traits.hpp
-- Up-to-date: /home/nvidia/GoalPlanning/install/car_msg/include/car_msg/msg/detail/car_state__traits.hpp
-- Up-to-date: /home/nvidia/GoalPlanning/install/car_msg/include/car_msg/msg/detail/car_state__struct.hpp
-- Up-to-date: /home/nvidia/GoalPlanning/install/car_msg/include/car_msg/msg/detail/cmd_msg__builder.hpp
-- Up-to-date: /home/nvidia/GoalPlanning/install/car_msg/include/car_msg/msg/rosidl_generator_cpp__visibility_control.hpp
-- Up-to-date: /home/nvidia/GoalPlanning/install/car_msg/include/car_msg/msg/car_state.hpp
-- Up-to-date: /home/nvidia/GoalPlanning/install/car_msg/include/car_msg/msg/cmd_msg.hpp
-- Up-to-date: /home/nvidia/GoalPlanning/install/car_msg/include/car_msg
-- Up-to-date: /home/nvidia/GoalPlanning/install/car_msg/include/car_msg/msg
-- Up-to-date: /home/nvidia/GoalPlanning/install/car_msg/include/car_msg/msg/detail
-- Up-to-date: /home/nvidia/GoalPlanning/install/car_msg/include/car_msg/msg/detail/cmd_msg__rosidl_typesupport_introspection_cpp.hpp
-- Up-to-date: /home/nvidia/GoalPlanning/install/car_msg/include/car_msg/msg/detail/cmd_msg__type_support.cpp
-- Up-to-date: /home/nvidia/GoalPlanning/install/car_msg/include/car_msg/msg/detail/car_state__rosidl_typesupport_introspection_cpp.hpp
-- Up-to-date: /home/nvidia/GoalPlanning/install/car_msg/include/car_msg/msg/detail/car_state__type_support.cpp
-- Up-to-date: /home/nvidia/GoalPlanning/install/car_msg/lib/libcar_msg__rosidl_typesupport_introspection_cpp.so
-- Up-to-date: /home/nvidia/GoalPlanning/install/car_msg/lib/libcar_msg__rosidl_typesupport_cpp.so
-- Up-to-date: /home/nvidia/GoalPlanning/install/car_msg/share/car_msg/environment/pythonpath.sh
-- Up-to-date: /home/nvidia/GoalPlanning/install/car_msg/share/car_msg/environment/pythonpath.dsv
-- Up-to-date: /home/nvidia/GoalPlanning/install/car_msg/lib/python3.8/site-packages/car_msg/__init__.py
-- Up-to-date: /home/nvidia/GoalPlanning/install/car_msg/lib/python3.8/site-packages/car_msg/msg
-- Up-to-date: /home/nvidia/GoalPlanning/install/car_msg/lib/python3.8/site-packages/car_msg/msg/_cmd_msg_s.c
-- Up-to-date: /home/nvidia/GoalPlanning/install/car_msg/lib/python3.8/site-packages/car_msg/msg/__init__.py
-- Up-to-date: /home/nvidia/GoalPlanning/install/car_msg/lib/python3.8/site-packages/car_msg/msg/_car_state.py
-- Up-to-date: /home/nvidia/GoalPlanning/install/car_msg/lib/python3.8/site-packages/car_msg/msg/_cmd_msg.py
-- Up-to-date: /home/nvidia/GoalPlanning/install/car_msg/lib/python3.8/site-packages/car_msg/msg/_car_state_s.c
-- Up-to-date: /home/nvidia/GoalPlanning/install/car_msg/lib/python3.8/site-packages/car_msg/car_msg_s__rosidl_typesupport_fastrtps_c.cpython-38-aarch64-linux-gnu.so
-- Up-to-date: /home/nvidia/GoalPlanning/install/car_msg/lib/python3.8/site-packages/car_msg/car_msg_s__rosidl_typesupport_introspection_c.cpython-38-aarch64-linux-gnu.so
-- Up-to-date: /home/nvidia/GoalPlanning/install/car_msg/lib/python3.8/site-packages/car_msg/car_msg_s__rosidl_typesupport_c.cpython-38-aarch64-linux-gnu.so
-- Up-to-date: /home/nvidia/GoalPlanning/install/car_msg/lib/libcar_msg__python.so
-- Up-to-date: /home/nvidia/GoalPlanning/install/car_msg/share/car_msg/msg/CmdMsg.idl
-- Up-to-date: /home/nvidia/GoalPlanning/install/car_msg/share/car_msg/msg/CarState.idl
-- Up-to-date: /home/nvidia/GoalPlanning/install/car_msg/share/car_msg/msg/CmdMsg.msg
-- Up-to-date: /home/nvidia/GoalPlanning/install/car_msg/share/car_msg/msg/CarState.msg
-- Up-to-date: /home/nvidia/GoalPlanning/install/car_msg/share/ament_index/resource_index/package_run_dependencies/car_msg
-- Up-to-date: /home/nvidia/GoalPlanning/install/car_msg/share/ament_index/resource_index/parent_prefix_path/car_msg
-- Up-to-date: /home/nvidia/GoalPlanning/install/car_msg/share/car_msg/environment/ament_prefix_path.sh
-- Up-to-date: /home/nvidia/GoalPlanning/install/car_msg/share/car_msg/environment/ament_prefix_path.dsv
-- Up-to-date: /home/nvidia/GoalPlanning/install/car_msg/share/car_msg/environment/path.sh
-- Up-to-date: /home/nvidia/GoalPlanning/install/car_msg/share/car_msg/environment/path.dsv
-- Up-to-date: /home/nvidia/GoalPlanning/install/car_msg/share/car_msg/local_setup.bash
-- Up-to-date: /home/nvidia/GoalPlanning/install/car_msg/share/car_msg/local_setup.sh
-- Up-to-date: /home/nvidia/GoalPlanning/install/car_msg/share/car_msg/local_setup.zsh
-- Up-to-date: /home/nvidia/GoalPlanning/install/car_msg/share/car_msg/local_setup.dsv
-- Installing: /home/nvidia/GoalPlanning/install/car_msg/share/car_msg/package.dsv
-- Up-to-date: /home/nvidia/GoalPlanning/install/car_msg/share/ament_index/resource_index/packages/car_msg
-- Up-to-date: /home/nvidia/GoalPlanning/install/car_msg/share/car_msg/cmake/car_msg__rosidl_generator_cExport.cmake
-- Up-to-date: /home/nvidia/GoalPlanning/install/car_msg/share/car_msg/cmake/car_msg__rosidl_generator_cExport-noconfig.cmake
-- Up-to-date: /home/nvidia/GoalPlanning/install/car_msg/share/car_msg/cmake/car_msg__rosidl_typesupport_introspection_cExport.cmake
-- Up-to-date: /home/nvidia/GoalPlanning/install/car_msg/share/car_msg/cmake/car_msg__rosidl_typesupport_introspection_cExport-noconfig.cmake
-- Up-to-date: /home/nvidia/GoalPlanning/install/car_msg/share/car_msg/cmake/car_msg__rosidl_typesupport_cExport.cmake
-- Up-to-date: /home/nvidia/GoalPlanning/install/car_msg/share/car_msg/cmake/car_msg__rosidl_typesupport_cExport-noconfig.cmake
-- Up-to-date: /home/nvidia/GoalPlanning/install/car_msg/share/car_msg/cmake/car_msg__rosidl_generator_cppExport.cmake
-- Up-to-date: /home/nvidia/GoalPlanning/install/car_msg/share/car_msg/cmake/car_msg__rosidl_typesupport_introspection_cppExport.cmake
-- Up-to-date: /home/nvidia/GoalPlanning/install/car_msg/share/car_msg/cmake/car_msg__rosidl_typesupport_introspection_cppExport-noconfig.cmake
-- Up-to-date: /home/nvidia/GoalPlanning/install/car_msg/share/car_msg/cmake/car_msg__rosidl_typesupport_cppExport.cmake
-- Up-to-date: /home/nvidia/GoalPlanning/install/car_msg/share/car_msg/cmake/car_msg__rosidl_typesupport_cppExport-noconfig.cmake
-- Up-to-date: /home/nvidia/GoalPlanning/install/car_msg/share/car_msg/cmake/rosidl_cmake-extras.cmake
-- Up-to-date: /home/nvidia/GoalPlanning/install/car_msg/share/car_msg/cmake/ament_cmake_export_dependencies-extras.cmake
-- Up-to-date: /home/nvidia/GoalPlanning/install/car_msg/share/car_msg/cmake/ament_cmake_export_libraries-extras.cmake
-- Up-to-date: /home/nvidia/GoalPlanning/install/car_msg/share/car_msg/cmake/ament_cmake_export_targets-extras.cmake
-- Up-to-date: /home/nvidia/GoalPlanning/install/car_msg/share/car_msg/cmake/ament_cmake_export_include_directories-extras.cmake
-- Up-to-date: /home/nvidia/GoalPlanning/install/car_msg/share/car_msg/cmake/rosidl_cmake_export_typesupport_libraries-extras.cmake
-- Up-to-date: /home/nvidia/GoalPlanning/install/car_msg/share/car_msg/cmake/rosidl_cmake_export_typesupport_targets-extras.cmake
-- Up-to-date: /home/nvidia/GoalPlanning/install/car_msg/share/car_msg/cmake/car_msgConfig.cmake
-- Up-to-date: /home/nvidia/GoalPlanning/install/car_msg/share/car_msg/cmake/car_msgConfig-version.cmake
-- Up-to-date: /home/nvidia/GoalPlanning/install/car_msg/share/car_msg/package.xml
