[0.778s] Invoking command in '/home/nvidia/GoalPlanning/build/cmd_car_cpp': CMAKE_PREFIX_PATH=${CMAKE_PREFIX_PATH}:/home/nvidia/GoalPlanning/install/planning:/home/nvidia/GoalPlanning/install/cmd_car:/opt/ros/foxy /usr/bin/cmake /home/nvidia/GoalPlanning/src/cmd_car_cpp -DCMAKE_INSTALL_PREFIX=/home/nvidia/GoalPlanning/install/cmd_car_cpp
[1.476s] -- The C compiler identification is GNU 9.4.0
[1.476s] -- The CXX compiler identification is GNU 9.4.0
[1.476s] -- Check for working C compiler: /usr/bin/cc
[1.476s] -- Check for working C compiler: /usr/bin/cc -- works
[1.477s] -- Detecting C compiler ABI info
[1.477s] -- Detecting C compiler ABI info - done
[1.477s] -- Detecting C compile features
[1.478s] -- Detecting C compile features - done
[1.478s] -- Check for working CXX compiler: /usr/bin/c++
[1.594s] -- Check for working CXX compiler: /usr/bin/c++ -- works
[1.596s] -- Detecting CXX compiler ABI info
[1.788s] -- Detecting CXX compiler ABI info - done
[1.824s] -- Detecting CXX compile features
[1.824s] -- Detecting CXX compile features - done
[1.829s] -- Found ament_cmake: 0.9.12 (/opt/ros/foxy/share/ament_cmake/cmake)
[1.889s] -- Found PythonInterp: /usr/bin/python3 (found suitable version "3.8.10", minimum required is "3") 
[1.893s] -- Using PYTHON_EXECUTABLE: /usr/bin/python3
[2.456s] -- Found ament_lint_auto: 0.9.8 (/opt/ros/foxy/share/ament_lint_auto/cmake)
[2.682s] -- Added test 'copyright' to check source files copyright and LICENSE
[2.686s] -- Added test 'lint_cmake' to check CMake code style
[2.689s] -- Added test 'xmllint' to check XML markup files
[2.714s] -- Configuring done
[2.735s] -- Generating done
[2.757s] -- Build files have been written to: /home/nvidia/GoalPlanning/build/cmd_car_cpp
[2.821s] Invoked command in '/home/nvidia/GoalPlanning/build/cmd_car_cpp' returned '0': CMAKE_PREFIX_PATH=${CMAKE_PREFIX_PATH}:/home/nvidia/GoalPlanning/install/planning:/home/nvidia/GoalPlanning/install/cmd_car:/opt/ros/foxy /usr/bin/cmake /home/nvidia/GoalPlanning/src/cmd_car_cpp -DCMAKE_INSTALL_PREFIX=/home/nvidia/GoalPlanning/install/cmd_car_cpp
[2.823s] Invoking command in '/home/nvidia/GoalPlanning/build/cmd_car_cpp': CMAKE_PREFIX_PATH=${CMAKE_PREFIX_PATH}:/home/nvidia/GoalPlanning/install/planning:/home/nvidia/GoalPlanning/install/cmd_car:/opt/ros/foxy /usr/bin/cmake --build /home/nvidia/GoalPlanning/build/cmd_car_cpp -- -j8 -l8
[3.650s] Invoked command in '/home/nvidia/GoalPlanning/build/cmd_car_cpp' returned '0': CMAKE_PREFIX_PATH=${CMAKE_PREFIX_PATH}:/home/nvidia/GoalPlanning/install/planning:/home/nvidia/GoalPlanning/install/cmd_car:/opt/ros/foxy /usr/bin/cmake --build /home/nvidia/GoalPlanning/build/cmd_car_cpp -- -j8 -l8
[3.881s] Invoking command in '/home/nvidia/GoalPlanning/build/cmd_car_cpp': CMAKE_PREFIX_PATH=${CMAKE_PREFIX_PATH}:/home/nvidia/GoalPlanning/install/planning:/home/nvidia/GoalPlanning/install/cmd_car:/opt/ros/foxy /usr/bin/cmake --install /home/nvidia/GoalPlanning/build/cmd_car_cpp
[3.913s] -- Install configuration: ""
[3.924s] -- Installing: /home/nvidia/GoalPlanning/install/cmd_car_cpp/share/ament_index/resource_index/package_run_dependencies/cmd_car_cpp
[3.927s] -- Installing: /home/nvidia/GoalPlanning/install/cmd_car_cpp/share/ament_index/resource_index/parent_prefix_path/cmd_car_cpp
[3.928s] -- Installing: /home/nvidia/GoalPlanning/install/cmd_car_cpp/share/cmd_car_cpp/environment/ament_prefix_path.sh
[3.928s] -- Installing: /home/nvidia/GoalPlanning/install/cmd_car_cpp/share/cmd_car_cpp/environment/ament_prefix_path.dsv
[3.928s] -- Installing: /home/nvidia/GoalPlanning/install/cmd_car_cpp/share/cmd_car_cpp/environment/path.sh
[3.928s] -- Installing: /home/nvidia/GoalPlanning/install/cmd_car_cpp/share/cmd_car_cpp/environment/path.dsv
[3.928s] -- Installing: /home/nvidia/GoalPlanning/install/cmd_car_cpp/share/cmd_car_cpp/local_setup.bash
[3.928s] -- Installing: /home/nvidia/GoalPlanning/install/cmd_car_cpp/share/cmd_car_cpp/local_setup.sh
[3.928s] -- Installing: /home/nvidia/GoalPlanning/install/cmd_car_cpp/share/cmd_car_cpp/local_setup.zsh
[3.928s] -- Installing: /home/nvidia/GoalPlanning/install/cmd_car_cpp/share/cmd_car_cpp/local_setup.dsv
[3.929s] -- Installing: /home/nvidia/GoalPlanning/install/cmd_car_cpp/share/cmd_car_cpp/package.dsv
[3.929s] -- Installing: /home/nvidia/GoalPlanning/install/cmd_car_cpp/share/ament_index/resource_index/packages/cmd_car_cpp
[3.929s] -- Installing: /home/nvidia/GoalPlanning/install/cmd_car_cpp/share/cmd_car_cpp/cmake/cmd_car_cppConfig.cmake
[3.929s] -- Installing: /home/nvidia/GoalPlanning/install/cmd_car_cpp/share/cmd_car_cpp/cmake/cmd_car_cppConfig-version.cmake
[3.929s] -- Installing: /home/nvidia/GoalPlanning/install/cmd_car_cpp/share/cmd_car_cpp/package.xml
[3.964s] Invoked command in '/home/nvidia/GoalPlanning/build/cmd_car_cpp' returned '0': CMAKE_PREFIX_PATH=${CMAKE_PREFIX_PATH}:/home/nvidia/GoalPlanning/install/planning:/home/nvidia/GoalPlanning/install/cmd_car:/opt/ros/foxy /usr/bin/cmake --install /home/nvidia/GoalPlanning/build/cmd_car_cpp
