[0.542s] DEBUG:colcon:Command line arguments: ['/usr/bin/colcon', 'build']
[0.542s] DEBUG:colcon:Parsed command line arguments: Namespace(allow_overriding=[], ament_cmake_args=None, base_paths=['.'], build_base='build', catkin_cmake_args=None, catkin_skip_building_tests=False, cmake_args=None, cmake_clean_cache=False, cmake_clean_first=False, cmake_force_configure=False, cmake_target=None, cmake_target_skip_unavailable=False, continue_on_error=False, event_handlers=None, executor='parallel', ignore_user_meta=False, install_base='install', log_base=None, log_level=None, main=<bound method BuildVerb.main of <colcon_core.verb.build.BuildVerb object at 0xffff85ac1e20>>, merge_install=False, metas=['./colcon.meta'], mixin=None, mixin_files=None, mixin_verb=('build',), packages_above=None, packages_above_and_dependencies=None, packages_above_depth=None, packages_end=None, packages_ignore=None, packages_ignore_regex=None, packages_select=None, packages_select_build_failed=False, packages_select_by_dep=None, packages_select_regex=None, packages_select_test_failures=False, packages_skip=None, packages_skip_build_finished=False, packages_skip_by_dep=None, packages_skip_regex=None, packages_skip_test_passed=False, packages_skip_up_to=None, packages_start=None, packages_up_to=None, packages_up_to_regex=None, parallel_workers=8, paths=None, symlink_install=False, test_result_base=None, verb_extension=<colcon_core.verb.build.BuildVerb object at 0xffff85ac1e20>, verb_name='build', verb_parser=<colcon_mixin.mixin.mixin_argument.MixinArgumentDecorator object at 0xffff85ace610>)
[1.008s] Level 1:colcon.colcon_core.package_discovery:discover_packages(colcon_meta) check parameters
[1.008s] Level 1:colcon.colcon_core.package_discovery:discover_packages(recursive) check parameters
[1.008s] Level 1:colcon.colcon_core.package_discovery:discover_packages(ignore) check parameters
[1.008s] Level 1:colcon.colcon_core.package_discovery:discover_packages(path) check parameters
[1.009s] Level 1:colcon.colcon_core.package_discovery:discover_packages(colcon_meta) discover
[1.009s] Level 1:colcon.colcon_core.package_discovery:discover_packages(recursive) discover
[1.009s] INFO:colcon.colcon_core.package_discovery:Crawling recursively for packages in '/home/nvidia/GoalPlanning/src/location'
[1.009s] Level 1:colcon.colcon_core.package_identification:_identify(.) by extensions ['ignore', 'ignore_ament_install']
[1.009s] Level 1:colcon.colcon_core.package_identification:_identify(.) by extension 'ignore'
[1.010s] Level 1:colcon.colcon_core.package_identification:_identify(.) by extension 'ignore_ament_install'
[1.010s] Level 1:colcon.colcon_core.package_identification:_identify(.) by extensions ['colcon_pkg']
[1.010s] Level 1:colcon.colcon_core.package_identification:_identify(.) by extension 'colcon_pkg'
[1.010s] Level 1:colcon.colcon_core.package_identification:_identify(.) by extensions ['colcon_meta']
[1.010s] Level 1:colcon.colcon_core.package_identification:_identify(.) by extension 'colcon_meta'
[1.010s] Level 1:colcon.colcon_core.package_identification:_identify(.) by extensions ['ros']
[1.010s] Level 1:colcon.colcon_core.package_identification:_identify(.) by extension 'ros'
[1.037s] Level 1:colcon.colcon_core.package_identification:_identify(.) by extensions ['cmake', 'python']
[1.037s] Level 1:colcon.colcon_core.package_identification:_identify(.) by extension 'cmake'
[1.037s] Level 1:colcon.colcon_core.package_identification:_identify(.) by extension 'python'
[1.037s] Level 1:colcon.colcon_core.package_identification:_identify(.) by extensions ['python_setup_py']
[1.037s] Level 1:colcon.colcon_core.package_identification:_identify(.) by extension 'python_setup_py'
[1.038s] Level 1:colcon.colcon_core.package_identification:_identify(build) by extensions ['ignore', 'ignore_ament_install']
[1.038s] Level 1:colcon.colcon_core.package_identification:_identify(build) by extension 'ignore'
[1.038s] Level 1:colcon.colcon_core.package_identification:_identify(build) ignored
[1.038s] Level 1:colcon.colcon_core.package_identification:_identify(include) by extensions ['ignore', 'ignore_ament_install']
[1.039s] Level 1:colcon.colcon_core.package_identification:_identify(include) by extension 'ignore'
[1.039s] Level 1:colcon.colcon_core.package_identification:_identify(include) by extension 'ignore_ament_install'
[1.039s] Level 1:colcon.colcon_core.package_identification:_identify(include) by extensions ['colcon_pkg']
[1.039s] Level 1:colcon.colcon_core.package_identification:_identify(include) by extension 'colcon_pkg'
[1.039s] Level 1:colcon.colcon_core.package_identification:_identify(include) by extensions ['colcon_meta']
[1.039s] Level 1:colcon.colcon_core.package_identification:_identify(include) by extension 'colcon_meta'
[1.039s] Level 1:colcon.colcon_core.package_identification:_identify(include) by extensions ['ros']
[1.039s] Level 1:colcon.colcon_core.package_identification:_identify(include) by extension 'ros'
[1.040s] Level 1:colcon.colcon_core.package_identification:_identify(include) by extensions ['cmake', 'python']
[1.040s] Level 1:colcon.colcon_core.package_identification:_identify(include) by extension 'cmake'
[1.040s] Level 1:colcon.colcon_core.package_identification:_identify(include) by extension 'python'
[1.040s] Level 1:colcon.colcon_core.package_identification:_identify(include) by extensions ['python_setup_py']
[1.040s] Level 1:colcon.colcon_core.package_identification:_identify(include) by extension 'python_setup_py'
[1.040s] Level 1:colcon.colcon_core.package_identification:_identify(include/location) by extensions ['ignore', 'ignore_ament_install']
[1.040s] Level 1:colcon.colcon_core.package_identification:_identify(include/location) by extension 'ignore'
[1.040s] Level 1:colcon.colcon_core.package_identification:_identify(include/location) by extension 'ignore_ament_install'
[1.041s] Level 1:colcon.colcon_core.package_identification:_identify(include/location) by extensions ['colcon_pkg']
[1.041s] Level 1:colcon.colcon_core.package_identification:_identify(include/location) by extension 'colcon_pkg'
[1.041s] Level 1:colcon.colcon_core.package_identification:_identify(include/location) by extensions ['colcon_meta']
[1.041s] Level 1:colcon.colcon_core.package_identification:_identify(include/location) by extension 'colcon_meta'
[1.041s] Level 1:colcon.colcon_core.package_identification:_identify(include/location) by extensions ['ros']
[1.041s] Level 1:colcon.colcon_core.package_identification:_identify(include/location) by extension 'ros'
[1.041s] Level 1:colcon.colcon_core.package_identification:_identify(include/location) by extensions ['cmake', 'python']
[1.041s] Level 1:colcon.colcon_core.package_identification:_identify(include/location) by extension 'cmake'
[1.041s] Level 1:colcon.colcon_core.package_identification:_identify(include/location) by extension 'python'
[1.042s] Level 1:colcon.colcon_core.package_identification:_identify(include/location) by extensions ['python_setup_py']
[1.042s] Level 1:colcon.colcon_core.package_identification:_identify(include/location) by extension 'python_setup_py'
[1.042s] Level 1:colcon.colcon_core.package_identification:_identify(install) by extensions ['ignore', 'ignore_ament_install']
[1.042s] Level 1:colcon.colcon_core.package_identification:_identify(install) by extension 'ignore'
[1.042s] Level 1:colcon.colcon_core.package_identification:_identify(install) ignored
[1.042s] Level 1:colcon.colcon_core.package_identification:_identify(log) by extensions ['ignore', 'ignore_ament_install']
[1.043s] Level 1:colcon.colcon_core.package_identification:_identify(log) by extension 'ignore'
[1.043s] Level 1:colcon.colcon_core.package_identification:_identify(log) ignored
[1.043s] Level 1:colcon.colcon_core.package_identification:_identify(src) by extensions ['ignore', 'ignore_ament_install']
[1.043s] Level 1:colcon.colcon_core.package_identification:_identify(src) by extension 'ignore'
[1.043s] Level 1:colcon.colcon_core.package_identification:_identify(src) by extension 'ignore_ament_install'
[1.043s] Level 1:colcon.colcon_core.package_identification:_identify(src) by extensions ['colcon_pkg']
[1.043s] Level 1:colcon.colcon_core.package_identification:_identify(src) by extension 'colcon_pkg'
[1.044s] Level 1:colcon.colcon_core.package_identification:_identify(src) by extensions ['colcon_meta']
[1.044s] Level 1:colcon.colcon_core.package_identification:_identify(src) by extension 'colcon_meta'
[1.044s] Level 1:colcon.colcon_core.package_identification:_identify(src) by extensions ['ros']
[1.044s] Level 1:colcon.colcon_core.package_identification:_identify(src) by extension 'ros'
[1.044s] Level 1:colcon.colcon_core.package_identification:_identify(src) by extensions ['cmake', 'python']
[1.044s] Level 1:colcon.colcon_core.package_identification:_identify(src) by extension 'cmake'
[1.044s] Level 1:colcon.colcon_core.package_identification:_identify(src) by extension 'python'
[1.044s] Level 1:colcon.colcon_core.package_identification:_identify(src) by extensions ['python_setup_py']
[1.044s] Level 1:colcon.colcon_core.package_identification:_identify(src) by extension 'python_setup_py'
[1.045s] Level 1:colcon.colcon_core.package_identification:_identify(src/imu_msgs) by extensions ['ignore', 'ignore_ament_install']
[1.045s] Level 1:colcon.colcon_core.package_identification:_identify(src/imu_msgs) by extension 'ignore'
[1.045s] Level 1:colcon.colcon_core.package_identification:_identify(src/imu_msgs) by extension 'ignore_ament_install'
[1.045s] Level 1:colcon.colcon_core.package_identification:_identify(src/imu_msgs) by extensions ['colcon_pkg']
[1.045s] Level 1:colcon.colcon_core.package_identification:_identify(src/imu_msgs) by extension 'colcon_pkg'
[1.045s] Level 1:colcon.colcon_core.package_identification:_identify(src/imu_msgs) by extensions ['colcon_meta']
[1.045s] Level 1:colcon.colcon_core.package_identification:_identify(src/imu_msgs) by extension 'colcon_meta'
[1.045s] Level 1:colcon.colcon_core.package_identification:_identify(src/imu_msgs) by extensions ['ros']
[1.046s] Level 1:colcon.colcon_core.package_identification:_identify(src/imu_msgs) by extension 'ros'
[1.051s] DEBUG:colcon.colcon_core.package_identification:Package 'src/imu_msgs' with type 'ros.ament_cmake' and name 'imu_msgs'
[1.052s] Level 1:colcon.colcon_core.package_identification:_identify(src/imu_node) by extensions ['ignore', 'ignore_ament_install']
[1.052s] Level 1:colcon.colcon_core.package_identification:_identify(src/imu_node) by extension 'ignore'
[1.052s] Level 1:colcon.colcon_core.package_identification:_identify(src/imu_node) by extension 'ignore_ament_install'
[1.052s] Level 1:colcon.colcon_core.package_identification:_identify(src/imu_node) by extensions ['colcon_pkg']
[1.052s] Level 1:colcon.colcon_core.package_identification:_identify(src/imu_node) by extension 'colcon_pkg'
[1.052s] Level 1:colcon.colcon_core.package_identification:_identify(src/imu_node) by extensions ['colcon_meta']
[1.052s] Level 1:colcon.colcon_core.package_identification:_identify(src/imu_node) by extension 'colcon_meta'
[1.053s] Level 1:colcon.colcon_core.package_identification:_identify(src/imu_node) by extensions ['ros']
[1.053s] Level 1:colcon.colcon_core.package_identification:_identify(src/imu_node) by extension 'ros'
[1.054s] DEBUG:colcon.colcon_core.package_identification:Package 'src/imu_node' with type 'ros.ament_cmake' and name 'imu_node'
[1.054s] Level 1:colcon.colcon_core.package_identification:_identify(src/location) by extensions ['ignore', 'ignore_ament_install']
[1.055s] Level 1:colcon.colcon_core.package_identification:_identify(src/location) by extension 'ignore'
[1.055s] Level 1:colcon.colcon_core.package_identification:_identify(src/location) by extension 'ignore_ament_install'
[1.055s] Level 1:colcon.colcon_core.package_identification:_identify(src/location) by extensions ['colcon_pkg']
[1.055s] Level 1:colcon.colcon_core.package_identification:_identify(src/location) by extension 'colcon_pkg'
[1.055s] Level 1:colcon.colcon_core.package_identification:_identify(src/location) by extensions ['colcon_meta']
[1.055s] Level 1:colcon.colcon_core.package_identification:_identify(src/location) by extension 'colcon_meta'
[1.055s] Level 1:colcon.colcon_core.package_identification:_identify(src/location) by extensions ['ros']
[1.056s] Level 1:colcon.colcon_core.package_identification:_identify(src/location) by extension 'ros'
[1.057s] DEBUG:colcon.colcon_core.package_identification:Package 'src/location' with type 'ros.ament_cmake' and name 'location'
[1.057s] Level 1:colcon.colcon_core.package_identification:_identify(src/serial) by extensions ['ignore', 'ignore_ament_install']
[1.057s] Level 1:colcon.colcon_core.package_identification:_identify(src/serial) by extension 'ignore'
[1.057s] Level 1:colcon.colcon_core.package_identification:_identify(src/serial) by extension 'ignore_ament_install'
[1.058s] Level 1:colcon.colcon_core.package_identification:_identify(src/serial) by extensions ['colcon_pkg']
[1.058s] Level 1:colcon.colcon_core.package_identification:_identify(src/serial) by extension 'colcon_pkg'
[1.058s] Level 1:colcon.colcon_core.package_identification:_identify(src/serial) by extensions ['colcon_meta']
[1.058s] Level 1:colcon.colcon_core.package_identification:_identify(src/serial) by extension 'colcon_meta'
[1.058s] Level 1:colcon.colcon_core.package_identification:_identify(src/serial) by extensions ['ros']
[1.058s] Level 1:colcon.colcon_core.package_identification:_identify(src/serial) by extension 'ros'
[1.059s] DEBUG:colcon.colcon_core.package_identification:Package 'src/serial' with type 'ros.ament_cmake' and name 'serial'
[1.059s] Level 1:colcon.colcon_core.package_discovery:discover_packages(recursive) using defaults
[1.059s] Level 1:colcon.colcon_core.package_discovery:discover_packages(ignore) discover
[1.060s] Level 1:colcon.colcon_core.package_discovery:discover_packages(ignore) using defaults
[1.060s] Level 1:colcon.colcon_core.package_discovery:discover_packages(path) discover
[1.060s] Level 1:colcon.colcon_core.package_discovery:discover_packages(path) using defaults
[1.110s] Level 1:colcon.colcon_core.package_discovery:discover_packages(prefix_path) check parameters
[1.111s] Level 1:colcon.colcon_core.package_discovery:discover_packages(prefix_path) discover
[1.118s] DEBUG:colcon.colcon_installed_package_information.package_discovery:Found 4 installed packages in /home/nvidia/GoalPlanning/src/location/install
[1.119s] DEBUG:colcon.colcon_installed_package_information.package_discovery:Found 10 installed packages in /home/nvidia/GoalPlanning/install
[1.123s] DEBUG:colcon.colcon_installed_package_information.package_discovery:Found 367 installed packages in /opt/ros/foxy
[1.127s] Level 1:colcon.colcon_core.package_discovery:discover_packages(prefix_path) using defaults
[1.302s] Level 5:colcon.colcon_core.verb:set package 'imu_msgs' build argument 'cmake_args' from command line to 'None'
[1.302s] Level 5:colcon.colcon_core.verb:set package 'imu_msgs' build argument 'cmake_target' from command line to 'None'
[1.302s] Level 5:colcon.colcon_core.verb:set package 'imu_msgs' build argument 'cmake_target_skip_unavailable' from command line to 'False'
[1.302s] Level 5:colcon.colcon_core.verb:set package 'imu_msgs' build argument 'cmake_clean_cache' from command line to 'False'
[1.302s] Level 5:colcon.colcon_core.verb:set package 'imu_msgs' build argument 'cmake_clean_first' from command line to 'False'
[1.302s] Level 5:colcon.colcon_core.verb:set package 'imu_msgs' build argument 'cmake_force_configure' from command line to 'False'
[1.303s] Level 5:colcon.colcon_core.verb:set package 'imu_msgs' build argument 'ament_cmake_args' from command line to 'None'
[1.303s] Level 5:colcon.colcon_core.verb:set package 'imu_msgs' build argument 'catkin_cmake_args' from command line to 'None'
[1.303s] Level 5:colcon.colcon_core.verb:set package 'imu_msgs' build argument 'catkin_skip_building_tests' from command line to 'False'
[1.303s] DEBUG:colcon.colcon_core.verb:Building package 'imu_msgs' with the following arguments: {'ament_cmake_args': None, 'build_base': '/home/nvidia/GoalPlanning/src/location/build/imu_msgs', 'catkin_cmake_args': None, 'catkin_skip_building_tests': False, 'cmake_args': None, 'cmake_clean_cache': False, 'cmake_clean_first': False, 'cmake_force_configure': False, 'cmake_target': None, 'cmake_target_skip_unavailable': False, 'install_base': '/home/nvidia/GoalPlanning/src/location/install/imu_msgs', 'merge_install': False, 'path': '/home/nvidia/GoalPlanning/src/location/src/imu_msgs', 'symlink_install': False, 'test_result_base': None}
[1.304s] Level 5:colcon.colcon_core.verb:set package 'serial' build argument 'cmake_args' from command line to 'None'
[1.304s] Level 5:colcon.colcon_core.verb:set package 'serial' build argument 'cmake_target' from command line to 'None'
[1.304s] Level 5:colcon.colcon_core.verb:set package 'serial' build argument 'cmake_target_skip_unavailable' from command line to 'False'
[1.304s] Level 5:colcon.colcon_core.verb:set package 'serial' build argument 'cmake_clean_cache' from command line to 'False'
[1.304s] Level 5:colcon.colcon_core.verb:set package 'serial' build argument 'cmake_clean_first' from command line to 'False'
[1.304s] Level 5:colcon.colcon_core.verb:set package 'serial' build argument 'cmake_force_configure' from command line to 'False'
[1.304s] Level 5:colcon.colcon_core.verb:set package 'serial' build argument 'ament_cmake_args' from command line to 'None'
[1.304s] Level 5:colcon.colcon_core.verb:set package 'serial' build argument 'catkin_cmake_args' from command line to 'None'
[1.304s] Level 5:colcon.colcon_core.verb:set package 'serial' build argument 'catkin_skip_building_tests' from command line to 'False'
[1.304s] DEBUG:colcon.colcon_core.verb:Building package 'serial' with the following arguments: {'ament_cmake_args': None, 'build_base': '/home/nvidia/GoalPlanning/src/location/build/serial', 'catkin_cmake_args': None, 'catkin_skip_building_tests': False, 'cmake_args': None, 'cmake_clean_cache': False, 'cmake_clean_first': False, 'cmake_force_configure': False, 'cmake_target': None, 'cmake_target_skip_unavailable': False, 'install_base': '/home/nvidia/GoalPlanning/src/location/install/serial', 'merge_install': False, 'path': '/home/nvidia/GoalPlanning/src/location/src/serial', 'symlink_install': False, 'test_result_base': None}
[1.305s] Level 5:colcon.colcon_core.verb:set package 'imu_node' build argument 'cmake_args' from command line to 'None'
[1.305s] Level 5:colcon.colcon_core.verb:set package 'imu_node' build argument 'cmake_target' from command line to 'None'
[1.305s] Level 5:colcon.colcon_core.verb:set package 'imu_node' build argument 'cmake_target_skip_unavailable' from command line to 'False'
[1.305s] Level 5:colcon.colcon_core.verb:set package 'imu_node' build argument 'cmake_clean_cache' from command line to 'False'
[1.305s] Level 5:colcon.colcon_core.verb:set package 'imu_node' build argument 'cmake_clean_first' from command line to 'False'
[1.305s] Level 5:colcon.colcon_core.verb:set package 'imu_node' build argument 'cmake_force_configure' from command line to 'False'
[1.305s] Level 5:colcon.colcon_core.verb:set package 'imu_node' build argument 'ament_cmake_args' from command line to 'None'
[1.305s] Level 5:colcon.colcon_core.verb:set package 'imu_node' build argument 'catkin_cmake_args' from command line to 'None'
[1.305s] Level 5:colcon.colcon_core.verb:set package 'imu_node' build argument 'catkin_skip_building_tests' from command line to 'False'
[1.305s] DEBUG:colcon.colcon_core.verb:Building package 'imu_node' with the following arguments: {'ament_cmake_args': None, 'build_base': '/home/nvidia/GoalPlanning/src/location/build/imu_node', 'catkin_cmake_args': None, 'catkin_skip_building_tests': False, 'cmake_args': None, 'cmake_clean_cache': False, 'cmake_clean_first': False, 'cmake_force_configure': False, 'cmake_target': None, 'cmake_target_skip_unavailable': False, 'install_base': '/home/nvidia/GoalPlanning/src/location/install/imu_node', 'merge_install': False, 'path': '/home/nvidia/GoalPlanning/src/location/src/imu_node', 'symlink_install': False, 'test_result_base': None}
[1.306s] Level 5:colcon.colcon_core.verb:set package 'location' build argument 'cmake_args' from command line to 'None'
[1.306s] Level 5:colcon.colcon_core.verb:set package 'location' build argument 'cmake_target' from command line to 'None'
[1.306s] Level 5:colcon.colcon_core.verb:set package 'location' build argument 'cmake_target_skip_unavailable' from command line to 'False'
[1.306s] Level 5:colcon.colcon_core.verb:set package 'location' build argument 'cmake_clean_cache' from command line to 'False'
[1.306s] Level 5:colcon.colcon_core.verb:set package 'location' build argument 'cmake_clean_first' from command line to 'False'
[1.306s] Level 5:colcon.colcon_core.verb:set package 'location' build argument 'cmake_force_configure' from command line to 'False'
[1.306s] Level 5:colcon.colcon_core.verb:set package 'location' build argument 'ament_cmake_args' from command line to 'None'
[1.307s] Level 5:colcon.colcon_core.verb:set package 'location' build argument 'catkin_cmake_args' from command line to 'None'
[1.307s] Level 5:colcon.colcon_core.verb:set package 'location' build argument 'catkin_skip_building_tests' from command line to 'False'
[1.307s] DEBUG:colcon.colcon_core.verb:Building package 'location' with the following arguments: {'ament_cmake_args': None, 'build_base': '/home/nvidia/GoalPlanning/src/location/build/location', 'catkin_cmake_args': None, 'catkin_skip_building_tests': False, 'cmake_args': None, 'cmake_clean_cache': False, 'cmake_clean_first': False, 'cmake_force_configure': False, 'cmake_target': None, 'cmake_target_skip_unavailable': False, 'install_base': '/home/nvidia/GoalPlanning/src/location/install/location', 'merge_install': False, 'path': '/home/nvidia/GoalPlanning/src/location/src/location', 'symlink_install': False, 'test_result_base': None}
[1.307s] INFO:colcon.colcon_core.executor:Executing jobs using 'parallel' executor
[1.310s] DEBUG:colcon.colcon_parallel_executor.executor.parallel:run_until_complete
[1.311s] INFO:colcon.colcon_ros.task.ament_cmake.build:Building ROS package in '/home/nvidia/GoalPlanning/src/location/src/imu_msgs' with build type 'ament_cmake'
[1.311s] INFO:colcon.colcon_cmake.task.cmake.build:Building CMake package in '/home/nvidia/GoalPlanning/src/location/src/imu_msgs'
[1.319s] INFO:colcon.colcon_core.plugin_system:Skipping extension 'colcon_core.shell.bat': Not used on non-Windows systems
[1.320s] INFO:colcon.colcon_core.shell:Skip shell extension 'powershell' for command environment: Not usable outside of PowerShell
[1.320s] DEBUG:colcon.colcon_core.shell:Skip shell extension 'dsv' for command environment
[1.333s] INFO:colcon.colcon_ros.task.ament_cmake.build:Building ROS package in '/home/nvidia/GoalPlanning/src/location/src/serial' with build type 'ament_cmake'
[1.334s] INFO:colcon.colcon_cmake.task.cmake.build:Building CMake package in '/home/nvidia/GoalPlanning/src/location/src/serial'
[1.335s] INFO:colcon.colcon_core.shell:Skip shell extension 'powershell' for command environment: Not usable outside of PowerShell
[1.335s] DEBUG:colcon.colcon_core.shell:Skip shell extension 'dsv' for command environment
[1.361s] DEBUG:colcon.colcon_core.event_handler.log_command:Invoking command in '/home/nvidia/GoalPlanning/src/location/build/imu_msgs': CMAKE_PREFIX_PATH=${CMAKE_PREFIX_PATH}:/home/nvidia/GoalPlanning/install/planning:/home/nvidia/GoalPlanning/install/cmd_car:/opt/ros/foxy CONDA_PROMPT_MODIFIER=(base) /usr/bin/cmake --build /home/nvidia/GoalPlanning/src/location/build/imu_msgs -- -j8 -l8
[1.382s] DEBUG:colcon.colcon_core.event_handler.log_command:Invoking command in '/home/nvidia/GoalPlanning/src/location/build/serial': CMAKE_PREFIX_PATH=${CMAKE_PREFIX_PATH}:/home/nvidia/GoalPlanning/install/planning:/home/nvidia/GoalPlanning/install/cmd_car:/opt/ros/foxy CONDA_PROMPT_MODIFIER=(base) /usr/bin/cmake --build /home/nvidia/GoalPlanning/src/location/build/serial -- -j8 -l8
[1.541s] DEBUG:colcon.colcon_core.event_handler.log_command:Invoked command in '/home/nvidia/GoalPlanning/src/location/build/serial' returned '0': CMAKE_PREFIX_PATH=${CMAKE_PREFIX_PATH}:/home/nvidia/GoalPlanning/install/planning:/home/nvidia/GoalPlanning/install/cmd_car:/opt/ros/foxy CONDA_PROMPT_MODIFIER=(base) /usr/bin/cmake --build /home/nvidia/GoalPlanning/src/location/build/serial -- -j8 -l8
[1.633s] DEBUG:colcon.colcon_core.event_handler.log_command:Invoking command in '/home/nvidia/GoalPlanning/src/location/build/serial': CMAKE_PREFIX_PATH=${CMAKE_PREFIX_PATH}:/home/nvidia/GoalPlanning/install/planning:/home/nvidia/GoalPlanning/install/cmd_car:/opt/ros/foxy CONDA_PROMPT_MODIFIER=(base) /usr/bin/cmake --install /home/nvidia/GoalPlanning/src/location/build/serial
[1.660s] Level 1:colcon.colcon_core.environment:create_environment_scripts_only(serial)
[1.662s] DEBUG:colcon.colcon_core.event_handler.log_command:Invoked command in '/home/nvidia/GoalPlanning/src/location/build/serial' returned '0': CMAKE_PREFIX_PATH=${CMAKE_PREFIX_PATH}:/home/nvidia/GoalPlanning/install/planning:/home/nvidia/GoalPlanning/install/cmd_car:/opt/ros/foxy CONDA_PROMPT_MODIFIER=(base) /usr/bin/cmake --install /home/nvidia/GoalPlanning/src/location/build/serial
[1.670s] Level 1:colcon.colcon_core.environment:checking '/home/nvidia/GoalPlanning/src/location/install/serial' for CMake module files
[1.671s] Level 1:colcon.colcon_core.environment:checking '/home/nvidia/GoalPlanning/src/location/install/serial' for CMake config files
[1.672s] Level 1:colcon.colcon_core.shell:create_environment_hook('serial', 'cmake_prefix_path')
[1.673s] INFO:colcon.colcon_core.shell:Creating environment hook '/home/nvidia/GoalPlanning/src/location/install/serial/share/serial/hook/cmake_prefix_path.ps1'
[1.675s] INFO:colcon.colcon_core.shell:Creating environment descriptor '/home/nvidia/GoalPlanning/src/location/install/serial/share/serial/hook/cmake_prefix_path.dsv'
[1.676s] INFO:colcon.colcon_core.shell:Creating environment hook '/home/nvidia/GoalPlanning/src/location/install/serial/share/serial/hook/cmake_prefix_path.sh'
[1.678s] Level 1:colcon.colcon_core.environment:checking '/home/nvidia/GoalPlanning/src/location/install/serial/lib'
[1.678s] Level 1:colcon.colcon_core.shell:create_environment_hook('serial', 'ld_library_path_lib')
[1.679s] INFO:colcon.colcon_core.shell:Creating environment hook '/home/nvidia/GoalPlanning/src/location/install/serial/share/serial/hook/ld_library_path_lib.ps1'
[1.680s] INFO:colcon.colcon_core.shell:Creating environment descriptor '/home/nvidia/GoalPlanning/src/location/install/serial/share/serial/hook/ld_library_path_lib.dsv'
[1.680s] INFO:colcon.colcon_core.shell:Creating environment hook '/home/nvidia/GoalPlanning/src/location/install/serial/share/serial/hook/ld_library_path_lib.sh'
[1.681s] Level 1:colcon.colcon_core.environment:checking '/home/nvidia/GoalPlanning/src/location/install/serial/bin'
[1.681s] Level 1:colcon.colcon_core.environment:checking '/home/nvidia/GoalPlanning/src/location/install/serial/lib/pkgconfig/serial.pc'
[1.682s] Level 1:colcon.colcon_core.environment:checking '/home/nvidia/GoalPlanning/src/location/install/serial/lib/python3.8/site-packages'
[1.682s] Level 1:colcon.colcon_core.environment:checking '/home/nvidia/GoalPlanning/src/location/install/serial/bin'
[1.683s] INFO:colcon.colcon_core.shell:Creating package script '/home/nvidia/GoalPlanning/src/location/install/serial/share/serial/package.ps1'
[1.685s] INFO:colcon.colcon_core.shell:Creating package descriptor '/home/nvidia/GoalPlanning/src/location/install/serial/share/serial/package.dsv'
[1.686s] INFO:colcon.colcon_core.shell:Creating package script '/home/nvidia/GoalPlanning/src/location/install/serial/share/serial/package.sh'
[1.687s] INFO:colcon.colcon_core.shell:Creating package script '/home/nvidia/GoalPlanning/src/location/install/serial/share/serial/package.bash'
[1.689s] INFO:colcon.colcon_core.shell:Creating package script '/home/nvidia/GoalPlanning/src/location/install/serial/share/serial/package.zsh'
[1.691s] Level 1:colcon.colcon_core.environment:create_file_with_runtime_dependencies(/home/nvidia/GoalPlanning/src/location/install/serial/share/colcon-core/packages/serial)
[1.756s] Level 1:colcon.colcon_core.environment:create_environment_scripts_only(serial)
[1.757s] Level 1:colcon.colcon_core.environment:checking '/home/nvidia/GoalPlanning/src/location/install/serial' for CMake module files
[1.758s] Level 1:colcon.colcon_core.environment:checking '/home/nvidia/GoalPlanning/src/location/install/serial' for CMake config files
[1.759s] Level 1:colcon.colcon_core.shell:create_environment_hook('serial', 'cmake_prefix_path')
[1.760s] INFO:colcon.colcon_core.shell:Creating environment hook '/home/nvidia/GoalPlanning/src/location/install/serial/share/serial/hook/cmake_prefix_path.ps1'
[1.761s] INFO:colcon.colcon_core.shell:Creating environment descriptor '/home/nvidia/GoalPlanning/src/location/install/serial/share/serial/hook/cmake_prefix_path.dsv'
[1.762s] INFO:colcon.colcon_core.shell:Creating environment hook '/home/nvidia/GoalPlanning/src/location/install/serial/share/serial/hook/cmake_prefix_path.sh'
[1.764s] Level 1:colcon.colcon_core.environment:checking '/home/nvidia/GoalPlanning/src/location/install/serial/lib'
[1.764s] Level 1:colcon.colcon_core.shell:create_environment_hook('serial', 'ld_library_path_lib')
[1.764s] INFO:colcon.colcon_core.shell:Creating environment hook '/home/nvidia/GoalPlanning/src/location/install/serial/share/serial/hook/ld_library_path_lib.ps1'
[1.765s] INFO:colcon.colcon_core.shell:Creating environment descriptor '/home/nvidia/GoalPlanning/src/location/install/serial/share/serial/hook/ld_library_path_lib.dsv'
[1.766s] INFO:colcon.colcon_core.shell:Creating environment hook '/home/nvidia/GoalPlanning/src/location/install/serial/share/serial/hook/ld_library_path_lib.sh'
[1.766s] Level 1:colcon.colcon_core.environment:checking '/home/nvidia/GoalPlanning/src/location/install/serial/bin'
[1.767s] Level 1:colcon.colcon_core.environment:checking '/home/nvidia/GoalPlanning/src/location/install/serial/lib/pkgconfig/serial.pc'
[1.767s] Level 1:colcon.colcon_core.environment:checking '/home/nvidia/GoalPlanning/src/location/install/serial/lib/python3.8/site-packages'
[1.767s] Level 1:colcon.colcon_core.environment:checking '/home/nvidia/GoalPlanning/src/location/install/serial/bin'
[1.768s] INFO:colcon.colcon_core.shell:Creating package script '/home/nvidia/GoalPlanning/src/location/install/serial/share/serial/package.ps1'
[1.770s] INFO:colcon.colcon_core.shell:Creating package descriptor '/home/nvidia/GoalPlanning/src/location/install/serial/share/serial/package.dsv'
[1.771s] INFO:colcon.colcon_core.shell:Creating package script '/home/nvidia/GoalPlanning/src/location/install/serial/share/serial/package.sh'
[1.771s] INFO:colcon.colcon_core.shell:Creating package script '/home/nvidia/GoalPlanning/src/location/install/serial/share/serial/package.bash'
[1.772s] INFO:colcon.colcon_core.shell:Creating package script '/home/nvidia/GoalPlanning/src/location/install/serial/share/serial/package.zsh'
[1.773s] Level 1:colcon.colcon_core.environment:create_file_with_runtime_dependencies(/home/nvidia/GoalPlanning/src/location/install/serial/share/colcon-core/packages/serial)
[1.926s] DEBUG:colcon.colcon_core.event_handler.log_command:Invoked command in '/home/nvidia/GoalPlanning/src/location/build/imu_msgs' returned '0': CMAKE_PREFIX_PATH=${CMAKE_PREFIX_PATH}:/home/nvidia/GoalPlanning/install/planning:/home/nvidia/GoalPlanning/install/cmd_car:/opt/ros/foxy CONDA_PROMPT_MODIFIER=(base) /usr/bin/cmake --build /home/nvidia/GoalPlanning/src/location/build/imu_msgs -- -j8 -l8
[2.268s] DEBUG:colcon.colcon_core.event_handler.log_command:Invoking command in '/home/nvidia/GoalPlanning/src/location/build/imu_msgs': CMAKE_PREFIX_PATH=${CMAKE_PREFIX_PATH}:/home/nvidia/GoalPlanning/install/planning:/home/nvidia/GoalPlanning/install/cmd_car:/opt/ros/foxy CONDA_PROMPT_MODIFIER=(base) /usr/bin/cmake --install /home/nvidia/GoalPlanning/src/location/build/imu_msgs
[2.428s] Level 1:colcon.colcon_core.environment:create_environment_scripts_only(imu_msgs)
[2.429s] Level 1:colcon.colcon_core.environment:checking '/home/nvidia/GoalPlanning/src/location/install/imu_msgs' for CMake module files
[2.431s] DEBUG:colcon.colcon_core.event_handler.log_command:Invoked command in '/home/nvidia/GoalPlanning/src/location/build/imu_msgs' returned '0': CMAKE_PREFIX_PATH=${CMAKE_PREFIX_PATH}:/home/nvidia/GoalPlanning/install/planning:/home/nvidia/GoalPlanning/install/cmd_car:/opt/ros/foxy CONDA_PROMPT_MODIFIER=(base) /usr/bin/cmake --install /home/nvidia/GoalPlanning/src/location/build/imu_msgs
[2.432s] Level 1:colcon.colcon_core.environment:checking '/home/nvidia/GoalPlanning/src/location/install/imu_msgs' for CMake config files
[2.433s] Level 1:colcon.colcon_core.shell:create_environment_hook('imu_msgs', 'cmake_prefix_path')
[2.434s] INFO:colcon.colcon_core.shell:Creating environment hook '/home/nvidia/GoalPlanning/src/location/install/imu_msgs/share/imu_msgs/hook/cmake_prefix_path.ps1'
[2.435s] INFO:colcon.colcon_core.shell:Creating environment descriptor '/home/nvidia/GoalPlanning/src/location/install/imu_msgs/share/imu_msgs/hook/cmake_prefix_path.dsv'
[2.436s] INFO:colcon.colcon_core.shell:Creating environment hook '/home/nvidia/GoalPlanning/src/location/install/imu_msgs/share/imu_msgs/hook/cmake_prefix_path.sh'
[2.437s] Level 1:colcon.colcon_core.environment:checking '/home/nvidia/GoalPlanning/src/location/install/imu_msgs/lib'
[2.437s] Level 1:colcon.colcon_core.shell:create_environment_hook('imu_msgs', 'ld_library_path_lib')
[2.438s] INFO:colcon.colcon_core.shell:Creating environment hook '/home/nvidia/GoalPlanning/src/location/install/imu_msgs/share/imu_msgs/hook/ld_library_path_lib.ps1'
[2.439s] INFO:colcon.colcon_core.shell:Creating environment descriptor '/home/nvidia/GoalPlanning/src/location/install/imu_msgs/share/imu_msgs/hook/ld_library_path_lib.dsv'
[2.439s] INFO:colcon.colcon_core.shell:Creating environment hook '/home/nvidia/GoalPlanning/src/location/install/imu_msgs/share/imu_msgs/hook/ld_library_path_lib.sh'
[2.440s] Level 1:colcon.colcon_core.environment:checking '/home/nvidia/GoalPlanning/src/location/install/imu_msgs/bin'
[2.440s] Level 1:colcon.colcon_core.environment:checking '/home/nvidia/GoalPlanning/src/location/install/imu_msgs/lib/pkgconfig/imu_msgs.pc'
[2.441s] Level 1:colcon.colcon_core.environment:checking '/home/nvidia/GoalPlanning/src/location/install/imu_msgs/lib/python3.8/site-packages'
[2.441s] Level 1:colcon.colcon_core.environment:checking '/home/nvidia/GoalPlanning/src/location/install/imu_msgs/bin'
[2.442s] INFO:colcon.colcon_core.shell:Creating package script '/home/nvidia/GoalPlanning/src/location/install/imu_msgs/share/imu_msgs/package.ps1'
[2.443s] INFO:colcon.colcon_core.shell:Creating package descriptor '/home/nvidia/GoalPlanning/src/location/install/imu_msgs/share/imu_msgs/package.dsv'
[2.444s] INFO:colcon.colcon_core.shell:Creating package script '/home/nvidia/GoalPlanning/src/location/install/imu_msgs/share/imu_msgs/package.sh'
[2.446s] INFO:colcon.colcon_core.shell:Creating package script '/home/nvidia/GoalPlanning/src/location/install/imu_msgs/share/imu_msgs/package.bash'
[2.446s] INFO:colcon.colcon_core.shell:Creating package script '/home/nvidia/GoalPlanning/src/location/install/imu_msgs/share/imu_msgs/package.zsh'
[2.447s] Level 1:colcon.colcon_core.environment:create_file_with_runtime_dependencies(/home/nvidia/GoalPlanning/src/location/install/imu_msgs/share/colcon-core/packages/imu_msgs)
[2.739s] Level 1:colcon.colcon_core.environment:create_environment_scripts_only(imu_msgs)
[2.740s] Level 1:colcon.colcon_core.environment:checking '/home/nvidia/GoalPlanning/src/location/install/imu_msgs' for CMake module files
[2.742s] Level 1:colcon.colcon_core.environment:checking '/home/nvidia/GoalPlanning/src/location/install/imu_msgs' for CMake config files
[2.742s] Level 1:colcon.colcon_core.shell:create_environment_hook('imu_msgs', 'cmake_prefix_path')
[2.743s] INFO:colcon.colcon_core.shell:Creating environment hook '/home/nvidia/GoalPlanning/src/location/install/imu_msgs/share/imu_msgs/hook/cmake_prefix_path.ps1'
[2.744s] INFO:colcon.colcon_core.shell:Creating environment descriptor '/home/nvidia/GoalPlanning/src/location/install/imu_msgs/share/imu_msgs/hook/cmake_prefix_path.dsv'
[2.745s] INFO:colcon.colcon_core.shell:Creating environment hook '/home/nvidia/GoalPlanning/src/location/install/imu_msgs/share/imu_msgs/hook/cmake_prefix_path.sh'
[2.747s] Level 1:colcon.colcon_core.environment:checking '/home/nvidia/GoalPlanning/src/location/install/imu_msgs/lib'
[2.747s] Level 1:colcon.colcon_core.shell:create_environment_hook('imu_msgs', 'ld_library_path_lib')
[2.748s] INFO:colcon.colcon_core.shell:Creating environment hook '/home/nvidia/GoalPlanning/src/location/install/imu_msgs/share/imu_msgs/hook/ld_library_path_lib.ps1'
[2.749s] INFO:colcon.colcon_core.shell:Creating environment descriptor '/home/nvidia/GoalPlanning/src/location/install/imu_msgs/share/imu_msgs/hook/ld_library_path_lib.dsv'
[2.750s] INFO:colcon.colcon_core.shell:Creating environment hook '/home/nvidia/GoalPlanning/src/location/install/imu_msgs/share/imu_msgs/hook/ld_library_path_lib.sh'
[2.750s] Level 1:colcon.colcon_core.environment:checking '/home/nvidia/GoalPlanning/src/location/install/imu_msgs/bin'
[2.751s] Level 1:colcon.colcon_core.environment:checking '/home/nvidia/GoalPlanning/src/location/install/imu_msgs/lib/pkgconfig/imu_msgs.pc'
[2.751s] Level 1:colcon.colcon_core.environment:checking '/home/nvidia/GoalPlanning/src/location/install/imu_msgs/lib/python3.8/site-packages'
[2.752s] Level 1:colcon.colcon_core.environment:checking '/home/nvidia/GoalPlanning/src/location/install/imu_msgs/bin'
[2.752s] INFO:colcon.colcon_core.shell:Creating package script '/home/nvidia/GoalPlanning/src/location/install/imu_msgs/share/imu_msgs/package.ps1'
[2.754s] INFO:colcon.colcon_core.shell:Creating package descriptor '/home/nvidia/GoalPlanning/src/location/install/imu_msgs/share/imu_msgs/package.dsv'
[2.755s] INFO:colcon.colcon_core.shell:Creating package script '/home/nvidia/GoalPlanning/src/location/install/imu_msgs/share/imu_msgs/package.sh'
[2.756s] INFO:colcon.colcon_core.shell:Creating package script '/home/nvidia/GoalPlanning/src/location/install/imu_msgs/share/imu_msgs/package.bash'
[2.757s] INFO:colcon.colcon_core.shell:Creating package script '/home/nvidia/GoalPlanning/src/location/install/imu_msgs/share/imu_msgs/package.zsh'
[2.757s] Level 1:colcon.colcon_core.environment:create_file_with_runtime_dependencies(/home/nvidia/GoalPlanning/src/location/install/imu_msgs/share/colcon-core/packages/imu_msgs)
[2.758s] INFO:colcon.colcon_ros.task.ament_cmake.build:Building ROS package in '/home/nvidia/GoalPlanning/src/location/src/imu_node' with build type 'ament_cmake'
[2.759s] INFO:colcon.colcon_cmake.task.cmake.build:Building CMake package in '/home/nvidia/GoalPlanning/src/location/src/imu_node'
[2.760s] INFO:colcon.colcon_core.shell:Skip shell extension 'powershell' for command environment: Not usable outside of PowerShell
[2.760s] DEBUG:colcon.colcon_core.shell:Skip shell extension 'dsv' for command environment
[2.776s] INFO:colcon.colcon_ros.task.ament_cmake.build:Building ROS package in '/home/nvidia/GoalPlanning/src/location/src/location' with build type 'ament_cmake'
[2.777s] INFO:colcon.colcon_cmake.task.cmake.build:Building CMake package in '/home/nvidia/GoalPlanning/src/location/src/location'
[2.778s] INFO:colcon.colcon_core.shell:Skip shell extension 'powershell' for command environment: Not usable outside of PowerShell
[2.779s] DEBUG:colcon.colcon_core.shell:Skip shell extension 'dsv' for command environment
[2.805s] DEBUG:colcon.colcon_core.event_handler.log_command:Invoking command in '/home/nvidia/GoalPlanning/src/location/build/imu_node': CMAKE_PREFIX_PATH=/home/nvidia/GoalPlanning/src/location/install/serial:/home/nvidia/GoalPlanning/src/location/install/imu_msgs:/home/nvidia/GoalPlanning/src/location/install/location:/home/nvidia/GoalPlanning/src/location/install/imu_node:/home/nvidia/GoalPlanning/install/serial:/home/nvidia/GoalPlanning/install/rslidar_sdk:/home/nvidia/GoalPlanning/install/rslidar_msg:/home/nvidia/GoalPlanning/install/location:/home/nvidia/GoalPlanning/install/imu_node:/home/nvidia/GoalPlanning/install/imu_msgs:/home/nvidia/GoalPlanning/install/cmd_car_cpp:/home/nvidia/GoalPlanning/install/car_msg:/home/nvidia/GoalPlanning/install/planning:/home/nvidia/GoalPlanning/install/cmd_car:/opt/ros/foxy CONDA_PROMPT_MODIFIER=(base) LD_LIBRARY_PATH=/home/nvidia/GoalPlanning/src/location/install/serial/lib:/home/nvidia/GoalPlanning/src/location/install/imu_msgs/lib:/home/nvidia/GoalPlanning/install/serial/lib:/home/nvidia/GoalPlanning/install/rslidar_msg/lib:/home/nvidia/GoalPlanning/install/imu_msgs/lib:/home/nvidia/GoalPlanning/install/car_msg/lib:/usr/local/cuda-11.4/lib64:/usr/lib/aarch64-linux-gnu/gazebo-11/plugins:/opt/ros/foxy/opt/yaml_cpp_vendor/lib:/opt/ros/foxy/opt/rviz_ogre_vendor/lib:/opt/ros/foxy/lib/aarch64-linux-gnu:/opt/ros/foxy/lib:/usr/local/cuda-11.4/lib64 /usr/bin/cmake --build /home/nvidia/GoalPlanning/src/location/build/imu_node -- -j8 -l8
[2.821s] DEBUG:colcon.colcon_core.event_handler.log_command:Invoking command in '/home/nvidia/GoalPlanning/src/location/build/location': CMAKE_PREFIX_PATH=/home/nvidia/GoalPlanning/src/location/install/imu_msgs:/home/nvidia/GoalPlanning/src/location/install/serial:/home/nvidia/GoalPlanning/src/location/install/location:/home/nvidia/GoalPlanning/src/location/install/imu_node:/home/nvidia/GoalPlanning/install/serial:/home/nvidia/GoalPlanning/install/rslidar_sdk:/home/nvidia/GoalPlanning/install/rslidar_msg:/home/nvidia/GoalPlanning/install/location:/home/nvidia/GoalPlanning/install/imu_node:/home/nvidia/GoalPlanning/install/imu_msgs:/home/nvidia/GoalPlanning/install/cmd_car_cpp:/home/nvidia/GoalPlanning/install/car_msg:/home/nvidia/GoalPlanning/install/planning:/home/nvidia/GoalPlanning/install/cmd_car:/opt/ros/foxy CONDA_PROMPT_MODIFIER=(base) LD_LIBRARY_PATH=/home/nvidia/GoalPlanning/src/location/install/imu_msgs/lib:/home/nvidia/GoalPlanning/src/location/install/serial/lib:/home/nvidia/GoalPlanning/install/serial/lib:/home/nvidia/GoalPlanning/install/rslidar_msg/lib:/home/nvidia/GoalPlanning/install/imu_msgs/lib:/home/nvidia/GoalPlanning/install/car_msg/lib:/usr/local/cuda-11.4/lib64:/usr/lib/aarch64-linux-gnu/gazebo-11/plugins:/opt/ros/foxy/opt/yaml_cpp_vendor/lib:/opt/ros/foxy/opt/rviz_ogre_vendor/lib:/opt/ros/foxy/lib/aarch64-linux-gnu:/opt/ros/foxy/lib:/usr/local/cuda-11.4/lib64 /usr/bin/cmake --build /home/nvidia/GoalPlanning/src/location/build/location -- -j8 -l8
[14.515s] DEBUG:colcon.colcon_core.event_handler.log_command:Invoked command in '/home/nvidia/GoalPlanning/src/location/build/imu_node' returned '0': CMAKE_PREFIX_PATH=/home/nvidia/GoalPlanning/src/location/install/serial:/home/nvidia/GoalPlanning/src/location/install/imu_msgs:/home/nvidia/GoalPlanning/src/location/install/location:/home/nvidia/GoalPlanning/src/location/install/imu_node:/home/nvidia/GoalPlanning/install/serial:/home/nvidia/GoalPlanning/install/rslidar_sdk:/home/nvidia/GoalPlanning/install/rslidar_msg:/home/nvidia/GoalPlanning/install/location:/home/nvidia/GoalPlanning/install/imu_node:/home/nvidia/GoalPlanning/install/imu_msgs:/home/nvidia/GoalPlanning/install/cmd_car_cpp:/home/nvidia/GoalPlanning/install/car_msg:/home/nvidia/GoalPlanning/install/planning:/home/nvidia/GoalPlanning/install/cmd_car:/opt/ros/foxy CONDA_PROMPT_MODIFIER=(base) LD_LIBRARY_PATH=/home/nvidia/GoalPlanning/src/location/install/serial/lib:/home/nvidia/GoalPlanning/src/location/install/imu_msgs/lib:/home/nvidia/GoalPlanning/install/serial/lib:/home/nvidia/GoalPlanning/install/rslidar_msg/lib:/home/nvidia/GoalPlanning/install/imu_msgs/lib:/home/nvidia/GoalPlanning/install/car_msg/lib:/usr/local/cuda-11.4/lib64:/usr/lib/aarch64-linux-gnu/gazebo-11/plugins:/opt/ros/foxy/opt/yaml_cpp_vendor/lib:/opt/ros/foxy/opt/rviz_ogre_vendor/lib:/opt/ros/foxy/lib/aarch64-linux-gnu:/opt/ros/foxy/lib:/usr/local/cuda-11.4/lib64 /usr/bin/cmake --build /home/nvidia/GoalPlanning/src/location/build/imu_node -- -j8 -l8
[14.591s] DEBUG:colcon.colcon_core.event_handler.log_command:Invoking command in '/home/nvidia/GoalPlanning/src/location/build/imu_node': CMAKE_PREFIX_PATH=/home/nvidia/GoalPlanning/src/location/install/serial:/home/nvidia/GoalPlanning/src/location/install/imu_msgs:/home/nvidia/GoalPlanning/src/location/install/location:/home/nvidia/GoalPlanning/src/location/install/imu_node:/home/nvidia/GoalPlanning/install/serial:/home/nvidia/GoalPlanning/install/rslidar_sdk:/home/nvidia/GoalPlanning/install/rslidar_msg:/home/nvidia/GoalPlanning/install/location:/home/nvidia/GoalPlanning/install/imu_node:/home/nvidia/GoalPlanning/install/imu_msgs:/home/nvidia/GoalPlanning/install/cmd_car_cpp:/home/nvidia/GoalPlanning/install/car_msg:/home/nvidia/GoalPlanning/install/planning:/home/nvidia/GoalPlanning/install/cmd_car:/opt/ros/foxy CONDA_PROMPT_MODIFIER=(base) LD_LIBRARY_PATH=/home/nvidia/GoalPlanning/src/location/install/serial/lib:/home/nvidia/GoalPlanning/src/location/install/imu_msgs/lib:/home/nvidia/GoalPlanning/install/serial/lib:/home/nvidia/GoalPlanning/install/rslidar_msg/lib:/home/nvidia/GoalPlanning/install/imu_msgs/lib:/home/nvidia/GoalPlanning/install/car_msg/lib:/usr/local/cuda-11.4/lib64:/usr/lib/aarch64-linux-gnu/gazebo-11/plugins:/opt/ros/foxy/opt/yaml_cpp_vendor/lib:/opt/ros/foxy/opt/rviz_ogre_vendor/lib:/opt/ros/foxy/lib/aarch64-linux-gnu:/opt/ros/foxy/lib:/usr/local/cuda-11.4/lib64 /usr/bin/cmake --install /home/nvidia/GoalPlanning/src/location/build/imu_node
[14.625s] Level 1:colcon.colcon_core.environment:create_environment_scripts_only(imu_node)
[14.626s] Level 1:colcon.colcon_core.environment:checking '/home/nvidia/GoalPlanning/src/location/install/imu_node' for CMake module files
[14.627s] DEBUG:colcon.colcon_core.event_handler.log_command:Invoked command in '/home/nvidia/GoalPlanning/src/location/build/imu_node' returned '0': CMAKE_PREFIX_PATH=/home/nvidia/GoalPlanning/src/location/install/serial:/home/nvidia/GoalPlanning/src/location/install/imu_msgs:/home/nvidia/GoalPlanning/src/location/install/location:/home/nvidia/GoalPlanning/src/location/install/imu_node:/home/nvidia/GoalPlanning/install/serial:/home/nvidia/GoalPlanning/install/rslidar_sdk:/home/nvidia/GoalPlanning/install/rslidar_msg:/home/nvidia/GoalPlanning/install/location:/home/nvidia/GoalPlanning/install/imu_node:/home/nvidia/GoalPlanning/install/imu_msgs:/home/nvidia/GoalPlanning/install/cmd_car_cpp:/home/nvidia/GoalPlanning/install/car_msg:/home/nvidia/GoalPlanning/install/planning:/home/nvidia/GoalPlanning/install/cmd_car:/opt/ros/foxy CONDA_PROMPT_MODIFIER=(base) LD_LIBRARY_PATH=/home/nvidia/GoalPlanning/src/location/install/serial/lib:/home/nvidia/GoalPlanning/src/location/install/imu_msgs/lib:/home/nvidia/GoalPlanning/install/serial/lib:/home/nvidia/GoalPlanning/install/rslidar_msg/lib:/home/nvidia/GoalPlanning/install/imu_msgs/lib:/home/nvidia/GoalPlanning/install/car_msg/lib:/usr/local/cuda-11.4/lib64:/usr/lib/aarch64-linux-gnu/gazebo-11/plugins:/opt/ros/foxy/opt/yaml_cpp_vendor/lib:/opt/ros/foxy/opt/rviz_ogre_vendor/lib:/opt/ros/foxy/lib/aarch64-linux-gnu:/opt/ros/foxy/lib:/usr/local/cuda-11.4/lib64 /usr/bin/cmake --install /home/nvidia/GoalPlanning/src/location/build/imu_node
[14.628s] Level 1:colcon.colcon_core.environment:checking '/home/nvidia/GoalPlanning/src/location/install/imu_node' for CMake config files
[14.629s] Level 1:colcon.colcon_core.shell:create_environment_hook('imu_node', 'cmake_prefix_path')
[14.630s] INFO:colcon.colcon_core.shell:Creating environment hook '/home/nvidia/GoalPlanning/src/location/install/imu_node/share/imu_node/hook/cmake_prefix_path.ps1'
[14.631s] INFO:colcon.colcon_core.shell:Creating environment descriptor '/home/nvidia/GoalPlanning/src/location/install/imu_node/share/imu_node/hook/cmake_prefix_path.dsv'
[14.632s] INFO:colcon.colcon_core.shell:Creating environment hook '/home/nvidia/GoalPlanning/src/location/install/imu_node/share/imu_node/hook/cmake_prefix_path.sh'
[14.633s] Level 1:colcon.colcon_core.environment:checking '/home/nvidia/GoalPlanning/src/location/install/imu_node/lib'
[14.633s] Level 1:colcon.colcon_core.environment:checking '/home/nvidia/GoalPlanning/src/location/install/imu_node/bin'
[14.634s] Level 1:colcon.colcon_core.environment:checking '/home/nvidia/GoalPlanning/src/location/install/imu_node/lib/pkgconfig/imu_node.pc'
[14.634s] Level 1:colcon.colcon_core.environment:checking '/home/nvidia/GoalPlanning/src/location/install/imu_node/lib/python3.8/site-packages'
[14.634s] Level 1:colcon.colcon_core.environment:checking '/home/nvidia/GoalPlanning/src/location/install/imu_node/bin'
[14.635s] INFO:colcon.colcon_core.shell:Creating package script '/home/nvidia/GoalPlanning/src/location/install/imu_node/share/imu_node/package.ps1'
[14.636s] INFO:colcon.colcon_core.shell:Creating package descriptor '/home/nvidia/GoalPlanning/src/location/install/imu_node/share/imu_node/package.dsv'
[14.637s] INFO:colcon.colcon_core.shell:Creating package script '/home/nvidia/GoalPlanning/src/location/install/imu_node/share/imu_node/package.sh'
[14.638s] INFO:colcon.colcon_core.shell:Creating package script '/home/nvidia/GoalPlanning/src/location/install/imu_node/share/imu_node/package.bash'
[14.638s] INFO:colcon.colcon_core.shell:Creating package script '/home/nvidia/GoalPlanning/src/location/install/imu_node/share/imu_node/package.zsh'
[14.639s] Level 1:colcon.colcon_core.environment:create_file_with_runtime_dependencies(/home/nvidia/GoalPlanning/src/location/install/imu_node/share/colcon-core/packages/imu_node)
[14.713s] Level 1:colcon.colcon_core.environment:create_environment_scripts_only(imu_node)
[14.714s] Level 1:colcon.colcon_core.environment:checking '/home/nvidia/GoalPlanning/src/location/install/imu_node' for CMake module files
[14.715s] Level 1:colcon.colcon_core.environment:checking '/home/nvidia/GoalPlanning/src/location/install/imu_node' for CMake config files
[14.717s] Level 1:colcon.colcon_core.shell:create_environment_hook('imu_node', 'cmake_prefix_path')
[14.718s] INFO:colcon.colcon_core.shell:Creating environment hook '/home/nvidia/GoalPlanning/src/location/install/imu_node/share/imu_node/hook/cmake_prefix_path.ps1'
[14.719s] INFO:colcon.colcon_core.shell:Creating environment descriptor '/home/nvidia/GoalPlanning/src/location/install/imu_node/share/imu_node/hook/cmake_prefix_path.dsv'
[14.720s] INFO:colcon.colcon_core.shell:Creating environment hook '/home/nvidia/GoalPlanning/src/location/install/imu_node/share/imu_node/hook/cmake_prefix_path.sh'
[14.721s] Level 1:colcon.colcon_core.environment:checking '/home/nvidia/GoalPlanning/src/location/install/imu_node/lib'
[14.722s] Level 1:colcon.colcon_core.environment:checking '/home/nvidia/GoalPlanning/src/location/install/imu_node/bin'
[14.722s] Level 1:colcon.colcon_core.environment:checking '/home/nvidia/GoalPlanning/src/location/install/imu_node/lib/pkgconfig/imu_node.pc'
[14.722s] Level 1:colcon.colcon_core.environment:checking '/home/nvidia/GoalPlanning/src/location/install/imu_node/lib/python3.8/site-packages'
[14.723s] Level 1:colcon.colcon_core.environment:checking '/home/nvidia/GoalPlanning/src/location/install/imu_node/bin'
[14.724s] INFO:colcon.colcon_core.shell:Creating package script '/home/nvidia/GoalPlanning/src/location/install/imu_node/share/imu_node/package.ps1'
[14.726s] INFO:colcon.colcon_core.shell:Creating package descriptor '/home/nvidia/GoalPlanning/src/location/install/imu_node/share/imu_node/package.dsv'
[14.727s] INFO:colcon.colcon_core.shell:Creating package script '/home/nvidia/GoalPlanning/src/location/install/imu_node/share/imu_node/package.sh'
[14.729s] INFO:colcon.colcon_core.shell:Creating package script '/home/nvidia/GoalPlanning/src/location/install/imu_node/share/imu_node/package.bash'
[14.730s] INFO:colcon.colcon_core.shell:Creating package script '/home/nvidia/GoalPlanning/src/location/install/imu_node/share/imu_node/package.zsh'
[14.731s] Level 1:colcon.colcon_core.environment:create_file_with_runtime_dependencies(/home/nvidia/GoalPlanning/src/location/install/imu_node/share/colcon-core/packages/imu_node)
[18.996s] DEBUG:colcon.colcon_core.event_handler.log_command:Invoked command in '/home/nvidia/GoalPlanning/src/location/build/location' returned '0': CMAKE_PREFIX_PATH=/home/nvidia/GoalPlanning/src/location/install/imu_msgs:/home/nvidia/GoalPlanning/src/location/install/serial:/home/nvidia/GoalPlanning/src/location/install/location:/home/nvidia/GoalPlanning/src/location/install/imu_node:/home/nvidia/GoalPlanning/install/serial:/home/nvidia/GoalPlanning/install/rslidar_sdk:/home/nvidia/GoalPlanning/install/rslidar_msg:/home/nvidia/GoalPlanning/install/location:/home/nvidia/GoalPlanning/install/imu_node:/home/nvidia/GoalPlanning/install/imu_msgs:/home/nvidia/GoalPlanning/install/cmd_car_cpp:/home/nvidia/GoalPlanning/install/car_msg:/home/nvidia/GoalPlanning/install/planning:/home/nvidia/GoalPlanning/install/cmd_car:/opt/ros/foxy CONDA_PROMPT_MODIFIER=(base) LD_LIBRARY_PATH=/home/nvidia/GoalPlanning/src/location/install/imu_msgs/lib:/home/nvidia/GoalPlanning/src/location/install/serial/lib:/home/nvidia/GoalPlanning/install/serial/lib:/home/nvidia/GoalPlanning/install/rslidar_msg/lib:/home/nvidia/GoalPlanning/install/imu_msgs/lib:/home/nvidia/GoalPlanning/install/car_msg/lib:/usr/local/cuda-11.4/lib64:/usr/lib/aarch64-linux-gnu/gazebo-11/plugins:/opt/ros/foxy/opt/yaml_cpp_vendor/lib:/opt/ros/foxy/opt/rviz_ogre_vendor/lib:/opt/ros/foxy/lib/aarch64-linux-gnu:/opt/ros/foxy/lib:/usr/local/cuda-11.4/lib64 /usr/bin/cmake --build /home/nvidia/GoalPlanning/src/location/build/location -- -j8 -l8
[19.054s] DEBUG:colcon.colcon_core.event_handler.log_command:Invoking command in '/home/nvidia/GoalPlanning/src/location/build/location': CMAKE_PREFIX_PATH=/home/nvidia/GoalPlanning/src/location/install/imu_msgs:/home/nvidia/GoalPlanning/src/location/install/serial:/home/nvidia/GoalPlanning/src/location/install/location:/home/nvidia/GoalPlanning/src/location/install/imu_node:/home/nvidia/GoalPlanning/install/serial:/home/nvidia/GoalPlanning/install/rslidar_sdk:/home/nvidia/GoalPlanning/install/rslidar_msg:/home/nvidia/GoalPlanning/install/location:/home/nvidia/GoalPlanning/install/imu_node:/home/nvidia/GoalPlanning/install/imu_msgs:/home/nvidia/GoalPlanning/install/cmd_car_cpp:/home/nvidia/GoalPlanning/install/car_msg:/home/nvidia/GoalPlanning/install/planning:/home/nvidia/GoalPlanning/install/cmd_car:/opt/ros/foxy CONDA_PROMPT_MODIFIER=(base) LD_LIBRARY_PATH=/home/nvidia/GoalPlanning/src/location/install/imu_msgs/lib:/home/nvidia/GoalPlanning/src/location/install/serial/lib:/home/nvidia/GoalPlanning/install/serial/lib:/home/nvidia/GoalPlanning/install/rslidar_msg/lib:/home/nvidia/GoalPlanning/install/imu_msgs/lib:/home/nvidia/GoalPlanning/install/car_msg/lib:/usr/local/cuda-11.4/lib64:/usr/lib/aarch64-linux-gnu/gazebo-11/plugins:/opt/ros/foxy/opt/yaml_cpp_vendor/lib:/opt/ros/foxy/opt/rviz_ogre_vendor/lib:/opt/ros/foxy/lib/aarch64-linux-gnu:/opt/ros/foxy/lib:/usr/local/cuda-11.4/lib64 /usr/bin/cmake --install /home/nvidia/GoalPlanning/src/location/build/location
[19.087s] Level 1:colcon.colcon_core.environment:create_environment_scripts_only(location)
[19.089s] Level 1:colcon.colcon_core.environment:checking '/home/nvidia/GoalPlanning/src/location/install/location' for CMake module files
[19.090s] DEBUG:colcon.colcon_core.event_handler.log_command:Invoked command in '/home/nvidia/GoalPlanning/src/location/build/location' returned '0': CMAKE_PREFIX_PATH=/home/nvidia/GoalPlanning/src/location/install/imu_msgs:/home/nvidia/GoalPlanning/src/location/install/serial:/home/nvidia/GoalPlanning/src/location/install/location:/home/nvidia/GoalPlanning/src/location/install/imu_node:/home/nvidia/GoalPlanning/install/serial:/home/nvidia/GoalPlanning/install/rslidar_sdk:/home/nvidia/GoalPlanning/install/rslidar_msg:/home/nvidia/GoalPlanning/install/location:/home/nvidia/GoalPlanning/install/imu_node:/home/nvidia/GoalPlanning/install/imu_msgs:/home/nvidia/GoalPlanning/install/cmd_car_cpp:/home/nvidia/GoalPlanning/install/car_msg:/home/nvidia/GoalPlanning/install/planning:/home/nvidia/GoalPlanning/install/cmd_car:/opt/ros/foxy CONDA_PROMPT_MODIFIER=(base) LD_LIBRARY_PATH=/home/nvidia/GoalPlanning/src/location/install/imu_msgs/lib:/home/nvidia/GoalPlanning/src/location/install/serial/lib:/home/nvidia/GoalPlanning/install/serial/lib:/home/nvidia/GoalPlanning/install/rslidar_msg/lib:/home/nvidia/GoalPlanning/install/imu_msgs/lib:/home/nvidia/GoalPlanning/install/car_msg/lib:/usr/local/cuda-11.4/lib64:/usr/lib/aarch64-linux-gnu/gazebo-11/plugins:/opt/ros/foxy/opt/yaml_cpp_vendor/lib:/opt/ros/foxy/opt/rviz_ogre_vendor/lib:/opt/ros/foxy/lib/aarch64-linux-gnu:/opt/ros/foxy/lib:/usr/local/cuda-11.4/lib64 /usr/bin/cmake --install /home/nvidia/GoalPlanning/src/location/build/location
[19.091s] Level 1:colcon.colcon_core.environment:checking '/home/nvidia/GoalPlanning/src/location/install/location' for CMake config files
[19.093s] Level 1:colcon.colcon_core.shell:create_environment_hook('location', 'cmake_prefix_path')
[19.093s] INFO:colcon.colcon_core.shell:Creating environment hook '/home/nvidia/GoalPlanning/src/location/install/location/share/location/hook/cmake_prefix_path.ps1'
[19.095s] INFO:colcon.colcon_core.shell:Creating environment descriptor '/home/nvidia/GoalPlanning/src/location/install/location/share/location/hook/cmake_prefix_path.dsv'
[19.096s] INFO:colcon.colcon_core.shell:Creating environment hook '/home/nvidia/GoalPlanning/src/location/install/location/share/location/hook/cmake_prefix_path.sh'
[19.097s] Level 1:colcon.colcon_core.environment:checking '/home/nvidia/GoalPlanning/src/location/install/location/lib'
[19.098s] Level 1:colcon.colcon_core.environment:checking '/home/nvidia/GoalPlanning/src/location/install/location/bin'
[19.098s] Level 1:colcon.colcon_core.environment:checking '/home/nvidia/GoalPlanning/src/location/install/location/lib/pkgconfig/location.pc'
[19.099s] Level 1:colcon.colcon_core.environment:checking '/home/nvidia/GoalPlanning/src/location/install/location/lib/python3.8/site-packages'
[19.099s] Level 1:colcon.colcon_core.environment:checking '/home/nvidia/GoalPlanning/src/location/install/location/bin'
[19.100s] INFO:colcon.colcon_core.shell:Creating package script '/home/nvidia/GoalPlanning/src/location/install/location/share/location/package.ps1'
[19.101s] INFO:colcon.colcon_core.shell:Creating package descriptor '/home/nvidia/GoalPlanning/src/location/install/location/share/location/package.dsv'
[19.103s] INFO:colcon.colcon_core.shell:Creating package script '/home/nvidia/GoalPlanning/src/location/install/location/share/location/package.sh'
[19.104s] INFO:colcon.colcon_core.shell:Creating package script '/home/nvidia/GoalPlanning/src/location/install/location/share/location/package.bash'
[19.105s] INFO:colcon.colcon_core.shell:Creating package script '/home/nvidia/GoalPlanning/src/location/install/location/share/location/package.zsh'
[19.106s] Level 1:colcon.colcon_core.environment:create_file_with_runtime_dependencies(/home/nvidia/GoalPlanning/src/location/install/location/share/colcon-core/packages/location)
[19.164s] Level 1:colcon.colcon_core.environment:create_environment_scripts_only(location)
[19.165s] Level 1:colcon.colcon_core.environment:checking '/home/nvidia/GoalPlanning/src/location/install/location' for CMake module files
[19.167s] Level 1:colcon.colcon_core.environment:checking '/home/nvidia/GoalPlanning/src/location/install/location' for CMake config files
[19.168s] Level 1:colcon.colcon_core.shell:create_environment_hook('location', 'cmake_prefix_path')
[19.168s] INFO:colcon.colcon_core.shell:Creating environment hook '/home/nvidia/GoalPlanning/src/location/install/location/share/location/hook/cmake_prefix_path.ps1'
[19.170s] INFO:colcon.colcon_core.shell:Creating environment descriptor '/home/nvidia/GoalPlanning/src/location/install/location/share/location/hook/cmake_prefix_path.dsv'
[19.170s] INFO:colcon.colcon_core.shell:Creating environment hook '/home/nvidia/GoalPlanning/src/location/install/location/share/location/hook/cmake_prefix_path.sh'
[19.172s] Level 1:colcon.colcon_core.environment:checking '/home/nvidia/GoalPlanning/src/location/install/location/lib'
[19.172s] Level 1:colcon.colcon_core.environment:checking '/home/nvidia/GoalPlanning/src/location/install/location/bin'
[19.172s] Level 1:colcon.colcon_core.environment:checking '/home/nvidia/GoalPlanning/src/location/install/location/lib/pkgconfig/location.pc'
[19.173s] Level 1:colcon.colcon_core.environment:checking '/home/nvidia/GoalPlanning/src/location/install/location/lib/python3.8/site-packages'
[19.173s] Level 1:colcon.colcon_core.environment:checking '/home/nvidia/GoalPlanning/src/location/install/location/bin'
[19.174s] INFO:colcon.colcon_core.shell:Creating package script '/home/nvidia/GoalPlanning/src/location/install/location/share/location/package.ps1'
[19.176s] INFO:colcon.colcon_core.shell:Creating package descriptor '/home/nvidia/GoalPlanning/src/location/install/location/share/location/package.dsv'
[19.177s] INFO:colcon.colcon_core.shell:Creating package script '/home/nvidia/GoalPlanning/src/location/install/location/share/location/package.sh'
[19.178s] INFO:colcon.colcon_core.shell:Creating package script '/home/nvidia/GoalPlanning/src/location/install/location/share/location/package.bash'
[19.179s] INFO:colcon.colcon_core.shell:Creating package script '/home/nvidia/GoalPlanning/src/location/install/location/share/location/package.zsh'
[19.180s] Level 1:colcon.colcon_core.environment:create_file_with_runtime_dependencies(/home/nvidia/GoalPlanning/src/location/install/location/share/colcon-core/packages/location)
[19.181s] DEBUG:colcon.colcon_parallel_executor.executor.parallel:closing loop
[19.182s] DEBUG:colcon.colcon_parallel_executor.executor.parallel:loop closed
[19.182s] DEBUG:colcon.colcon_parallel_executor.executor.parallel:run_until_complete finished with '0'
[19.182s] DEBUG:colcon.colcon_core.event_reactor:joining thread
[19.198s] INFO:colcon.colcon_core.plugin_system:Skipping extension 'colcon_notification.desktop_notification.terminal_notifier': Not used on non-Darwin systems
[19.198s] INFO:colcon.colcon_core.plugin_system:Skipping extension 'colcon_notification.desktop_notification.win32': Not used on non-Windows systems
[19.199s] INFO:colcon.colcon_notification.desktop_notification:Sending desktop notification using 'notify2'
[19.247s] DEBUG:colcon.colcon_core.event_reactor:joined thread
[19.249s] INFO:colcon.colcon_core.shell:Creating prefix script '/home/nvidia/GoalPlanning/src/location/install/local_setup.ps1'
[19.251s] INFO:colcon.colcon_core.shell:Creating prefix util module '/home/nvidia/GoalPlanning/src/location/install/_local_setup_util_ps1.py'
[19.255s] INFO:colcon.colcon_core.shell:Creating prefix chain script '/home/nvidia/GoalPlanning/src/location/install/setup.ps1'
[19.259s] INFO:colcon.colcon_core.shell:Creating prefix script '/home/nvidia/GoalPlanning/src/location/install/local_setup.sh'
[19.261s] INFO:colcon.colcon_core.shell:Creating prefix util module '/home/nvidia/GoalPlanning/src/location/install/_local_setup_util_sh.py'
[19.262s] INFO:colcon.colcon_core.shell:Creating prefix chain script '/home/nvidia/GoalPlanning/src/location/install/setup.sh'
[19.266s] INFO:colcon.colcon_core.shell:Creating prefix script '/home/nvidia/GoalPlanning/src/location/install/local_setup.bash'
[19.267s] INFO:colcon.colcon_core.shell:Creating prefix chain script '/home/nvidia/GoalPlanning/src/location/install/setup.bash'
[19.272s] INFO:colcon.colcon_core.shell:Creating prefix script '/home/nvidia/GoalPlanning/src/location/install/local_setup.zsh'
[19.273s] INFO:colcon.colcon_core.shell:Creating prefix chain script '/home/nvidia/GoalPlanning/src/location/install/setup.zsh'
