running egg_info
creating ../../build/cmd_car/cmd_car.egg-info
writing ../../build/cmd_car/cmd_car.egg-info/PKG-INFO
writing dependency_links to ../../build/cmd_car/cmd_car.egg-info/dependency_links.txt
writing entry points to ../../build/cmd_car/cmd_car.egg-info/entry_points.txt
writing requirements to ../../build/cmd_car/cmd_car.egg-info/requires.txt
writing top-level names to ../../build/cmd_car/cmd_car.egg-info/top_level.txt
writing manifest file '../../build/cmd_car/cmd_car.egg-info/SOURCES.txt'
reading manifest file '../../build/cmd_car/cmd_car.egg-info/SOURCES.txt'
writing manifest file '../../build/cmd_car/cmd_car.egg-info/SOURCES.txt'
running build
running build_py
creating /home/nvidia/GoalPlanning/build/cmd_car/build
creating /home/nvidia/GoalPlanning/build/cmd_car/build/lib
creating /home/nvidia/GoalPlanning/build/cmd_car/build/lib/cmd_car
copying cmd_car/__init__.py -> /home/nvidia/GoalPlanning/build/cmd_car/build/lib/cmd_car
running install
running install_lib
creating /home/nvidia/GoalPlanning/install/cmd_car/lib/python3.8/site-packages/cmd_car
copying /home/nvidia/GoalPlanning/build/cmd_car/build/lib/cmd_car/__init__.py -> /home/nvidia/GoalPlanning/install/cmd_car/lib/python3.8/site-packages/cmd_car
byte-compiling /home/nvidia/GoalPlanning/install/cmd_car/lib/python3.8/site-packages/cmd_car/__init__.py to __init__.cpython-38.pyc
running install_data
creating /home/nvidia/GoalPlanning/install/cmd_car/share/ament_index
creating /home/nvidia/GoalPlanning/install/cmd_car/share/ament_index/resource_index
creating /home/nvidia/GoalPlanning/install/cmd_car/share/ament_index/resource_index/packages
copying resource/cmd_car -> /home/nvidia/GoalPlanning/install/cmd_car/share/ament_index/resource_index/packages
copying package.xml -> /home/nvidia/GoalPlanning/install/cmd_car/share/cmd_car
running install_egg_info
Copying ../../build/cmd_car/cmd_car.egg-info to /home/nvidia/GoalPlanning/install/cmd_car/lib/python3.8/site-packages/cmd_car-0.0.0-py3.8.egg-info
running install_scripts
writing list of installed files to '/home/nvidia/GoalPlanning/build/cmd_car/install.log'
