[35m[1mScanning dependencies of target location_node[0m
[ 50%] [32mBuilding CXX object CMakeFiles/location_node.dir/src/location_node.cpp.o[0m
[01m[K/home/nvidia/GoalPlanning/src/location/src/location/src/location_node.cpp:[m[K In member function ‘[01m[Kvoid location::imu_topic_callback(imu_msgs::msg::Imu_<std::allocator<void> >::SharedPtr)[m[K’:
[01m[K/home/nvidia/GoalPlanning/src/location/src/location/src/location_node.cpp:135:65:[m[K [01;35m[Kwarning: [m[Kunused parameter ‘[01m[Kmsg[m[K’ [[01;35m[K-Wunused-parameter[m[K]
  135 |     void imu_topic_callback([01;35m[Kconst imu_msgs::msg::Imu::SharedPtr msg[m[K) {
      |                             [01;35m[K~~~~~~~~~~~~~~~~~~~~~~~~~~~~~~~~~~~~^~~[m[K
[100%] [32m[1mLinking CXX executable location_node[0m
[100%] Built target location_node
-- Install configuration: ""
-- Up-to-date: /home/nvidia/GoalPlanning/install/location/share/location/launch
-- Up-to-date: /home/nvidia/GoalPlanning/install/location/share/location/launch/location.launch.py
-- Installing: /home/nvidia/GoalPlanning/install/location/lib/location/location_node
-- Set runtime path of "/home/nvidia/GoalPlanning/install/location/lib/location/location_node" to ""
-- Up-to-date: /home/nvidia/GoalPlanning/install/location/share/ament_index/resource_index/package_run_dependencies/location
-- Up-to-date: /home/nvidia/GoalPlanning/install/location/share/ament_index/resource_index/parent_prefix_path/location
-- Up-to-date: /home/nvidia/GoalPlanning/install/location/share/location/environment/ament_prefix_path.sh
-- Up-to-date: /home/nvidia/GoalPlanning/install/location/share/location/environment/ament_prefix_path.dsv
-- Up-to-date: /home/nvidia/GoalPlanning/install/location/share/location/environment/path.sh
-- Up-to-date: /home/nvidia/GoalPlanning/install/location/share/location/environment/path.dsv
-- Up-to-date: /home/nvidia/GoalPlanning/install/location/share/location/local_setup.bash
-- Up-to-date: /home/nvidia/GoalPlanning/install/location/share/location/local_setup.sh
-- Up-to-date: /home/nvidia/GoalPlanning/install/location/share/location/local_setup.zsh
-- Up-to-date: /home/nvidia/GoalPlanning/install/location/share/location/local_setup.dsv
-- Installing: /home/nvidia/GoalPlanning/install/location/share/location/package.dsv
-- Up-to-date: /home/nvidia/GoalPlanning/install/location/share/ament_index/resource_index/packages/location
-- Up-to-date: /home/nvidia/GoalPlanning/install/location/share/location/cmake/locationConfig.cmake
-- Up-to-date: /home/nvidia/GoalPlanning/install/location/share/location/cmake/locationConfig-version.cmake
-- Up-to-date: /home/nvidia/GoalPlanning/install/location/share/location/package.xml
