[0.123s] Invoking command in '/home/nvidia/GoalPlanning/build/rslidar_msg': CMAKE_PREFIX_PATH=${CMAKE_PREFIX_PATH}:/home/nvidia/GoalPlanning/install/planning:/home/nvidia/GoalPlanning/install/cmd_car:/opt/ros/foxy /usr/bin/cmake /home/nvidia/GoalPlanning/src/lidar_sdk_foxy/src/rslidar_msg -DCMAKE_INSTALL_PREFIX=/home/nvidia/GoalPlanning/install/rslidar_msg
[1.532s] -- The C compiler identification is GNU 9.4.0
[1.532s] -- The CXX compiler identification is GNU 9.4.0
[1.532s] -- Check for working C compiler: /usr/bin/cc
[1.532s] -- Check for working C compiler: /usr/bin/cc -- works
[1.533s] -- Detecting C compiler ABI info
[1.533s] -- Detecting C compiler ABI info - done
[1.533s] -- Detecting C compile features
[1.533s] -- Detecting C compile features - done
[1.533s] -- Check for working CXX compiler: /usr/bin/c++
[1.533s] -- Check for working CXX compiler: /usr/bin/c++ -- works
[1.533s] -- Detecting CXX compiler ABI info
[1.533s] -- Detecting CXX compiler ABI info - done
[1.534s] -- Detecting CXX compile features
[1.534s] -- Detecting CXX compile features - done
[1.534s] -- Found ament_cmake: 0.9.12 (/opt/ros/foxy/share/ament_cmake/cmake)
[1.534s] -- Found PythonInterp: /usr/bin/python3 (found suitable version "3.8.10", minimum required is "3") 
[1.534s] -- Using PYTHON_EXECUTABLE: /usr/bin/python3
[1.658s] -- Found std_msgs: 2.0.5 (/opt/ros/foxy/share/std_msgs/cmake)
[1.721s] -- Using all available rosidl_typesupport_c: rosidl_typesupport_fastrtps_c;rosidl_typesupport_introspection_c
[1.736s] -- Found rosidl_adapter: 1.3.1 (/opt/ros/foxy/share/rosidl_adapter/cmake)
[2.214s] -- Found OpenSSL: /usr/lib/aarch64-linux-gnu/libcrypto.so (found version "1.1.1f")  
[2.331s] -- Found FastRTPS: /opt/ros/foxy/include  
[2.665s] -- Using all available rosidl_typesupport_cpp: rosidl_typesupport_fastrtps_cpp;rosidl_typesupport_introspection_cpp
[2.766s] -- Found rclcpp: 2.4.3 (/opt/ros/foxy/share/rclcpp/cmake)
[2.871s] -- Found rmw_implementation_cmake: 1.0.4 (/opt/ros/foxy/share/rmw_implementation_cmake/cmake)
[2.875s] -- Using RMW implementation 'rmw_fastrtps_cpp' as default
[2.885s] -- Looking for pthread.h
[3.314s] -- Looking for pthread.h - found
[3.314s] -- Performing Test CMAKE_HAVE_LIBC_PTHREAD
[3.702s] -- Performing Test CMAKE_HAVE_LIBC_PTHREAD - Failed
[3.703s] -- Looking for pthread_create in pthreads
[3.993s] -- Looking for pthread_create in pthreads - not found
[3.993s] -- Looking for pthread_create in pthread
[4.208s] -- Looking for pthread_create in pthread - found
[4.210s] -- Found Threads: TRUE  
[4.513s] -- Found rosidl_default_generators: 1.0.1 (/opt/ros/foxy/share/rosidl_default_generators/cmake)
[4.592s] -- Found PythonInterp: /usr/bin/python3 (found version "3.8.10") 
[4.995s] -- Found ament_cmake_ros: 0.9.2 (/opt/ros/foxy/share/ament_cmake_ros/cmake)
[5.651s] -- Using all available rosidl_typesupport_c: rosidl_typesupport_fastrtps_c;rosidl_typesupport_introspection_c
[5.842s] -- Using all available rosidl_typesupport_cpp: rosidl_typesupport_fastrtps_cpp;rosidl_typesupport_introspection_cpp
[5.906s] -- Found PythonInterp: /usr/bin/python3 (found suitable version "3.8.10", minimum required is "3.5") 
[5.910s] -- Found python_cmake_module: 0.8.1 (/opt/ros/foxy/share/python_cmake_module/cmake)
[6.028s] -- Found PythonLibs: /usr/lib/aarch64-linux-gnu/libpython3.8.so (found suitable version "3.8.10", minimum required is "3.5") 
[6.030s] -- Using PYTHON_EXECUTABLE: /usr/bin/python3
[6.030s] -- Using PYTHON_INCLUDE_DIRS: /usr/include/python3.8
[6.030s] -- Using PYTHON_LIBRARIES: /usr/lib/aarch64-linux-gnu/libpython3.8.so
[6.103s] -- Found PythonExtra: .so  
[6.415s] -- Found ament_lint_auto: 0.9.8 (/opt/ros/foxy/share/ament_lint_auto/cmake)
[6.553s] -- Added test 'copyright' to check source files copyright and LICENSE
[6.606s] -- Added test 'lint_cmake' to check CMake code style
[6.635s] -- Added test 'xmllint' to check XML markup files
[6.667s] -- Configuring done
[6.937s] -- Generating done
[6.965s] -- Build files have been written to: /home/nvidia/GoalPlanning/build/rslidar_msg
[7.039s] Invoked command in '/home/nvidia/GoalPlanning/build/rslidar_msg' returned '0': CMAKE_PREFIX_PATH=${CMAKE_PREFIX_PATH}:/home/nvidia/GoalPlanning/install/planning:/home/nvidia/GoalPlanning/install/cmd_car:/opt/ros/foxy /usr/bin/cmake /home/nvidia/GoalPlanning/src/lidar_sdk_foxy/src/rslidar_msg -DCMAKE_INSTALL_PREFIX=/home/nvidia/GoalPlanning/install/rslidar_msg
[7.047s] Invoking command in '/home/nvidia/GoalPlanning/build/rslidar_msg': CMAKE_PREFIX_PATH=${CMAKE_PREFIX_PATH}:/home/nvidia/GoalPlanning/install/planning:/home/nvidia/GoalPlanning/install/cmd_car:/opt/ros/foxy /usr/bin/cmake --build /home/nvidia/GoalPlanning/build/rslidar_msg -- -j8 -l8
[7.372s] [35m[1mScanning dependencies of target rslidar_msg__cpp[0m
[7.382s] [  3%] [34m[1mGenerating C code for ROS interfaces[0m
[7.481s] [  6%] [34m[1mGenerating C++ code for ROS interfaces[0m
[8.388s] [35m[1mScanning dependencies of target rslidar_msg__rosidl_generator_c[0m
[8.416s] [  6%] Built target rslidar_msg__cpp
[8.437s] [  9%] [32mBuilding C object CMakeFiles/rslidar_msg__rosidl_generator_c.dir/rosidl_generator_c/rslidar_msg/msg/detail/rslidar_packet__functions.c.o[0m
[8.478s] [ 12%] [34m[1mGenerating C++ introspection for ROS interfaces[0m
[8.506s] [ 16%] [34m[1mGenerating C++ type support for eProsima Fast-RTPS[0m
[8.508s] [ 19%] [34m[1mGenerating C++ type support dispatch for ROS interfaces[0m
[8.678s] [ 22%] [32m[1mLinking C shared library librslidar_msg__rosidl_generator_c.so[0m
[8.946s] [ 22%] Built target rslidar_msg__rosidl_generator_c
[9.030s] [ 25%] [34m[1mGenerating C introspection for ROS interfaces[0m
[9.053s] [ 29%] [34m[1mGenerating C type support dispatch for ROS interfaces[0m
[9.169s] [35m[1mScanning dependencies of target rslidar_msg__rosidl_typesupport_fastrtps_cpp[0m
[9.195s] [35m[1mScanning dependencies of target rslidar_msg__rosidl_typesupport_introspection_cpp[0m
[9.297s] [ 32%] [32mBuilding CXX object CMakeFiles/rslidar_msg__rosidl_typesupport_fastrtps_cpp.dir/rosidl_typesupport_fastrtps_cpp/rslidar_msg/msg/detail/dds_fastrtps/rslidar_packet__type_support.cpp.o[0m
[9.298s] [ 35%] [32mBuilding CXX object CMakeFiles/rslidar_msg__rosidl_typesupport_introspection_cpp.dir/rosidl_typesupport_introspection_cpp/rslidar_msg/msg/detail/rslidar_packet__type_support.cpp.o[0m
[9.410s] [35m[1mScanning dependencies of target rslidar_msg__rosidl_typesupport_cpp[0m
[9.499s] [ 38%] [32mBuilding CXX object CMakeFiles/rslidar_msg__rosidl_typesupport_cpp.dir/rosidl_typesupport_cpp/rslidar_msg/msg/rslidar_packet__type_support.cpp.o[0m
[9.653s] [35m[1mScanning dependencies of target rslidar_msg__rosidl_typesupport_c[0m
[9.762s] [ 41%] [32mBuilding CXX object CMakeFiles/rslidar_msg__rosidl_typesupport_c.dir/rosidl_typesupport_c/rslidar_msg/msg/rslidar_packet__type_support.cpp.o[0m
[9.979s] [ 45%] [32m[1mLinking CXX shared library librslidar_msg__rosidl_typesupport_c.so[0m
[10.110s] [35m[1mScanning dependencies of target rslidar_msg__rosidl_typesupport_introspection_c[0m
[10.273s] [ 48%] [32mBuilding C object CMakeFiles/rslidar_msg__rosidl_typesupport_introspection_c.dir/rosidl_typesupport_introspection_c/rslidar_msg/msg/detail/rslidar_packet__type_support.c.o[0m
[10.313s] [ 48%] Built target rslidar_msg__rosidl_typesupport_c
[10.529s] [ 51%] [32m[1mLinking C shared library librslidar_msg__rosidl_typesupport_introspection_c.so[0m
[10.797s] [ 51%] Built target rslidar_msg__rosidl_typesupport_introspection_c
[10.866s] [ 54%] [32m[1mLinking CXX shared library librslidar_msg__rosidl_typesupport_cpp.so[0m
[11.135s] [ 54%] Built target rslidar_msg__rosidl_typesupport_cpp
[11.193s] [ 58%] [32m[1mLinking CXX shared library librslidar_msg__rosidl_typesupport_introspection_cpp.so[0m
[11.532s] [ 61%] [32m[1mLinking CXX shared library librslidar_msg__rosidl_typesupport_fastrtps_cpp.so[0m
[11.735s] [ 61%] Built target rslidar_msg__rosidl_typesupport_introspection_cpp
[11.970s] [ 61%] Built target rslidar_msg__rosidl_typesupport_fastrtps_cpp
[12.090s] [ 64%] [34m[1mGenerating C type support for eProsima Fast-RTPS[0m
[12.784s] [35m[1mScanning dependencies of target rslidar_msg__rosidl_typesupport_fastrtps_c[0m
[12.886s] [ 67%] [32mBuilding CXX object CMakeFiles/rslidar_msg__rosidl_typesupport_fastrtps_c.dir/rosidl_typesupport_fastrtps_c/rslidar_msg/msg/detail/rslidar_packet__type_support_c.cpp.o[0m
[14.041s] [ 70%] [32m[1mLinking CXX shared library librslidar_msg__rosidl_typesupport_fastrtps_c.so[0m
[14.239s] [ 70%] Built target rslidar_msg__rosidl_typesupport_fastrtps_c
[14.268s] [35m[1mScanning dependencies of target rslidar_msg[0m
[14.296s] [ 70%] Built target rslidar_msg
[14.321s] [35m[1mScanning dependencies of target rslidar_msg__py[0m
[14.346s] [ 74%] [34m[1mGenerating Python code for ROS interfaces[0m
[15.164s] [ 74%] Built target rslidar_msg__py
[15.196s] [35m[1mScanning dependencies of target rslidar_msg__python[0m
[15.252s] [ 77%] [32mBuilding C object CMakeFiles/rslidar_msg__python.dir/rosidl_generator_py/rslidar_msg/msg/_rslidar_packet_s.c.o[0m
[15.591s] [ 80%] [32m[1mLinking C shared library rosidl_generator_py/rslidar_msg/librslidar_msg__python.so[0m
[15.690s] [ 80%] Built target rslidar_msg__python
[15.742s] [35m[1mScanning dependencies of target rslidar_msg__rosidl_typesupport_introspection_c__pyext[0m
[15.746s] [35m[1mScanning dependencies of target rslidar_msg__rosidl_typesupport_c__pyext[0m
[15.779s] [35m[1mScanning dependencies of target rslidar_msg__rosidl_typesupport_fastrtps_c__pyext[0m
[15.836s] [ 83%] [32mBuilding C object CMakeFiles/rslidar_msg__rosidl_typesupport_introspection_c__pyext.dir/rosidl_generator_py/rslidar_msg/_rslidar_msg_s.ep.rosidl_typesupport_introspection_c.c.o[0m
[15.900s] [ 87%] [32mBuilding C object CMakeFiles/rslidar_msg__rosidl_typesupport_c__pyext.dir/rosidl_generator_py/rslidar_msg/_rslidar_msg_s.ep.rosidl_typesupport_c.c.o[0m
[15.903s] [ 90%] [32mBuilding C object CMakeFiles/rslidar_msg__rosidl_typesupport_fastrtps_c__pyext.dir/rosidl_generator_py/rslidar_msg/_rslidar_msg_s.ep.rosidl_typesupport_fastrtps_c.c.o[0m
[16.116s] [ 93%] [32m[1mLinking C shared library rosidl_generator_py/rslidar_msg/rslidar_msg_s__rosidl_typesupport_introspection_c.cpython-38-aarch64-linux-gnu.so[0m
[16.271s] [ 96%] [32m[1mLinking C shared library rosidl_generator_py/rslidar_msg/rslidar_msg_s__rosidl_typesupport_c.cpython-38-aarch64-linux-gnu.so[0m
[16.335s] [ 96%] Built target rslidar_msg__rosidl_typesupport_introspection_c__pyext
[16.361s] [100%] [32m[1mLinking CXX shared library rosidl_generator_py/rslidar_msg/rslidar_msg_s__rosidl_typesupport_fastrtps_c.cpython-38-aarch64-linux-gnu.so[0m
[16.482s] [100%] Built target rslidar_msg__rosidl_typesupport_c__pyext
[16.627s] [100%] Built target rslidar_msg__rosidl_typesupport_fastrtps_c__pyext
[16.672s] Invoked command in '/home/nvidia/GoalPlanning/build/rslidar_msg' returned '0': CMAKE_PREFIX_PATH=${CMAKE_PREFIX_PATH}:/home/nvidia/GoalPlanning/install/planning:/home/nvidia/GoalPlanning/install/cmd_car:/opt/ros/foxy /usr/bin/cmake --build /home/nvidia/GoalPlanning/build/rslidar_msg -- -j8 -l8
[16.968s] Invoking command in '/home/nvidia/GoalPlanning/build/rslidar_msg': CMAKE_PREFIX_PATH=${CMAKE_PREFIX_PATH}:/home/nvidia/GoalPlanning/install/planning:/home/nvidia/GoalPlanning/install/cmd_car:/opt/ros/foxy /usr/bin/cmake --install /home/nvidia/GoalPlanning/build/rslidar_msg
[16.991s] -- Install configuration: ""
[16.992s] -- Installing: /home/nvidia/GoalPlanning/install/rslidar_msg/share/ament_index/resource_index/rosidl_interfaces/rslidar_msg
[16.993s] -- Installing: /home/nvidia/GoalPlanning/install/rslidar_msg/include/rslidar_msg
[16.994s] -- Installing: /home/nvidia/GoalPlanning/install/rslidar_msg/include/rslidar_msg/msg
[16.994s] -- Installing: /home/nvidia/GoalPlanning/install/rslidar_msg/include/rslidar_msg/msg/detail
[16.994s] -- Installing: /home/nvidia/GoalPlanning/install/rslidar_msg/include/rslidar_msg/msg/detail/rslidar_packet__functions.c
[16.995s] -- Installing: /home/nvidia/GoalPlanning/install/rslidar_msg/include/rslidar_msg/msg/detail/rslidar_packet__struct.h
[16.996s] -- Installing: /home/nvidia/GoalPlanning/install/rslidar_msg/include/rslidar_msg/msg/detail/rslidar_packet__type_support.h
[16.996s] -- Installing: /home/nvidia/GoalPlanning/install/rslidar_msg/include/rslidar_msg/msg/detail/rslidar_packet__functions.h
[16.996s] -- Installing: /home/nvidia/GoalPlanning/install/rslidar_msg/include/rslidar_msg/msg/rosidl_generator_c__visibility_control.h
[16.997s] -- Installing: /home/nvidia/GoalPlanning/install/rslidar_msg/include/rslidar_msg/msg/rslidar_packet.h
[16.997s] -- Installing: /home/nvidia/GoalPlanning/install/rslidar_msg/share/rslidar_msg/environment/library_path.sh
[16.998s] -- Installing: /home/nvidia/GoalPlanning/install/rslidar_msg/share/rslidar_msg/environment/library_path.dsv
[16.999s] -- Installing: /home/nvidia/GoalPlanning/install/rslidar_msg/lib/librslidar_msg__rosidl_generator_c.so
[17.000s] -- Set runtime path of "/home/nvidia/GoalPlanning/install/rslidar_msg/lib/librslidar_msg__rosidl_generator_c.so" to ""
[17.000s] -- Up-to-date: /home/nvidia/GoalPlanning/install/rslidar_msg/include/rslidar_msg
[17.001s] -- Up-to-date: /home/nvidia/GoalPlanning/install/rslidar_msg/include/rslidar_msg/msg
[17.001s] -- Up-to-date: /home/nvidia/GoalPlanning/install/rslidar_msg/include/rslidar_msg/msg/detail
[17.002s] -- Installing: /home/nvidia/GoalPlanning/install/rslidar_msg/include/rslidar_msg/msg/detail/rslidar_packet__rosidl_typesupport_fastrtps_c.h
[17.002s] -- Installing: /home/nvidia/GoalPlanning/install/rslidar_msg/include/rslidar_msg/msg/rosidl_typesupport_fastrtps_c__visibility_control.h
[17.003s] -- Installing: /home/nvidia/GoalPlanning/install/rslidar_msg/lib/librslidar_msg__rosidl_typesupport_fastrtps_c.so
[17.003s] -- Set runtime path of "/home/nvidia/GoalPlanning/install/rslidar_msg/lib/librslidar_msg__rosidl_typesupport_fastrtps_c.so" to ""
[17.004s] -- Up-to-date: /home/nvidia/GoalPlanning/install/rslidar_msg/include/rslidar_msg
[17.004s] -- Up-to-date: /home/nvidia/GoalPlanning/install/rslidar_msg/include/rslidar_msg/msg
[17.004s] -- Up-to-date: /home/nvidia/GoalPlanning/install/rslidar_msg/include/rslidar_msg/msg/detail
[17.005s] -- Installing: /home/nvidia/GoalPlanning/install/rslidar_msg/include/rslidar_msg/msg/detail/rslidar_packet__rosidl_typesupport_fastrtps_cpp.hpp
[17.005s] -- Installing: /home/nvidia/GoalPlanning/install/rslidar_msg/include/rslidar_msg/msg/detail/dds_fastrtps
[17.006s] -- Installing: /home/nvidia/GoalPlanning/install/rslidar_msg/include/rslidar_msg/msg/rosidl_typesupport_fastrtps_cpp__visibility_control.h
[17.006s] -- Installing: /home/nvidia/GoalPlanning/install/rslidar_msg/lib/librslidar_msg__rosidl_typesupport_fastrtps_cpp.so
[17.007s] -- Set runtime path of "/home/nvidia/GoalPlanning/install/rslidar_msg/lib/librslidar_msg__rosidl_typesupport_fastrtps_cpp.so" to ""
[17.007s] -- Up-to-date: /home/nvidia/GoalPlanning/install/rslidar_msg/include/rslidar_msg
[17.007s] -- Up-to-date: /home/nvidia/GoalPlanning/install/rslidar_msg/include/rslidar_msg/msg
[17.008s] -- Up-to-date: /home/nvidia/GoalPlanning/install/rslidar_msg/include/rslidar_msg/msg/detail
[17.008s] -- Installing: /home/nvidia/GoalPlanning/install/rslidar_msg/include/rslidar_msg/msg/detail/rslidar_packet__type_support.c
[17.009s] -- Installing: /home/nvidia/GoalPlanning/install/rslidar_msg/include/rslidar_msg/msg/detail/rslidar_packet__rosidl_typesupport_introspection_c.h
[17.009s] -- Installing: /home/nvidia/GoalPlanning/install/rslidar_msg/include/rslidar_msg/msg/rosidl_typesupport_introspection_c__visibility_control.h
[17.013s] -- Installing: /home/nvidia/GoalPlanning/install/rslidar_msg/lib/librslidar_msg__rosidl_typesupport_introspection_c.so
[17.014s] -- Set runtime path of "/home/nvidia/GoalPlanning/install/rslidar_msg/lib/librslidar_msg__rosidl_typesupport_introspection_c.so" to ""
[17.014s] -- Installing: /home/nvidia/GoalPlanning/install/rslidar_msg/lib/librslidar_msg__rosidl_typesupport_c.so
[17.014s] -- Set runtime path of "/home/nvidia/GoalPlanning/install/rslidar_msg/lib/librslidar_msg__rosidl_typesupport_c.so" to ""
[17.014s] -- Up-to-date: /home/nvidia/GoalPlanning/install/rslidar_msg/include/rslidar_msg
[17.014s] -- Up-to-date: /home/nvidia/GoalPlanning/install/rslidar_msg/include/rslidar_msg/msg
[17.015s] -- Up-to-date: /home/nvidia/GoalPlanning/install/rslidar_msg/include/rslidar_msg/msg/detail
[17.015s] -- Installing: /home/nvidia/GoalPlanning/install/rslidar_msg/include/rslidar_msg/msg/detail/rslidar_packet__struct.hpp
[17.015s] -- Installing: /home/nvidia/GoalPlanning/install/rslidar_msg/include/rslidar_msg/msg/detail/rslidar_packet__type_support.hpp
[17.015s] -- Installing: /home/nvidia/GoalPlanning/install/rslidar_msg/include/rslidar_msg/msg/detail/rslidar_packet__builder.hpp
[17.015s] -- Installing: /home/nvidia/GoalPlanning/install/rslidar_msg/include/rslidar_msg/msg/detail/rslidar_packet__traits.hpp
[17.015s] -- Installing: /home/nvidia/GoalPlanning/install/rslidar_msg/include/rslidar_msg/msg/rosidl_generator_cpp__visibility_control.hpp
[17.015s] -- Installing: /home/nvidia/GoalPlanning/install/rslidar_msg/include/rslidar_msg/msg/rslidar_packet.hpp
[17.016s] -- Up-to-date: /home/nvidia/GoalPlanning/install/rslidar_msg/include/rslidar_msg
[17.016s] -- Up-to-date: /home/nvidia/GoalPlanning/install/rslidar_msg/include/rslidar_msg/msg
[17.016s] -- Up-to-date: /home/nvidia/GoalPlanning/install/rslidar_msg/include/rslidar_msg/msg/detail
[17.016s] -- Installing: /home/nvidia/GoalPlanning/install/rslidar_msg/include/rslidar_msg/msg/detail/rslidar_packet__type_support.cpp
[17.016s] -- Installing: /home/nvidia/GoalPlanning/install/rslidar_msg/include/rslidar_msg/msg/detail/rslidar_packet__rosidl_typesupport_introspection_cpp.hpp
[17.016s] -- Installing: /home/nvidia/GoalPlanning/install/rslidar_msg/lib/librslidar_msg__rosidl_typesupport_introspection_cpp.so
[17.016s] -- Set runtime path of "/home/nvidia/GoalPlanning/install/rslidar_msg/lib/librslidar_msg__rosidl_typesupport_introspection_cpp.so" to ""
[17.016s] -- Installing: /home/nvidia/GoalPlanning/install/rslidar_msg/lib/librslidar_msg__rosidl_typesupport_cpp.so
[17.017s] -- Set runtime path of "/home/nvidia/GoalPlanning/install/rslidar_msg/lib/librslidar_msg__rosidl_typesupport_cpp.so" to ""
[17.017s] -- Installing: /home/nvidia/GoalPlanning/install/rslidar_msg/share/rslidar_msg/environment/pythonpath.sh
[17.018s] -- Installing: /home/nvidia/GoalPlanning/install/rslidar_msg/share/rslidar_msg/environment/pythonpath.dsv
[17.018s] -- Installing: /home/nvidia/GoalPlanning/install/rslidar_msg/lib/python3.8/site-packages/rslidar_msg/__init__.py
[17.081s] Compiling '/home/nvidia/GoalPlanning/install/rslidar_msg/lib/python3.8/site-packages/rslidar_msg/__init__.py'...
[17.094s] -- Installing: /home/nvidia/GoalPlanning/install/rslidar_msg/lib/python3.8/site-packages/rslidar_msg/msg
[17.094s] -- Installing: /home/nvidia/GoalPlanning/install/rslidar_msg/lib/python3.8/site-packages/rslidar_msg/msg/__init__.py
[17.095s] -- Installing: /home/nvidia/GoalPlanning/install/rslidar_msg/lib/python3.8/site-packages/rslidar_msg/msg/_rslidar_packet.py
[17.095s] -- Installing: /home/nvidia/GoalPlanning/install/rslidar_msg/lib/python3.8/site-packages/rslidar_msg/msg/_rslidar_packet_s.c
[17.095s] -- Installing: /home/nvidia/GoalPlanning/install/rslidar_msg/lib/python3.8/site-packages/rslidar_msg/rslidar_msg_s__rosidl_typesupport_fastrtps_c.cpython-38-aarch64-linux-gnu.so
[17.096s] -- Set runtime path of "/home/nvidia/GoalPlanning/install/rslidar_msg/lib/python3.8/site-packages/rslidar_msg/rslidar_msg_s__rosidl_typesupport_fastrtps_c.cpython-38-aarch64-linux-gnu.so" to ""
[17.096s] -- Installing: /home/nvidia/GoalPlanning/install/rslidar_msg/lib/python3.8/site-packages/rslidar_msg/rslidar_msg_s__rosidl_typesupport_introspection_c.cpython-38-aarch64-linux-gnu.so
[17.097s] -- Set runtime path of "/home/nvidia/GoalPlanning/install/rslidar_msg/lib/python3.8/site-packages/rslidar_msg/rslidar_msg_s__rosidl_typesupport_introspection_c.cpython-38-aarch64-linux-gnu.so" to ""
[17.097s] -- Installing: /home/nvidia/GoalPlanning/install/rslidar_msg/lib/python3.8/site-packages/rslidar_msg/rslidar_msg_s__rosidl_typesupport_c.cpython-38-aarch64-linux-gnu.so
[17.098s] -- Set runtime path of "/home/nvidia/GoalPlanning/install/rslidar_msg/lib/python3.8/site-packages/rslidar_msg/rslidar_msg_s__rosidl_typesupport_c.cpython-38-aarch64-linux-gnu.so" to ""
[17.099s] -- Installing: /home/nvidia/GoalPlanning/install/rslidar_msg/lib/librslidar_msg__python.so
[17.100s] -- Set runtime path of "/home/nvidia/GoalPlanning/install/rslidar_msg/lib/librslidar_msg__python.so" to ""
[17.100s] -- Installing: /home/nvidia/GoalPlanning/install/rslidar_msg/share/rslidar_msg/msg/RslidarPacket.idl
[17.101s] -- Installing: /home/nvidia/GoalPlanning/install/rslidar_msg/share/rslidar_msg/msg/RslidarPacket.msg
[17.101s] -- Installing: /home/nvidia/GoalPlanning/install/rslidar_msg/share/ament_index/resource_index/package_run_dependencies/rslidar_msg
[17.102s] -- Installing: /home/nvidia/GoalPlanning/install/rslidar_msg/share/ament_index/resource_index/parent_prefix_path/rslidar_msg
[17.102s] -- Installing: /home/nvidia/GoalPlanning/install/rslidar_msg/share/rslidar_msg/environment/ament_prefix_path.sh
[17.103s] -- Installing: /home/nvidia/GoalPlanning/install/rslidar_msg/share/rslidar_msg/environment/ament_prefix_path.dsv
[17.103s] -- Installing: /home/nvidia/GoalPlanning/install/rslidar_msg/share/rslidar_msg/environment/path.sh
[17.103s] -- Installing: /home/nvidia/GoalPlanning/install/rslidar_msg/share/rslidar_msg/environment/path.dsv
[17.103s] -- Installing: /home/nvidia/GoalPlanning/install/rslidar_msg/share/rslidar_msg/local_setup.bash
[17.104s] -- Installing: /home/nvidia/GoalPlanning/install/rslidar_msg/share/rslidar_msg/local_setup.sh
[17.104s] -- Installing: /home/nvidia/GoalPlanning/install/rslidar_msg/share/rslidar_msg/local_setup.zsh
[17.104s] -- Installing: /home/nvidia/GoalPlanning/install/rslidar_msg/share/rslidar_msg/local_setup.dsv
[17.104s] -- Installing: /home/nvidia/GoalPlanning/install/rslidar_msg/share/rslidar_msg/package.dsv
[17.105s] -- Installing: /home/nvidia/GoalPlanning/install/rslidar_msg/share/ament_index/resource_index/packages/rslidar_msg
[17.105s] -- Installing: /home/nvidia/GoalPlanning/install/rslidar_msg/share/rslidar_msg/cmake/rslidar_msg__rosidl_generator_cExport.cmake
[17.106s] -- Installing: /home/nvidia/GoalPlanning/install/rslidar_msg/share/rslidar_msg/cmake/rslidar_msg__rosidl_generator_cExport-noconfig.cmake
[17.106s] -- Installing: /home/nvidia/GoalPlanning/install/rslidar_msg/share/rslidar_msg/cmake/rslidar_msg__rosidl_typesupport_introspection_cExport.cmake
[17.106s] -- Installing: /home/nvidia/GoalPlanning/install/rslidar_msg/share/rslidar_msg/cmake/rslidar_msg__rosidl_typesupport_introspection_cExport-noconfig.cmake
[17.107s] -- Installing: /home/nvidia/GoalPlanning/install/rslidar_msg/share/rslidar_msg/cmake/rslidar_msg__rosidl_typesupport_cExport.cmake
[17.107s] -- Installing: /home/nvidia/GoalPlanning/install/rslidar_msg/share/rslidar_msg/cmake/rslidar_msg__rosidl_typesupport_cExport-noconfig.cmake
[17.108s] -- Installing: /home/nvidia/GoalPlanning/install/rslidar_msg/share/rslidar_msg/cmake/rslidar_msg__rosidl_generator_cppExport.cmake
[17.108s] -- Installing: /home/nvidia/GoalPlanning/install/rslidar_msg/share/rslidar_msg/cmake/rslidar_msg__rosidl_typesupport_introspection_cppExport.cmake
[17.108s] -- Installing: /home/nvidia/GoalPlanning/install/rslidar_msg/share/rslidar_msg/cmake/rslidar_msg__rosidl_typesupport_introspection_cppExport-noconfig.cmake
[17.109s] -- Installing: /home/nvidia/GoalPlanning/install/rslidar_msg/share/rslidar_msg/cmake/rslidar_msg__rosidl_typesupport_cppExport.cmake
[17.109s] -- Installing: /home/nvidia/GoalPlanning/install/rslidar_msg/share/rslidar_msg/cmake/rslidar_msg__rosidl_typesupport_cppExport-noconfig.cmake
[17.109s] -- Installing: /home/nvidia/GoalPlanning/install/rslidar_msg/share/rslidar_msg/cmake/rosidl_cmake-extras.cmake
[17.110s] -- Installing: /home/nvidia/GoalPlanning/install/rslidar_msg/share/rslidar_msg/cmake/ament_cmake_export_dependencies-extras.cmake
[17.110s] -- Installing: /home/nvidia/GoalPlanning/install/rslidar_msg/share/rslidar_msg/cmake/ament_cmake_export_libraries-extras.cmake
[17.110s] -- Installing: /home/nvidia/GoalPlanning/install/rslidar_msg/share/rslidar_msg/cmake/ament_cmake_export_targets-extras.cmake
[17.111s] -- Installing: /home/nvidia/GoalPlanning/install/rslidar_msg/share/rslidar_msg/cmake/ament_cmake_export_include_directories-extras.cmake
[17.111s] -- Installing: /home/nvidia/GoalPlanning/install/rslidar_msg/share/rslidar_msg/cmake/rosidl_cmake_export_typesupport_libraries-extras.cmake
[17.111s] -- Installing: /home/nvidia/GoalPlanning/install/rslidar_msg/share/rslidar_msg/cmake/rosidl_cmake_export_typesupport_targets-extras.cmake
[17.111s] -- Installing: /home/nvidia/GoalPlanning/install/rslidar_msg/share/rslidar_msg/cmake/rslidar_msgConfig.cmake
[17.112s] -- Installing: /home/nvidia/GoalPlanning/install/rslidar_msg/share/rslidar_msg/cmake/rslidar_msgConfig-version.cmake
[17.112s] -- Installing: /home/nvidia/GoalPlanning/install/rslidar_msg/share/rslidar_msg/package.xml
[17.119s] Invoked command in '/home/nvidia/GoalPlanning/build/rslidar_msg' returned '0': CMAKE_PREFIX_PATH=${CMAKE_PREFIX_PATH}:/home/nvidia/GoalPlanning/install/planning:/home/nvidia/GoalPlanning/install/cmd_car:/opt/ros/foxy /usr/bin/cmake --install /home/nvidia/GoalPlanning/build/rslidar_msg
