[0.099s] Invoking command in '/home/nvidia/GoalPlanning/build/imu_msgs': CMAKE_PREFIX_PATH=/opt/ros/foxy CONDA_PROMPT_MODIFIER=(base) /usr/bin/cmake --build /home/nvidia/GoalPlanning/build/imu_msgs -- -j8 -l8
[1.398s] [  1%] Built target imu_msgs__cpp
[1.399s] [ 12%] Built target imu_msgs__rosidl_generator_c
[1.400s] [ 23%] Built target imu_msgs__rosidl_typesupport_introspection_cpp
[1.401s] [ 36%] Built target imu_msgs__rosidl_typesupport_cpp
[1.402s] [ 46%] Built target imu_msgs__rosidl_typesupport_fastrtps_cpp
[1.402s] [ 57%] Built target imu_msgs__rosidl_typesupport_c
[1.403s] [ 69%] Built target imu_msgs__rosidl_typesupport_introspection_c
[1.404s] [ 80%] Built target imu_msgs__rosidl_typesupport_fastrtps_c
[1.405s] [ 80%] Built target imu_msgs
[1.406s] [ 81%] Built target imu_msgs__py
[1.407s] [ 91%] Built target imu_msgs__python
[1.407s] [ 94%] Built target imu_msgs__rosidl_typesupport_introspection_c__pyext
[1.408s] [ 97%] Built target imu_msgs__rosidl_typesupport_c__pyext
[1.408s] [100%] Built target imu_msgs__rosidl_typesupport_fastrtps_c__pyext
[1.428s] Invoked command in '/home/nvidia/GoalPlanning/build/imu_msgs' returned '0': CMAKE_PREFIX_PATH=/opt/ros/foxy CONDA_PROMPT_MODIFIER=(base) /usr/bin/cmake --build /home/nvidia/GoalPlanning/build/imu_msgs -- -j8 -l8
[1.743s] Invoking command in '/home/nvidia/GoalPlanning/build/imu_msgs': CMAKE_PREFIX_PATH=/opt/ros/foxy CONDA_PROMPT_MODIFIER=(base) /usr/bin/cmake --install /home/nvidia/GoalPlanning/build/imu_msgs
[1.767s] -- Install configuration: ""
[1.775s] -- Up-to-date: /home/nvidia/GoalPlanning/install/imu_msgs/share/ament_index/resource_index/rosidl_interfaces/imu_msgs
[1.776s] -- Up-to-date: /home/nvidia/GoalPlanning/install/imu_msgs/include/imu_msgs
[1.776s] -- Up-to-date: /home/nvidia/GoalPlanning/install/imu_msgs/include/imu_msgs/msg
[1.776s] -- Up-to-date: /home/nvidia/GoalPlanning/install/imu_msgs/include/imu_msgs/msg/detail
[1.776s] -- Up-to-date: /home/nvidia/GoalPlanning/install/imu_msgs/include/imu_msgs/msg/detail/ag041__type_support.h
[1.777s] -- Up-to-date: /home/nvidia/GoalPlanning/install/imu_msgs/include/imu_msgs/msg/detail/ag041__struct.h
[1.777s] -- Up-to-date: /home/nvidia/GoalPlanning/install/imu_msgs/include/imu_msgs/msg/detail/asensing__functions.h
[1.778s] -- Up-to-date: /home/nvidia/GoalPlanning/install/imu_msgs/include/imu_msgs/msg/detail/asensing__struct.h
[1.778s] -- Up-to-date: /home/nvidia/GoalPlanning/install/imu_msgs/include/imu_msgs/msg/detail/ag041__functions.h
[1.779s] -- Up-to-date: /home/nvidia/GoalPlanning/install/imu_msgs/include/imu_msgs/msg/detail/asensing__functions.c
[1.779s] -- Up-to-date: /home/nvidia/GoalPlanning/install/imu_msgs/include/imu_msgs/msg/detail/ag072__functions.h
[1.779s] -- Up-to-date: /home/nvidia/GoalPlanning/install/imu_msgs/include/imu_msgs/msg/detail/asensing__type_support.h
[1.779s] -- Up-to-date: /home/nvidia/GoalPlanning/install/imu_msgs/include/imu_msgs/msg/detail/ag041__functions.c
[1.779s] -- Up-to-date: /home/nvidia/GoalPlanning/install/imu_msgs/include/imu_msgs/msg/detail/ag051__struct.h
[1.779s] -- Up-to-date: /home/nvidia/GoalPlanning/install/imu_msgs/include/imu_msgs/msg/detail/imu__type_support.h
[1.780s] -- Up-to-date: /home/nvidia/GoalPlanning/install/imu_msgs/include/imu_msgs/msg/detail/gnss__struct.h
[1.780s] -- Up-to-date: /home/nvidia/GoalPlanning/install/imu_msgs/include/imu_msgs/msg/detail/ag072__functions.c
[1.780s] -- Up-to-date: /home/nvidia/GoalPlanning/install/imu_msgs/include/imu_msgs/msg/detail/gnss__functions.h
[1.780s] -- Up-to-date: /home/nvidia/GoalPlanning/install/imu_msgs/include/imu_msgs/msg/detail/gnss__functions.c
[1.780s] -- Up-to-date: /home/nvidia/GoalPlanning/install/imu_msgs/include/imu_msgs/msg/detail/imu__struct.h
[1.780s] -- Up-to-date: /home/nvidia/GoalPlanning/install/imu_msgs/include/imu_msgs/msg/detail/ag051__type_support.h
[1.780s] -- Up-to-date: /home/nvidia/GoalPlanning/install/imu_msgs/include/imu_msgs/msg/detail/imu__functions.h
[1.781s] -- Up-to-date: /home/nvidia/GoalPlanning/install/imu_msgs/include/imu_msgs/msg/detail/ag051__functions.h
[1.781s] -- Up-to-date: /home/nvidia/GoalPlanning/install/imu_msgs/include/imu_msgs/msg/detail/ag072__type_support.h
[1.781s] -- Up-to-date: /home/nvidia/GoalPlanning/install/imu_msgs/include/imu_msgs/msg/detail/ag072__struct.h
[1.781s] -- Up-to-date: /home/nvidia/GoalPlanning/install/imu_msgs/include/imu_msgs/msg/detail/ag051__functions.c
[1.781s] -- Up-to-date: /home/nvidia/GoalPlanning/install/imu_msgs/include/imu_msgs/msg/detail/imu__functions.c
[1.781s] -- Up-to-date: /home/nvidia/GoalPlanning/install/imu_msgs/include/imu_msgs/msg/detail/gnss__type_support.h
[1.781s] -- Up-to-date: /home/nvidia/GoalPlanning/install/imu_msgs/include/imu_msgs/msg/rosidl_generator_c__visibility_control.h
[1.782s] -- Up-to-date: /home/nvidia/GoalPlanning/install/imu_msgs/include/imu_msgs/msg/ag041.h
[1.782s] -- Up-to-date: /home/nvidia/GoalPlanning/install/imu_msgs/include/imu_msgs/msg/ag051.h
[1.782s] -- Up-to-date: /home/nvidia/GoalPlanning/install/imu_msgs/include/imu_msgs/msg/asensing.h
[1.782s] -- Up-to-date: /home/nvidia/GoalPlanning/install/imu_msgs/include/imu_msgs/msg/imu.h
[1.782s] -- Up-to-date: /home/nvidia/GoalPlanning/install/imu_msgs/include/imu_msgs/msg/gnss.h
[1.782s] -- Up-to-date: /home/nvidia/GoalPlanning/install/imu_msgs/include/imu_msgs/msg/ag072.h
[1.782s] -- Up-to-date: /home/nvidia/GoalPlanning/install/imu_msgs/share/imu_msgs/environment/library_path.sh
[1.783s] -- Up-to-date: /home/nvidia/GoalPlanning/install/imu_msgs/share/imu_msgs/environment/library_path.dsv
[1.783s] -- Up-to-date: /home/nvidia/GoalPlanning/install/imu_msgs/lib/libimu_msgs__rosidl_generator_c.so
[1.783s] -- Up-to-date: /home/nvidia/GoalPlanning/install/imu_msgs/include/imu_msgs
[1.783s] -- Up-to-date: /home/nvidia/GoalPlanning/install/imu_msgs/include/imu_msgs/msg
[1.783s] -- Up-to-date: /home/nvidia/GoalPlanning/install/imu_msgs/include/imu_msgs/msg/detail
[1.783s] -- Up-to-date: /home/nvidia/GoalPlanning/install/imu_msgs/include/imu_msgs/msg/detail/asensing__rosidl_typesupport_fastrtps_c.h
[1.783s] -- Up-to-date: /home/nvidia/GoalPlanning/install/imu_msgs/include/imu_msgs/msg/detail/ag072__rosidl_typesupport_fastrtps_c.h
[1.784s] -- Up-to-date: /home/nvidia/GoalPlanning/install/imu_msgs/include/imu_msgs/msg/detail/gnss__rosidl_typesupport_fastrtps_c.h
[1.784s] -- Up-to-date: /home/nvidia/GoalPlanning/install/imu_msgs/include/imu_msgs/msg/detail/ag041__rosidl_typesupport_fastrtps_c.h
[1.784s] -- Up-to-date: /home/nvidia/GoalPlanning/install/imu_msgs/include/imu_msgs/msg/detail/ag051__rosidl_typesupport_fastrtps_c.h
[1.784s] -- Up-to-date: /home/nvidia/GoalPlanning/install/imu_msgs/include/imu_msgs/msg/detail/imu__rosidl_typesupport_fastrtps_c.h
[1.784s] -- Up-to-date: /home/nvidia/GoalPlanning/install/imu_msgs/include/imu_msgs/msg/rosidl_typesupport_fastrtps_c__visibility_control.h
[1.784s] -- Up-to-date: /home/nvidia/GoalPlanning/install/imu_msgs/lib/libimu_msgs__rosidl_typesupport_fastrtps_c.so
[1.784s] -- Up-to-date: /home/nvidia/GoalPlanning/install/imu_msgs/include/imu_msgs
[1.784s] -- Up-to-date: /home/nvidia/GoalPlanning/install/imu_msgs/include/imu_msgs/msg
[1.785s] -- Up-to-date: /home/nvidia/GoalPlanning/install/imu_msgs/include/imu_msgs/msg/detail
[1.785s] -- Up-to-date: /home/nvidia/GoalPlanning/install/imu_msgs/include/imu_msgs/msg/detail/ag051__rosidl_typesupport_fastrtps_cpp.hpp
[1.785s] -- Up-to-date: /home/nvidia/GoalPlanning/install/imu_msgs/include/imu_msgs/msg/detail/imu__rosidl_typesupport_fastrtps_cpp.hpp
[1.785s] -- Up-to-date: /home/nvidia/GoalPlanning/install/imu_msgs/include/imu_msgs/msg/detail/ag041__rosidl_typesupport_fastrtps_cpp.hpp
[1.785s] -- Up-to-date: /home/nvidia/GoalPlanning/install/imu_msgs/include/imu_msgs/msg/detail/gnss__rosidl_typesupport_fastrtps_cpp.hpp
[1.785s] -- Up-to-date: /home/nvidia/GoalPlanning/install/imu_msgs/include/imu_msgs/msg/detail/asensing__rosidl_typesupport_fastrtps_cpp.hpp
[1.785s] -- Up-to-date: /home/nvidia/GoalPlanning/install/imu_msgs/include/imu_msgs/msg/detail/dds_fastrtps
[1.786s] -- Up-to-date: /home/nvidia/GoalPlanning/install/imu_msgs/include/imu_msgs/msg/detail/ag072__rosidl_typesupport_fastrtps_cpp.hpp
[1.786s] -- Up-to-date: /home/nvidia/GoalPlanning/install/imu_msgs/include/imu_msgs/msg/rosidl_typesupport_fastrtps_cpp__visibility_control.h
[1.786s] -- Up-to-date: /home/nvidia/GoalPlanning/install/imu_msgs/lib/libimu_msgs__rosidl_typesupport_fastrtps_cpp.so
[1.786s] -- Up-to-date: /home/nvidia/GoalPlanning/install/imu_msgs/include/imu_msgs
[1.786s] -- Up-to-date: /home/nvidia/GoalPlanning/install/imu_msgs/include/imu_msgs/msg
[1.786s] -- Up-to-date: /home/nvidia/GoalPlanning/install/imu_msgs/include/imu_msgs/msg/detail
[1.786s] -- Up-to-date: /home/nvidia/GoalPlanning/install/imu_msgs/include/imu_msgs/msg/detail/ag041__rosidl_typesupport_introspection_c.h
[1.786s] -- Up-to-date: /home/nvidia/GoalPlanning/install/imu_msgs/include/imu_msgs/msg/detail/ag072__type_support.c
[1.787s] -- Up-to-date: /home/nvidia/GoalPlanning/install/imu_msgs/include/imu_msgs/msg/detail/gnss__type_support.c
[1.787s] -- Up-to-date: /home/nvidia/GoalPlanning/install/imu_msgs/include/imu_msgs/msg/detail/imu__rosidl_typesupport_introspection_c.h
[1.787s] -- Up-to-date: /home/nvidia/GoalPlanning/install/imu_msgs/include/imu_msgs/msg/detail/gnss__rosidl_typesupport_introspection_c.h
[1.787s] -- Up-to-date: /home/nvidia/GoalPlanning/install/imu_msgs/include/imu_msgs/msg/detail/ag072__rosidl_typesupport_introspection_c.h
[1.787s] -- Up-to-date: /home/nvidia/GoalPlanning/install/imu_msgs/include/imu_msgs/msg/detail/asensing__rosidl_typesupport_introspection_c.h
[1.787s] -- Up-to-date: /home/nvidia/GoalPlanning/install/imu_msgs/include/imu_msgs/msg/detail/asensing__type_support.c
[1.788s] -- Up-to-date: /home/nvidia/GoalPlanning/install/imu_msgs/include/imu_msgs/msg/detail/imu__type_support.c
[1.788s] -- Up-to-date: /home/nvidia/GoalPlanning/install/imu_msgs/include/imu_msgs/msg/detail/ag051__rosidl_typesupport_introspection_c.h
[1.788s] -- Up-to-date: /home/nvidia/GoalPlanning/install/imu_msgs/include/imu_msgs/msg/detail/ag051__type_support.c
[1.789s] -- Up-to-date: /home/nvidia/GoalPlanning/install/imu_msgs/include/imu_msgs/msg/detail/ag041__type_support.c
[1.789s] -- Up-to-date: /home/nvidia/GoalPlanning/install/imu_msgs/include/imu_msgs/msg/rosidl_typesupport_introspection_c__visibility_control.h
[1.789s] -- Up-to-date: /home/nvidia/GoalPlanning/install/imu_msgs/lib/libimu_msgs__rosidl_typesupport_introspection_c.so
[1.790s] -- Up-to-date: /home/nvidia/GoalPlanning/install/imu_msgs/lib/libimu_msgs__rosidl_typesupport_c.so
[1.791s] -- Up-to-date: /home/nvidia/GoalPlanning/install/imu_msgs/include/imu_msgs
[1.792s] -- Up-to-date: /home/nvidia/GoalPlanning/install/imu_msgs/include/imu_msgs/msg
[1.792s] -- Up-to-date: /home/nvidia/GoalPlanning/install/imu_msgs/include/imu_msgs/msg/detail
[1.793s] -- Up-to-date: /home/nvidia/GoalPlanning/install/imu_msgs/include/imu_msgs/msg/detail/ag051__traits.hpp
[1.793s] -- Up-to-date: /home/nvidia/GoalPlanning/install/imu_msgs/include/imu_msgs/msg/detail/ag051__type_support.hpp
[1.793s] -- Up-to-date: /home/nvidia/GoalPlanning/install/imu_msgs/include/imu_msgs/msg/detail/imu__builder.hpp
[1.793s] -- Up-to-date: /home/nvidia/GoalPlanning/install/imu_msgs/include/imu_msgs/msg/detail/asensing__struct.hpp
[1.794s] -- Up-to-date: /home/nvidia/GoalPlanning/install/imu_msgs/include/imu_msgs/msg/detail/gnss__type_support.hpp
[1.794s] -- Up-to-date: /home/nvidia/GoalPlanning/install/imu_msgs/include/imu_msgs/msg/detail/ag072__traits.hpp
[1.794s] -- Up-to-date: /home/nvidia/GoalPlanning/install/imu_msgs/include/imu_msgs/msg/detail/ag072__builder.hpp
[1.795s] -- Up-to-date: /home/nvidia/GoalPlanning/install/imu_msgs/include/imu_msgs/msg/detail/ag041__type_support.hpp
[1.795s] -- Up-to-date: /home/nvidia/GoalPlanning/install/imu_msgs/include/imu_msgs/msg/detail/ag072__struct.hpp
[1.795s] -- Up-to-date: /home/nvidia/GoalPlanning/install/imu_msgs/include/imu_msgs/msg/detail/asensing__builder.hpp
[1.796s] -- Up-to-date: /home/nvidia/GoalPlanning/install/imu_msgs/include/imu_msgs/msg/detail/ag041__traits.hpp
[1.798s] -- Up-to-date: /home/nvidia/GoalPlanning/install/imu_msgs/include/imu_msgs/msg/detail/ag072__type_support.hpp
[1.799s] -- Up-to-date: /home/nvidia/GoalPlanning/install/imu_msgs/include/imu_msgs/msg/detail/ag051__struct.hpp
[1.799s] -- Up-to-date: /home/nvidia/GoalPlanning/install/imu_msgs/include/imu_msgs/msg/detail/imu__type_support.hpp
[1.800s] -- Up-to-date: /home/nvidia/GoalPlanning/install/imu_msgs/include/imu_msgs/msg/detail/asensing__type_support.hpp
[1.801s] -- Up-to-date: /home/nvidia/GoalPlanning/install/imu_msgs/include/imu_msgs/msg/detail/imu__struct.hpp
[1.801s] -- Up-to-date: /home/nvidia/GoalPlanning/install/imu_msgs/include/imu_msgs/msg/detail/ag041__struct.hpp
[1.802s] -- Up-to-date: /home/nvidia/GoalPlanning/install/imu_msgs/include/imu_msgs/msg/detail/gnss__traits.hpp
[1.802s] -- Up-to-date: /home/nvidia/GoalPlanning/install/imu_msgs/include/imu_msgs/msg/detail/imu__traits.hpp
[1.802s] -- Up-to-date: /home/nvidia/GoalPlanning/install/imu_msgs/include/imu_msgs/msg/detail/ag041__builder.hpp
[1.803s] -- Up-to-date: /home/nvidia/GoalPlanning/install/imu_msgs/include/imu_msgs/msg/detail/asensing__traits.hpp
[1.803s] -- Up-to-date: /home/nvidia/GoalPlanning/install/imu_msgs/include/imu_msgs/msg/detail/ag051__builder.hpp
[1.804s] -- Up-to-date: /home/nvidia/GoalPlanning/install/imu_msgs/include/imu_msgs/msg/detail/gnss__builder.hpp
[1.804s] -- Up-to-date: /home/nvidia/GoalPlanning/install/imu_msgs/include/imu_msgs/msg/detail/gnss__struct.hpp
[1.804s] -- Up-to-date: /home/nvidia/GoalPlanning/install/imu_msgs/include/imu_msgs/msg/rosidl_generator_cpp__visibility_control.hpp
[1.805s] -- Up-to-date: /home/nvidia/GoalPlanning/install/imu_msgs/include/imu_msgs/msg/gnss.hpp
[1.805s] -- Up-to-date: /home/nvidia/GoalPlanning/install/imu_msgs/include/imu_msgs/msg/ag041.hpp
[1.805s] -- Up-to-date: /home/nvidia/GoalPlanning/install/imu_msgs/include/imu_msgs/msg/ag051.hpp
[1.806s] -- Up-to-date: /home/nvidia/GoalPlanning/install/imu_msgs/include/imu_msgs/msg/imu.hpp
[1.806s] -- Up-to-date: /home/nvidia/GoalPlanning/install/imu_msgs/include/imu_msgs/msg/ag072.hpp
[1.806s] -- Up-to-date: /home/nvidia/GoalPlanning/install/imu_msgs/include/imu_msgs/msg/asensing.hpp
[1.806s] -- Up-to-date: /home/nvidia/GoalPlanning/install/imu_msgs/include/imu_msgs
[1.806s] -- Up-to-date: /home/nvidia/GoalPlanning/install/imu_msgs/include/imu_msgs/msg
[1.807s] -- Up-to-date: /home/nvidia/GoalPlanning/install/imu_msgs/include/imu_msgs/msg/detail
[1.807s] -- Up-to-date: /home/nvidia/GoalPlanning/install/imu_msgs/include/imu_msgs/msg/detail/asensing__type_support.cpp
[1.807s] -- Up-to-date: /home/nvidia/GoalPlanning/install/imu_msgs/include/imu_msgs/msg/detail/ag041__rosidl_typesupport_introspection_cpp.hpp
[1.807s] -- Up-to-date: /home/nvidia/GoalPlanning/install/imu_msgs/include/imu_msgs/msg/detail/ag072__type_support.cpp
[1.807s] -- Up-to-date: /home/nvidia/GoalPlanning/install/imu_msgs/include/imu_msgs/msg/detail/imu__type_support.cpp
[1.807s] -- Up-to-date: /home/nvidia/GoalPlanning/install/imu_msgs/include/imu_msgs/msg/detail/gnss__type_support.cpp
[1.807s] -- Up-to-date: /home/nvidia/GoalPlanning/install/imu_msgs/include/imu_msgs/msg/detail/ag051__rosidl_typesupport_introspection_cpp.hpp
[1.808s] -- Up-to-date: /home/nvidia/GoalPlanning/install/imu_msgs/include/imu_msgs/msg/detail/ag072__rosidl_typesupport_introspection_cpp.hpp
[1.808s] -- Up-to-date: /home/nvidia/GoalPlanning/install/imu_msgs/include/imu_msgs/msg/detail/ag051__type_support.cpp
[1.808s] -- Up-to-date: /home/nvidia/GoalPlanning/install/imu_msgs/include/imu_msgs/msg/detail/gnss__rosidl_typesupport_introspection_cpp.hpp
[1.808s] -- Up-to-date: /home/nvidia/GoalPlanning/install/imu_msgs/include/imu_msgs/msg/detail/imu__rosidl_typesupport_introspection_cpp.hpp
[1.808s] -- Up-to-date: /home/nvidia/GoalPlanning/install/imu_msgs/include/imu_msgs/msg/detail/ag041__type_support.cpp
[1.808s] -- Up-to-date: /home/nvidia/GoalPlanning/install/imu_msgs/include/imu_msgs/msg/detail/asensing__rosidl_typesupport_introspection_cpp.hpp
[1.808s] -- Up-to-date: /home/nvidia/GoalPlanning/install/imu_msgs/lib/libimu_msgs__rosidl_typesupport_introspection_cpp.so
[1.809s] -- Up-to-date: /home/nvidia/GoalPlanning/install/imu_msgs/lib/libimu_msgs__rosidl_typesupport_cpp.so
[1.809s] -- Up-to-date: /home/nvidia/GoalPlanning/install/imu_msgs/share/imu_msgs/environment/pythonpath.sh
[1.809s] -- Up-to-date: /home/nvidia/GoalPlanning/install/imu_msgs/share/imu_msgs/environment/pythonpath.dsv
[1.809s] -- Up-to-date: /home/nvidia/GoalPlanning/install/imu_msgs/lib/python3.8/site-packages/imu_msgs/__init__.py
[1.879s] -- Up-to-date: /home/nvidia/GoalPlanning/install/imu_msgs/lib/python3.8/site-packages/imu_msgs/msg
[1.879s] -- Up-to-date: /home/nvidia/GoalPlanning/install/imu_msgs/lib/python3.8/site-packages/imu_msgs/msg/_gnss_s.c
[1.879s] -- Up-to-date: /home/nvidia/GoalPlanning/install/imu_msgs/lib/python3.8/site-packages/imu_msgs/msg/_ag051.py
[1.880s] -- Up-to-date: /home/nvidia/GoalPlanning/install/imu_msgs/lib/python3.8/site-packages/imu_msgs/msg/_ag072.py
[1.880s] -- Up-to-date: /home/nvidia/GoalPlanning/install/imu_msgs/lib/python3.8/site-packages/imu_msgs/msg/_ag041.py
[1.881s] -- Up-to-date: /home/nvidia/GoalPlanning/install/imu_msgs/lib/python3.8/site-packages/imu_msgs/msg/__init__.py
[1.881s] -- Up-to-date: /home/nvidia/GoalPlanning/install/imu_msgs/lib/python3.8/site-packages/imu_msgs/msg/_ag051_s.c
[1.883s] -- Up-to-date: /home/nvidia/GoalPlanning/install/imu_msgs/lib/python3.8/site-packages/imu_msgs/msg/_ag072_s.c
[1.884s] -- Up-to-date: /home/nvidia/GoalPlanning/install/imu_msgs/lib/python3.8/site-packages/imu_msgs/msg/_ag041_s.c
[1.884s] -- Up-to-date: /home/nvidia/GoalPlanning/install/imu_msgs/lib/python3.8/site-packages/imu_msgs/msg/_gnss.py
[1.885s] -- Up-to-date: /home/nvidia/GoalPlanning/install/imu_msgs/lib/python3.8/site-packages/imu_msgs/msg/_asensing.py
[1.887s] -- Up-to-date: /home/nvidia/GoalPlanning/install/imu_msgs/lib/python3.8/site-packages/imu_msgs/msg/_asensing_s.c
[1.892s] -- Up-to-date: /home/nvidia/GoalPlanning/install/imu_msgs/lib/python3.8/site-packages/imu_msgs/msg/_imu_s.c
[1.892s] -- Up-to-date: /home/nvidia/GoalPlanning/install/imu_msgs/lib/python3.8/site-packages/imu_msgs/msg/_imu.py
[1.893s] -- Up-to-date: /home/nvidia/GoalPlanning/install/imu_msgs/lib/python3.8/site-packages/imu_msgs/imu_msgs_s__rosidl_typesupport_fastrtps_c.cpython-38-aarch64-linux-gnu.so
[1.893s] -- Up-to-date: /home/nvidia/GoalPlanning/install/imu_msgs/lib/python3.8/site-packages/imu_msgs/imu_msgs_s__rosidl_typesupport_introspection_c.cpython-38-aarch64-linux-gnu.so
[1.893s] -- Up-to-date: /home/nvidia/GoalPlanning/install/imu_msgs/lib/python3.8/site-packages/imu_msgs/imu_msgs_s__rosidl_typesupport_c.cpython-38-aarch64-linux-gnu.so
[1.893s] -- Up-to-date: /home/nvidia/GoalPlanning/install/imu_msgs/lib/libimu_msgs__python.so
[1.893s] -- Up-to-date: /home/nvidia/GoalPlanning/install/imu_msgs/share/imu_msgs/msg/ASENSING.idl
[1.894s] -- Up-to-date: /home/nvidia/GoalPlanning/install/imu_msgs/share/imu_msgs/msg/Imu.idl
[1.894s] -- Up-to-date: /home/nvidia/GoalPlanning/install/imu_msgs/share/imu_msgs/msg/Gnss.idl
[1.894s] -- Up-to-date: /home/nvidia/GoalPlanning/install/imu_msgs/share/imu_msgs/msg/AG041.idl
[1.898s] -- Up-to-date: /home/nvidia/GoalPlanning/install/imu_msgs/share/imu_msgs/msg/AG051.idl
[1.913s] -- Up-to-date: /home/nvidia/GoalPlanning/install/imu_msgs/share/imu_msgs/msg/AG072.idl
[1.913s] -- Up-to-date: /home/nvidia/GoalPlanning/install/imu_msgs/share/imu_msgs/msg/ASENSING.msg
[1.914s] -- Up-to-date: /home/nvidia/GoalPlanning/install/imu_msgs/share/imu_msgs/msg/Imu.msg
[1.914s] -- Up-to-date: /home/nvidia/GoalPlanning/install/imu_msgs/share/imu_msgs/msg/Gnss.msg
[1.915s] -- Up-to-date: /home/nvidia/GoalPlanning/install/imu_msgs/share/imu_msgs/msg/AG041.msg
[1.915s] -- Up-to-date: /home/nvidia/GoalPlanning/install/imu_msgs/share/imu_msgs/msg/AG051.msg
[1.915s] -- Up-to-date: /home/nvidia/GoalPlanning/install/imu_msgs/share/imu_msgs/msg/AG072.msg
[1.916s] -- Up-to-date: /home/nvidia/GoalPlanning/install/imu_msgs/share/ament_index/resource_index/package_run_dependencies/imu_msgs
[1.916s] -- Up-to-date: /home/nvidia/GoalPlanning/install/imu_msgs/share/ament_index/resource_index/parent_prefix_path/imu_msgs
[1.918s] -- Up-to-date: /home/nvidia/GoalPlanning/install/imu_msgs/share/imu_msgs/environment/ament_prefix_path.sh
[1.927s] -- Up-to-date: /home/nvidia/GoalPlanning/install/imu_msgs/share/imu_msgs/environment/ament_prefix_path.dsv
[1.928s] -- Up-to-date: /home/nvidia/GoalPlanning/install/imu_msgs/share/imu_msgs/environment/path.sh
[1.928s] -- Up-to-date: /home/nvidia/GoalPlanning/install/imu_msgs/share/imu_msgs/environment/path.dsv
[1.928s] -- Up-to-date: /home/nvidia/GoalPlanning/install/imu_msgs/share/imu_msgs/local_setup.bash
[1.929s] -- Up-to-date: /home/nvidia/GoalPlanning/install/imu_msgs/share/imu_msgs/local_setup.sh
[1.929s] -- Up-to-date: /home/nvidia/GoalPlanning/install/imu_msgs/share/imu_msgs/local_setup.zsh
[1.929s] -- Up-to-date: /home/nvidia/GoalPlanning/install/imu_msgs/share/imu_msgs/local_setup.dsv
[1.930s] -- Installing: /home/nvidia/GoalPlanning/install/imu_msgs/share/imu_msgs/package.dsv
[1.930s] -- Up-to-date: /home/nvidia/GoalPlanning/install/imu_msgs/share/ament_index/resource_index/packages/imu_msgs
[1.931s] -- Up-to-date: /home/nvidia/GoalPlanning/install/imu_msgs/share/imu_msgs/cmake/imu_msgs__rosidl_generator_cExport.cmake
[1.931s] -- Up-to-date: /home/nvidia/GoalPlanning/install/imu_msgs/share/imu_msgs/cmake/imu_msgs__rosidl_generator_cExport-noconfig.cmake
[1.931s] -- Up-to-date: /home/nvidia/GoalPlanning/install/imu_msgs/share/imu_msgs/cmake/imu_msgs__rosidl_typesupport_introspection_cExport.cmake
[1.936s] -- Up-to-date: /home/nvidia/GoalPlanning/install/imu_msgs/share/imu_msgs/cmake/imu_msgs__rosidl_typesupport_introspection_cExport-noconfig.cmake
[1.937s] -- Up-to-date: /home/nvidia/GoalPlanning/install/imu_msgs/share/imu_msgs/cmake/imu_msgs__rosidl_typesupport_cExport.cmake
[1.944s] -- Up-to-date: /home/nvidia/GoalPlanning/install/imu_msgs/share/imu_msgs/cmake/imu_msgs__rosidl_typesupport_cExport-noconfig.cmake
[1.944s] -- Up-to-date: /home/nvidia/GoalPlanning/install/imu_msgs/share/imu_msgs/cmake/imu_msgs__rosidl_generator_cppExport.cmake
[1.945s] -- Up-to-date: /home/nvidia/GoalPlanning/install/imu_msgs/share/imu_msgs/cmake/imu_msgs__rosidl_typesupport_introspection_cppExport.cmake
[1.945s] -- Up-to-date: /home/nvidia/GoalPlanning/install/imu_msgs/share/imu_msgs/cmake/imu_msgs__rosidl_typesupport_introspection_cppExport-noconfig.cmake
[1.945s] -- Up-to-date: /home/nvidia/GoalPlanning/install/imu_msgs/share/imu_msgs/cmake/imu_msgs__rosidl_typesupport_cppExport.cmake
[1.945s] -- Up-to-date: /home/nvidia/GoalPlanning/install/imu_msgs/share/imu_msgs/cmake/imu_msgs__rosidl_typesupport_cppExport-noconfig.cmake
[1.945s] -- Up-to-date: /home/nvidia/GoalPlanning/install/imu_msgs/share/imu_msgs/cmake/rosidl_cmake-extras.cmake
[1.945s] -- Up-to-date: /home/nvidia/GoalPlanning/install/imu_msgs/share/imu_msgs/cmake/ament_cmake_export_dependencies-extras.cmake
[1.946s] -- Up-to-date: /home/nvidia/GoalPlanning/install/imu_msgs/share/imu_msgs/cmake/ament_cmake_export_libraries-extras.cmake
[1.946s] -- Up-to-date: /home/nvidia/GoalPlanning/install/imu_msgs/share/imu_msgs/cmake/ament_cmake_export_targets-extras.cmake
[1.946s] -- Up-to-date: /home/nvidia/GoalPlanning/install/imu_msgs/share/imu_msgs/cmake/ament_cmake_export_include_directories-extras.cmake
[1.946s] -- Up-to-date: /home/nvidia/GoalPlanning/install/imu_msgs/share/imu_msgs/cmake/rosidl_cmake_export_typesupport_libraries-extras.cmake
[1.946s] -- Up-to-date: /home/nvidia/GoalPlanning/install/imu_msgs/share/imu_msgs/cmake/rosidl_cmake_export_typesupport_targets-extras.cmake
[1.946s] -- Up-to-date: /home/nvidia/GoalPlanning/install/imu_msgs/share/imu_msgs/cmake/imu_msgsConfig.cmake
[1.946s] -- Up-to-date: /home/nvidia/GoalPlanning/install/imu_msgs/share/imu_msgs/cmake/imu_msgsConfig-version.cmake
[1.947s] -- Up-to-date: /home/nvidia/GoalPlanning/install/imu_msgs/share/imu_msgs/package.xml
[1.947s] Invoked command in '/home/nvidia/GoalPlanning/build/imu_msgs' returned '0': CMAKE_PREFIX_PATH=/opt/ros/foxy CONDA_PROMPT_MODIFIER=(base) /usr/bin/cmake --install /home/nvidia/GoalPlanning/build/imu_msgs
