[2.302s] Invoking command in '/home/nvidia/GoalPlanning/src/planning': CONDA_PROMPT_MODIFIER=(base) PYTHONPATH=/home/nvidia/GoalPlanning/build/planning/prefix_override:/home/nvidia/GoalPlanning/install/planning/lib/python3.8/site-packages:${PYTHONPATH} /usr/bin/python3 -W ignore:setup.py install is deprecated setup.py egg_info --egg-base ../../build/planning build --build-base /home/nvidia/GoalPlanning/build/planning/build install --record /home/nvidia/GoalPlanning/build/planning/install.log --install-scripts $base/lib/planning --single-version-externally-managed install_data
[2.814s] /home/nvidia/.local/lib/python3.8/site-packages/setuptools/dist.py:717: UserWarning: Usage of dash-separated 'script-dir' will not be supported in future versions. Please use the underscore name 'script_dir' instead
[2.814s]   warnings.warn(
[2.874s] running egg_info
[2.875s] writing ../../build/planning/planning.egg-info/PKG-INFO
[2.876s] writing dependency_links to ../../build/planning/planning.egg-info/dependency_links.txt
[2.877s] writing entry points to ../../build/planning/planning.egg-info/entry_points.txt
[2.877s] writing requirements to ../../build/planning/planning.egg-info/requires.txt
[2.877s] writing top-level names to ../../build/planning/planning.egg-info/top_level.txt
[2.884s] reading manifest file '../../build/planning/planning.egg-info/SOURCES.txt'
[2.885s] writing manifest file '../../build/planning/planning.egg-info/SOURCES.txt'
[2.886s] running build
[2.886s] running build_py
[2.886s] running install
[2.888s] running install_lib
[2.891s] running install_data
[2.891s] running install_egg_info
[2.894s] removing '/home/nvidia/GoalPlanning/install/planning/lib/python3.8/site-packages/planning-0.0.0-py3.8.egg-info' (and everything under it)
[2.895s] Copying ../../build/planning/planning.egg-info to /home/nvidia/GoalPlanning/install/planning/lib/python3.8/site-packages/planning-0.0.0-py3.8.egg-info
[2.897s] running install_scripts
[2.937s] Installing planning_node script to /home/nvidia/GoalPlanning/install/planning/lib/planning
[2.938s] writing list of installed files to '/home/nvidia/GoalPlanning/build/planning/install.log'
[3.016s] Invoked command in '/home/nvidia/GoalPlanning/src/planning' returned '0': CONDA_PROMPT_MODIFIER=(base) PYTHONPATH=/home/nvidia/GoalPlanning/build/planning/prefix_override:/home/nvidia/GoalPlanning/install/planning/lib/python3.8/site-packages:${PYTHONPATH} /usr/bin/python3 -W ignore:setup.py install is deprecated setup.py egg_info --egg-base ../../build/planning build --build-base /home/nvidia/GoalPlanning/build/planning/build install --record /home/nvidia/GoalPlanning/build/planning/install.log --install-scripts $base/lib/planning --single-version-externally-managed install_data
