[0.115s] Invoking command in '/home/nvidia/GoalPlanning/build/imu_msgs': CMAKE_PREFIX_PATH=${CMAKE_PREFIX_PATH}:/home/nvidia/GoalPlanning/install/planning:/home/nvidia/GoalPlanning/install/cmd_car:/opt/ros/foxy CONDA_PROMPT_MODIFIER=(base) /usr/bin/cmake --build /home/nvidia/GoalPlanning/build/imu_msgs -- -j8 -l8
[1.491s] [  1%] Built target imu_msgs__cpp
[1.493s] [ 12%] Built target imu_msgs__rosidl_generator_c
[1.495s] [ 23%] Built target imu_msgs__rosidl_typesupport_introspection_cpp
[1.496s] [ 35%] Built target imu_msgs__rosidl_typesupport_cpp
[1.497s] [ 59%] Built target imu_msgs__rosidl_typesupport_fastrtps_cpp
[1.498s] [ 59%] Built target imu_msgs__rosidl_typesupport_c
[1.498s] [ 69%] Built target imu_msgs__rosidl_typesupport_introspection_c
[1.499s] [ 80%] Built target imu_msgs__rosidl_typesupport_fastrtps_c
[1.502s] [ 80%] Built target imu_msgs
[1.502s] [ 81%] Built target imu_msgs__py
[1.502s] [ 91%] Built target imu_msgs__python
[1.502s] [ 94%] Built target imu_msgs__rosidl_typesupport_introspection_c__pyext
[1.502s] [ 97%] Built target imu_msgs__rosidl_typesupport_fastrtps_c__pyext
[1.503s] [100%] Built target imu_msgs__rosidl_typesupport_c__pyext
[1.524s] Invoked command in '/home/nvidia/GoalPlanning/build/imu_msgs' returned '0': CMAKE_PREFIX_PATH=${CMAKE_PREFIX_PATH}:/home/nvidia/GoalPlanning/install/planning:/home/nvidia/GoalPlanning/install/cmd_car:/opt/ros/foxy CONDA_PROMPT_MODIFIER=(base) /usr/bin/cmake --build /home/nvidia/GoalPlanning/build/imu_msgs -- -j8 -l8
[1.924s] Invoking command in '/home/nvidia/GoalPlanning/build/imu_msgs': CMAKE_PREFIX_PATH=${CMAKE_PREFIX_PATH}:/home/nvidia/GoalPlanning/install/planning:/home/nvidia/GoalPlanning/install/cmd_car:/opt/ros/foxy CONDA_PROMPT_MODIFIER=(base) /usr/bin/cmake --install /home/nvidia/GoalPlanning/build/imu_msgs
[1.947s] -- Install configuration: ""
[1.948s] -- Up-to-date: /home/nvidia/GoalPlanning/install/imu_msgs/share/ament_index/resource_index/rosidl_interfaces/imu_msgs
[1.948s] -- Up-to-date: /home/nvidia/GoalPlanning/install/imu_msgs/include/imu_msgs
[1.949s] -- Up-to-date: /home/nvidia/GoalPlanning/install/imu_msgs/include/imu_msgs/msg
[1.949s] -- Up-to-date: /home/nvidia/GoalPlanning/install/imu_msgs/include/imu_msgs/msg/detail
[1.949s] -- Up-to-date: /home/nvidia/GoalPlanning/install/imu_msgs/include/imu_msgs/msg/detail/ag041__type_support.h
[1.950s] -- Up-to-date: /home/nvidia/GoalPlanning/install/imu_msgs/include/imu_msgs/msg/detail/ag041__struct.h
[1.950s] -- Up-to-date: /home/nvidia/GoalPlanning/install/imu_msgs/include/imu_msgs/msg/detail/asensing__functions.h
[1.950s] -- Up-to-date: /home/nvidia/GoalPlanning/install/imu_msgs/include/imu_msgs/msg/detail/asensing__struct.h
[1.951s] -- Up-to-date: /home/nvidia/GoalPlanning/install/imu_msgs/include/imu_msgs/msg/detail/ag041__functions.h
[1.951s] -- Up-to-date: /home/nvidia/GoalPlanning/install/imu_msgs/include/imu_msgs/msg/detail/asensing__functions.c
[1.952s] -- Up-to-date: /home/nvidia/GoalPlanning/install/imu_msgs/include/imu_msgs/msg/detail/ag072__functions.h
[1.952s] -- Up-to-date: /home/nvidia/GoalPlanning/install/imu_msgs/include/imu_msgs/msg/detail/asensing__type_support.h
[1.952s] -- Up-to-date: /home/nvidia/GoalPlanning/install/imu_msgs/include/imu_msgs/msg/detail/ag041__functions.c
[1.953s] -- Up-to-date: /home/nvidia/GoalPlanning/install/imu_msgs/include/imu_msgs/msg/detail/ag051__struct.h
[1.953s] -- Up-to-date: /home/nvidia/GoalPlanning/install/imu_msgs/include/imu_msgs/msg/detail/imu__type_support.h
[1.953s] -- Up-to-date: /home/nvidia/GoalPlanning/install/imu_msgs/include/imu_msgs/msg/detail/gnss__struct.h
[1.953s] -- Up-to-date: /home/nvidia/GoalPlanning/install/imu_msgs/include/imu_msgs/msg/detail/ag072__functions.c
[1.953s] -- Up-to-date: /home/nvidia/GoalPlanning/install/imu_msgs/include/imu_msgs/msg/detail/gnss__functions.h
[1.953s] -- Up-to-date: /home/nvidia/GoalPlanning/install/imu_msgs/include/imu_msgs/msg/detail/gnss__functions.c
[1.953s] -- Up-to-date: /home/nvidia/GoalPlanning/install/imu_msgs/include/imu_msgs/msg/detail/imu__struct.h
[1.954s] -- Up-to-date: /home/nvidia/GoalPlanning/install/imu_msgs/include/imu_msgs/msg/detail/ag051__type_support.h
[1.954s] -- Up-to-date: /home/nvidia/GoalPlanning/install/imu_msgs/include/imu_msgs/msg/detail/imu__functions.h
[1.954s] -- Up-to-date: /home/nvidia/GoalPlanning/install/imu_msgs/include/imu_msgs/msg/detail/ag051__functions.h
[1.954s] -- Up-to-date: /home/nvidia/GoalPlanning/install/imu_msgs/include/imu_msgs/msg/detail/ag072__type_support.h
[1.954s] -- Up-to-date: /home/nvidia/GoalPlanning/install/imu_msgs/include/imu_msgs/msg/detail/ag072__struct.h
[1.954s] -- Up-to-date: /home/nvidia/GoalPlanning/install/imu_msgs/include/imu_msgs/msg/detail/ag051__functions.c
[1.954s] -- Up-to-date: /home/nvidia/GoalPlanning/install/imu_msgs/include/imu_msgs/msg/detail/imu__functions.c
[1.955s] -- Up-to-date: /home/nvidia/GoalPlanning/install/imu_msgs/include/imu_msgs/msg/detail/gnss__type_support.h
[1.955s] -- Up-to-date: /home/nvidia/GoalPlanning/install/imu_msgs/include/imu_msgs/msg/rosidl_generator_c__visibility_control.h
[1.955s] -- Up-to-date: /home/nvidia/GoalPlanning/install/imu_msgs/include/imu_msgs/msg/ag041.h
[1.955s] -- Up-to-date: /home/nvidia/GoalPlanning/install/imu_msgs/include/imu_msgs/msg/ag051.h
[1.955s] -- Up-to-date: /home/nvidia/GoalPlanning/install/imu_msgs/include/imu_msgs/msg/asensing.h
[1.955s] -- Up-to-date: /home/nvidia/GoalPlanning/install/imu_msgs/include/imu_msgs/msg/imu.h
[1.955s] -- Up-to-date: /home/nvidia/GoalPlanning/install/imu_msgs/include/imu_msgs/msg/gnss.h
[1.956s] -- Up-to-date: /home/nvidia/GoalPlanning/install/imu_msgs/include/imu_msgs/msg/ag072.h
[1.956s] -- Up-to-date: /home/nvidia/GoalPlanning/install/imu_msgs/share/imu_msgs/environment/library_path.sh
[1.956s] -- Up-to-date: /home/nvidia/GoalPlanning/install/imu_msgs/share/imu_msgs/environment/library_path.dsv
[1.956s] -- Up-to-date: /home/nvidia/GoalPlanning/install/imu_msgs/lib/libimu_msgs__rosidl_generator_c.so
[1.956s] -- Up-to-date: /home/nvidia/GoalPlanning/install/imu_msgs/include/imu_msgs
[1.956s] -- Up-to-date: /home/nvidia/GoalPlanning/install/imu_msgs/include/imu_msgs/msg
[1.956s] -- Up-to-date: /home/nvidia/GoalPlanning/install/imu_msgs/include/imu_msgs/msg/detail
[1.957s] -- Up-to-date: /home/nvidia/GoalPlanning/install/imu_msgs/include/imu_msgs/msg/detail/asensing__rosidl_typesupport_fastrtps_c.h
[1.957s] -- Up-to-date: /home/nvidia/GoalPlanning/install/imu_msgs/include/imu_msgs/msg/detail/ag072__rosidl_typesupport_fastrtps_c.h
[1.957s] -- Up-to-date: /home/nvidia/GoalPlanning/install/imu_msgs/include/imu_msgs/msg/detail/gnss__rosidl_typesupport_fastrtps_c.h
[1.957s] -- Up-to-date: /home/nvidia/GoalPlanning/install/imu_msgs/include/imu_msgs/msg/detail/ag041__rosidl_typesupport_fastrtps_c.h
[1.957s] -- Up-to-date: /home/nvidia/GoalPlanning/install/imu_msgs/include/imu_msgs/msg/detail/ag051__rosidl_typesupport_fastrtps_c.h
[1.957s] -- Up-to-date: /home/nvidia/GoalPlanning/install/imu_msgs/include/imu_msgs/msg/detail/imu__rosidl_typesupport_fastrtps_c.h
[1.957s] -- Up-to-date: /home/nvidia/GoalPlanning/install/imu_msgs/include/imu_msgs/msg/rosidl_typesupport_fastrtps_c__visibility_control.h
[1.959s] -- Up-to-date: /home/nvidia/GoalPlanning/install/imu_msgs/lib/libimu_msgs__rosidl_typesupport_fastrtps_c.so
[1.960s] -- Up-to-date: /home/nvidia/GoalPlanning/install/imu_msgs/include/imu_msgs
[1.961s] -- Up-to-date: /home/nvidia/GoalPlanning/install/imu_msgs/include/imu_msgs/msg
[1.961s] -- Up-to-date: /home/nvidia/GoalPlanning/install/imu_msgs/include/imu_msgs/msg/detail
[1.961s] -- Up-to-date: /home/nvidia/GoalPlanning/install/imu_msgs/include/imu_msgs/msg/detail/ag051__rosidl_typesupport_fastrtps_cpp.hpp
[1.961s] -- Up-to-date: /home/nvidia/GoalPlanning/install/imu_msgs/include/imu_msgs/msg/detail/imu__rosidl_typesupport_fastrtps_cpp.hpp
[1.962s] -- Up-to-date: /home/nvidia/GoalPlanning/install/imu_msgs/include/imu_msgs/msg/detail/ag041__rosidl_typesupport_fastrtps_cpp.hpp
[1.962s] -- Up-to-date: /home/nvidia/GoalPlanning/install/imu_msgs/include/imu_msgs/msg/detail/gnss__rosidl_typesupport_fastrtps_cpp.hpp
[1.962s] -- Up-to-date: /home/nvidia/GoalPlanning/install/imu_msgs/include/imu_msgs/msg/detail/asensing__rosidl_typesupport_fastrtps_cpp.hpp
[1.962s] -- Up-to-date: /home/nvidia/GoalPlanning/install/imu_msgs/include/imu_msgs/msg/detail/dds_fastrtps
[1.962s] -- Up-to-date: /home/nvidia/GoalPlanning/install/imu_msgs/include/imu_msgs/msg/detail/ag072__rosidl_typesupport_fastrtps_cpp.hpp
[1.962s] -- Up-to-date: /home/nvidia/GoalPlanning/install/imu_msgs/include/imu_msgs/msg/rosidl_typesupport_fastrtps_cpp__visibility_control.h
[1.962s] -- Up-to-date: /home/nvidia/GoalPlanning/install/imu_msgs/lib/libimu_msgs__rosidl_typesupport_fastrtps_cpp.so
[1.963s] -- Up-to-date: /home/nvidia/GoalPlanning/install/imu_msgs/include/imu_msgs
[1.963s] -- Up-to-date: /home/nvidia/GoalPlanning/install/imu_msgs/include/imu_msgs/msg
[1.963s] -- Up-to-date: /home/nvidia/GoalPlanning/install/imu_msgs/include/imu_msgs/msg/detail
[1.963s] -- Up-to-date: /home/nvidia/GoalPlanning/install/imu_msgs/include/imu_msgs/msg/detail/ag041__rosidl_typesupport_introspection_c.h
[1.963s] -- Up-to-date: /home/nvidia/GoalPlanning/install/imu_msgs/include/imu_msgs/msg/detail/ag072__type_support.c
[1.963s] -- Up-to-date: /home/nvidia/GoalPlanning/install/imu_msgs/include/imu_msgs/msg/detail/gnss__type_support.c
[1.963s] -- Up-to-date: /home/nvidia/GoalPlanning/install/imu_msgs/include/imu_msgs/msg/detail/imu__rosidl_typesupport_introspection_c.h
[1.964s] -- Up-to-date: /home/nvidia/GoalPlanning/install/imu_msgs/include/imu_msgs/msg/detail/gnss__rosidl_typesupport_introspection_c.h
[1.964s] -- Up-to-date: /home/nvidia/GoalPlanning/install/imu_msgs/include/imu_msgs/msg/detail/ag072__rosidl_typesupport_introspection_c.h
[1.964s] -- Up-to-date: /home/nvidia/GoalPlanning/install/imu_msgs/include/imu_msgs/msg/detail/asensing__rosidl_typesupport_introspection_c.h
[1.964s] -- Up-to-date: /home/nvidia/GoalPlanning/install/imu_msgs/include/imu_msgs/msg/detail/asensing__type_support.c
[1.964s] -- Up-to-date: /home/nvidia/GoalPlanning/install/imu_msgs/include/imu_msgs/msg/detail/imu__type_support.c
[1.964s] -- Up-to-date: /home/nvidia/GoalPlanning/install/imu_msgs/include/imu_msgs/msg/detail/ag051__rosidl_typesupport_introspection_c.h
[1.964s] -- Up-to-date: /home/nvidia/GoalPlanning/install/imu_msgs/include/imu_msgs/msg/detail/ag051__type_support.c
[1.964s] -- Up-to-date: /home/nvidia/GoalPlanning/install/imu_msgs/include/imu_msgs/msg/detail/ag041__type_support.c
[1.965s] -- Up-to-date: /home/nvidia/GoalPlanning/install/imu_msgs/include/imu_msgs/msg/rosidl_typesupport_introspection_c__visibility_control.h
[1.965s] -- Up-to-date: /home/nvidia/GoalPlanning/install/imu_msgs/lib/libimu_msgs__rosidl_typesupport_introspection_c.so
[1.965s] -- Up-to-date: /home/nvidia/GoalPlanning/install/imu_msgs/lib/libimu_msgs__rosidl_typesupport_c.so
[1.965s] -- Up-to-date: /home/nvidia/GoalPlanning/install/imu_msgs/include/imu_msgs
[1.965s] -- Up-to-date: /home/nvidia/GoalPlanning/install/imu_msgs/include/imu_msgs/msg
[1.965s] -- Up-to-date: /home/nvidia/GoalPlanning/install/imu_msgs/include/imu_msgs/msg/detail
[1.965s] -- Up-to-date: /home/nvidia/GoalPlanning/install/imu_msgs/include/imu_msgs/msg/detail/ag051__traits.hpp
[1.966s] -- Up-to-date: /home/nvidia/GoalPlanning/install/imu_msgs/include/imu_msgs/msg/detail/ag051__type_support.hpp
[1.966s] -- Up-to-date: /home/nvidia/GoalPlanning/install/imu_msgs/include/imu_msgs/msg/detail/imu__builder.hpp
[1.966s] -- Up-to-date: /home/nvidia/GoalPlanning/install/imu_msgs/include/imu_msgs/msg/detail/asensing__struct.hpp
[1.966s] -- Up-to-date: /home/nvidia/GoalPlanning/install/imu_msgs/include/imu_msgs/msg/detail/gnss__type_support.hpp
[1.966s] -- Up-to-date: /home/nvidia/GoalPlanning/install/imu_msgs/include/imu_msgs/msg/detail/ag072__traits.hpp
[1.966s] -- Up-to-date: /home/nvidia/GoalPlanning/install/imu_msgs/include/imu_msgs/msg/detail/ag072__builder.hpp
[1.966s] -- Up-to-date: /home/nvidia/GoalPlanning/install/imu_msgs/include/imu_msgs/msg/detail/ag041__type_support.hpp
[1.967s] -- Up-to-date: /home/nvidia/GoalPlanning/install/imu_msgs/include/imu_msgs/msg/detail/ag072__struct.hpp
[1.967s] -- Up-to-date: /home/nvidia/GoalPlanning/install/imu_msgs/include/imu_msgs/msg/detail/asensing__builder.hpp
[1.968s] -- Up-to-date: /home/nvidia/GoalPlanning/install/imu_msgs/include/imu_msgs/msg/detail/ag041__traits.hpp
[1.968s] -- Up-to-date: /home/nvidia/GoalPlanning/install/imu_msgs/include/imu_msgs/msg/detail/ag072__type_support.hpp
[1.969s] -- Up-to-date: /home/nvidia/GoalPlanning/install/imu_msgs/include/imu_msgs/msg/detail/ag051__struct.hpp
[1.969s] -- Up-to-date: /home/nvidia/GoalPlanning/install/imu_msgs/include/imu_msgs/msg/detail/imu__type_support.hpp
[1.974s] -- Up-to-date: /home/nvidia/GoalPlanning/install/imu_msgs/include/imu_msgs/msg/detail/asensing__type_support.hpp
[1.974s] -- Up-to-date: /home/nvidia/GoalPlanning/install/imu_msgs/include/imu_msgs/msg/detail/imu__struct.hpp
[1.975s] -- Up-to-date: /home/nvidia/GoalPlanning/install/imu_msgs/include/imu_msgs/msg/detail/ag041__struct.hpp
[1.975s] -- Up-to-date: /home/nvidia/GoalPlanning/install/imu_msgs/include/imu_msgs/msg/detail/gnss__traits.hpp
[1.976s] -- Up-to-date: /home/nvidia/GoalPlanning/install/imu_msgs/include/imu_msgs/msg/detail/imu__traits.hpp
[1.976s] -- Up-to-date: /home/nvidia/GoalPlanning/install/imu_msgs/include/imu_msgs/msg/detail/ag041__builder.hpp
[1.986s] -- Up-to-date: /home/nvidia/GoalPlanning/install/imu_msgs/include/imu_msgs/msg/detail/asensing__traits.hpp
[1.988s] -- Up-to-date: /home/nvidia/GoalPlanning/install/imu_msgs/include/imu_msgs/msg/detail/ag051__builder.hpp
[1.988s] -- Up-to-date: /home/nvidia/GoalPlanning/install/imu_msgs/include/imu_msgs/msg/detail/gnss__builder.hpp
[1.988s] -- Up-to-date: /home/nvidia/GoalPlanning/install/imu_msgs/include/imu_msgs/msg/detail/gnss__struct.hpp
[1.989s] -- Up-to-date: /home/nvidia/GoalPlanning/install/imu_msgs/include/imu_msgs/msg/rosidl_generator_cpp__visibility_control.hpp
[1.989s] -- Up-to-date: /home/nvidia/GoalPlanning/install/imu_msgs/include/imu_msgs/msg/gnss.hpp
[1.989s] -- Up-to-date: /home/nvidia/GoalPlanning/install/imu_msgs/include/imu_msgs/msg/ag041.hpp
[1.989s] -- Up-to-date: /home/nvidia/GoalPlanning/install/imu_msgs/include/imu_msgs/msg/ag051.hpp
[1.989s] -- Up-to-date: /home/nvidia/GoalPlanning/install/imu_msgs/include/imu_msgs/msg/imu.hpp
[1.990s] -- Up-to-date: /home/nvidia/GoalPlanning/install/imu_msgs/include/imu_msgs/msg/ag072.hpp
[1.990s] -- Up-to-date: /home/nvidia/GoalPlanning/install/imu_msgs/include/imu_msgs/msg/asensing.hpp
[1.990s] -- Up-to-date: /home/nvidia/GoalPlanning/install/imu_msgs/include/imu_msgs
[1.990s] -- Up-to-date: /home/nvidia/GoalPlanning/install/imu_msgs/include/imu_msgs/msg
[1.991s] -- Up-to-date: /home/nvidia/GoalPlanning/install/imu_msgs/include/imu_msgs/msg/detail
[1.991s] -- Up-to-date: /home/nvidia/GoalPlanning/install/imu_msgs/include/imu_msgs/msg/detail/asensing__type_support.cpp
[1.991s] -- Up-to-date: /home/nvidia/GoalPlanning/install/imu_msgs/include/imu_msgs/msg/detail/ag041__rosidl_typesupport_introspection_cpp.hpp
[1.991s] -- Up-to-date: /home/nvidia/GoalPlanning/install/imu_msgs/include/imu_msgs/msg/detail/ag072__type_support.cpp
[1.991s] -- Up-to-date: /home/nvidia/GoalPlanning/install/imu_msgs/include/imu_msgs/msg/detail/imu__type_support.cpp
[1.992s] -- Up-to-date: /home/nvidia/GoalPlanning/install/imu_msgs/include/imu_msgs/msg/detail/gnss__type_support.cpp
[1.992s] -- Up-to-date: /home/nvidia/GoalPlanning/install/imu_msgs/include/imu_msgs/msg/detail/ag051__rosidl_typesupport_introspection_cpp.hpp
[1.992s] -- Up-to-date: /home/nvidia/GoalPlanning/install/imu_msgs/include/imu_msgs/msg/detail/ag072__rosidl_typesupport_introspection_cpp.hpp
[1.992s] -- Up-to-date: /home/nvidia/GoalPlanning/install/imu_msgs/include/imu_msgs/msg/detail/ag051__type_support.cpp
[1.992s] -- Up-to-date: /home/nvidia/GoalPlanning/install/imu_msgs/include/imu_msgs/msg/detail/gnss__rosidl_typesupport_introspection_cpp.hpp
[1.992s] -- Up-to-date: /home/nvidia/GoalPlanning/install/imu_msgs/include/imu_msgs/msg/detail/imu__rosidl_typesupport_introspection_cpp.hpp
[1.993s] -- Up-to-date: /home/nvidia/GoalPlanning/install/imu_msgs/include/imu_msgs/msg/detail/ag041__type_support.cpp
[1.993s] -- Up-to-date: /home/nvidia/GoalPlanning/install/imu_msgs/include/imu_msgs/msg/detail/asensing__rosidl_typesupport_introspection_cpp.hpp
[1.993s] -- Up-to-date: /home/nvidia/GoalPlanning/install/imu_msgs/lib/libimu_msgs__rosidl_typesupport_introspection_cpp.so
[1.993s] -- Up-to-date: /home/nvidia/GoalPlanning/install/imu_msgs/lib/libimu_msgs__rosidl_typesupport_cpp.so
[1.993s] -- Up-to-date: /home/nvidia/GoalPlanning/install/imu_msgs/share/imu_msgs/environment/pythonpath.sh
[1.993s] -- Up-to-date: /home/nvidia/GoalPlanning/install/imu_msgs/share/imu_msgs/environment/pythonpath.dsv
[1.993s] -- Up-to-date: /home/nvidia/GoalPlanning/install/imu_msgs/lib/python3.8/site-packages/imu_msgs/__init__.py
[2.042s] -- Up-to-date: /home/nvidia/GoalPlanning/install/imu_msgs/lib/python3.8/site-packages/imu_msgs/msg
[2.043s] -- Up-to-date: /home/nvidia/GoalPlanning/install/imu_msgs/lib/python3.8/site-packages/imu_msgs/msg/_gnss_s.c
[2.043s] -- Up-to-date: /home/nvidia/GoalPlanning/install/imu_msgs/lib/python3.8/site-packages/imu_msgs/msg/_ag051.py
[2.043s] -- Up-to-date: /home/nvidia/GoalPlanning/install/imu_msgs/lib/python3.8/site-packages/imu_msgs/msg/_ag072.py
[2.043s] -- Up-to-date: /home/nvidia/GoalPlanning/install/imu_msgs/lib/python3.8/site-packages/imu_msgs/msg/_ag041.py
[2.043s] -- Up-to-date: /home/nvidia/GoalPlanning/install/imu_msgs/lib/python3.8/site-packages/imu_msgs/msg/__init__.py
[2.044s] -- Up-to-date: /home/nvidia/GoalPlanning/install/imu_msgs/lib/python3.8/site-packages/imu_msgs/msg/_ag051_s.c
[2.044s] -- Up-to-date: /home/nvidia/GoalPlanning/install/imu_msgs/lib/python3.8/site-packages/imu_msgs/msg/_ag072_s.c
[2.044s] -- Up-to-date: /home/nvidia/GoalPlanning/install/imu_msgs/lib/python3.8/site-packages/imu_msgs/msg/_ag041_s.c
[2.044s] -- Up-to-date: /home/nvidia/GoalPlanning/install/imu_msgs/lib/python3.8/site-packages/imu_msgs/msg/_gnss.py
[2.044s] -- Up-to-date: /home/nvidia/GoalPlanning/install/imu_msgs/lib/python3.8/site-packages/imu_msgs/msg/_asensing.py
[2.045s] -- Up-to-date: /home/nvidia/GoalPlanning/install/imu_msgs/lib/python3.8/site-packages/imu_msgs/msg/_asensing_s.c
[2.045s] -- Up-to-date: /home/nvidia/GoalPlanning/install/imu_msgs/lib/python3.8/site-packages/imu_msgs/msg/_imu_s.c
[2.045s] -- Up-to-date: /home/nvidia/GoalPlanning/install/imu_msgs/lib/python3.8/site-packages/imu_msgs/msg/_imu.py
[2.045s] -- Up-to-date: /home/nvidia/GoalPlanning/install/imu_msgs/lib/python3.8/site-packages/imu_msgs/imu_msgs_s__rosidl_typesupport_fastrtps_c.cpython-38-aarch64-linux-gnu.so
[2.045s] -- Up-to-date: /home/nvidia/GoalPlanning/install/imu_msgs/lib/python3.8/site-packages/imu_msgs/imu_msgs_s__rosidl_typesupport_introspection_c.cpython-38-aarch64-linux-gnu.so
[2.046s] -- Up-to-date: /home/nvidia/GoalPlanning/install/imu_msgs/lib/python3.8/site-packages/imu_msgs/imu_msgs_s__rosidl_typesupport_c.cpython-38-aarch64-linux-gnu.so
[2.046s] -- Up-to-date: /home/nvidia/GoalPlanning/install/imu_msgs/lib/libimu_msgs__python.so
[2.046s] -- Up-to-date: /home/nvidia/GoalPlanning/install/imu_msgs/share/imu_msgs/msg/ASENSING.idl
[2.047s] -- Up-to-date: /home/nvidia/GoalPlanning/install/imu_msgs/share/imu_msgs/msg/Imu.idl
[2.047s] -- Up-to-date: /home/nvidia/GoalPlanning/install/imu_msgs/share/imu_msgs/msg/Gnss.idl
[2.047s] -- Up-to-date: /home/nvidia/GoalPlanning/install/imu_msgs/share/imu_msgs/msg/AG041.idl
[2.048s] -- Up-to-date: /home/nvidia/GoalPlanning/install/imu_msgs/share/imu_msgs/msg/AG051.idl
[2.048s] -- Up-to-date: /home/nvidia/GoalPlanning/install/imu_msgs/share/imu_msgs/msg/AG072.idl
[2.048s] -- Up-to-date: /home/nvidia/GoalPlanning/install/imu_msgs/share/imu_msgs/msg/ASENSING.msg
[2.048s] -- Up-to-date: /home/nvidia/GoalPlanning/install/imu_msgs/share/imu_msgs/msg/Imu.msg
[2.048s] -- Up-to-date: /home/nvidia/GoalPlanning/install/imu_msgs/share/imu_msgs/msg/Gnss.msg
[2.049s] -- Up-to-date: /home/nvidia/GoalPlanning/install/imu_msgs/share/imu_msgs/msg/AG041.msg
[2.049s] -- Up-to-date: /home/nvidia/GoalPlanning/install/imu_msgs/share/imu_msgs/msg/AG051.msg
[2.049s] -- Up-to-date: /home/nvidia/GoalPlanning/install/imu_msgs/share/imu_msgs/msg/AG072.msg
[2.049s] -- Up-to-date: /home/nvidia/GoalPlanning/install/imu_msgs/share/ament_index/resource_index/package_run_dependencies/imu_msgs
[2.050s] -- Up-to-date: /home/nvidia/GoalPlanning/install/imu_msgs/share/ament_index/resource_index/parent_prefix_path/imu_msgs
[2.050s] -- Up-to-date: /home/nvidia/GoalPlanning/install/imu_msgs/share/imu_msgs/environment/ament_prefix_path.sh
[2.050s] -- Up-to-date: /home/nvidia/GoalPlanning/install/imu_msgs/share/imu_msgs/environment/ament_prefix_path.dsv
[2.050s] -- Up-to-date: /home/nvidia/GoalPlanning/install/imu_msgs/share/imu_msgs/environment/path.sh
[2.050s] -- Up-to-date: /home/nvidia/GoalPlanning/install/imu_msgs/share/imu_msgs/environment/path.dsv
[2.051s] -- Up-to-date: /home/nvidia/GoalPlanning/install/imu_msgs/share/imu_msgs/local_setup.bash
[2.051s] -- Up-to-date: /home/nvidia/GoalPlanning/install/imu_msgs/share/imu_msgs/local_setup.sh
[2.051s] -- Up-to-date: /home/nvidia/GoalPlanning/install/imu_msgs/share/imu_msgs/local_setup.zsh
[2.051s] -- Up-to-date: /home/nvidia/GoalPlanning/install/imu_msgs/share/imu_msgs/local_setup.dsv
[2.051s] -- Installing: /home/nvidia/GoalPlanning/install/imu_msgs/share/imu_msgs/package.dsv
[2.051s] -- Up-to-date: /home/nvidia/GoalPlanning/install/imu_msgs/share/ament_index/resource_index/packages/imu_msgs
[2.052s] -- Up-to-date: /home/nvidia/GoalPlanning/install/imu_msgs/share/imu_msgs/cmake/imu_msgs__rosidl_generator_cExport.cmake
[2.052s] -- Up-to-date: /home/nvidia/GoalPlanning/install/imu_msgs/share/imu_msgs/cmake/imu_msgs__rosidl_generator_cExport-noconfig.cmake
[2.052s] -- Up-to-date: /home/nvidia/GoalPlanning/install/imu_msgs/share/imu_msgs/cmake/imu_msgs__rosidl_typesupport_introspection_cExport.cmake
[2.052s] -- Up-to-date: /home/nvidia/GoalPlanning/install/imu_msgs/share/imu_msgs/cmake/imu_msgs__rosidl_typesupport_introspection_cExport-noconfig.cmake
[2.052s] -- Up-to-date: /home/nvidia/GoalPlanning/install/imu_msgs/share/imu_msgs/cmake/imu_msgs__rosidl_typesupport_cExport.cmake
[2.053s] -- Up-to-date: /home/nvidia/GoalPlanning/install/imu_msgs/share/imu_msgs/cmake/imu_msgs__rosidl_typesupport_cExport-noconfig.cmake
[2.053s] -- Up-to-date: /home/nvidia/GoalPlanning/install/imu_msgs/share/imu_msgs/cmake/imu_msgs__rosidl_generator_cppExport.cmake
[2.053s] -- Up-to-date: /home/nvidia/GoalPlanning/install/imu_msgs/share/imu_msgs/cmake/imu_msgs__rosidl_typesupport_introspection_cppExport.cmake
[2.053s] -- Up-to-date: /home/nvidia/GoalPlanning/install/imu_msgs/share/imu_msgs/cmake/imu_msgs__rosidl_typesupport_introspection_cppExport-noconfig.cmake
[2.054s] -- Up-to-date: /home/nvidia/GoalPlanning/install/imu_msgs/share/imu_msgs/cmake/imu_msgs__rosidl_typesupport_cppExport.cmake
[2.054s] -- Up-to-date: /home/nvidia/GoalPlanning/install/imu_msgs/share/imu_msgs/cmake/imu_msgs__rosidl_typesupport_cppExport-noconfig.cmake
[2.054s] -- Up-to-date: /home/nvidia/GoalPlanning/install/imu_msgs/share/imu_msgs/cmake/rosidl_cmake-extras.cmake
[2.054s] -- Up-to-date: /home/nvidia/GoalPlanning/install/imu_msgs/share/imu_msgs/cmake/ament_cmake_export_dependencies-extras.cmake
[2.055s] -- Up-to-date: /home/nvidia/GoalPlanning/install/imu_msgs/share/imu_msgs/cmake/ament_cmake_export_libraries-extras.cmake
[2.055s] -- Up-to-date: /home/nvidia/GoalPlanning/install/imu_msgs/share/imu_msgs/cmake/ament_cmake_export_targets-extras.cmake
[2.055s] -- Up-to-date: /home/nvidia/GoalPlanning/install/imu_msgs/share/imu_msgs/cmake/ament_cmake_export_include_directories-extras.cmake
[2.055s] -- Up-to-date: /home/nvidia/GoalPlanning/install/imu_msgs/share/imu_msgs/cmake/rosidl_cmake_export_typesupport_libraries-extras.cmake
[2.055s] -- Up-to-date: /home/nvidia/GoalPlanning/install/imu_msgs/share/imu_msgs/cmake/rosidl_cmake_export_typesupport_targets-extras.cmake
[2.055s] -- Up-to-date: /home/nvidia/GoalPlanning/install/imu_msgs/share/imu_msgs/cmake/imu_msgsConfig.cmake
[2.055s] -- Up-to-date: /home/nvidia/GoalPlanning/install/imu_msgs/share/imu_msgs/cmake/imu_msgsConfig-version.cmake
[2.056s] -- Up-to-date: /home/nvidia/GoalPlanning/install/imu_msgs/share/imu_msgs/package.xml
[2.061s] Invoked command in '/home/nvidia/GoalPlanning/build/imu_msgs' returned '0': CMAKE_PREFIX_PATH=${CMAKE_PREFIX_PATH}:/home/nvidia/GoalPlanning/install/planning:/home/nvidia/GoalPlanning/install/cmd_car:/opt/ros/foxy CONDA_PROMPT_MODIFIER=(base) /usr/bin/cmake --install /home/nvidia/GoalPlanning/build/imu_msgs
